[2025-03-30T12:16:53.834+0000] {local_task_job_runner.py:123} INFO - ::group::Pre task execution logs
[2025-03-30T12:16:54.063+0000] {taskinstance.py:2614} INFO - Dependencies all met for dep_context=non-requeueable deps ti=<TaskInstance: ecommerce_data_pipeline.store_data manual__2025-03-30T12:16:47.359801+00:00 [queued]>
[2025-03-30T12:16:54.073+0000] {taskinstance.py:2614} INFO - Dependencies all met for dep_context=requeueable deps ti=<TaskInstance: ecommerce_data_pipeline.store_data manual__2025-03-30T12:16:47.359801+00:00 [queued]>
[2025-03-30T12:16:54.074+0000] {taskinstance.py:2867} INFO - Starting attempt 1 of 2
[2025-03-30T12:16:54.091+0000] {taskinstance.py:2890} INFO - Executing <Task(PythonOperator): store_data> on 2025-03-30 12:16:47.359801+00:00
[2025-03-30T12:16:54.100+0000] {warnings.py:112} WARNING - /home/***/.local/lib/python3.12/site-packages/***/task/task_runner/standard_task_runner.py:70: DeprecationWarning: This process (pid=348) is multi-threaded, use of fork() may lead to deadlocks in the child.
  pid = os.fork()

[2025-03-30T12:16:54.103+0000] {standard_task_runner.py:72} INFO - Started process 357 to run task
[2025-03-30T12:16:54.103+0000] {standard_task_runner.py:104} INFO - Running: ['***', 'tasks', 'run', 'ecommerce_data_pipeline', 'store_data', 'manual__2025-03-30T12:16:47.359801+00:00', '--job-id', '671', '--raw', '--subdir', 'DAGS_FOLDER/Gestioncommands.py', '--cfg-path', '/tmp/tmpdsnlcgd4']
[2025-03-30T12:16:54.105+0000] {standard_task_runner.py:105} INFO - Job 671: Subtask store_data
[2025-03-30T12:16:54.158+0000] {task_command.py:467} INFO - Running <TaskInstance: ecommerce_data_pipeline.store_data manual__2025-03-30T12:16:47.359801+00:00 [running]> on host 778b271a0247
[2025-03-30T12:16:54.256+0000] {taskinstance.py:3134} INFO - Exporting env vars: AIRFLOW_CTX_DAG_OWNER='***' AIRFLOW_CTX_DAG_ID='ecommerce_data_pipeline' AIRFLOW_CTX_TASK_ID='store_data' AIRFLOW_CTX_EXECUTION_DATE='2025-03-30T12:16:47.359801+00:00' AIRFLOW_CTX_TRY_NUMBER='1' AIRFLOW_CTX_DAG_RUN_ID='manual__2025-03-30T12:16:47.359801+00:00'
[2025-03-30T12:16:54.258+0000] {logging_mixin.py:190} INFO - Task instance is in running state
[2025-03-30T12:16:54.259+0000] {logging_mixin.py:190} INFO -  Previous state of the Task instance: queued
[2025-03-30T12:16:54.259+0000] {logging_mixin.py:190} INFO - Current task name:store_data state:running start_date:2025-03-30 12:16:54.064261+00:00
[2025-03-30T12:16:54.260+0000] {logging_mixin.py:190} INFO - Dag name:ecommerce_data_pipeline and current dag run status:running
[2025-03-30T12:16:54.261+0000] {taskinstance.py:732} INFO - ::endgroup::
[2025-03-30T12:16:54.271+0000] {Gestioncommands.py:44} INFO - Début du stockage incrémental...
[2025-03-30T12:16:54.340+0000] {Gestioncommands.py:100} INFO - -1 nouvelles commandes ajoutées
[2025-03-30T12:16:54.379+0000] {python.py:240} INFO - Done. Returned value was: None
[2025-03-30T12:16:54.392+0000] {taskinstance.py:341} INFO - ::group::Post task execution logs
[2025-03-30T12:16:54.393+0000] {taskinstance.py:353} INFO - Marking task as SUCCESS. dag_id=ecommerce_data_pipeline, task_id=store_data, run_id=manual__2025-03-30T12:16:47.359801+00:00, execution_date=20250330T121647, start_date=20250330T121654, end_date=20250330T121654
[2025-03-30T12:16:54.418+0000] {logging_mixin.py:190} INFO - Task instance in success state
[2025-03-30T12:16:54.419+0000] {logging_mixin.py:190} INFO -  Previous state of the Task instance: running
[2025-03-30T12:16:54.420+0000] {logging_mixin.py:190} INFO - Dag name:ecommerce_data_pipeline queued_at:2025-03-30 12:16:47.374200+00:00
[2025-03-30T12:16:54.421+0000] {logging_mixin.py:190} INFO - Task hostname:778b271a0247 operator:PythonOperator
[2025-03-30T12:16:54.440+0000] {local_task_job_runner.py:266} INFO - Task exited with return code 0
[2025-03-30T12:16:54.465+0000] {taskinstance.py:3901} INFO - 1 downstream tasks scheduled from follow-on schedule check
[2025-03-30T12:16:54.468+0000] {local_task_job_runner.py:245} INFO - ::endgroup::
