[2025-03-30T01:38:07.047+0000] {local_task_job_runner.py:123} INFO - ::group::Pre task execution logs
[2025-03-30T01:38:07.240+0000] {taskinstance.py:2614} INFO - Dependencies all met for dep_context=non-requeueable deps ti=<TaskInstance: ecommerce_data_pipeline.store_data scheduled__2025-03-30T01:37:00+00:00 [queued]>
[2025-03-30T01:38:07.255+0000] {taskinstance.py:2614} INFO - Dependencies all met for dep_context=requeueable deps ti=<TaskInstance: ecommerce_data_pipeline.store_data scheduled__2025-03-30T01:37:00+00:00 [queued]>
[2025-03-30T01:38:07.256+0000] {taskinstance.py:2867} INFO - Starting attempt 1 of 2
[2025-03-30T01:38:07.274+0000] {taskinstance.py:2890} INFO - Executing <Task(PythonOperator): store_data> on 2025-03-30 01:37:00+00:00
[2025-03-30T01:38:07.286+0000] {warnings.py:112} WARNING - /home/***/.local/lib/python3.12/site-packages/***/task/task_runner/standard_task_runner.py:70: DeprecationWarning: This process (pid=314) is multi-threaded, use of fork() may lead to deadlocks in the child.
  pid = os.fork()

[2025-03-30T01:38:07.289+0000] {standard_task_runner.py:72} INFO - Started process 316 to run task
[2025-03-30T01:38:07.289+0000] {standard_task_runner.py:104} INFO - Running: ['***', 'tasks', 'run', 'ecommerce_data_pipeline', 'store_data', 'scheduled__2025-03-30T01:37:00+00:00', '--job-id', '317', '--raw', '--subdir', 'DAGS_FOLDER/Gestioncommands.py', '--cfg-path', '/tmp/tmp1gur_yd1']
[2025-03-30T01:38:07.290+0000] {standard_task_runner.py:105} INFO - Job 317: Subtask store_data
[2025-03-30T01:38:07.360+0000] {task_command.py:467} INFO - Running <TaskInstance: ecommerce_data_pipeline.store_data scheduled__2025-03-30T01:37:00+00:00 [running]> on host 778b271a0247
[2025-03-30T01:38:07.487+0000] {taskinstance.py:3134} INFO - Exporting env vars: AIRFLOW_CTX_DAG_OWNER='admin' AIRFLOW_CTX_DAG_ID='ecommerce_data_pipeline' AIRFLOW_CTX_TASK_ID='store_data' AIRFLOW_CTX_EXECUTION_DATE='2025-03-30T01:37:00+00:00' AIRFLOW_CTX_TRY_NUMBER='1' AIRFLOW_CTX_DAG_RUN_ID='scheduled__2025-03-30T01:37:00+00:00'
[2025-03-30T01:38:07.489+0000] {logging_mixin.py:190} INFO - Task instance is in running state
[2025-03-30T01:38:07.490+0000] {logging_mixin.py:190} INFO -  Previous state of the Task instance: queued
[2025-03-30T01:38:07.490+0000] {logging_mixin.py:190} INFO - Current task name:store_data state:running start_date:2025-03-30 01:38:07.241738+00:00
[2025-03-30T01:38:07.491+0000] {logging_mixin.py:190} INFO - Dag name:ecommerce_data_pipeline and current dag run status:running
[2025-03-30T01:38:07.491+0000] {taskinstance.py:732} INFO - ::endgroup::
[2025-03-30T01:38:07.503+0000] {Gestioncommands.py:57} INFO - Loading data into DuckDB...
[2025-03-30T01:38:07.599+0000] {Gestioncommands.py:108} INFO - Data stored successfully
[2025-03-30T01:38:07.601+0000] {python.py:240} INFO - Done. Returned value was: None
[2025-03-30T01:38:07.617+0000] {taskinstance.py:341} INFO - ::group::Post task execution logs
[2025-03-30T01:38:07.618+0000] {taskinstance.py:353} INFO - Marking task as SUCCESS. dag_id=ecommerce_data_pipeline, task_id=store_data, run_id=scheduled__2025-03-30T01:37:00+00:00, execution_date=20250330T013700, start_date=20250330T013807, end_date=20250330T013807
[2025-03-30T01:38:07.655+0000] {logging_mixin.py:190} INFO - Task instance in success state
[2025-03-30T01:38:07.656+0000] {logging_mixin.py:190} INFO -  Previous state of the Task instance: running
[2025-03-30T01:38:07.657+0000] {logging_mixin.py:190} INFO - Dag name:ecommerce_data_pipeline queued_at:2025-03-30 01:38:00.134871+00:00
[2025-03-30T01:38:07.657+0000] {logging_mixin.py:190} INFO - Task hostname:778b271a0247 operator:PythonOperator
[2025-03-30T01:38:07.706+0000] {local_task_job_runner.py:266} INFO - Task exited with return code 0
[2025-03-30T01:38:07.747+0000] {taskinstance.py:3901} INFO - 1 downstream tasks scheduled from follow-on schedule check
[2025-03-30T01:38:07.751+0000] {local_task_job_runner.py:245} INFO - ::endgroup::
