[2025-03-28T17:57:11.390+0000] {local_task_job_runner.py:123} INFO - ::group::Pre task execution logs
[2025-03-28T17:57:11.560+0000] {taskinstance.py:2614} INFO - Dependencies all met for dep_context=non-requeueable deps ti=<TaskInstance: Etl_pipeline_order_management.transform_data scheduled__2025-03-28T17:54:00+00:00 [queued]>
[2025-03-28T17:57:11.571+0000] {taskinstance.py:2614} INFO - Dependencies all met for dep_context=requeueable deps ti=<TaskInstance: Etl_pipeline_order_management.transform_data scheduled__2025-03-28T17:54:00+00:00 [queued]>
[2025-03-28T17:57:11.574+0000] {taskinstance.py:2867} INFO - Starting attempt 1 of 2
[2025-03-28T17:57:11.588+0000] {taskinstance.py:2890} INFO - Executing <Task(PythonOperator): transform_data> on 2025-03-28 17:54:00+00:00
[2025-03-28T17:57:11.597+0000] {warnings.py:112} WARNING - /home/***/.local/lib/python3.12/site-packages/***/task/task_runner/standard_task_runner.py:70: DeprecationWarning: This process (pid=1634) is multi-threaded, use of fork() may lead to deadlocks in the child.
  pid = os.fork()

[2025-03-28T17:57:11.599+0000] {standard_task_runner.py:72} INFO - Started process 1636 to run task
[2025-03-28T17:57:11.600+0000] {standard_task_runner.py:104} INFO - Running: ['***', 'tasks', 'run', 'Etl_pipeline_order_management', 'transform_data', 'scheduled__2025-03-28T17:54:00+00:00', '--job-id', '77', '--raw', '--subdir', 'DAGS_FOLDER/Gestioncommands.py', '--cfg-path', '/tmp/tmprh_x3dua']
[2025-03-28T17:57:11.602+0000] {standard_task_runner.py:105} INFO - Job 77: Subtask transform_data
[2025-03-28T17:57:11.656+0000] {task_command.py:467} INFO - Running <TaskInstance: Etl_pipeline_order_management.transform_data scheduled__2025-03-28T17:54:00+00:00 [running]> on host 499696d11f67
[2025-03-28T17:57:11.781+0000] {taskinstance.py:3134} INFO - Exporting env vars: AIRFLOW_CTX_DAG_OWNER='***' AIRFLOW_CTX_DAG_ID='Etl_pipeline_order_management' AIRFLOW_CTX_TASK_ID='transform_data' AIRFLOW_CTX_EXECUTION_DATE='2025-03-28T17:54:00+00:00' AIRFLOW_CTX_TRY_NUMBER='1' AIRFLOW_CTX_DAG_RUN_ID='scheduled__2025-03-28T17:54:00+00:00'
[2025-03-28T17:57:11.784+0000] {logging_mixin.py:190} INFO - Task instance is in running state
[2025-03-28T17:57:11.785+0000] {logging_mixin.py:190} INFO -  Previous state of the Task instance: queued
[2025-03-28T17:57:11.787+0000] {logging_mixin.py:190} INFO - Current task name:transform_data state:running start_date:2025-03-28 17:57:11.560991+00:00
[2025-03-28T17:57:11.787+0000] {logging_mixin.py:190} INFO - Dag name:Etl_pipeline_order_management and current dag run status:running
[2025-03-28T17:57:11.788+0000] {taskinstance.py:732} INFO - ::endgroup::
[2025-03-28T17:57:11.791+0000] {Gestioncommands.py:146} INFO - Starting data transformation...
[2025-03-28T17:57:11.853+0000] {Gestioncommands.py:163} INFO - Sales summary transformation completed.
[2025-03-28T17:57:11.878+0000] {Gestioncommands.py:178} INFO - Product performance transformation completed.
[2025-03-28T17:57:11.879+0000] {Gestioncommands.py:180} INFO - All data transformations in the refined layer have been completed.
[2025-03-28T17:57:11.899+0000] {python.py:240} INFO - Done. Returned value was: None
[2025-03-28T17:57:11.912+0000] {taskinstance.py:341} INFO - ::group::Post task execution logs
[2025-03-28T17:57:11.913+0000] {taskinstance.py:353} INFO - Marking task as SUCCESS. dag_id=Etl_pipeline_order_management, task_id=transform_data, run_id=scheduled__2025-03-28T17:54:00+00:00, execution_date=20250328T175400, start_date=20250328T175711, end_date=20250328T175711
[2025-03-28T17:57:11.939+0000] {logging_mixin.py:190} INFO - Task instance in success state
[2025-03-28T17:57:11.939+0000] {logging_mixin.py:190} INFO -  Previous state of the Task instance: running
[2025-03-28T17:57:11.940+0000] {logging_mixin.py:190} INFO - Dag name:Etl_pipeline_order_management queued_at:2025-03-28 17:57:00.652356+00:00
[2025-03-28T17:57:11.940+0000] {logging_mixin.py:190} INFO - Task hostname:499696d11f67 operator:PythonOperator
[2025-03-28T17:57:11.977+0000] {local_task_job_runner.py:266} INFO - Task exited with return code 0
[2025-03-28T17:57:11.994+0000] {taskinstance.py:3901} INFO - 0 downstream tasks scheduled from follow-on schedule check
[2025-03-28T17:57:11.996+0000] {local_task_job_runner.py:245} INFO - ::endgroup::
