[2025-03-30T02:05:02.889+0000] {local_task_job_runner.py:123} INFO - ::group::Pre task execution logs
[2025-03-30T02:05:02.905+0000] {taskinstance.py:2614} INFO - Dependencies all met for dep_context=non-requeueable deps ti=<TaskInstance: ecommerce_data_pipeline.fetch_data scheduled__2025-03-30T02:04:00+00:00 [queued]>
[2025-03-30T02:05:02.914+0000] {taskinstance.py:2614} INFO - Dependencies all met for dep_context=requeueable deps ti=<TaskInstance: ecommerce_data_pipeline.fetch_data scheduled__2025-03-30T02:04:00+00:00 [queued]>
[2025-03-30T02:05:02.915+0000] {taskinstance.py:2867} INFO - Starting attempt 1 of 2
[2025-03-30T02:05:02.930+0000] {taskinstance.py:2890} INFO - Executing <Task(PythonOperator): fetch_data> on 2025-03-30 02:04:00+00:00
[2025-03-30T02:05:02.939+0000] {warnings.py:112} WARNING - /home/***/.local/lib/python3.12/site-packages/***/task/task_runner/standard_task_runner.py:70: DeprecationWarning: This process (pid=2946) is multi-threaded, use of fork() may lead to deadlocks in the child.
  pid = os.fork()

[2025-03-30T02:05:02.942+0000] {standard_task_runner.py:72} INFO - Started process 2948 to run task
[2025-03-30T02:05:02.941+0000] {standard_task_runner.py:104} INFO - Running: ['***', 'tasks', 'run', 'ecommerce_data_pipeline', 'fetch_data', 'scheduled__2025-03-30T02:04:00+00:00', '--job-id', '467', '--raw', '--subdir', 'DAGS_FOLDER/Gestioncommands.py', '--cfg-path', '/tmp/tmp57bqapup']
[2025-03-30T02:05:02.943+0000] {standard_task_runner.py:105} INFO - Job 467: Subtask fetch_data
[2025-03-30T02:05:02.990+0000] {task_command.py:467} INFO - Running <TaskInstance: ecommerce_data_pipeline.fetch_data scheduled__2025-03-30T02:04:00+00:00 [running]> on host 778b271a0247
[2025-03-30T02:05:03.114+0000] {taskinstance.py:3134} INFO - Exporting env vars: AIRFLOW_CTX_DAG_OWNER='admin' AIRFLOW_CTX_DAG_ID='ecommerce_data_pipeline' AIRFLOW_CTX_TASK_ID='fetch_data' AIRFLOW_CTX_EXECUTION_DATE='2025-03-30T02:04:00+00:00' AIRFLOW_CTX_TRY_NUMBER='1' AIRFLOW_CTX_DAG_RUN_ID='scheduled__2025-03-30T02:04:00+00:00'
[2025-03-30T02:05:03.117+0000] {logging_mixin.py:190} INFO - Task instance is in running state
[2025-03-30T02:05:03.117+0000] {logging_mixin.py:190} INFO -  Previous state of the Task instance: queued
[2025-03-30T02:05:03.118+0000] {logging_mixin.py:190} INFO - Current task name:fetch_data state:running start_date:2025-03-30 02:05:02.905851+00:00
[2025-03-30T02:05:03.119+0000] {logging_mixin.py:190} INFO - Dag name:ecommerce_data_pipeline and current dag run status:running
[2025-03-30T02:05:03.119+0000] {taskinstance.py:732} INFO - ::endgroup::
[2025-03-30T02:05:03.120+0000] {Gestioncommands.py:40} INFO - Fetching data from API...
[2025-03-30T02:05:04.101+0000] {warnings.py:112} WARNING - /home/***/.local/lib/python3.12/site-packages/urllib3/connectionpool.py:1097: InsecureRequestWarning: Unverified HTTPS request is being made to host 'my.api.mockaroo.com'. Adding certificate verification is strongly advised. See: https://urllib3.readthedocs.io/en/latest/advanced-usage.html#tls-warnings
  warnings.warn(

[2025-03-30T02:05:04.941+0000] {Gestioncommands.py:45} INFO - Data fetched successfully
[2025-03-30T02:05:04.944+0000] {python.py:240} INFO - Done. Returned value was: None
[2025-03-30T02:05:04.956+0000] {taskinstance.py:341} INFO - ::group::Post task execution logs
[2025-03-30T02:05:04.957+0000] {taskinstance.py:353} INFO - Marking task as SUCCESS. dag_id=ecommerce_data_pipeline, task_id=fetch_data, run_id=scheduled__2025-03-30T02:04:00+00:00, execution_date=20250330T020400, start_date=20250330T020502, end_date=20250330T020504
[2025-03-30T02:05:04.987+0000] {logging_mixin.py:190} INFO - Task instance in success state
[2025-03-30T02:05:04.988+0000] {logging_mixin.py:190} INFO -  Previous state of the Task instance: running
[2025-03-30T02:05:04.988+0000] {logging_mixin.py:190} INFO - Dag name:ecommerce_data_pipeline queued_at:2025-03-30 02:05:00.874109+00:00
[2025-03-30T02:05:04.989+0000] {logging_mixin.py:190} INFO - Task hostname:778b271a0247 operator:PythonOperator
[2025-03-30T02:05:05.009+0000] {local_task_job_runner.py:266} INFO - Task exited with return code 0
[2025-03-30T02:05:05.040+0000] {taskinstance.py:3901} INFO - 1 downstream tasks scheduled from follow-on schedule check
[2025-03-30T02:05:05.043+0000] {local_task_job_runner.py:245} INFO - ::endgroup::
