[2025-03-30T12:18:09.701+0000] {local_task_job_runner.py:123} INFO - ::group::Pre task execution logs
[2025-03-30T12:18:09.936+0000] {taskinstance.py:2614} INFO - Dependencies all met for dep_context=non-requeueable deps ti=<TaskInstance: ecommerce_data_pipeline.load_refined scheduled__2025-03-30T12:17:00+00:00 [queued]>
[2025-03-30T12:18:09.951+0000] {taskinstance.py:2614} INFO - Dependencies all met for dep_context=requeueable deps ti=<TaskInstance: ecommerce_data_pipeline.load_refined scheduled__2025-03-30T12:17:00+00:00 [queued]>
[2025-03-30T12:18:09.953+0000] {taskinstance.py:2867} INFO - Starting attempt 1 of 2
[2025-03-30T12:18:09.973+0000] {taskinstance.py:2890} INFO - Executing <Task(PythonOperator): load_refined> on 2025-03-30 12:17:00+00:00
[2025-03-30T12:18:09.985+0000] {warnings.py:112} WARNING - /home/***/.local/lib/python3.12/site-packages/***/task/task_runner/standard_task_runner.py:70: DeprecationWarning: This process (pid=472) is multi-threaded, use of fork() may lead to deadlocks in the child.
  pid = os.fork()

[2025-03-30T12:18:09.988+0000] {standard_task_runner.py:72} INFO - Started process 474 to run task
[2025-03-30T12:18:09.988+0000] {standard_task_runner.py:104} INFO - Running: ['***', 'tasks', 'run', 'ecommerce_data_pipeline', 'load_refined', 'scheduled__2025-03-30T12:17:00+00:00', '--job-id', '678', '--raw', '--subdir', 'DAGS_FOLDER/Gestioncommands.py', '--cfg-path', '/tmp/tmpr4lld4u_']
[2025-03-30T12:18:09.990+0000] {standard_task_runner.py:105} INFO - Job 678: Subtask load_refined
[2025-03-30T12:18:10.057+0000] {task_command.py:467} INFO - Running <TaskInstance: ecommerce_data_pipeline.load_refined scheduled__2025-03-30T12:17:00+00:00 [running]> on host 778b271a0247
[2025-03-30T12:18:10.182+0000] {taskinstance.py:3134} INFO - Exporting env vars: AIRFLOW_CTX_DAG_OWNER='***' AIRFLOW_CTX_DAG_ID='ecommerce_data_pipeline' AIRFLOW_CTX_TASK_ID='load_refined' AIRFLOW_CTX_EXECUTION_DATE='2025-03-30T12:17:00+00:00' AIRFLOW_CTX_TRY_NUMBER='1' AIRFLOW_CTX_DAG_RUN_ID='scheduled__2025-03-30T12:17:00+00:00'
[2025-03-30T12:18:10.184+0000] {logging_mixin.py:190} INFO - Task instance is in running state
[2025-03-30T12:18:10.185+0000] {logging_mixin.py:190} INFO -  Previous state of the Task instance: queued
[2025-03-30T12:18:10.186+0000] {logging_mixin.py:190} INFO - Current task name:load_refined state:running start_date:2025-03-30 12:18:09.937408+00:00
[2025-03-30T12:18:10.186+0000] {logging_mixin.py:190} INFO - Dag name:ecommerce_data_pipeline and current dag run status:running
[2025-03-30T12:18:10.187+0000] {taskinstance.py:732} INFO - ::endgroup::
[2025-03-30T12:18:10.188+0000] {Gestioncommands.py:108} INFO - Mise à jour des tables transformées...
[2025-03-30T12:18:10.354+0000] {Gestioncommands.py:225} INFO - Mise à jour des tables transformées terminée
[2025-03-30T12:18:10.356+0000] {python.py:240} INFO - Done. Returned value was: None
[2025-03-30T12:18:10.374+0000] {taskinstance.py:341} INFO - ::group::Post task execution logs
[2025-03-30T12:18:10.375+0000] {taskinstance.py:353} INFO - Marking task as SUCCESS. dag_id=ecommerce_data_pipeline, task_id=load_refined, run_id=scheduled__2025-03-30T12:17:00+00:00, execution_date=20250330T121700, start_date=20250330T121809, end_date=20250330T121810
[2025-03-30T12:18:10.417+0000] {logging_mixin.py:190} INFO - Task instance in success state
[2025-03-30T12:18:10.418+0000] {logging_mixin.py:190} INFO -  Previous state of the Task instance: running
[2025-03-30T12:18:10.419+0000] {logging_mixin.py:190} INFO - Dag name:ecommerce_data_pipeline queued_at:2025-03-30 12:18:00.164232+00:00
[2025-03-30T12:18:10.419+0000] {logging_mixin.py:190} INFO - Task hostname:778b271a0247 operator:PythonOperator
[2025-03-30T12:18:10.447+0000] {local_task_job_runner.py:266} INFO - Task exited with return code 0
[2025-03-30T12:18:10.477+0000] {taskinstance.py:3901} INFO - 0 downstream tasks scheduled from follow-on schedule check
[2025-03-30T12:18:10.480+0000] {local_task_job_runner.py:245} INFO - ::endgroup::
