[2025-03-30T01:54:10.160+0000] {local_task_job_runner.py:123} INFO - ::group::Pre task execution logs
[2025-03-30T01:54:10.384+0000] {taskinstance.py:2614} INFO - Dependencies all met for dep_context=non-requeueable deps ti=<TaskInstance: ecommerce_data_pipeline.transform_data manual__2025-03-30T01:53:56.140503+00:00 [queued]>
[2025-03-30T01:54:10.398+0000] {taskinstance.py:2614} INFO - Dependencies all met for dep_context=requeueable deps ti=<TaskInstance: ecommerce_data_pipeline.transform_data manual__2025-03-30T01:53:56.140503+00:00 [queued]>
[2025-03-30T01:54:10.436+0000] {taskinstance.py:2867} INFO - Starting attempt 1 of 2
[2025-03-30T01:54:10.463+0000] {taskinstance.py:2890} INFO - Executing <Task(PythonOperator): transform_data> on 2025-03-30 01:53:56.140503+00:00
[2025-03-30T01:54:10.478+0000] {warnings.py:112} WARNING - /home/***/.local/lib/python3.12/site-packages/***/task/task_runner/standard_task_runner.py:70: DeprecationWarning: This process (pid=2035) is multi-threaded, use of fork() may lead to deadlocks in the child.
  pid = os.fork()

[2025-03-30T01:54:10.481+0000] {standard_task_runner.py:72} INFO - Started process 2054 to run task
[2025-03-30T01:54:10.484+0000] {standard_task_runner.py:104} INFO - Running: ['***', 'tasks', 'run', 'ecommerce_data_pipeline', 'transform_data', 'manual__2025-03-30T01:53:56.140503+00:00', '--job-id', '416', '--raw', '--subdir', 'DAGS_FOLDER/Gestioncommands.py', '--cfg-path', '/tmp/tmp9teklvot']
[2025-03-30T01:54:10.487+0000] {standard_task_runner.py:105} INFO - Job 416: Subtask transform_data
[2025-03-30T01:54:10.555+0000] {task_command.py:467} INFO - Running <TaskInstance: ecommerce_data_pipeline.transform_data manual__2025-03-30T01:53:56.140503+00:00 [running]> on host 778b271a0247
[2025-03-30T01:54:10.693+0000] {taskinstance.py:3134} INFO - Exporting env vars: AIRFLOW_CTX_DAG_OWNER='admin' AIRFLOW_CTX_DAG_ID='ecommerce_data_pipeline' AIRFLOW_CTX_TASK_ID='transform_data' AIRFLOW_CTX_EXECUTION_DATE='2025-03-30T01:53:56.140503+00:00' AIRFLOW_CTX_TRY_NUMBER='1' AIRFLOW_CTX_DAG_RUN_ID='manual__2025-03-30T01:53:56.140503+00:00'
[2025-03-30T01:54:10.695+0000] {logging_mixin.py:190} INFO - Task instance is in running state
[2025-03-30T01:54:10.696+0000] {logging_mixin.py:190} INFO -  Previous state of the Task instance: queued
[2025-03-30T01:54:10.697+0000] {logging_mixin.py:190} INFO - Current task name:transform_data state:running start_date:2025-03-30 01:54:10.385105+00:00
[2025-03-30T01:54:10.698+0000] {logging_mixin.py:190} INFO - Dag name:ecommerce_data_pipeline and current dag run status:running
[2025-03-30T01:54:10.699+0000] {taskinstance.py:732} INFO - ::endgroup::
[2025-03-30T01:54:10.700+0000] {Gestioncommands.py:117} INFO - Starting data transformation...
[2025-03-30T01:54:10.744+0000] {Gestioncommands.py:135} INFO - Refined table 'clients' created successfully
[2025-03-30T01:54:10.775+0000] {Gestioncommands.py:149} INFO - Refined table 'commandes' created successfully
[2025-03-30T01:54:10.788+0000] {Gestioncommands.py:168} INFO - Refined table 'details_commandes' created successfully
[2025-03-30T01:54:10.803+0000] {Gestioncommands.py:181} INFO - Refined table 'produits' created successfully
[2025-03-30T01:54:10.821+0000] {Gestioncommands.py:195} INFO - Refined table 'paiements' created successfully
[2025-03-30T01:54:10.869+0000] {Gestioncommands.py:197} INFO - Data transformation completed
[2025-03-30T01:54:10.871+0000] {python.py:240} INFO - Done. Returned value was: None
[2025-03-30T01:54:10.895+0000] {taskinstance.py:341} INFO - ::group::Post task execution logs
[2025-03-30T01:54:10.896+0000] {taskinstance.py:353} INFO - Marking task as SUCCESS. dag_id=ecommerce_data_pipeline, task_id=transform_data, run_id=manual__2025-03-30T01:53:56.140503+00:00, execution_date=20250330T015356, start_date=20250330T015410, end_date=20250330T015410
[2025-03-30T01:54:10.942+0000] {logging_mixin.py:190} INFO - Task instance in success state
[2025-03-30T01:54:10.943+0000] {logging_mixin.py:190} INFO -  Previous state of the Task instance: running
[2025-03-30T01:54:10.944+0000] {logging_mixin.py:190} INFO - Dag name:ecommerce_data_pipeline queued_at:2025-03-30 01:53:56.165198+00:00
[2025-03-30T01:54:10.944+0000] {logging_mixin.py:190} INFO - Task hostname:778b271a0247 operator:PythonOperator
[2025-03-30T01:54:10.982+0000] {local_task_job_runner.py:266} INFO - Task exited with return code 0
[2025-03-30T01:54:11.024+0000] {taskinstance.py:3901} INFO - 1 downstream tasks scheduled from follow-on schedule check
[2025-03-30T01:54:11.027+0000] {local_task_job_runner.py:245} INFO - ::endgroup::
