[2025-03-30T02:14:09.349+0000] {local_task_job_runner.py:123} INFO - ::group::Pre task execution logs
[2025-03-30T02:14:09.375+0000] {taskinstance.py:2614} INFO - Dependencies all met for dep_context=non-requeueable deps ti=<TaskInstance: ecommerce_data_pipeline.transform_data scheduled__2025-03-30T02:13:00+00:00 [queued]>
[2025-03-30T02:14:09.387+0000] {taskinstance.py:2614} INFO - Dependencies all met for dep_context=requeueable deps ti=<TaskInstance: ecommerce_data_pipeline.transform_data scheduled__2025-03-30T02:13:00+00:00 [queued]>
[2025-03-30T02:14:09.389+0000] {taskinstance.py:2867} INFO - Starting attempt 1 of 2
[2025-03-30T02:14:09.408+0000] {taskinstance.py:2890} INFO - Executing <Task(PythonOperator): transform_data> on 2025-03-30 02:13:00+00:00
[2025-03-30T02:14:09.418+0000] {warnings.py:112} WARNING - /home/***/.local/lib/python3.12/site-packages/***/task/task_runner/standard_task_runner.py:70: DeprecationWarning: This process (pid=3458) is multi-threaded, use of fork() may lead to deadlocks in the child.
  pid = os.fork()

[2025-03-30T02:14:09.421+0000] {standard_task_runner.py:104} INFO - Running: ['***', 'tasks', 'run', 'ecommerce_data_pipeline', 'transform_data', 'scheduled__2025-03-30T02:13:00+00:00', '--job-id', '496', '--raw', '--subdir', 'DAGS_FOLDER/Gestioncommands.py', '--cfg-path', '/tmp/tmp4sz2w23b']
[2025-03-30T02:14:09.422+0000] {standard_task_runner.py:72} INFO - Started process 3467 to run task
[2025-03-30T02:14:09.422+0000] {standard_task_runner.py:105} INFO - Job 496: Subtask transform_data
[2025-03-30T02:14:09.498+0000] {task_command.py:467} INFO - Running <TaskInstance: ecommerce_data_pipeline.transform_data scheduled__2025-03-30T02:13:00+00:00 [running]> on host 778b271a0247
[2025-03-30T02:14:09.609+0000] {taskinstance.py:3134} INFO - Exporting env vars: AIRFLOW_CTX_DAG_OWNER='admin' AIRFLOW_CTX_DAG_ID='ecommerce_data_pipeline' AIRFLOW_CTX_TASK_ID='transform_data' AIRFLOW_CTX_EXECUTION_DATE='2025-03-30T02:13:00+00:00' AIRFLOW_CTX_TRY_NUMBER='1' AIRFLOW_CTX_DAG_RUN_ID='scheduled__2025-03-30T02:13:00+00:00'
[2025-03-30T02:14:09.611+0000] {logging_mixin.py:190} INFO - Task instance is in running state
[2025-03-30T02:14:09.612+0000] {logging_mixin.py:190} INFO -  Previous state of the Task instance: queued
[2025-03-30T02:14:09.612+0000] {logging_mixin.py:190} INFO - Current task name:transform_data state:running start_date:2025-03-30 02:14:09.376584+00:00
[2025-03-30T02:14:09.613+0000] {logging_mixin.py:190} INFO - Dag name:ecommerce_data_pipeline and current dag run status:running
[2025-03-30T02:14:09.614+0000] {taskinstance.py:732} INFO - ::endgroup::
[2025-03-30T02:14:09.616+0000] {Gestioncommands.py:117} INFO - Starting data transformation...
[2025-03-30T02:14:09.683+0000] {Gestioncommands.py:135} INFO - Refined table 'clients' created successfully
[2025-03-30T02:14:09.699+0000] {Gestioncommands.py:149} INFO - Refined table 'commandes' created successfully
[2025-03-30T02:14:09.708+0000] {Gestioncommands.py:168} INFO - Refined table 'details_commandes' created successfully
[2025-03-30T02:14:09.719+0000] {Gestioncommands.py:181} INFO - Refined table 'produits' created successfully
[2025-03-30T02:14:09.728+0000] {Gestioncommands.py:195} INFO - Refined table 'paiements' created successfully
[2025-03-30T02:14:09.752+0000] {Gestioncommands.py:197} INFO - Data transformation completed
[2025-03-30T02:14:09.753+0000] {python.py:240} INFO - Done. Returned value was: None
[2025-03-30T02:14:09.766+0000] {taskinstance.py:341} INFO - ::group::Post task execution logs
[2025-03-30T02:14:09.766+0000] {taskinstance.py:353} INFO - Marking task as SUCCESS. dag_id=ecommerce_data_pipeline, task_id=transform_data, run_id=scheduled__2025-03-30T02:13:00+00:00, execution_date=20250330T021300, start_date=20250330T021409, end_date=20250330T021409
[2025-03-30T02:14:09.794+0000] {logging_mixin.py:190} INFO - Task instance in success state
[2025-03-30T02:14:09.795+0000] {logging_mixin.py:190} INFO -  Previous state of the Task instance: running
[2025-03-30T02:14:09.795+0000] {logging_mixin.py:190} INFO - Dag name:ecommerce_data_pipeline queued_at:2025-03-30 02:14:00.021619+00:00
[2025-03-30T02:14:09.796+0000] {logging_mixin.py:190} INFO - Task hostname:778b271a0247 operator:PythonOperator
[2025-03-30T02:14:09.843+0000] {local_task_job_runner.py:266} INFO - Task exited with return code 0
[2025-03-30T02:14:09.865+0000] {taskinstance.py:3901} INFO - 0 downstream tasks scheduled from follow-on schedule check
[2025-03-30T02:14:09.867+0000] {local_task_job_runner.py:245} INFO - ::endgroup::
