[2025-03-29T18:33:07.848+0000] {local_task_job_runner.py:123} INFO - ::group::Pre task execution logs
[2025-03-29T18:33:08.018+0000] {taskinstance.py:2614} INFO - Dependencies all met for dep_context=non-requeueable deps ti=<TaskInstance: Etl_pipeline_order_management.store_data scheduled__2025-03-29T18:32:00+00:00 [queued]>
[2025-03-29T18:33:08.032+0000] {taskinstance.py:2614} INFO - Dependencies all met for dep_context=requeueable deps ti=<TaskInstance: Etl_pipeline_order_management.store_data scheduled__2025-03-29T18:32:00+00:00 [queued]>
[2025-03-29T18:33:08.071+0000] {taskinstance.py:2867} INFO - Starting attempt 1 of 2
[2025-03-29T18:33:08.090+0000] {taskinstance.py:2890} INFO - Executing <Task(PythonOperator): store_data> on 2025-03-29 18:32:00+00:00
[2025-03-29T18:33:08.103+0000] {warnings.py:112} WARNING - /home/***/.local/lib/python3.12/site-packages/***/task/task_runner/standard_task_runner.py:70: DeprecationWarning: This process (pid=2269) is multi-threaded, use of fork() may lead to deadlocks in the child.
  pid = os.fork()

[2025-03-29T18:33:08.105+0000] {standard_task_runner.py:72} INFO - Started process 2271 to run task
[2025-03-29T18:33:08.106+0000] {standard_task_runner.py:104} INFO - Running: ['***', 'tasks', 'run', 'Etl_pipeline_order_management', 'store_data', 'scheduled__2025-03-29T18:32:00+00:00', '--job-id', '220', '--raw', '--subdir', 'DAGS_FOLDER/Gestioncommands.py', '--cfg-path', '/tmp/tmp4cm7y459']
[2025-03-29T18:33:08.107+0000] {standard_task_runner.py:105} INFO - Job 220: Subtask store_data
[2025-03-29T18:33:08.175+0000] {task_command.py:467} INFO - Running <TaskInstance: Etl_pipeline_order_management.store_data scheduled__2025-03-29T18:32:00+00:00 [running]> on host 499696d11f67
[2025-03-29T18:33:08.281+0000] {taskinstance.py:3134} INFO - Exporting env vars: AIRFLOW_CTX_DAG_OWNER='***' AIRFLOW_CTX_DAG_ID='Etl_pipeline_order_management' AIRFLOW_CTX_TASK_ID='store_data' AIRFLOW_CTX_EXECUTION_DATE='2025-03-29T18:32:00+00:00' AIRFLOW_CTX_TRY_NUMBER='1' AIRFLOW_CTX_DAG_RUN_ID='scheduled__2025-03-29T18:32:00+00:00'
[2025-03-29T18:33:08.284+0000] {logging_mixin.py:190} INFO - Task instance is in running state
[2025-03-29T18:33:08.286+0000] {logging_mixin.py:190} INFO -  Previous state of the Task instance: queued
[2025-03-29T18:33:08.286+0000] {logging_mixin.py:190} INFO - Current task name:store_data state:running start_date:2025-03-29 18:33:08.020245+00:00
[2025-03-29T18:33:08.287+0000] {logging_mixin.py:190} INFO - Dag name:Etl_pipeline_order_management and current dag run status:running
[2025-03-29T18:33:08.288+0000] {taskinstance.py:732} INFO - ::endgroup::
[2025-03-29T18:33:08.289+0000] {Gestioncommands.py:44} INFO - Retrieving CSV data from XCom...
[2025-03-29T18:33:08.330+0000] {Gestioncommands.py:89} INFO - Inserting data into DuckDB tables...
[2025-03-29T18:33:08.349+0000] {Gestioncommands.py:111} ERROR - Error during storing data: Binder Error: table ecom_db has 21 columns but 20 values were supplied
[2025-03-29T18:33:08.351+0000] {taskinstance.py:3313} ERROR - Task failed with exception
Traceback (most recent call last):
  File "/home/airflow/.local/lib/python3.12/site-packages/airflow/models/taskinstance.py", line 768, in _execute_task
    result = _execute_callable(context=context, **execute_callable_kwargs)
             ^^^^^^^^^^^^^^^^^^^^^^^^^^^^^^^^^^^^^^^^^^^^^^^^^^^^^^^^^^^^^
  File "/home/airflow/.local/lib/python3.12/site-packages/airflow/models/taskinstance.py", line 734, in _execute_callable
    return ExecutionCallableRunner(
           ^^^^^^^^^^^^^^^^^^^^^^^^
  File "/home/airflow/.local/lib/python3.12/site-packages/airflow/utils/operator_helpers.py", line 252, in run
    return self.func(*args, **kwargs)
           ^^^^^^^^^^^^^^^^^^^^^^^^^^
  File "/home/airflow/.local/lib/python3.12/site-packages/airflow/models/baseoperator.py", line 424, in wrapper
    return func(self, *args, **kwargs)
           ^^^^^^^^^^^^^^^^^^^^^^^^^^^
  File "/home/airflow/.local/lib/python3.12/site-packages/airflow/operators/python.py", line 238, in execute
    return_value = self.execute_callable()
                   ^^^^^^^^^^^^^^^^^^^^^^^
  File "/home/airflow/.local/lib/python3.12/site-packages/airflow/operators/python.py", line 256, in execute_callable
    return runner.run(*self.op_args, **self.op_kwargs)
           ^^^^^^^^^^^^^^^^^^^^^^^^^^^^^^^^^^^^^^^^^^^
  File "/home/airflow/.local/lib/python3.12/site-packages/airflow/utils/operator_helpers.py", line 252, in run
    return self.func(*args, **kwargs)
           ^^^^^^^^^^^^^^^^^^^^^^^^^^
  File "/opt/airflow/dags/Gestioncommands.py", line 58, in store_data
    with duckdb.connect(DB_PATH) as conn:
         ^^^^^^^^^^^^^^^^^^^^^^^
  File "/opt/airflow/dags/Gestioncommands.py", line 106, in store_data
    conn.execute("INSERT INTO raw.ecom_db SELECT * FROM ecom_df")
duckdb.duckdb.BinderException: Binder Error: table ecom_db has 21 columns but 20 values were supplied
[2025-03-29T18:33:08.372+0000] {logging_mixin.py:190} INFO - Task instance in failure state
[2025-03-29T18:33:08.373+0000] {logging_mixin.py:190} INFO - Task start:2025-03-29 18:33:08.020245+00:00 end:2025-03-29 18:33:08.372011+00:00 duration:0.351766
[2025-03-29T18:33:08.374+0000] {logging_mixin.py:190} INFO - Task:<Task(PythonOperator): store_data> dag:<DAG: Etl_pipeline_order_management> dagrun:<DagRun Etl_pipeline_order_management @ 2025-03-29 18:32:00+00:00: scheduled__2025-03-29T18:32:00+00:00, state:running, queued_at: 2025-03-29 18:33:00.361478+00:00. externally triggered: False>
[2025-03-29T18:33:08.375+0000] {logging_mixin.py:190} INFO - Failure caused by Binder Error: table ecom_db has 21 columns but 20 values were supplied
[2025-03-29T18:33:08.376+0000] {taskinstance.py:1226} INFO - Marking task as UP_FOR_RETRY. dag_id=Etl_pipeline_order_management, task_id=store_data, run_id=scheduled__2025-03-29T18:32:00+00:00, execution_date=20250329T183200, start_date=20250329T183308, end_date=20250329T183308
[2025-03-29T18:33:08.450+0000] {taskinstance.py:341} INFO - ::group::Post task execution logs
[2025-03-29T18:33:08.451+0000] {standard_task_runner.py:124} ERROR - Failed to execute job 220 for task store_data (Binder Error: table ecom_db has 21 columns but 20 values were supplied; 2271)
Traceback (most recent call last):
  File "/home/airflow/.local/lib/python3.12/site-packages/airflow/task/task_runner/standard_task_runner.py", line 117, in _start_by_fork
    ret = args.func(args, dag=self.dag)
          ^^^^^^^^^^^^^^^^^^^^^^^^^^^^^
  File "/home/airflow/.local/lib/python3.12/site-packages/airflow/cli/cli_config.py", line 49, in command
    return func(*args, **kwargs)
           ^^^^^^^^^^^^^^^^^^^^^
  File "/home/airflow/.local/lib/python3.12/site-packages/airflow/utils/cli.py", line 116, in wrapper
    return f(*args, **kwargs)
           ^^^^^^^^^^^^^^^^^^
  File "/home/airflow/.local/lib/python3.12/site-packages/airflow/cli/commands/task_command.py", line 483, in task_run
    task_return_code = _run_task_by_selected_method(args, _dag, ti)
                       ^^^^^^^^^^^^^^^^^^^^^^^^^^^^^^^^^^^^^^^^^^^^
  File "/home/airflow/.local/lib/python3.12/site-packages/airflow/cli/commands/task_command.py", line 256, in _run_task_by_selected_method
    return _run_raw_task(args, ti)
           ^^^^^^^^^^^^^^^^^^^^^^^
  File "/home/airflow/.local/lib/python3.12/site-packages/airflow/cli/commands/task_command.py", line 341, in _run_raw_task
    return ti._run_raw_task(
           ^^^^^^^^^^^^^^^^^
  File "/home/airflow/.local/lib/python3.12/site-packages/airflow/utils/session.py", line 97, in wrapper
    return func(*args, session=session, **kwargs)
           ^^^^^^^^^^^^^^^^^^^^^^^^^^^^^^^^^^^^^^
  File "/home/airflow/.local/lib/python3.12/site-packages/airflow/models/taskinstance.py", line 3006, in _run_raw_task
    return _run_raw_task(
           ^^^^^^^^^^^^^^
  File "/home/airflow/.local/lib/python3.12/site-packages/airflow/models/taskinstance.py", line 274, in _run_raw_task
    TaskInstance._execute_task_with_callbacks(
  File "/home/airflow/.local/lib/python3.12/site-packages/airflow/models/taskinstance.py", line 3161, in _execute_task_with_callbacks
    result = self._execute_task(context, task_orig)
             ^^^^^^^^^^^^^^^^^^^^^^^^^^^^^^^^^^^^^^
  File "/home/airflow/.local/lib/python3.12/site-packages/airflow/models/taskinstance.py", line 3185, in _execute_task
    return _execute_task(self, context, task_orig)
           ^^^^^^^^^^^^^^^^^^^^^^^^^^^^^^^^^^^^^^^
  File "/home/airflow/.local/lib/python3.12/site-packages/airflow/models/taskinstance.py", line 768, in _execute_task
    result = _execute_callable(context=context, **execute_callable_kwargs)
             ^^^^^^^^^^^^^^^^^^^^^^^^^^^^^^^^^^^^^^^^^^^^^^^^^^^^^^^^^^^^^
  File "/home/airflow/.local/lib/python3.12/site-packages/airflow/models/taskinstance.py", line 734, in _execute_callable
    return ExecutionCallableRunner(
           ^^^^^^^^^^^^^^^^^^^^^^^^
  File "/home/airflow/.local/lib/python3.12/site-packages/airflow/utils/operator_helpers.py", line 252, in run
    return self.func(*args, **kwargs)
           ^^^^^^^^^^^^^^^^^^^^^^^^^^
  File "/home/airflow/.local/lib/python3.12/site-packages/airflow/models/baseoperator.py", line 424, in wrapper
    return func(self, *args, **kwargs)
           ^^^^^^^^^^^^^^^^^^^^^^^^^^^
  File "/home/airflow/.local/lib/python3.12/site-packages/airflow/operators/python.py", line 238, in execute
    return_value = self.execute_callable()
                   ^^^^^^^^^^^^^^^^^^^^^^^
  File "/home/airflow/.local/lib/python3.12/site-packages/airflow/operators/python.py", line 256, in execute_callable
    return runner.run(*self.op_args, **self.op_kwargs)
           ^^^^^^^^^^^^^^^^^^^^^^^^^^^^^^^^^^^^^^^^^^^
  File "/home/airflow/.local/lib/python3.12/site-packages/airflow/utils/operator_helpers.py", line 252, in run
    return self.func(*args, **kwargs)
           ^^^^^^^^^^^^^^^^^^^^^^^^^^
  File "/opt/airflow/dags/Gestioncommands.py", line 58, in store_data
    with duckdb.connect(DB_PATH) as conn:
         ^^^^^^^^^^^^^^^^^^^^^^^
  File "/opt/airflow/dags/Gestioncommands.py", line 106, in store_data
    conn.execute("INSERT INTO raw.ecom_db SELECT * FROM ecom_df")
duckdb.duckdb.BinderException: Binder Error: table ecom_db has 21 columns but 20 values were supplied
[2025-03-29T18:33:08.484+0000] {local_task_job_runner.py:266} INFO - Task exited with return code 1
[2025-03-29T18:33:08.520+0000] {taskinstance.py:3901} INFO - 0 downstream tasks scheduled from follow-on schedule check
[2025-03-29T18:33:08.523+0000] {local_task_job_runner.py:245} INFO - ::endgroup::
