[2025-03-30T01:54:16.475+0000] {local_task_job_runner.py:123} INFO - ::group::Pre task execution logs
[2025-03-30T01:54:16.670+0000] {taskinstance.py:2614} INFO - Dependencies all met for dep_context=non-requeueable deps ti=<TaskInstance: ecommerce_data_pipeline.verify_data scheduled__2025-03-30T01:53:00+00:00 [queued]>
[2025-03-30T01:54:16.683+0000] {taskinstance.py:2614} INFO - Dependencies all met for dep_context=requeueable deps ti=<TaskInstance: ecommerce_data_pipeline.verify_data scheduled__2025-03-30T01:53:00+00:00 [queued]>
[2025-03-30T01:54:16.723+0000] {taskinstance.py:2867} INFO - Starting attempt 1 of 2
[2025-03-30T01:54:16.745+0000] {taskinstance.py:2890} INFO - Executing <Task(PythonOperator): verify_data> on 2025-03-30 01:53:00+00:00
[2025-03-30T01:54:16.756+0000] {warnings.py:112} WARNING - /home/***/.local/lib/python3.12/site-packages/***/task/task_runner/standard_task_runner.py:70: DeprecationWarning: This process (pid=2092) is multi-threaded, use of fork() may lead to deadlocks in the child.
  pid = os.fork()

[2025-03-30T01:54:16.759+0000] {standard_task_runner.py:72} INFO - Started process 2111 to run task
[2025-03-30T01:54:16.760+0000] {standard_task_runner.py:104} INFO - Running: ['***', 'tasks', 'run', 'ecommerce_data_pipeline', 'verify_data', 'scheduled__2025-03-30T01:53:00+00:00', '--job-id', '419', '--raw', '--subdir', 'DAGS_FOLDER/Gestioncommands.py', '--cfg-path', '/tmp/tmpatak1p3j']
[2025-03-30T01:54:16.763+0000] {standard_task_runner.py:105} INFO - Job 419: Subtask verify_data
[2025-03-30T01:54:16.828+0000] {task_command.py:467} INFO - Running <TaskInstance: ecommerce_data_pipeline.verify_data scheduled__2025-03-30T01:53:00+00:00 [running]> on host 778b271a0247
[2025-03-30T01:54:16.941+0000] {taskinstance.py:3134} INFO - Exporting env vars: AIRFLOW_CTX_DAG_OWNER='admin' AIRFLOW_CTX_DAG_ID='ecommerce_data_pipeline' AIRFLOW_CTX_TASK_ID='verify_data' AIRFLOW_CTX_EXECUTION_DATE='2025-03-30T01:53:00+00:00' AIRFLOW_CTX_TRY_NUMBER='1' AIRFLOW_CTX_DAG_RUN_ID='scheduled__2025-03-30T01:53:00+00:00'
[2025-03-30T01:54:16.943+0000] {logging_mixin.py:190} INFO - Task instance is in running state
[2025-03-30T01:54:16.943+0000] {logging_mixin.py:190} INFO -  Previous state of the Task instance: queued
[2025-03-30T01:54:16.944+0000] {logging_mixin.py:190} INFO - Current task name:verify_data state:running start_date:2025-03-30 01:54:16.671951+00:00
[2025-03-30T01:54:16.945+0000] {logging_mixin.py:190} INFO - Dag name:ecommerce_data_pipeline and current dag run status:running
[2025-03-30T01:54:16.946+0000] {taskinstance.py:732} INFO - ::endgroup::
[2025-03-30T01:54:16.947+0000] {Gestioncommands.py:207} INFO - Verifying database content...
[2025-03-30T01:54:16.998+0000] {Gestioncommands.py:219} INFO - Raw tables: [('ecom_db',)]
[2025-03-30T01:54:17.015+0000] {Gestioncommands.py:232} INFO - Refined tables: [('clients',), ('commandes',), ('details_commandes',), ('paiements',), ('produits',)]
[2025-03-30T01:54:17.017+0000] {Gestioncommands.py:239} INFO - Raw table contains 10 records
[2025-03-30T01:54:17.022+0000] {python.py:240} INFO - Done. Returned value was: None
[2025-03-30T01:54:17.040+0000] {taskinstance.py:341} INFO - ::group::Post task execution logs
[2025-03-30T01:54:17.041+0000] {taskinstance.py:353} INFO - Marking task as SUCCESS. dag_id=ecommerce_data_pipeline, task_id=verify_data, run_id=scheduled__2025-03-30T01:53:00+00:00, execution_date=20250330T015300, start_date=20250330T015416, end_date=20250330T015417
[2025-03-30T01:54:17.140+0000] {logging_mixin.py:190} INFO - Task instance in success state
[2025-03-30T01:54:17.142+0000] {logging_mixin.py:190} INFO -  Previous state of the Task instance: running
[2025-03-30T01:54:17.143+0000] {logging_mixin.py:190} INFO - Dag name:ecommerce_data_pipeline queued_at:2025-03-30 01:54:00.299502+00:00
[2025-03-30T01:54:17.145+0000] {logging_mixin.py:190} INFO - Task hostname:778b271a0247 operator:PythonOperator
[2025-03-30T01:54:17.179+0000] {local_task_job_runner.py:266} INFO - Task exited with return code 0
[2025-03-30T01:54:17.205+0000] {taskinstance.py:3901} INFO - 0 downstream tasks scheduled from follow-on schedule check
[2025-03-30T01:54:17.209+0000] {local_task_job_runner.py:245} INFO - ::endgroup::
