[2025-03-30T02:18:07.413+0000] {local_task_job_runner.py:123} INFO - ::group::Pre task execution logs
[2025-03-30T02:18:07.438+0000] {taskinstance.py:2614} INFO - Dependencies all met for dep_context=non-requeueable deps ti=<TaskInstance: ecommerce_data_pipeline.store_data scheduled__2025-03-30T02:17:00+00:00 [queued]>
[2025-03-30T02:18:07.449+0000] {taskinstance.py:2614} INFO - Dependencies all met for dep_context=requeueable deps ti=<TaskInstance: ecommerce_data_pipeline.store_data scheduled__2025-03-30T02:17:00+00:00 [queued]>
[2025-03-30T02:18:07.450+0000] {taskinstance.py:2867} INFO - Starting attempt 1 of 2
[2025-03-30T02:18:07.462+0000] {taskinstance.py:2890} INFO - Executing <Task(PythonOperator): store_data> on 2025-03-30 02:17:00+00:00
[2025-03-30T02:18:07.471+0000] {warnings.py:112} WARNING - /home/***/.local/lib/python3.12/site-packages/***/task/task_runner/standard_task_runner.py:70: DeprecationWarning: This process (pid=3663) is multi-threaded, use of fork() may lead to deadlocks in the child.
  pid = os.fork()

[2025-03-30T02:18:07.473+0000] {standard_task_runner.py:72} INFO - Started process 3665 to run task
[2025-03-30T02:18:07.474+0000] {standard_task_runner.py:104} INFO - Running: ['***', 'tasks', 'run', 'ecommerce_data_pipeline', 'store_data', 'scheduled__2025-03-30T02:17:00+00:00', '--job-id', '507', '--raw', '--subdir', 'DAGS_FOLDER/Gestioncommands.py', '--cfg-path', '/tmp/tmpf8hm9cbq']
[2025-03-30T02:18:07.475+0000] {standard_task_runner.py:105} INFO - Job 507: Subtask store_data
[2025-03-30T02:18:07.523+0000] {task_command.py:467} INFO - Running <TaskInstance: ecommerce_data_pipeline.store_data scheduled__2025-03-30T02:17:00+00:00 [running]> on host 778b271a0247
[2025-03-30T02:18:07.620+0000] {taskinstance.py:3134} INFO - Exporting env vars: AIRFLOW_CTX_DAG_OWNER='admin' AIRFLOW_CTX_DAG_ID='ecommerce_data_pipeline' AIRFLOW_CTX_TASK_ID='store_data' AIRFLOW_CTX_EXECUTION_DATE='2025-03-30T02:17:00+00:00' AIRFLOW_CTX_TRY_NUMBER='1' AIRFLOW_CTX_DAG_RUN_ID='scheduled__2025-03-30T02:17:00+00:00'
[2025-03-30T02:18:07.622+0000] {logging_mixin.py:190} INFO - Task instance is in running state
[2025-03-30T02:18:07.623+0000] {logging_mixin.py:190} INFO -  Previous state of the Task instance: queued
[2025-03-30T02:18:07.623+0000] {logging_mixin.py:190} INFO - Current task name:store_data state:running start_date:2025-03-30 02:18:07.439346+00:00
[2025-03-30T02:18:07.624+0000] {logging_mixin.py:190} INFO - Dag name:ecommerce_data_pipeline and current dag run status:running
[2025-03-30T02:18:07.625+0000] {taskinstance.py:732} INFO - ::endgroup::
[2025-03-30T02:18:07.635+0000] {Gestioncommands.py:57} INFO - Loading data into DuckDB...
[2025-03-30T02:18:07.717+0000] {Gestioncommands.py:108} INFO - Data stored successfully
[2025-03-30T02:18:07.718+0000] {python.py:240} INFO - Done. Returned value was: None
[2025-03-30T02:18:07.731+0000] {taskinstance.py:341} INFO - ::group::Post task execution logs
[2025-03-30T02:18:07.732+0000] {taskinstance.py:353} INFO - Marking task as SUCCESS. dag_id=ecommerce_data_pipeline, task_id=store_data, run_id=scheduled__2025-03-30T02:17:00+00:00, execution_date=20250330T021700, start_date=20250330T021807, end_date=20250330T021807
[2025-03-30T02:18:07.761+0000] {logging_mixin.py:190} INFO - Task instance in success state
[2025-03-30T02:18:07.762+0000] {logging_mixin.py:190} INFO -  Previous state of the Task instance: running
[2025-03-30T02:18:07.762+0000] {logging_mixin.py:190} INFO - Dag name:ecommerce_data_pipeline queued_at:2025-03-30 02:18:00.543216+00:00
[2025-03-30T02:18:07.763+0000] {logging_mixin.py:190} INFO - Task hostname:778b271a0247 operator:PythonOperator
[2025-03-30T02:18:07.811+0000] {local_task_job_runner.py:266} INFO - Task exited with return code 0
[2025-03-30T02:18:07.847+0000] {taskinstance.py:3901} INFO - 1 downstream tasks scheduled from follow-on schedule check
[2025-03-30T02:18:07.850+0000] {local_task_job_runner.py:245} INFO - ::endgroup::
