[2025-03-30T12:46:58.210+0000] {local_task_job_runner.py:123} INFO - ::group::Pre task execution logs
[2025-03-30T12:46:58.384+0000] {taskinstance.py:2614} INFO - Dependencies all met for dep_context=non-requeueable deps ti=<TaskInstance: ecommerce_data_pipeline.fetch_data manual__2025-03-30T12:46:55.510895+00:00 [queued]>
[2025-03-30T12:46:58.394+0000] {taskinstance.py:2614} INFO - Dependencies all met for dep_context=requeueable deps ti=<TaskInstance: ecommerce_data_pipeline.fetch_data manual__2025-03-30T12:46:55.510895+00:00 [queued]>
[2025-03-30T12:46:58.395+0000] {taskinstance.py:2867} INFO - Starting attempt 1 of 2
[2025-03-30T12:46:58.409+0000] {taskinstance.py:2890} INFO - Executing <Task(PythonOperator): fetch_data> on 2025-03-30 12:46:55.510895+00:00
[2025-03-30T12:46:58.420+0000] {warnings.py:112} WARNING - /home/***/.local/lib/python3.12/site-packages/***/task/task_runner/standard_task_runner.py:70: DeprecationWarning: This process (pid=1093) is multi-threaded, use of fork() may lead to deadlocks in the child.
  pid = os.fork()

[2025-03-30T12:46:58.423+0000] {standard_task_runner.py:72} INFO - Started process 1095 to run task
[2025-03-30T12:46:58.423+0000] {standard_task_runner.py:104} INFO - Running: ['***', 'tasks', 'run', 'ecommerce_data_pipeline', 'fetch_data', 'manual__2025-03-30T12:46:55.510895+00:00', '--job-id', '766', '--raw', '--subdir', 'DAGS_FOLDER/Gestioncommands.py', '--cfg-path', '/tmp/tmpz0afexu4']
[2025-03-30T12:46:58.424+0000] {standard_task_runner.py:105} INFO - Job 766: Subtask fetch_data
[2025-03-30T12:46:58.482+0000] {task_command.py:467} INFO - Running <TaskInstance: ecommerce_data_pipeline.fetch_data manual__2025-03-30T12:46:55.510895+00:00 [running]> on host 778b271a0247
[2025-03-30T12:46:58.577+0000] {taskinstance.py:3134} INFO - Exporting env vars: AIRFLOW_CTX_DAG_OWNER='***' AIRFLOW_CTX_DAG_ID='ecommerce_data_pipeline' AIRFLOW_CTX_TASK_ID='fetch_data' AIRFLOW_CTX_EXECUTION_DATE='2025-03-30T12:46:55.510895+00:00' AIRFLOW_CTX_TRY_NUMBER='1' AIRFLOW_CTX_DAG_RUN_ID='manual__2025-03-30T12:46:55.510895+00:00'
[2025-03-30T12:46:58.579+0000] {logging_mixin.py:190} INFO - Task instance is in running state
[2025-03-30T12:46:58.580+0000] {logging_mixin.py:190} INFO -  Previous state of the Task instance: queued
[2025-03-30T12:46:58.580+0000] {logging_mixin.py:190} INFO - Current task name:fetch_data state:running start_date:2025-03-30 12:46:58.385957+00:00
[2025-03-30T12:46:58.581+0000] {logging_mixin.py:190} INFO - Dag name:ecommerce_data_pipeline and current dag run status:running
[2025-03-30T12:46:58.582+0000] {taskinstance.py:732} INFO - ::endgroup::
[2025-03-30T12:46:58.583+0000] {Gestioncommands.py:31} INFO - Fetching data from API...
[2025-03-30T12:46:59.263+0000] {warnings.py:112} WARNING - /home/***/.local/lib/python3.12/site-packages/urllib3/connectionpool.py:1097: InsecureRequestWarning: Unverified HTTPS request is being made to host 'my.api.mockaroo.com'. Adding certificate verification is strongly advised. See: https://urllib3.readthedocs.io/en/latest/advanced-usage.html#tls-warnings
  warnings.warn(

[2025-03-30T12:46:59.989+0000] {Gestioncommands.py:35} INFO - Data fetched successfully.
[2025-03-30T12:46:59.992+0000] {python.py:240} INFO - Done. Returned value was: commande_id,date_commande,client_id,montant_total,statut,produit_id,nom_produit,prix_unitaire,stock,quantite,sous_total,nom_client,email,ville,pays,genre ,paiement_id,mode_paiement,statut_paiement,date_paiement
1238,2023-03-16,106,2557.41,Pending,744,Island Oasis - Peach Daiquiri,477.36,26,3,1432.08,Bernadene Lilbourne,blilbourne0@uol.com.br,Sanqishi,China,F,204,Bank card,valid,2021-11-30
2457,2022-12-11,584,700.52,Delivered,742,"Turkey - Breast, Smoked",94.69,14,1,94.69,Page Witter,pwitter1@ftc.gov,Verkhnyaya Toyma,Russia,M,331,Transfer,cancel,2023-02-19
2063,2021-11-10,526,3529.68,Shipped,795,Wooden Mop Handle,10.22,40,3,30.66,Rudolph Gilliatt,rgilliatt2@sphinn.com,Limbe,Cameroon,F,639,Bank card,pending,2023-06-23
6540,2022-04-25,301,4051.93,Delivered,637,Bread - Dark Rye,295.89,15,1,295.89,Giorgio Godier,ggodier3@cbslocal.com,Bissau,Guinea-Bissau,M,458,Transfer,valid,2021-10-26
2486,2021-10-16,841,5459.89,Shipped,592,"Brandy - Orange, Mc Guiness",471.16,16,2,942.32,Rochester Siggs,rsiggs4@oracle.com,Gjinoc,Kosovo,F,848,PayPal,pending,2021-10-31
3214,2024-01-09,280,5962.53,Delivered,797,Cheese - Parmesan Grated,378.35,18,1,378.35,Mei Wallbank,mwallbank5@engadget.com,Chamni,Thailand,F,330,PayPal,valid,2023-11-15
5065,2021-04-04,500,923.87,Delivered,741,"Wine - Red, Marechal Foch",51.86,41,3,155.58,Jean Stanbridge,jstanbridge6@mozilla.org,Huiqi,China,F,486,Transfer,pending,2023-04-10
3429,2021-03-21,319,1386.51,Pending,724,Cake - Cake Sheet Macaroon,395.3,34,3,1185.9,Ricky Berg,rberg7@wikimedia.org,Shijak,Albania,M,903,PayPal,valid,2022-03-17
3563,2021-06-13,449,1905.94,Delivered,890,Beef - Kobe Striploin,424.79,16,3,1274.37,Dorie Vernham,dvernham8@reverbnation.com,Kara Suu,Kyrgyzstan,F,848,Transfer,pending,2020-07-04
6862,2022-08-09,292,5784.73,Shipped,548,Wine - Chateau Timberlay,4.9,21,2,9.8,Gratiana Kmietsch,gkmietsch9@harvard.edu,San Jose,United States,M,621,Transfer,pending,2020-09-17

[2025-03-30T12:47:00.016+0000] {taskinstance.py:341} INFO - ::group::Post task execution logs
[2025-03-30T12:47:00.017+0000] {taskinstance.py:353} INFO - Marking task as SUCCESS. dag_id=ecommerce_data_pipeline, task_id=fetch_data, run_id=manual__2025-03-30T12:46:55.510895+00:00, execution_date=20250330T124655, start_date=20250330T124658, end_date=20250330T124700
[2025-03-30T12:47:00.038+0000] {logging_mixin.py:190} INFO - Task instance in success state
[2025-03-30T12:47:00.039+0000] {logging_mixin.py:190} INFO -  Previous state of the Task instance: running
[2025-03-30T12:47:00.040+0000] {logging_mixin.py:190} INFO - Dag name:ecommerce_data_pipeline queued_at:2025-03-30 12:46:55.523301+00:00
[2025-03-30T12:47:00.040+0000] {logging_mixin.py:190} INFO - Task hostname:778b271a0247 operator:PythonOperator
[2025-03-30T12:47:00.088+0000] {local_task_job_runner.py:266} INFO - Task exited with return code 0
[2025-03-30T12:47:00.113+0000] {taskinstance.py:3901} INFO - 1 downstream tasks scheduled from follow-on schedule check
[2025-03-30T12:47:00.116+0000] {local_task_job_runner.py:245} INFO - ::endgroup::
