[2025-03-29T18:28:02.763+0000] {local_task_job_runner.py:123} INFO - ::group::Pre task execution logs
[2025-03-29T18:28:03.019+0000] {taskinstance.py:2614} INFO - Dependencies all met for dep_context=non-requeueable deps ti=<TaskInstance: Etl_pipeline_order_management.fetch_data scheduled__2025-03-29T18:27:00+00:00 [queued]>
[2025-03-29T18:28:03.031+0000] {taskinstance.py:2614} INFO - Dependencies all met for dep_context=requeueable deps ti=<TaskInstance: Etl_pipeline_order_management.fetch_data scheduled__2025-03-29T18:27:00+00:00 [queued]>
[2025-03-29T18:28:03.071+0000] {taskinstance.py:2867} INFO - Starting attempt 1 of 2
[2025-03-29T18:28:03.094+0000] {taskinstance.py:2890} INFO - Executing <Task(PythonOperator): fetch_data> on 2025-03-29 18:27:00+00:00
[2025-03-29T18:28:03.105+0000] {warnings.py:112} WARNING - /home/***/.local/lib/python3.12/site-packages/***/task/task_runner/standard_task_runner.py:70: DeprecationWarning: This process (pid=1970) is multi-threaded, use of fork() may lead to deadlocks in the child.
  pid = os.fork()

[2025-03-29T18:28:03.107+0000] {standard_task_runner.py:72} INFO - Started process 1972 to run task
[2025-03-29T18:28:03.109+0000] {standard_task_runner.py:104} INFO - Running: ['***', 'tasks', 'run', 'Etl_pipeline_order_management', 'fetch_data', 'scheduled__2025-03-29T18:27:00+00:00', '--job-id', '202', '--raw', '--subdir', 'DAGS_FOLDER/Gestioncommands.py', '--cfg-path', '/tmp/tmpqlh3u88s']
[2025-03-29T18:28:03.111+0000] {standard_task_runner.py:105} INFO - Job 202: Subtask fetch_data
[2025-03-29T18:28:03.183+0000] {task_command.py:467} INFO - Running <TaskInstance: Etl_pipeline_order_management.fetch_data scheduled__2025-03-29T18:27:00+00:00 [running]> on host 499696d11f67
[2025-03-29T18:28:03.293+0000] {taskinstance.py:3134} INFO - Exporting env vars: AIRFLOW_CTX_DAG_OWNER='***' AIRFLOW_CTX_DAG_ID='Etl_pipeline_order_management' AIRFLOW_CTX_TASK_ID='fetch_data' AIRFLOW_CTX_EXECUTION_DATE='2025-03-29T18:27:00+00:00' AIRFLOW_CTX_TRY_NUMBER='1' AIRFLOW_CTX_DAG_RUN_ID='scheduled__2025-03-29T18:27:00+00:00'
[2025-03-29T18:28:03.295+0000] {logging_mixin.py:190} INFO - Task instance is in running state
[2025-03-29T18:28:03.296+0000] {logging_mixin.py:190} INFO -  Previous state of the Task instance: queued
[2025-03-29T18:28:03.296+0000] {logging_mixin.py:190} INFO - Current task name:fetch_data state:running start_date:2025-03-29 18:28:03.020586+00:00
[2025-03-29T18:28:03.297+0000] {logging_mixin.py:190} INFO - Dag name:Etl_pipeline_order_management and current dag run status:running
[2025-03-29T18:28:03.298+0000] {taskinstance.py:732} INFO - ::endgroup::
[2025-03-29T18:28:03.299+0000] {Gestioncommands.py:28} INFO - Fetching data from API...
[2025-03-29T18:28:04.037+0000] {warnings.py:112} WARNING - /home/***/.local/lib/python3.12/site-packages/urllib3/connectionpool.py:1097: InsecureRequestWarning: Unverified HTTPS request is being made to host 'my.api.mockaroo.com'. Adding certificate verification is strongly advised. See: https://urllib3.readthedocs.io/en/latest/advanced-usage.html#tls-warnings
  warnings.warn(

[2025-03-29T18:28:04.852+0000] {Gestioncommands.py:32} INFO - Data fetched from API successfully.
[2025-03-29T18:28:04.911+0000] {Gestioncommands.py:36} INFO - CSV data pushed to XCom.
[2025-03-29T18:28:04.913+0000] {python.py:240} INFO - Done. Returned value was: None
[2025-03-29T18:28:04.927+0000] {taskinstance.py:341} INFO - ::group::Post task execution logs
[2025-03-29T18:28:04.929+0000] {taskinstance.py:353} INFO - Marking task as SUCCESS. dag_id=Etl_pipeline_order_management, task_id=fetch_data, run_id=scheduled__2025-03-29T18:27:00+00:00, execution_date=20250329T182700, start_date=20250329T182803, end_date=20250329T182804
[2025-03-29T18:28:04.967+0000] {logging_mixin.py:190} INFO - Task instance in success state
[2025-03-29T18:28:04.970+0000] {logging_mixin.py:190} INFO -  Previous state of the Task instance: running
[2025-03-29T18:28:04.971+0000] {logging_mixin.py:190} INFO - Dag name:Etl_pipeline_order_management queued_at:2025-03-29 18:28:00.542429+00:00
[2025-03-29T18:28:04.972+0000] {logging_mixin.py:190} INFO - Task hostname:499696d11f67 operator:PythonOperator
[2025-03-29T18:28:05.019+0000] {local_task_job_runner.py:266} INFO - Task exited with return code 0
[2025-03-29T18:28:05.072+0000] {taskinstance.py:3901} INFO - 1 downstream tasks scheduled from follow-on schedule check
[2025-03-29T18:28:05.078+0000] {local_task_job_runner.py:245} INFO - ::endgroup::
