[2025-03-30T12:40:06.874+0000] {local_task_job_runner.py:123} INFO - ::group::Pre task execution logs
[2025-03-30T12:40:07.076+0000] {taskinstance.py:2614} INFO - Dependencies all met for dep_context=non-requeueable deps ti=<TaskInstance: ecommerce_data_pipeline.store_data scheduled__2025-03-30T12:39:00+00:00 [queued]>
[2025-03-30T12:40:07.089+0000] {taskinstance.py:2614} INFO - Dependencies all met for dep_context=requeueable deps ti=<TaskInstance: ecommerce_data_pipeline.store_data scheduled__2025-03-30T12:39:00+00:00 [queued]>
[2025-03-30T12:40:07.090+0000] {taskinstance.py:2867} INFO - Starting attempt 1 of 2
[2025-03-30T12:40:07.112+0000] {taskinstance.py:2890} INFO - Executing <Task(PythonOperator): store_data> on 2025-03-30 12:39:00+00:00
[2025-03-30T12:40:07.123+0000] {warnings.py:112} WARNING - /home/***/.local/lib/python3.12/site-packages/***/task/task_runner/standard_task_runner.py:70: DeprecationWarning: This process (pid=570) is multi-threaded, use of fork() may lead to deadlocks in the child.
  pid = os.fork()

[2025-03-30T12:40:07.126+0000] {standard_task_runner.py:72} INFO - Started process 572 to run task
[2025-03-30T12:40:07.127+0000] {standard_task_runner.py:104} INFO - Running: ['***', 'tasks', 'run', 'ecommerce_data_pipeline', 'store_data', 'scheduled__2025-03-30T12:39:00+00:00', '--job-id', '733', '--raw', '--subdir', 'DAGS_FOLDER/Gestioncommands.py', '--cfg-path', '/tmp/tmphv78azh1']
[2025-03-30T12:40:07.129+0000] {standard_task_runner.py:105} INFO - Job 733: Subtask store_data
[2025-03-30T12:40:07.200+0000] {task_command.py:467} INFO - Running <TaskInstance: ecommerce_data_pipeline.store_data scheduled__2025-03-30T12:39:00+00:00 [running]> on host 778b271a0247
[2025-03-30T12:40:07.370+0000] {taskinstance.py:3134} INFO - Exporting env vars: AIRFLOW_CTX_DAG_OWNER='***' AIRFLOW_CTX_DAG_ID='ecommerce_data_pipeline' AIRFLOW_CTX_TASK_ID='store_data' AIRFLOW_CTX_EXECUTION_DATE='2025-03-30T12:39:00+00:00' AIRFLOW_CTX_TRY_NUMBER='1' AIRFLOW_CTX_DAG_RUN_ID='scheduled__2025-03-30T12:39:00+00:00'
[2025-03-30T12:40:07.372+0000] {logging_mixin.py:190} INFO - Task instance is in running state
[2025-03-30T12:40:07.373+0000] {logging_mixin.py:190} INFO -  Previous state of the Task instance: queued
[2025-03-30T12:40:07.374+0000] {logging_mixin.py:190} INFO - Current task name:store_data state:running start_date:2025-03-30 12:40:07.077528+00:00
[2025-03-30T12:40:07.374+0000] {logging_mixin.py:190} INFO - Dag name:ecommerce_data_pipeline and current dag run status:running
[2025-03-30T12:40:07.375+0000] {taskinstance.py:732} INFO - ::endgroup::
[2025-03-30T12:40:07.390+0000] {Gestioncommands.py:44} INFO - Début du stockage incrémental...
[2025-03-30T12:40:07.490+0000] {Gestioncommands.py:100} INFO - -1 nouvelles commandes ajoutées
[2025-03-30T12:40:07.546+0000] {python.py:240} INFO - Done. Returned value was: None
[2025-03-30T12:40:07.564+0000] {taskinstance.py:341} INFO - ::group::Post task execution logs
[2025-03-30T12:40:07.565+0000] {taskinstance.py:353} INFO - Marking task as SUCCESS. dag_id=ecommerce_data_pipeline, task_id=store_data, run_id=scheduled__2025-03-30T12:39:00+00:00, execution_date=20250330T123900, start_date=20250330T124007, end_date=20250330T124007
[2025-03-30T12:40:07.606+0000] {logging_mixin.py:190} INFO - Task instance in success state
[2025-03-30T12:40:07.607+0000] {logging_mixin.py:190} INFO -  Previous state of the Task instance: running
[2025-03-30T12:40:07.609+0000] {logging_mixin.py:190} INFO - Dag name:ecommerce_data_pipeline queued_at:2025-03-30 12:40:00.638130+00:00
[2025-03-30T12:40:07.609+0000] {logging_mixin.py:190} INFO - Task hostname:778b271a0247 operator:PythonOperator
[2025-03-30T12:40:07.666+0000] {local_task_job_runner.py:266} INFO - Task exited with return code 0
[2025-03-30T12:40:07.700+0000] {taskinstance.py:3901} INFO - 1 downstream tasks scheduled from follow-on schedule check
[2025-03-30T12:40:07.704+0000] {local_task_job_runner.py:245} INFO - ::endgroup::
