[2025-03-28T18:12:06.792+0000] {local_task_job_runner.py:123} INFO - ::group::Pre task execution logs
[2025-03-28T18:12:07.008+0000] {taskinstance.py:2614} INFO - Dependencies all met for dep_context=non-requeueable deps ti=<TaskInstance: Etl_pipeline_order_management.store_data scheduled__2025-03-28T18:09:00+00:00 [queued]>
[2025-03-28T18:12:07.020+0000] {taskinstance.py:2614} INFO - Dependencies all met for dep_context=requeueable deps ti=<TaskInstance: Etl_pipeline_order_management.store_data scheduled__2025-03-28T18:09:00+00:00 [queued]>
[2025-03-28T18:12:07.060+0000] {taskinstance.py:2867} INFO - Starting attempt 1 of 2
[2025-03-28T18:12:07.082+0000] {taskinstance.py:2890} INFO - Executing <Task(PythonOperator): store_data> on 2025-03-28 18:09:00+00:00
[2025-03-28T18:12:07.096+0000] {standard_task_runner.py:104} INFO - Running: ['***', 'tasks', 'run', 'Etl_pipeline_order_management', 'store_data', 'scheduled__2025-03-28T18:09:00+00:00', '--job-id', '95', '--raw', '--subdir', 'DAGS_FOLDER/Gestioncommands.py', '--cfg-path', '/tmp/tmpdnl06d26']
[2025-03-28T18:12:07.094+0000] {warnings.py:112} WARNING - /home/***/.local/lib/python3.12/site-packages/***/task/task_runner/standard_task_runner.py:70: DeprecationWarning: This process (pid=2072) is multi-threaded, use of fork() may lead to deadlocks in the child.
  pid = os.fork()

[2025-03-28T18:12:07.097+0000] {standard_task_runner.py:105} INFO - Job 95: Subtask store_data
[2025-03-28T18:12:07.097+0000] {standard_task_runner.py:72} INFO - Started process 2074 to run task
[2025-03-28T18:12:07.206+0000] {task_command.py:467} INFO - Running <TaskInstance: Etl_pipeline_order_management.store_data scheduled__2025-03-28T18:09:00+00:00 [running]> on host 499696d11f67
[2025-03-28T18:12:07.391+0000] {taskinstance.py:3134} INFO - Exporting env vars: AIRFLOW_CTX_DAG_OWNER='***' AIRFLOW_CTX_DAG_ID='Etl_pipeline_order_management' AIRFLOW_CTX_TASK_ID='store_data' AIRFLOW_CTX_EXECUTION_DATE='2025-03-28T18:09:00+00:00' AIRFLOW_CTX_TRY_NUMBER='1' AIRFLOW_CTX_DAG_RUN_ID='scheduled__2025-03-28T18:09:00+00:00'
[2025-03-28T18:12:07.393+0000] {logging_mixin.py:190} INFO - Task instance is in running state
[2025-03-28T18:12:07.393+0000] {logging_mixin.py:190} INFO -  Previous state of the Task instance: queued
[2025-03-28T18:12:07.394+0000] {logging_mixin.py:190} INFO - Current task name:store_data state:running start_date:2025-03-28 18:12:07.009780+00:00
[2025-03-28T18:12:07.395+0000] {logging_mixin.py:190} INFO - Dag name:Etl_pipeline_order_management and current dag run status:running
[2025-03-28T18:12:07.395+0000] {taskinstance.py:732} INFO - ::endgroup::
[2025-03-28T18:12:07.397+0000] {Gestioncommands.py:44} INFO - Retrieving CSV data from XCom...
[2025-03-28T18:12:07.451+0000] {Gestioncommands.py:105} INFO - Inserting data into DuckDB tables...
[2025-03-28T18:12:07.566+0000] {Gestioncommands.py:137} INFO - Data successfully stored into DuckDB.
[2025-03-28T18:12:07.601+0000] {python.py:240} INFO - Done. Returned value was: None
[2025-03-28T18:12:07.615+0000] {taskinstance.py:341} INFO - ::group::Post task execution logs
[2025-03-28T18:12:07.616+0000] {taskinstance.py:353} INFO - Marking task as SUCCESS. dag_id=Etl_pipeline_order_management, task_id=store_data, run_id=scheduled__2025-03-28T18:09:00+00:00, execution_date=20250328T180900, start_date=20250328T181207, end_date=20250328T181207
[2025-03-28T18:12:07.653+0000] {logging_mixin.py:190} INFO - Task instance in success state
[2025-03-28T18:12:07.655+0000] {logging_mixin.py:190} INFO -  Previous state of the Task instance: running
[2025-03-28T18:12:07.657+0000] {logging_mixin.py:190} INFO - Dag name:Etl_pipeline_order_management queued_at:2025-03-28 18:12:00.477448+00:00
[2025-03-28T18:12:07.658+0000] {logging_mixin.py:190} INFO - Task hostname:499696d11f67 operator:PythonOperator
[2025-03-28T18:12:07.678+0000] {local_task_job_runner.py:266} INFO - Task exited with return code 0
[2025-03-28T18:12:07.716+0000] {taskinstance.py:3901} INFO - 1 downstream tasks scheduled from follow-on schedule check
[2025-03-28T18:12:07.720+0000] {local_task_job_runner.py:245} INFO - ::endgroup::
