[2025-03-28T17:27:06.194+0000] {local_task_job_runner.py:123} INFO - ::group::Pre task execution logs
[2025-03-28T17:27:06.367+0000] {taskinstance.py:2614} INFO - Dependencies all met for dep_context=non-requeueable deps ti=<TaskInstance: Etl_pipeline_order_management.store_data scheduled__2025-03-28T17:24:00+00:00 [queued]>
[2025-03-28T17:27:06.377+0000] {taskinstance.py:2614} INFO - Dependencies all met for dep_context=requeueable deps ti=<TaskInstance: Etl_pipeline_order_management.store_data scheduled__2025-03-28T17:24:00+00:00 [queued]>
[2025-03-28T17:27:06.412+0000] {taskinstance.py:2867} INFO - Starting attempt 1 of 2
[2025-03-28T17:27:06.426+0000] {taskinstance.py:2890} INFO - Executing <Task(PythonOperator): store_data> on 2025-03-28 17:24:00+00:00
[2025-03-28T17:27:06.437+0000] {warnings.py:112} WARNING - /home/***/.local/lib/python3.12/site-packages/***/task/task_runner/standard_task_runner.py:70: DeprecationWarning: This process (pid=731) is multi-threaded, use of fork() may lead to deadlocks in the child.
  pid = os.fork()

[2025-03-28T17:27:06.439+0000] {standard_task_runner.py:72} INFO - Started process 733 to run task
[2025-03-28T17:27:06.439+0000] {standard_task_runner.py:104} INFO - Running: ['***', 'tasks', 'run', 'Etl_pipeline_order_management', 'store_data', 'scheduled__2025-03-28T17:24:00+00:00', '--job-id', '40', '--raw', '--subdir', 'DAGS_FOLDER/Gestioncommands.py', '--cfg-path', '/tmp/tmpzaxl0kt4']
[2025-03-28T17:27:06.440+0000] {standard_task_runner.py:105} INFO - Job 40: Subtask store_data
[2025-03-28T17:27:06.492+0000] {task_command.py:467} INFO - Running <TaskInstance: Etl_pipeline_order_management.store_data scheduled__2025-03-28T17:24:00+00:00 [running]> on host 499696d11f67
[2025-03-28T17:27:06.600+0000] {taskinstance.py:3134} INFO - Exporting env vars: AIRFLOW_CTX_DAG_OWNER='***' AIRFLOW_CTX_DAG_ID='Etl_pipeline_order_management' AIRFLOW_CTX_TASK_ID='store_data' AIRFLOW_CTX_EXECUTION_DATE='2025-03-28T17:24:00+00:00' AIRFLOW_CTX_TRY_NUMBER='1' AIRFLOW_CTX_DAG_RUN_ID='scheduled__2025-03-28T17:24:00+00:00'
[2025-03-28T17:27:06.602+0000] {logging_mixin.py:190} INFO - Task instance is in running state
[2025-03-28T17:27:06.603+0000] {logging_mixin.py:190} INFO -  Previous state of the Task instance: queued
[2025-03-28T17:27:06.604+0000] {logging_mixin.py:190} INFO - Current task name:store_data state:running start_date:2025-03-28 17:27:06.368366+00:00
[2025-03-28T17:27:06.605+0000] {logging_mixin.py:190} INFO - Dag name:Etl_pipeline_order_management and current dag run status:running
[2025-03-28T17:27:06.606+0000] {taskinstance.py:732} INFO - ::endgroup::
[2025-03-28T17:27:06.607+0000] {Gestioncommands.py:44} INFO - Retrieving CSV data from XCom...
[2025-03-28T17:27:06.654+0000] {Gestioncommands.py:105} INFO - Inserting data into DuckDB tables...
[2025-03-28T17:27:06.758+0000] {Gestioncommands.py:137} INFO - Data successfully stored into DuckDB.
[2025-03-28T17:27:06.786+0000] {python.py:240} INFO - Done. Returned value was: None
[2025-03-28T17:27:06.798+0000] {taskinstance.py:341} INFO - ::group::Post task execution logs
[2025-03-28T17:27:06.799+0000] {taskinstance.py:353} INFO - Marking task as SUCCESS. dag_id=Etl_pipeline_order_management, task_id=store_data, run_id=scheduled__2025-03-28T17:24:00+00:00, execution_date=20250328T172400, start_date=20250328T172706, end_date=20250328T172706
[2025-03-28T17:27:06.823+0000] {logging_mixin.py:190} INFO - Task instance in success state
[2025-03-28T17:27:06.824+0000] {logging_mixin.py:190} INFO -  Previous state of the Task instance: running
[2025-03-28T17:27:06.824+0000] {logging_mixin.py:190} INFO - Dag name:Etl_pipeline_order_management queued_at:2025-03-28 17:27:00.414356+00:00
[2025-03-28T17:27:06.825+0000] {logging_mixin.py:190} INFO - Task hostname:499696d11f67 operator:PythonOperator
[2025-03-28T17:27:06.857+0000] {local_task_job_runner.py:266} INFO - Task exited with return code 0
[2025-03-28T17:27:06.883+0000] {taskinstance.py:3901} INFO - 1 downstream tasks scheduled from follow-on schedule check
[2025-03-28T17:27:06.886+0000] {local_task_job_runner.py:245} INFO - ::endgroup::
