[2025-03-30T00:26:14.368+0000] {local_task_job_runner.py:123} INFO - ::group::Pre task execution logs
[2025-03-30T00:26:14.573+0000] {taskinstance.py:2614} INFO - Dependencies all met for dep_context=non-requeueable deps ti=<TaskInstance: ecommerce_data_pipeline.store_data manual__2025-03-30T00:26:08.287940+00:00 [queued]>
[2025-03-30T00:26:14.584+0000] {taskinstance.py:2614} INFO - Dependencies all met for dep_context=requeueable deps ti=<TaskInstance: ecommerce_data_pipeline.store_data manual__2025-03-30T00:26:08.287940+00:00 [queued]>
[2025-03-30T00:26:14.586+0000] {taskinstance.py:2867} INFO - Starting attempt 1 of 2
[2025-03-30T00:26:14.604+0000] {taskinstance.py:2890} INFO - Executing <Task(PythonOperator): store_data> on 2025-03-30 00:26:08.287940+00:00
[2025-03-30T00:26:14.614+0000] {warnings.py:112} WARNING - /home/***/.local/lib/python3.12/site-packages/***/task/task_runner/standard_task_runner.py:70: DeprecationWarning: This process (pid=1091) is multi-threaded, use of fork() may lead to deadlocks in the child.
  pid = os.fork()

[2025-03-30T00:26:14.616+0000] {standard_task_runner.py:72} INFO - Started process 1093 to run task
[2025-03-30T00:26:14.618+0000] {standard_task_runner.py:104} INFO - Running: ['***', 'tasks', 'run', 'ecommerce_data_pipeline', 'store_data', 'manual__2025-03-30T00:26:08.287940+00:00', '--job-id', '297', '--raw', '--subdir', 'DAGS_FOLDER/Gestioncommands.py', '--cfg-path', '/tmp/tmp94__b06q']
[2025-03-30T00:26:14.620+0000] {standard_task_runner.py:105} INFO - Job 297: Subtask store_data
[2025-03-30T00:26:14.676+0000] {task_command.py:467} INFO - Running <TaskInstance: ecommerce_data_pipeline.store_data manual__2025-03-30T00:26:08.287940+00:00 [running]> on host 499696d11f67
[2025-03-30T00:26:14.770+0000] {taskinstance.py:3134} INFO - Exporting env vars: AIRFLOW_CTX_DAG_OWNER='admin' AIRFLOW_CTX_DAG_ID='ecommerce_data_pipeline' AIRFLOW_CTX_TASK_ID='store_data' AIRFLOW_CTX_EXECUTION_DATE='2025-03-30T00:26:08.287940+00:00' AIRFLOW_CTX_TRY_NUMBER='1' AIRFLOW_CTX_DAG_RUN_ID='manual__2025-03-30T00:26:08.287940+00:00'
[2025-03-30T00:26:14.772+0000] {logging_mixin.py:190} INFO - Task instance is in running state
[2025-03-30T00:26:14.773+0000] {logging_mixin.py:190} INFO -  Previous state of the Task instance: queued
[2025-03-30T00:26:14.774+0000] {logging_mixin.py:190} INFO - Current task name:store_data state:running start_date:2025-03-30 00:26:14.574507+00:00
[2025-03-30T00:26:14.774+0000] {logging_mixin.py:190} INFO - Dag name:ecommerce_data_pipeline and current dag run status:running
[2025-03-30T00:26:14.775+0000] {taskinstance.py:732} INFO - ::endgroup::
[2025-03-30T00:26:14.789+0000] {Gestioncommands.py:57} INFO - Loading data into DuckDB...
[2025-03-30T00:26:14.879+0000] {Gestioncommands.py:108} INFO - Data stored successfully
[2025-03-30T00:26:14.881+0000] {python.py:240} INFO - Done. Returned value was: None
[2025-03-30T00:26:14.892+0000] {taskinstance.py:341} INFO - ::group::Post task execution logs
[2025-03-30T00:26:14.893+0000] {taskinstance.py:353} INFO - Marking task as SUCCESS. dag_id=ecommerce_data_pipeline, task_id=store_data, run_id=manual__2025-03-30T00:26:08.287940+00:00, execution_date=20250330T002608, start_date=20250330T002614, end_date=20250330T002614
[2025-03-30T00:26:14.921+0000] {logging_mixin.py:190} INFO - Task instance in success state
[2025-03-30T00:26:14.921+0000] {logging_mixin.py:190} INFO -  Previous state of the Task instance: running
[2025-03-30T00:26:14.922+0000] {logging_mixin.py:190} INFO - Dag name:ecommerce_data_pipeline queued_at:2025-03-30 00:26:08.304953+00:00
[2025-03-30T00:26:14.923+0000] {logging_mixin.py:190} INFO - Task hostname:499696d11f67 operator:PythonOperator
[2025-03-30T00:26:14.955+0000] {local_task_job_runner.py:266} INFO - Task exited with return code 0
[2025-03-30T00:26:14.979+0000] {taskinstance.py:3901} INFO - 1 downstream tasks scheduled from follow-on schedule check
[2025-03-30T00:26:14.982+0000] {local_task_job_runner.py:245} INFO - ::endgroup::
