[2025-03-30T12:37:02.115+0000] {local_task_job_runner.py:123} INFO - ::group::Pre task execution logs
[2025-03-30T12:37:02.252+0000] {taskinstance.py:2614} INFO - Dependencies all met for dep_context=non-requeueable deps ti=<TaskInstance: ecommerce_data_pipeline.fetch_data scheduled__2025-03-30T12:36:00+00:00 [queued]>
[2025-03-30T12:37:02.259+0000] {taskinstance.py:2614} INFO - Dependencies all met for dep_context=requeueable deps ti=<TaskInstance: ecommerce_data_pipeline.fetch_data scheduled__2025-03-30T12:36:00+00:00 [queued]>
[2025-03-30T12:37:02.260+0000] {taskinstance.py:2867} INFO - Starting attempt 1 of 2
[2025-03-30T12:37:02.271+0000] {taskinstance.py:2890} INFO - Executing <Task(PythonOperator): fetch_data> on 2025-03-30 12:36:00+00:00
[2025-03-30T12:37:02.279+0000] {warnings.py:112} WARNING - /home/***/.local/lib/python3.12/site-packages/***/task/task_runner/standard_task_runner.py:70: DeprecationWarning: This process (pid=329) is multi-threaded, use of fork() may lead to deadlocks in the child.
  pid = os.fork()

[2025-03-30T12:37:02.281+0000] {standard_task_runner.py:104} INFO - Running: ['***', 'tasks', 'run', 'ecommerce_data_pipeline', 'fetch_data', 'scheduled__2025-03-30T12:36:00+00:00', '--job-id', '719', '--raw', '--subdir', 'DAGS_FOLDER/Gestioncommands.py', '--cfg-path', '/tmp/tmphm4_v8qy']
[2025-03-30T12:37:02.282+0000] {standard_task_runner.py:72} INFO - Started process 331 to run task
[2025-03-30T12:37:02.282+0000] {standard_task_runner.py:105} INFO - Job 719: Subtask fetch_data
[2025-03-30T12:37:02.332+0000] {task_command.py:467} INFO - Running <TaskInstance: ecommerce_data_pipeline.fetch_data scheduled__2025-03-30T12:36:00+00:00 [running]> on host 778b271a0247
[2025-03-30T12:37:02.404+0000] {taskinstance.py:3134} INFO - Exporting env vars: AIRFLOW_CTX_DAG_OWNER='***' AIRFLOW_CTX_DAG_ID='ecommerce_data_pipeline' AIRFLOW_CTX_TASK_ID='fetch_data' AIRFLOW_CTX_EXECUTION_DATE='2025-03-30T12:36:00+00:00' AIRFLOW_CTX_TRY_NUMBER='1' AIRFLOW_CTX_DAG_RUN_ID='scheduled__2025-03-30T12:36:00+00:00'
[2025-03-30T12:37:02.405+0000] {logging_mixin.py:190} INFO - Task instance is in running state
[2025-03-30T12:37:02.406+0000] {logging_mixin.py:190} INFO -  Previous state of the Task instance: queued
[2025-03-30T12:37:02.407+0000] {logging_mixin.py:190} INFO - Current task name:fetch_data state:running start_date:2025-03-30 12:37:02.253807+00:00
[2025-03-30T12:37:02.407+0000] {logging_mixin.py:190} INFO - Dag name:ecommerce_data_pipeline and current dag run status:running
[2025-03-30T12:37:02.408+0000] {taskinstance.py:732} INFO - ::endgroup::
[2025-03-30T12:37:02.409+0000] {Gestioncommands.py:31} INFO - Fetching data from API...
[2025-03-30T12:37:03.055+0000] {warnings.py:112} WARNING - /home/***/.local/lib/python3.12/site-packages/urllib3/connectionpool.py:1097: InsecureRequestWarning: Unverified HTTPS request is being made to host 'my.api.mockaroo.com'. Adding certificate verification is strongly advised. See: https://urllib3.readthedocs.io/en/latest/advanced-usage.html#tls-warnings
  warnings.warn(

[2025-03-30T12:37:03.823+0000] {Gestioncommands.py:35} INFO - Data fetched successfully.
[2025-03-30T12:37:03.826+0000] {python.py:240} INFO - Done. Returned value was: commande_id,date_commande,client_id,montant_total,statut,produit_id,nom_produit,prix_unitaire,stock,quantite,sous_total,nom_client,email,ville,pays,genre ,paiement_id,mode_paiement,statut_paiement,date_paiement
4861,2020-09-23,839,891.69,Shipped,517,"Pepper - Red, Finger Hot",145.09,30,3,435.27,Miran Fullun,mfullun0@hugedomains.com,Huangbu,China,F,902,Transfer,cancel,2023-01-13
7512,2022-10-24,148,1411.86,Delivered,515,Chinese Lemon Pork,107.65,24,1,107.65,Anthe Bromige,abromige1@reverbnation.com,Beslan,Russia,M,910,Transfer,valid,2020-05-12
5099,2022-06-09,713,2212.14,Delivered,655,Soup - Campbells - Chicken Noodle,251.69,14,3,755.07,Temp Ballam,tballam2@usatoday.com,Meijiang,China,F,210,Transfer,valid,2023-03-20
5692,2021-06-28,602,2855.56,Shipped,571,Beef Flat Iron Steak,48.28,11,2,96.56,Dyanne Perrinchief,dperrinchief3@disqus.com,Maddela,Philippines,M,382,Bank card,valid,2024-02-07
4247,2022-04-08,725,664.34,Pending,670,Eggplant Oriental,92.98,24,2,185.96,Ulrike Pinks,upinks4@phpbb.com,Saint-Denis,Reunion,F,889,Transfer,cancel,2021-09-08
5304,2021-06-10,730,4855.13,Pending,558,Tomato - Peeled Italian Canned,329.11,7,3,987.33,Nolana Clowser,nclowser5@marketwatch.com,Néa Plágia,Greece,M,451,PayPal,valid,2021-05-16
6982,2023-01-17,892,513.03,Pending,862,Soup - Campbellschix Stew,124.27,40,2,248.54,Putnam Daelman,pdaelman6@i2i.jp,Mulleriyawa,Sri Lanka,F,994,Bank card,valid,2021-07-14
4497,2023-05-13,828,827.14,Delivered,574,Tea - Apple Green Tea,168.08,31,1,168.08,Creighton Santen,csanten7@google.cn,Tutong,Brunei,F,908,Transfer,cancel,2023-09-03
4564,2023-09-24,304,4812.74,Delivered,820,Extract - Lemon,375.0,35,2,750.0,Stephanie Benzies,sbenzies8@microsoft.com,Samokov,Bulgaria,F,464,PayPal,valid,2022-12-27
6797,2023-09-21,432,833.35,Shipped,762,"Thyme - Lemon, Fresh",204.27,36,1,204.27,Matthaeus Visco,mvisco9@slate.com,Oula Xiuma,China,M,598,PayPal,pending,2021-12-25

[2025-03-30T12:37:03.858+0000] {taskinstance.py:341} INFO - ::group::Post task execution logs
[2025-03-30T12:37:03.859+0000] {taskinstance.py:353} INFO - Marking task as SUCCESS. dag_id=ecommerce_data_pipeline, task_id=fetch_data, run_id=scheduled__2025-03-30T12:36:00+00:00, execution_date=20250330T123600, start_date=20250330T123702, end_date=20250330T123703
[2025-03-30T12:37:03.878+0000] {logging_mixin.py:190} INFO - Task instance in success state
[2025-03-30T12:37:03.879+0000] {logging_mixin.py:190} INFO -  Previous state of the Task instance: running
[2025-03-30T12:37:03.880+0000] {logging_mixin.py:190} INFO - Dag name:ecommerce_data_pipeline queued_at:2025-03-30 12:37:00.822890+00:00
[2025-03-30T12:37:03.880+0000] {logging_mixin.py:190} INFO - Task hostname:778b271a0247 operator:PythonOperator
[2025-03-30T12:37:03.906+0000] {local_task_job_runner.py:266} INFO - Task exited with return code 0
[2025-03-30T12:37:03.931+0000] {taskinstance.py:3901} INFO - 1 downstream tasks scheduled from follow-on schedule check
[2025-03-30T12:37:03.934+0000] {local_task_job_runner.py:245} INFO - ::endgroup::
