[2025-03-30T01:46:15.611+0000] {local_task_job_runner.py:123} INFO - ::group::Pre task execution logs
[2025-03-30T01:46:15.814+0000] {taskinstance.py:2614} INFO - Dependencies all met for dep_context=non-requeueable deps ti=<TaskInstance: ecommerce_data_pipeline.verify_data scheduled__2025-03-30T01:45:00+00:00 [queued]>
[2025-03-30T01:46:15.826+0000] {taskinstance.py:2614} INFO - Dependencies all met for dep_context=requeueable deps ti=<TaskInstance: ecommerce_data_pipeline.verify_data scheduled__2025-03-30T01:45:00+00:00 [queued]>
[2025-03-30T01:46:15.864+0000] {taskinstance.py:2867} INFO - Starting attempt 1 of 2
[2025-03-30T01:46:15.887+0000] {taskinstance.py:2890} INFO - Executing <Task(PythonOperator): verify_data> on 2025-03-30 01:45:00+00:00
[2025-03-30T01:46:15.898+0000] {warnings.py:112} WARNING - /home/***/.local/lib/python3.12/site-packages/***/task/task_runner/standard_task_runner.py:70: DeprecationWarning: This process (pid=1238) is multi-threaded, use of fork() may lead to deadlocks in the child.
  pid = os.fork()

[2025-03-30T01:46:15.901+0000] {standard_task_runner.py:72} INFO - Started process 1247 to run task
[2025-03-30T01:46:15.902+0000] {standard_task_runner.py:104} INFO - Running: ['***', 'tasks', 'run', 'ecommerce_data_pipeline', 'verify_data', 'scheduled__2025-03-30T01:45:00+00:00', '--job-id', '370', '--raw', '--subdir', 'DAGS_FOLDER/Gestioncommands.py', '--cfg-path', '/tmp/tmpvkukgt0o']
[2025-03-30T01:46:15.904+0000] {standard_task_runner.py:105} INFO - Job 370: Subtask verify_data
[2025-03-30T01:46:15.981+0000] {task_command.py:467} INFO - Running <TaskInstance: ecommerce_data_pipeline.verify_data scheduled__2025-03-30T01:45:00+00:00 [running]> on host 778b271a0247
[2025-03-30T01:46:16.144+0000] {taskinstance.py:3134} INFO - Exporting env vars: AIRFLOW_CTX_DAG_OWNER='admin' AIRFLOW_CTX_DAG_ID='ecommerce_data_pipeline' AIRFLOW_CTX_TASK_ID='verify_data' AIRFLOW_CTX_EXECUTION_DATE='2025-03-30T01:45:00+00:00' AIRFLOW_CTX_TRY_NUMBER='1' AIRFLOW_CTX_DAG_RUN_ID='scheduled__2025-03-30T01:45:00+00:00'
[2025-03-30T01:46:16.147+0000] {logging_mixin.py:190} INFO - Task instance is in running state
[2025-03-30T01:46:16.148+0000] {logging_mixin.py:190} INFO -  Previous state of the Task instance: queued
[2025-03-30T01:46:16.149+0000] {logging_mixin.py:190} INFO - Current task name:verify_data state:running start_date:2025-03-30 01:46:15.815707+00:00
[2025-03-30T01:46:16.150+0000] {logging_mixin.py:190} INFO - Dag name:ecommerce_data_pipeline and current dag run status:running
[2025-03-30T01:46:16.150+0000] {taskinstance.py:732} INFO - ::endgroup::
[2025-03-30T01:46:16.151+0000] {Gestioncommands.py:207} INFO - Verifying database content...
[2025-03-30T01:46:16.209+0000] {Gestioncommands.py:219} INFO - Raw tables: [('ecom_db',)]
[2025-03-30T01:46:16.221+0000] {Gestioncommands.py:232} INFO - Refined tables: [('clients',), ('commandes',), ('details_commandes',), ('paiements',), ('produits',)]
[2025-03-30T01:46:16.229+0000] {Gestioncommands.py:239} INFO - Raw table contains 10 records
[2025-03-30T01:46:16.239+0000] {python.py:240} INFO - Done. Returned value was: None
[2025-03-30T01:46:16.254+0000] {taskinstance.py:341} INFO - ::group::Post task execution logs
[2025-03-30T01:46:16.255+0000] {taskinstance.py:353} INFO - Marking task as SUCCESS. dag_id=ecommerce_data_pipeline, task_id=verify_data, run_id=scheduled__2025-03-30T01:45:00+00:00, execution_date=20250330T014500, start_date=20250330T014615, end_date=20250330T014616
[2025-03-30T01:46:16.338+0000] {logging_mixin.py:190} INFO - Task instance in success state
[2025-03-30T01:46:16.339+0000] {logging_mixin.py:190} INFO -  Previous state of the Task instance: running
[2025-03-30T01:46:16.341+0000] {logging_mixin.py:190} INFO - Dag name:ecommerce_data_pipeline queued_at:2025-03-30 01:46:00.734813+00:00
[2025-03-30T01:46:16.342+0000] {logging_mixin.py:190} INFO - Task hostname:778b271a0247 operator:PythonOperator
[2025-03-30T01:46:16.399+0000] {local_task_job_runner.py:266} INFO - Task exited with return code 0
[2025-03-30T01:46:16.416+0000] {local_task_job_runner.py:245} INFO - ::endgroup::
