[2025-03-28T16:30:01.349+0000] {local_task_job_runner.py:123} INFO - ::group::Pre task execution logs
[2025-03-28T16:30:01.484+0000] {taskinstance.py:2614} INFO - Dependencies all met for dep_context=non-requeueable deps ti=<TaskInstance: Etl_pipeline_order_management.fetch_data scheduled__2025-03-28T16:27:00+00:00 [queued]>
[2025-03-28T16:30:01.492+0000] {taskinstance.py:2614} INFO - Dependencies all met for dep_context=requeueable deps ti=<TaskInstance: Etl_pipeline_order_management.fetch_data scheduled__2025-03-28T16:27:00+00:00 [queued]>
[2025-03-28T16:30:01.494+0000] {taskinstance.py:2867} INFO - Starting attempt 1 of 2
[2025-03-28T16:30:01.508+0000] {taskinstance.py:2890} INFO - Executing <Task(PythonOperator): fetch_data> on 2025-03-28 16:27:00+00:00
[2025-03-28T16:30:01.515+0000] {warnings.py:112} WARNING - /home/***/.local/lib/python3.12/site-packages/***/task/task_runner/standard_task_runner.py:70: DeprecationWarning: This process (pid=252) is multi-threaded, use of fork() may lead to deadlocks in the child.
  pid = os.fork()

[2025-03-28T16:30:01.516+0000] {standard_task_runner.py:104} INFO - Running: ['***', 'tasks', 'run', 'Etl_pipeline_order_management', 'fetch_data', 'scheduled__2025-03-28T16:27:00+00:00', '--job-id', '17', '--raw', '--subdir', 'DAGS_FOLDER/Gestioncommands.py', '--cfg-path', '/tmp/tmp09211aes']
[2025-03-28T16:30:01.517+0000] {standard_task_runner.py:72} INFO - Started process 254 to run task
[2025-03-28T16:30:01.518+0000] {standard_task_runner.py:105} INFO - Job 17: Subtask fetch_data
[2025-03-28T16:30:01.564+0000] {task_command.py:467} INFO - Running <TaskInstance: Etl_pipeline_order_management.fetch_data scheduled__2025-03-28T16:27:00+00:00 [running]> on host 499696d11f67
[2025-03-28T16:30:01.627+0000] {taskinstance.py:3134} INFO - Exporting env vars: AIRFLOW_CTX_DAG_OWNER='***' AIRFLOW_CTX_DAG_ID='Etl_pipeline_order_management' AIRFLOW_CTX_TASK_ID='fetch_data' AIRFLOW_CTX_EXECUTION_DATE='2025-03-28T16:27:00+00:00' AIRFLOW_CTX_TRY_NUMBER='1' AIRFLOW_CTX_DAG_RUN_ID='scheduled__2025-03-28T16:27:00+00:00'
[2025-03-28T16:30:01.629+0000] {logging_mixin.py:190} INFO - Task instance is in running state
[2025-03-28T16:30:01.630+0000] {logging_mixin.py:190} INFO -  Previous state of the Task instance: queued
[2025-03-28T16:30:01.630+0000] {logging_mixin.py:190} INFO - Current task name:fetch_data state:running start_date:2025-03-28 16:30:01.486050+00:00
[2025-03-28T16:30:01.631+0000] {logging_mixin.py:190} INFO - Dag name:Etl_pipeline_order_management and current dag run status:running
[2025-03-28T16:30:01.631+0000] {taskinstance.py:732} INFO - ::endgroup::
[2025-03-28T16:30:01.632+0000] {Gestioncommands.py:28} INFO - Fetching data from API...
[2025-03-28T16:30:03.013+0000] {Gestioncommands.py:32} INFO - Data fetched from API successfully.
[2025-03-28T16:30:03.045+0000] {Gestioncommands.py:36} INFO - CSV data pushed to XCom.
[2025-03-28T16:30:03.046+0000] {python.py:240} INFO - Done. Returned value was: None
[2025-03-28T16:30:03.053+0000] {taskinstance.py:341} INFO - ::group::Post task execution logs
[2025-03-28T16:30:03.054+0000] {taskinstance.py:353} INFO - Marking task as SUCCESS. dag_id=Etl_pipeline_order_management, task_id=fetch_data, run_id=scheduled__2025-03-28T16:27:00+00:00, execution_date=20250328T162700, start_date=20250328T163001, end_date=20250328T163003
[2025-03-28T16:30:03.072+0000] {logging_mixin.py:190} INFO - Task instance in success state
[2025-03-28T16:30:03.073+0000] {logging_mixin.py:190} INFO -  Previous state of the Task instance: running
[2025-03-28T16:30:03.073+0000] {logging_mixin.py:190} INFO - Dag name:Etl_pipeline_order_management queued_at:2025-03-28 16:30:00.057516+00:00
[2025-03-28T16:30:03.074+0000] {logging_mixin.py:190} INFO - Task hostname:499696d11f67 operator:PythonOperator
[2025-03-28T16:30:03.104+0000] {local_task_job_runner.py:266} INFO - Task exited with return code 0
[2025-03-28T16:30:03.128+0000] {taskinstance.py:3901} INFO - 1 downstream tasks scheduled from follow-on schedule check
[2025-03-28T16:30:03.130+0000] {local_task_job_runner.py:245} INFO - ::endgroup::
