[2025-03-30T12:22:01.520+0000] {local_task_job_runner.py:123} INFO - ::group::Pre task execution logs
[2025-03-30T12:22:01.702+0000] {taskinstance.py:2614} INFO - Dependencies all met for dep_context=non-requeueable deps ti=<TaskInstance: ecommerce_data_pipeline.fetch_data scheduled__2025-03-30T12:21:00+00:00 [queued]>
[2025-03-30T12:22:01.712+0000] {taskinstance.py:2614} INFO - Dependencies all met for dep_context=requeueable deps ti=<TaskInstance: ecommerce_data_pipeline.fetch_data scheduled__2025-03-30T12:21:00+00:00 [queued]>
[2025-03-30T12:22:01.724+0000] {taskinstance.py:2867} INFO - Starting attempt 1 of 2
[2025-03-30T12:22:01.740+0000] {taskinstance.py:2890} INFO - Executing <Task(PythonOperator): fetch_data> on 2025-03-30 12:21:00+00:00
[2025-03-30T12:22:01.749+0000] {warnings.py:112} WARNING - /home/***/.local/lib/python3.12/site-packages/***/task/task_runner/standard_task_runner.py:70: DeprecationWarning: This process (pid=742) is multi-threaded, use of fork() may lead to deadlocks in the child.
  pid = os.fork()

[2025-03-30T12:22:01.752+0000] {standard_task_runner.py:72} INFO - Started process 744 to run task
[2025-03-30T12:22:01.752+0000] {standard_task_runner.py:104} INFO - Running: ['***', 'tasks', 'run', 'ecommerce_data_pipeline', 'fetch_data', 'scheduled__2025-03-30T12:21:00+00:00', '--job-id', '692', '--raw', '--subdir', 'DAGS_FOLDER/Gestioncommands.py', '--cfg-path', '/tmp/tmpi3z3w_fx']
[2025-03-30T12:22:01.753+0000] {standard_task_runner.py:105} INFO - Job 692: Subtask fetch_data
[2025-03-30T12:22:01.818+0000] {task_command.py:467} INFO - Running <TaskInstance: ecommerce_data_pipeline.fetch_data scheduled__2025-03-30T12:21:00+00:00 [running]> on host 778b271a0247
[2025-03-30T12:22:01.920+0000] {taskinstance.py:3134} INFO - Exporting env vars: AIRFLOW_CTX_DAG_OWNER='***' AIRFLOW_CTX_DAG_ID='ecommerce_data_pipeline' AIRFLOW_CTX_TASK_ID='fetch_data' AIRFLOW_CTX_EXECUTION_DATE='2025-03-30T12:21:00+00:00' AIRFLOW_CTX_TRY_NUMBER='1' AIRFLOW_CTX_DAG_RUN_ID='scheduled__2025-03-30T12:21:00+00:00'
[2025-03-30T12:22:01.922+0000] {logging_mixin.py:190} INFO - Task instance is in running state
[2025-03-30T12:22:01.923+0000] {logging_mixin.py:190} INFO -  Previous state of the Task instance: queued
[2025-03-30T12:22:01.924+0000] {logging_mixin.py:190} INFO - Current task name:fetch_data state:running start_date:2025-03-30 12:22:01.703036+00:00
[2025-03-30T12:22:01.925+0000] {logging_mixin.py:190} INFO - Dag name:ecommerce_data_pipeline and current dag run status:running
[2025-03-30T12:22:01.925+0000] {taskinstance.py:732} INFO - ::endgroup::
[2025-03-30T12:22:01.926+0000] {Gestioncommands.py:31} INFO - Fetching data from API...
[2025-03-30T12:22:04.862+0000] {warnings.py:112} WARNING - /home/***/.local/lib/python3.12/site-packages/urllib3/connectionpool.py:1097: InsecureRequestWarning: Unverified HTTPS request is being made to host 'my.api.mockaroo.com'. Adding certificate verification is strongly advised. See: https://urllib3.readthedocs.io/en/latest/advanced-usage.html#tls-warnings
  warnings.warn(

[2025-03-30T12:22:05.673+0000] {Gestioncommands.py:35} INFO - Data fetched successfully.
[2025-03-30T12:22:05.675+0000] {python.py:240} INFO - Done. Returned value was: commande_id,date_commande,client_id,montant_total,statut,produit_id,nom_produit,prix_unitaire,stock,quantite,sous_total,nom_client,email,ville,pays,genre ,paiement_id,mode_paiement,statut_paiement,date_paiement
6315,2021-06-09,137,4961.79,Pending,586,Beer - Paulaner Hefeweisse,207.08,35,1,207.08,Lionel Bishell,lbishell0@topsy.com,Jiandou,China,M,257,Bank card,pending,2020-06-09
1024,2022-11-02,434,426.91,Delivered,843,Puree - Strawberry,312.55,14,3,937.65,Milicent Edgeley,medgeley1@squarespace.com,Mingelchaur,Azerbaijan,M,238,Bank card,pending,2022-12-25
8462,2021-05-21,519,2954.01,Delivered,673,Red Currants,361.77,29,1,361.77,Idelle Avrahm,iavrahm2@accuweather.com,Pampanito,Venezuela,M,622,PayPal,cancel,2021-12-16
5813,2021-12-18,807,3532.32,Shipped,884,"Clams - Littleneck, Whole",214.02,31,3,642.06,Benedicto Sprowles,bsprowles3@ucla.edu,Gangbei,China,F,718,PayPal,pending,2021-01-02
4532,2023-01-21,386,3309.16,Delivered,679,Pomello,454.68,5,2,909.36,Thomasin Martellini,tmartellini4@canalblog.com,Palmeiros,Portugal,F,762,PayPal,valid,2020-04-05
8207,2022-08-21,124,3065.26,Pending,896,Cheese - Augre Des Champs,460.83,37,3,1382.49,Julina Seymer,jseymer5@networkadvertising.org,Jaruco,Cuba,F,377,PayPal,cancel,2023-09-07
6817,2023-11-11,398,3256.56,Shipped,559,Nantucket Apple Juice,88.59,44,1,88.59,Ulric Jay,ujay6@ocn.ne.jp,Codoi,China,M,498,Transfer,pending,2023-09-18
2849,2023-06-18,255,1385.16,Pending,859,Smirnoff Green Apple Twist,456.14,29,1,456.14,Sydney Durrans,sdurrans7@techcrunch.com,Minuyan,Philippines,M,722,Bank card,pending,2020-07-12
7779,2021-01-12,473,3798.97,Pending,574,Honey - Liquid,113.52,36,2,227.04,Aarika Maruszewski,amaruszewski8@yandex.ru,Jingzhou,China,F,897,Bank card,cancel,2022-10-10
7125,2023-10-01,836,3578.22,Delivered,508,"Tomatoes - Vine Ripe, Yellow",92.88,48,1,92.88,Nathanial Scardifeild,nscardifeild9@rambler.ru,Babakanjaya,Indonesia,F,903,Transfer,cancel,2020-07-11

[2025-03-30T12:22:05.698+0000] {taskinstance.py:341} INFO - ::group::Post task execution logs
[2025-03-30T12:22:05.699+0000] {taskinstance.py:353} INFO - Marking task as SUCCESS. dag_id=ecommerce_data_pipeline, task_id=fetch_data, run_id=scheduled__2025-03-30T12:21:00+00:00, execution_date=20250330T122100, start_date=20250330T122201, end_date=20250330T122205
[2025-03-30T12:22:05.721+0000] {logging_mixin.py:190} INFO - Task instance in success state
[2025-03-30T12:22:05.722+0000] {logging_mixin.py:190} INFO -  Previous state of the Task instance: running
[2025-03-30T12:22:05.723+0000] {logging_mixin.py:190} INFO - Dag name:ecommerce_data_pipeline queued_at:2025-03-30 12:22:00.049346+00:00
[2025-03-30T12:22:05.724+0000] {logging_mixin.py:190} INFO - Task hostname:778b271a0247 operator:PythonOperator
[2025-03-30T12:22:05.750+0000] {local_task_job_runner.py:266} INFO - Task exited with return code 0
[2025-03-30T12:22:05.781+0000] {taskinstance.py:3901} INFO - 1 downstream tasks scheduled from follow-on schedule check
[2025-03-30T12:22:05.784+0000] {local_task_job_runner.py:245} INFO - ::endgroup::
