[2025-03-30T12:22:07.765+0000] {local_task_job_runner.py:123} INFO - ::group::Pre task execution logs
[2025-03-30T12:22:07.965+0000] {taskinstance.py:2614} INFO - Dependencies all met for dep_context=non-requeueable deps ti=<TaskInstance: ecommerce_data_pipeline.store_data scheduled__2025-03-30T12:21:00+00:00 [queued]>
[2025-03-30T12:22:07.977+0000] {taskinstance.py:2614} INFO - Dependencies all met for dep_context=requeueable deps ti=<TaskInstance: ecommerce_data_pipeline.store_data scheduled__2025-03-30T12:21:00+00:00 [queued]>
[2025-03-30T12:22:07.978+0000] {taskinstance.py:2867} INFO - Starting attempt 1 of 2
[2025-03-30T12:22:07.993+0000] {taskinstance.py:2890} INFO - Executing <Task(PythonOperator): store_data> on 2025-03-30 12:21:00+00:00
[2025-03-30T12:22:08.004+0000] {warnings.py:112} WARNING - /home/***/.local/lib/python3.12/site-packages/***/task/task_runner/standard_task_runner.py:70: DeprecationWarning: This process (pid=746) is multi-threaded, use of fork() may lead to deadlocks in the child.
  pid = os.fork()

[2025-03-30T12:22:08.007+0000] {standard_task_runner.py:72} INFO - Started process 748 to run task
[2025-03-30T12:22:08.007+0000] {standard_task_runner.py:104} INFO - Running: ['***', 'tasks', 'run', 'ecommerce_data_pipeline', 'store_data', 'scheduled__2025-03-30T12:21:00+00:00', '--job-id', '693', '--raw', '--subdir', 'DAGS_FOLDER/Gestioncommands.py', '--cfg-path', '/tmp/tmpmv064v6q']
[2025-03-30T12:22:08.009+0000] {standard_task_runner.py:105} INFO - Job 693: Subtask store_data
[2025-03-30T12:22:08.065+0000] {task_command.py:467} INFO - Running <TaskInstance: ecommerce_data_pipeline.store_data scheduled__2025-03-30T12:21:00+00:00 [running]> on host 778b271a0247
[2025-03-30T12:22:08.174+0000] {taskinstance.py:3134} INFO - Exporting env vars: AIRFLOW_CTX_DAG_OWNER='***' AIRFLOW_CTX_DAG_ID='ecommerce_data_pipeline' AIRFLOW_CTX_TASK_ID='store_data' AIRFLOW_CTX_EXECUTION_DATE='2025-03-30T12:21:00+00:00' AIRFLOW_CTX_TRY_NUMBER='1' AIRFLOW_CTX_DAG_RUN_ID='scheduled__2025-03-30T12:21:00+00:00'
[2025-03-30T12:22:08.176+0000] {logging_mixin.py:190} INFO - Task instance is in running state
[2025-03-30T12:22:08.177+0000] {logging_mixin.py:190} INFO -  Previous state of the Task instance: queued
[2025-03-30T12:22:08.178+0000] {logging_mixin.py:190} INFO - Current task name:store_data state:running start_date:2025-03-30 12:22:07.966724+00:00
[2025-03-30T12:22:08.179+0000] {logging_mixin.py:190} INFO - Dag name:ecommerce_data_pipeline and current dag run status:running
[2025-03-30T12:22:08.179+0000] {taskinstance.py:732} INFO - ::endgroup::
[2025-03-30T12:22:08.191+0000] {Gestioncommands.py:44} INFO - Début du stockage incrémental...
[2025-03-30T12:22:08.258+0000] {Gestioncommands.py:100} INFO - -1 nouvelles commandes ajoutées
[2025-03-30T12:22:08.302+0000] {python.py:240} INFO - Done. Returned value was: None
[2025-03-30T12:22:08.315+0000] {taskinstance.py:341} INFO - ::group::Post task execution logs
[2025-03-30T12:22:08.316+0000] {taskinstance.py:353} INFO - Marking task as SUCCESS. dag_id=ecommerce_data_pipeline, task_id=store_data, run_id=scheduled__2025-03-30T12:21:00+00:00, execution_date=20250330T122100, start_date=20250330T122207, end_date=20250330T122208
[2025-03-30T12:22:08.343+0000] {logging_mixin.py:190} INFO - Task instance in success state
[2025-03-30T12:22:08.344+0000] {logging_mixin.py:190} INFO -  Previous state of the Task instance: running
[2025-03-30T12:22:08.345+0000] {logging_mixin.py:190} INFO - Dag name:ecommerce_data_pipeline queued_at:2025-03-30 12:22:00.049346+00:00
[2025-03-30T12:22:08.345+0000] {logging_mixin.py:190} INFO - Task hostname:778b271a0247 operator:PythonOperator
[2025-03-30T12:22:08.385+0000] {local_task_job_runner.py:266} INFO - Task exited with return code 0
[2025-03-30T12:22:08.412+0000] {taskinstance.py:3901} INFO - 1 downstream tasks scheduled from follow-on schedule check
[2025-03-30T12:22:08.415+0000] {local_task_job_runner.py:245} INFO - ::endgroup::
