[2025-03-30T01:39:18.283+0000] {local_task_job_runner.py:123} INFO - ::group::Pre task execution logs
[2025-03-30T01:39:18.489+0000] {taskinstance.py:2614} INFO - Dependencies all met for dep_context=non-requeueable deps ti=<TaskInstance: ecommerce_data_pipeline.store_data scheduled__2025-03-30T00:27:00+00:00 [queued]>
[2025-03-30T01:39:18.502+0000] {taskinstance.py:2614} INFO - Dependencies all met for dep_context=requeueable deps ti=<TaskInstance: ecommerce_data_pipeline.store_data scheduled__2025-03-30T00:27:00+00:00 [queued]>
[2025-03-30T01:39:18.541+0000] {taskinstance.py:2867} INFO - Starting attempt 1 of 2
[2025-03-30T01:39:18.563+0000] {taskinstance.py:2890} INFO - Executing <Task(PythonOperator): store_data> on 2025-03-30 00:27:00+00:00
[2025-03-30T01:39:18.575+0000] {warnings.py:112} WARNING - /home/***/.local/lib/python3.12/site-packages/***/task/task_runner/standard_task_runner.py:70: DeprecationWarning: This process (pid=435) is multi-threaded, use of fork() may lead to deadlocks in the child.
  pid = os.fork()

[2025-03-30T01:39:18.578+0000] {standard_task_runner.py:72} INFO - Started process 452 to run task
[2025-03-30T01:39:18.578+0000] {standard_task_runner.py:104} INFO - Running: ['***', 'tasks', 'run', 'ecommerce_data_pipeline', 'store_data', 'scheduled__2025-03-30T00:27:00+00:00', '--job-id', '325', '--raw', '--subdir', 'DAGS_FOLDER/Gestioncommands.py', '--cfg-path', '/tmp/tmp17ayzcp3']
[2025-03-30T01:39:18.580+0000] {standard_task_runner.py:105} INFO - Job 325: Subtask store_data
[2025-03-30T01:39:18.645+0000] {task_command.py:467} INFO - Running <TaskInstance: ecommerce_data_pipeline.store_data scheduled__2025-03-30T00:27:00+00:00 [running]> on host 778b271a0247
[2025-03-30T01:39:18.746+0000] {taskinstance.py:3134} INFO - Exporting env vars: AIRFLOW_CTX_DAG_OWNER='admin' AIRFLOW_CTX_DAG_ID='ecommerce_data_pipeline' AIRFLOW_CTX_TASK_ID='store_data' AIRFLOW_CTX_EXECUTION_DATE='2025-03-30T00:27:00+00:00' AIRFLOW_CTX_TRY_NUMBER='1' AIRFLOW_CTX_DAG_RUN_ID='scheduled__2025-03-30T00:27:00+00:00'
[2025-03-30T01:39:18.748+0000] {logging_mixin.py:190} INFO - Task instance is in running state
[2025-03-30T01:39:18.748+0000] {logging_mixin.py:190} INFO -  Previous state of the Task instance: queued
[2025-03-30T01:39:18.749+0000] {logging_mixin.py:190} INFO - Current task name:store_data state:running start_date:2025-03-30 01:39:18.490488+00:00
[2025-03-30T01:39:18.749+0000] {logging_mixin.py:190} INFO - Dag name:ecommerce_data_pipeline and current dag run status:running
[2025-03-30T01:39:18.750+0000] {taskinstance.py:732} INFO - ::endgroup::
[2025-03-30T01:39:18.761+0000] {Gestioncommands.py:57} INFO - Loading data into DuckDB...
[2025-03-30T01:39:18.854+0000] {Gestioncommands.py:108} INFO - Data stored successfully
[2025-03-30T01:39:18.855+0000] {python.py:240} INFO - Done. Returned value was: None
[2025-03-30T01:39:18.868+0000] {taskinstance.py:341} INFO - ::group::Post task execution logs
[2025-03-30T01:39:18.869+0000] {taskinstance.py:353} INFO - Marking task as SUCCESS. dag_id=ecommerce_data_pipeline, task_id=store_data, run_id=scheduled__2025-03-30T00:27:00+00:00, execution_date=20250330T002700, start_date=20250330T013918, end_date=20250330T013918
[2025-03-30T01:39:18.902+0000] {logging_mixin.py:190} INFO - Task instance in success state
[2025-03-30T01:39:18.903+0000] {logging_mixin.py:190} INFO -  Previous state of the Task instance: running
[2025-03-30T01:39:18.903+0000] {logging_mixin.py:190} INFO - Dag name:ecommerce_data_pipeline queued_at:2025-03-30 01:34:00.096008+00:00
[2025-03-30T01:39:18.905+0000] {logging_mixin.py:190} INFO - Task hostname:778b271a0247 operator:PythonOperator
[2025-03-30T01:39:18.956+0000] {local_task_job_runner.py:266} INFO - Task exited with return code 0
[2025-03-30T01:39:18.991+0000] {taskinstance.py:3901} INFO - 1 downstream tasks scheduled from follow-on schedule check
[2025-03-30T01:39:18.995+0000] {local_task_job_runner.py:245} INFO - ::endgroup::
