[2025-03-30T01:57:27.829+0000] {local_task_job_runner.py:123} INFO - ::group::Pre task execution logs
[2025-03-30T01:57:27.860+0000] {taskinstance.py:2614} INFO - Dependencies all met for dep_context=non-requeueable deps ti=<TaskInstance: ecommerce_data_pipeline.verify_data scheduled__2025-03-30T01:56:00+00:00 [queued]>
[2025-03-30T01:57:27.880+0000] {taskinstance.py:2614} INFO - Dependencies all met for dep_context=requeueable deps ti=<TaskInstance: ecommerce_data_pipeline.verify_data scheduled__2025-03-30T01:56:00+00:00 [queued]>
[2025-03-30T01:57:27.881+0000] {taskinstance.py:2867} INFO - Starting attempt 1 of 2
[2025-03-30T01:57:27.906+0000] {taskinstance.py:2890} INFO - Executing <Task(PythonOperator): verify_data> on 2025-03-30 01:56:00+00:00
[2025-03-30T01:57:27.919+0000] {warnings.py:112} WARNING - /home/***/.local/lib/python3.12/site-packages/***/task/task_runner/standard_task_runner.py:70: DeprecationWarning: This process (pid=2290) is multi-threaded, use of fork() may lead to deadlocks in the child.
  pid = os.fork()

[2025-03-30T01:57:27.922+0000] {standard_task_runner.py:72} INFO - Started process 2299 to run task
[2025-03-30T01:57:27.923+0000] {standard_task_runner.py:104} INFO - Running: ['***', 'tasks', 'run', 'ecommerce_data_pipeline', 'verify_data', 'scheduled__2025-03-30T01:56:00+00:00', '--job-id', '429', '--raw', '--subdir', 'DAGS_FOLDER/Gestioncommands.py', '--cfg-path', '/tmp/tmp6gamchlj']
[2025-03-30T01:57:27.925+0000] {standard_task_runner.py:105} INFO - Job 429: Subtask verify_data
[2025-03-30T01:57:27.997+0000] {task_command.py:467} INFO - Running <TaskInstance: ecommerce_data_pipeline.verify_data scheduled__2025-03-30T01:56:00+00:00 [running]> on host 778b271a0247
[2025-03-30T01:57:28.102+0000] {taskinstance.py:3134} INFO - Exporting env vars: AIRFLOW_CTX_DAG_OWNER='admin' AIRFLOW_CTX_DAG_ID='ecommerce_data_pipeline' AIRFLOW_CTX_TASK_ID='verify_data' AIRFLOW_CTX_EXECUTION_DATE='2025-03-30T01:56:00+00:00' AIRFLOW_CTX_TRY_NUMBER='1' AIRFLOW_CTX_DAG_RUN_ID='scheduled__2025-03-30T01:56:00+00:00'
[2025-03-30T01:57:28.104+0000] {logging_mixin.py:190} INFO - Task instance is in running state
[2025-03-30T01:57:28.105+0000] {logging_mixin.py:190} INFO -  Previous state of the Task instance: queued
[2025-03-30T01:57:28.106+0000] {logging_mixin.py:190} INFO - Current task name:verify_data state:running start_date:2025-03-30 01:57:27.862613+00:00
[2025-03-30T01:57:28.106+0000] {logging_mixin.py:190} INFO - Dag name:ecommerce_data_pipeline and current dag run status:running
[2025-03-30T01:57:28.107+0000] {taskinstance.py:732} INFO - ::endgroup::
[2025-03-30T01:57:28.108+0000] {Gestioncommands.py:207} INFO - Verifying database content...
[2025-03-30T01:57:28.155+0000] {Gestioncommands.py:219} INFO - Raw tables: [('ecom_db',)]
[2025-03-30T01:57:28.164+0000] {Gestioncommands.py:232} INFO - Refined tables: [('clients',), ('commandes',), ('details_commandes',), ('paiements',), ('produits',)]
[2025-03-30T01:57:28.169+0000] {Gestioncommands.py:239} INFO - Raw table contains 10 records
[2025-03-30T01:57:28.176+0000] {python.py:240} INFO - Done. Returned value was: None
[2025-03-30T01:57:28.189+0000] {taskinstance.py:341} INFO - ::group::Post task execution logs
[2025-03-30T01:57:28.190+0000] {taskinstance.py:353} INFO - Marking task as SUCCESS. dag_id=ecommerce_data_pipeline, task_id=verify_data, run_id=scheduled__2025-03-30T01:56:00+00:00, execution_date=20250330T015600, start_date=20250330T015727, end_date=20250330T015728
[2025-03-30T01:57:28.222+0000] {logging_mixin.py:190} INFO - Task instance in success state
[2025-03-30T01:57:28.223+0000] {logging_mixin.py:190} INFO -  Previous state of the Task instance: running
[2025-03-30T01:57:28.224+0000] {logging_mixin.py:190} INFO - Dag name:ecommerce_data_pipeline queued_at:2025-03-30 01:57:12.369120+00:00
[2025-03-30T01:57:28.224+0000] {logging_mixin.py:190} INFO - Task hostname:778b271a0247 operator:PythonOperator
[2025-03-30T01:57:28.261+0000] {local_task_job_runner.py:266} INFO - Task exited with return code 0
[2025-03-30T01:57:28.285+0000] {taskinstance.py:3901} INFO - 0 downstream tasks scheduled from follow-on schedule check
[2025-03-30T01:57:28.288+0000] {local_task_job_runner.py:245} INFO - ::endgroup::
