[2025-03-29T18:32:02.983+0000] {local_task_job_runner.py:123} INFO - ::group::Pre task execution logs
[2025-03-29T18:32:03.252+0000] {taskinstance.py:2614} INFO - Dependencies all met for dep_context=non-requeueable deps ti=<TaskInstance: Etl_pipeline_order_management.fetch_data scheduled__2025-03-29T18:31:00+00:00 [queued]>
[2025-03-29T18:32:03.268+0000] {taskinstance.py:2614} INFO - Dependencies all met for dep_context=requeueable deps ti=<TaskInstance: Etl_pipeline_order_management.fetch_data scheduled__2025-03-29T18:31:00+00:00 [queued]>
[2025-03-29T18:32:03.307+0000] {taskinstance.py:2867} INFO - Starting attempt 1 of 2
[2025-03-29T18:32:03.324+0000] {taskinstance.py:2890} INFO - Executing <Task(PythonOperator): fetch_data> on 2025-03-29 18:31:00+00:00
[2025-03-29T18:32:03.333+0000] {warnings.py:112} WARNING - /home/***/.local/lib/python3.12/site-packages/***/task/task_runner/standard_task_runner.py:70: DeprecationWarning: This process (pid=2187) is multi-threaded, use of fork() may lead to deadlocks in the child.
  pid = os.fork()

[2025-03-29T18:32:03.335+0000] {standard_task_runner.py:72} INFO - Started process 2189 to run task
[2025-03-29T18:32:03.337+0000] {standard_task_runner.py:104} INFO - Running: ['***', 'tasks', 'run', 'Etl_pipeline_order_management', 'fetch_data', 'scheduled__2025-03-29T18:31:00+00:00', '--job-id', '214', '--raw', '--subdir', 'DAGS_FOLDER/Gestioncommands.py', '--cfg-path', '/tmp/tmpi041zl_x']
[2025-03-29T18:32:03.339+0000] {standard_task_runner.py:105} INFO - Job 214: Subtask fetch_data
[2025-03-29T18:32:03.403+0000] {task_command.py:467} INFO - Running <TaskInstance: Etl_pipeline_order_management.fetch_data scheduled__2025-03-29T18:31:00+00:00 [running]> on host 499696d11f67
[2025-03-29T18:32:03.493+0000] {taskinstance.py:3134} INFO - Exporting env vars: AIRFLOW_CTX_DAG_OWNER='***' AIRFLOW_CTX_DAG_ID='Etl_pipeline_order_management' AIRFLOW_CTX_TASK_ID='fetch_data' AIRFLOW_CTX_EXECUTION_DATE='2025-03-29T18:31:00+00:00' AIRFLOW_CTX_TRY_NUMBER='1' AIRFLOW_CTX_DAG_RUN_ID='scheduled__2025-03-29T18:31:00+00:00'
[2025-03-29T18:32:03.495+0000] {logging_mixin.py:190} INFO - Task instance is in running state
[2025-03-29T18:32:03.495+0000] {logging_mixin.py:190} INFO -  Previous state of the Task instance: queued
[2025-03-29T18:32:03.496+0000] {logging_mixin.py:190} INFO - Current task name:fetch_data state:running start_date:2025-03-29 18:32:03.253431+00:00
[2025-03-29T18:32:03.496+0000] {logging_mixin.py:190} INFO - Dag name:Etl_pipeline_order_management and current dag run status:running
[2025-03-29T18:32:03.497+0000] {taskinstance.py:732} INFO - ::endgroup::
[2025-03-29T18:32:03.497+0000] {Gestioncommands.py:28} INFO - Fetching data from API...
[2025-03-29T18:32:05.594+0000] {warnings.py:112} WARNING - /home/***/.local/lib/python3.12/site-packages/urllib3/connectionpool.py:1097: InsecureRequestWarning: Unverified HTTPS request is being made to host 'my.api.mockaroo.com'. Adding certificate verification is strongly advised. See: https://urllib3.readthedocs.io/en/latest/advanced-usage.html#tls-warnings
  warnings.warn(

[2025-03-29T18:32:06.349+0000] {Gestioncommands.py:32} INFO - Data fetched from API successfully.
[2025-03-29T18:32:06.408+0000] {Gestioncommands.py:36} INFO - CSV data pushed to XCom.
[2025-03-29T18:32:06.411+0000] {python.py:240} INFO - Done. Returned value was: None
[2025-03-29T18:32:06.426+0000] {taskinstance.py:341} INFO - ::group::Post task execution logs
[2025-03-29T18:32:06.428+0000] {taskinstance.py:353} INFO - Marking task as SUCCESS. dag_id=Etl_pipeline_order_management, task_id=fetch_data, run_id=scheduled__2025-03-29T18:31:00+00:00, execution_date=20250329T183100, start_date=20250329T183203, end_date=20250329T183206
[2025-03-29T18:32:06.462+0000] {logging_mixin.py:190} INFO - Task instance in success state
[2025-03-29T18:32:06.463+0000] {logging_mixin.py:190} INFO -  Previous state of the Task instance: running
[2025-03-29T18:32:06.464+0000] {logging_mixin.py:190} INFO - Dag name:Etl_pipeline_order_management queued_at:2025-03-29 18:32:00.667976+00:00
[2025-03-29T18:32:06.464+0000] {logging_mixin.py:190} INFO - Task hostname:499696d11f67 operator:PythonOperator
[2025-03-29T18:32:06.492+0000] {local_task_job_runner.py:266} INFO - Task exited with return code 0
[2025-03-29T18:32:06.506+0000] {local_task_job_runner.py:245} INFO - ::endgroup::
