[2025-03-30T02:24:05.556+0000] {local_task_job_runner.py:123} INFO - ::group::Pre task execution logs
[2025-03-30T02:24:05.570+0000] {taskinstance.py:2614} INFO - Dependencies all met for dep_context=non-requeueable deps ti=<TaskInstance: ecommerce_data_pipeline.store_data scheduled__2025-03-30T02:23:00+00:00 [queued]>
[2025-03-30T02:24:05.577+0000] {taskinstance.py:2614} INFO - Dependencies all met for dep_context=requeueable deps ti=<TaskInstance: ecommerce_data_pipeline.store_data scheduled__2025-03-30T02:23:00+00:00 [queued]>
[2025-03-30T02:24:05.578+0000] {taskinstance.py:2867} INFO - Starting attempt 1 of 2
[2025-03-30T02:24:05.588+0000] {taskinstance.py:2890} INFO - Executing <Task(PythonOperator): store_data> on 2025-03-30 02:23:00+00:00
[2025-03-30T02:24:05.596+0000] {warnings.py:112} WARNING - /home/***/.local/lib/python3.12/site-packages/***/task/task_runner/standard_task_runner.py:70: DeprecationWarning: This process (pid=3985) is multi-threaded, use of fork() may lead to deadlocks in the child.
  pid = os.fork()

[2025-03-30T02:24:05.597+0000] {standard_task_runner.py:72} INFO - Started process 3994 to run task
[2025-03-30T02:24:05.597+0000] {standard_task_runner.py:104} INFO - Running: ['***', 'tasks', 'run', 'ecommerce_data_pipeline', 'store_data', 'scheduled__2025-03-30T02:23:00+00:00', '--job-id', '525', '--raw', '--subdir', 'DAGS_FOLDER/Gestioncommands.py', '--cfg-path', '/tmp/tmpttcixc6j']
[2025-03-30T02:24:05.598+0000] {standard_task_runner.py:105} INFO - Job 525: Subtask store_data
[2025-03-30T02:24:05.642+0000] {task_command.py:467} INFO - Running <TaskInstance: ecommerce_data_pipeline.store_data scheduled__2025-03-30T02:23:00+00:00 [running]> on host 778b271a0247
[2025-03-30T02:24:05.712+0000] {taskinstance.py:3134} INFO - Exporting env vars: AIRFLOW_CTX_DAG_OWNER='admin' AIRFLOW_CTX_DAG_ID='ecommerce_data_pipeline' AIRFLOW_CTX_TASK_ID='store_data' AIRFLOW_CTX_EXECUTION_DATE='2025-03-30T02:23:00+00:00' AIRFLOW_CTX_TRY_NUMBER='1' AIRFLOW_CTX_DAG_RUN_ID='scheduled__2025-03-30T02:23:00+00:00'
[2025-03-30T02:24:05.714+0000] {logging_mixin.py:190} INFO - Task instance is in running state
[2025-03-30T02:24:05.715+0000] {logging_mixin.py:190} INFO -  Previous state of the Task instance: queued
[2025-03-30T02:24:05.715+0000] {logging_mixin.py:190} INFO - Current task name:store_data state:running start_date:2025-03-30 02:24:05.571204+00:00
[2025-03-30T02:24:05.716+0000] {logging_mixin.py:190} INFO - Dag name:ecommerce_data_pipeline and current dag run status:running
[2025-03-30T02:24:05.717+0000] {taskinstance.py:732} INFO - ::endgroup::
[2025-03-30T02:24:05.727+0000] {Gestioncommands.py:57} INFO - Loading data into DuckDB...
[2025-03-30T02:24:05.798+0000] {Gestioncommands.py:108} INFO - Data stored successfully
[2025-03-30T02:24:05.799+0000] {python.py:240} INFO - Done. Returned value was: None
[2025-03-30T02:24:05.807+0000] {taskinstance.py:341} INFO - ::group::Post task execution logs
[2025-03-30T02:24:05.808+0000] {taskinstance.py:353} INFO - Marking task as SUCCESS. dag_id=ecommerce_data_pipeline, task_id=store_data, run_id=scheduled__2025-03-30T02:23:00+00:00, execution_date=20250330T022300, start_date=20250330T022405, end_date=20250330T022405
[2025-03-30T02:24:05.826+0000] {logging_mixin.py:190} INFO - Task instance in success state
[2025-03-30T02:24:05.827+0000] {logging_mixin.py:190} INFO -  Previous state of the Task instance: running
[2025-03-30T02:24:05.827+0000] {logging_mixin.py:190} INFO - Dag name:ecommerce_data_pipeline queued_at:2025-03-30 02:24:00.236234+00:00
[2025-03-30T02:24:05.828+0000] {logging_mixin.py:190} INFO - Task hostname:778b271a0247 operator:PythonOperator
[2025-03-30T02:24:05.854+0000] {local_task_job_runner.py:266} INFO - Task exited with return code 0
[2025-03-30T02:24:05.872+0000] {taskinstance.py:3901} INFO - 1 downstream tasks scheduled from follow-on schedule check
[2025-03-30T02:24:05.874+0000] {local_task_job_runner.py:245} INFO - ::endgroup::
