[2025-03-30T12:19:45.077+0000] {local_task_job_runner.py:123} INFO - ::group::Pre task execution logs
[2025-03-30T12:19:45.231+0000] {taskinstance.py:2614} INFO - Dependencies all met for dep_context=non-requeueable deps ti=<TaskInstance: ecommerce_data_pipeline.load_refined scheduled__2025-03-30T12:13:00+00:00 [queued]>
[2025-03-30T12:19:45.238+0000] {taskinstance.py:2614} INFO - Dependencies all met for dep_context=requeueable deps ti=<TaskInstance: ecommerce_data_pipeline.load_refined scheduled__2025-03-30T12:13:00+00:00 [queued]>
[2025-03-30T12:19:45.239+0000] {taskinstance.py:2867} INFO - Starting attempt 1 of 2
[2025-03-30T12:19:45.250+0000] {taskinstance.py:2890} INFO - Executing <Task(PythonOperator): load_refined> on 2025-03-30 12:13:00+00:00
[2025-03-30T12:19:45.258+0000] {warnings.py:112} WARNING - /home/***/.local/lib/python3.12/site-packages/***/task/task_runner/standard_task_runner.py:70: DeprecationWarning: This process (pid=573) is multi-threaded, use of fork() may lead to deadlocks in the child.
  pid = os.fork()

[2025-03-30T12:19:45.260+0000] {standard_task_runner.py:104} INFO - Running: ['***', 'tasks', 'run', 'ecommerce_data_pipeline', 'load_refined', 'scheduled__2025-03-30T12:13:00+00:00', '--job-id', '683', '--raw', '--subdir', 'DAGS_FOLDER/Gestioncommands.py', '--cfg-path', '/tmp/tmphdk3l30n']
[2025-03-30T12:19:45.260+0000] {standard_task_runner.py:72} INFO - Started process 575 to run task
[2025-03-30T12:19:45.261+0000] {standard_task_runner.py:105} INFO - Job 683: Subtask load_refined
[2025-03-30T12:19:45.302+0000] {task_command.py:467} INFO - Running <TaskInstance: ecommerce_data_pipeline.load_refined scheduled__2025-03-30T12:13:00+00:00 [running]> on host 778b271a0247
[2025-03-30T12:19:45.371+0000] {taskinstance.py:3134} INFO - Exporting env vars: AIRFLOW_CTX_DAG_OWNER='***' AIRFLOW_CTX_DAG_ID='ecommerce_data_pipeline' AIRFLOW_CTX_TASK_ID='load_refined' AIRFLOW_CTX_EXECUTION_DATE='2025-03-30T12:13:00+00:00' AIRFLOW_CTX_TRY_NUMBER='1' AIRFLOW_CTX_DAG_RUN_ID='scheduled__2025-03-30T12:13:00+00:00'
[2025-03-30T12:19:45.372+0000] {logging_mixin.py:190} INFO - Task instance is in running state
[2025-03-30T12:19:45.373+0000] {logging_mixin.py:190} INFO -  Previous state of the Task instance: queued
[2025-03-30T12:19:45.374+0000] {logging_mixin.py:190} INFO - Current task name:load_refined state:running start_date:2025-03-30 12:19:45.232474+00:00
[2025-03-30T12:19:45.374+0000] {logging_mixin.py:190} INFO - Dag name:ecommerce_data_pipeline and current dag run status:running
[2025-03-30T12:19:45.375+0000] {taskinstance.py:732} INFO - ::endgroup::
[2025-03-30T12:19:45.376+0000] {Gestioncommands.py:108} INFO - Mise à jour des tables transformées...
[2025-03-30T12:19:45.459+0000] {Gestioncommands.py:225} INFO - Mise à jour des tables transformées terminée
[2025-03-30T12:19:45.460+0000] {python.py:240} INFO - Done. Returned value was: None
[2025-03-30T12:19:45.470+0000] {taskinstance.py:341} INFO - ::group::Post task execution logs
[2025-03-30T12:19:45.471+0000] {taskinstance.py:353} INFO - Marking task as SUCCESS. dag_id=ecommerce_data_pipeline, task_id=load_refined, run_id=scheduled__2025-03-30T12:13:00+00:00, execution_date=20250330T121300, start_date=20250330T121945, end_date=20250330T121945
[2025-03-30T12:19:45.497+0000] {logging_mixin.py:190} INFO - Task instance in success state
[2025-03-30T12:19:45.498+0000] {logging_mixin.py:190} INFO -  Previous state of the Task instance: running
[2025-03-30T12:19:45.499+0000] {logging_mixin.py:190} INFO - Dag name:ecommerce_data_pipeline queued_at:2025-03-30 12:14:32.998190+00:00
[2025-03-30T12:19:45.499+0000] {logging_mixin.py:190} INFO - Task hostname:778b271a0247 operator:PythonOperator
[2025-03-30T12:19:45.517+0000] {local_task_job_runner.py:266} INFO - Task exited with return code 0
[2025-03-30T12:19:45.533+0000] {taskinstance.py:3901} INFO - 0 downstream tasks scheduled from follow-on schedule check
[2025-03-30T12:19:45.536+0000] {local_task_job_runner.py:245} INFO - ::endgroup::
