[2025-03-30T12:19:02.432+0000] {local_task_job_runner.py:123} INFO - ::group::Pre task execution logs
[2025-03-30T12:19:02.586+0000] {taskinstance.py:2614} INFO - Dependencies all met for dep_context=non-requeueable deps ti=<TaskInstance: ecommerce_data_pipeline.fetch_data scheduled__2025-03-30T12:18:00+00:00 [queued]>
[2025-03-30T12:19:02.592+0000] {taskinstance.py:2614} INFO - Dependencies all met for dep_context=requeueable deps ti=<TaskInstance: ecommerce_data_pipeline.fetch_data scheduled__2025-03-30T12:18:00+00:00 [queued]>
[2025-03-30T12:19:02.593+0000] {taskinstance.py:2867} INFO - Starting attempt 1 of 2
[2025-03-30T12:19:02.606+0000] {taskinstance.py:2890} INFO - Executing <Task(PythonOperator): fetch_data> on 2025-03-30 12:18:00+00:00
[2025-03-30T12:19:02.615+0000] {warnings.py:112} WARNING - /home/***/.local/lib/python3.12/site-packages/***/task/task_runner/standard_task_runner.py:70: DeprecationWarning: This process (pid=498) is multi-threaded, use of fork() may lead to deadlocks in the child.
  pid = os.fork()

[2025-03-30T12:19:02.617+0000] {standard_task_runner.py:72} INFO - Started process 500 to run task
[2025-03-30T12:19:02.617+0000] {standard_task_runner.py:104} INFO - Running: ['***', 'tasks', 'run', 'ecommerce_data_pipeline', 'fetch_data', 'scheduled__2025-03-30T12:18:00+00:00', '--job-id', '679', '--raw', '--subdir', 'DAGS_FOLDER/Gestioncommands.py', '--cfg-path', '/tmp/tmphku2jeay']
[2025-03-30T12:19:02.618+0000] {standard_task_runner.py:105} INFO - Job 679: Subtask fetch_data
[2025-03-30T12:19:02.665+0000] {task_command.py:467} INFO - Running <TaskInstance: ecommerce_data_pipeline.fetch_data scheduled__2025-03-30T12:18:00+00:00 [running]> on host 778b271a0247
[2025-03-30T12:19:02.745+0000] {taskinstance.py:3134} INFO - Exporting env vars: AIRFLOW_CTX_DAG_OWNER='***' AIRFLOW_CTX_DAG_ID='ecommerce_data_pipeline' AIRFLOW_CTX_TASK_ID='fetch_data' AIRFLOW_CTX_EXECUTION_DATE='2025-03-30T12:18:00+00:00' AIRFLOW_CTX_TRY_NUMBER='1' AIRFLOW_CTX_DAG_RUN_ID='scheduled__2025-03-30T12:18:00+00:00'
[2025-03-30T12:19:02.747+0000] {logging_mixin.py:190} INFO - Task instance is in running state
[2025-03-30T12:19:02.747+0000] {logging_mixin.py:190} INFO -  Previous state of the Task instance: queued
[2025-03-30T12:19:02.748+0000] {logging_mixin.py:190} INFO - Current task name:fetch_data state:running start_date:2025-03-30 12:19:02.587143+00:00
[2025-03-30T12:19:02.748+0000] {logging_mixin.py:190} INFO - Dag name:ecommerce_data_pipeline and current dag run status:running
[2025-03-30T12:19:02.749+0000] {taskinstance.py:732} INFO - ::endgroup::
[2025-03-30T12:19:02.749+0000] {Gestioncommands.py:31} INFO - Fetching data from API...
[2025-03-30T12:19:03.400+0000] {warnings.py:112} WARNING - /home/***/.local/lib/python3.12/site-packages/urllib3/connectionpool.py:1097: InsecureRequestWarning: Unverified HTTPS request is being made to host 'my.api.mockaroo.com'. Adding certificate verification is strongly advised. See: https://urllib3.readthedocs.io/en/latest/advanced-usage.html#tls-warnings
  warnings.warn(

[2025-03-30T12:19:04.182+0000] {Gestioncommands.py:35} INFO - Data fetched successfully.
[2025-03-30T12:19:04.184+0000] {python.py:240} INFO - Done. Returned value was: commande_id,date_commande,client_id,montant_total,statut,produit_id,nom_produit,prix_unitaire,stock,quantite,sous_total,nom_client,email,ville,pays,genre ,paiement_id,mode_paiement,statut_paiement,date_paiement
5179,2020-08-18,536,1440.2,Shipped,619,Cheese - Blue,186.1,24,1,186.1,Marion Pemberton,mpemberton0@alexa.com,Laï,Chad,M,691,PayPal,valid,2022-05-23
2429,2021-08-02,270,5336.04,Delivered,845,Silicone Parch. 16.3x24.3,70.37,4,3,211.11,Randa Beaument,rbeaument1@thetimes.co.uk,Dongfanghong,China,M,573,PayPal,pending,2024-03-19
1679,2020-08-23,172,2673.54,Delivered,778,Pate - Peppercorn,233.24,36,2,466.48,Patricia Heddy,pheddy2@printfriendly.com,Skutskär,Sweden,M,890,Transfer,cancel,2021-05-13
9619,2021-05-08,280,5837.02,Shipped,740,Pineapple - Regular,304.54,47,3,913.62,Ardith Hirtzmann,ahirtzmann3@craigslist.org,Oslo,Norway,F,676,Transfer,cancel,2020-12-30
5328,2020-10-03,287,119.84,Pending,671,Butter Balls Salted,382.35,3,2,764.7,Elka Du Plantier,edu4@apple.com,Storuman,Sweden,M,966,PayPal,pending,2021-01-23
4501,2021-02-18,764,2981.26,Pending,547,Tumeric,145.28,36,1,145.28,Marcellina Clemenza,mclemenza5@taobao.com,Ciudad Guayana,Venezuela,M,856,Bank card,pending,2024-01-26
1092,2022-09-22,106,1644.72,Pending,785,"Lemonade - Black Cherry, 591 Ml",86.0,28,2,172.0,Allard Hutton,ahutton6@goodreads.com,Gornyye Klyuchi,Russia,F,306,PayPal,pending,2021-01-07
8048,2023-11-13,501,4073.02,Shipped,786,"Lemonade - Black Cherry, 591 Ml",216.91,9,3,650.73,Rozele Bretton,rbretton7@blogspot.com,Aktau,Kazakhstan,F,571,PayPal,cancel,2020-07-05
9658,2020-07-31,772,124.08,Shipped,502,"Fish - Soup Base, Bouillon",90.3,44,1,90.3,King Simister,ksimister8@sitemeter.com,San Juan,Philippines,F,837,Bank card,valid,2022-02-16
6183,2022-08-14,236,5366.65,Pending,585,Brandy Cherry - Mcguinness,404.84,16,1,404.84,Hilarius Vasishchev,hvasishchev9@chron.com,Vimmerby,Sweden,M,835,Transfer,cancel,2021-07-10

[2025-03-30T12:19:04.205+0000] {taskinstance.py:341} INFO - ::group::Post task execution logs
[2025-03-30T12:19:04.206+0000] {taskinstance.py:353} INFO - Marking task as SUCCESS. dag_id=ecommerce_data_pipeline, task_id=fetch_data, run_id=scheduled__2025-03-30T12:18:00+00:00, execution_date=20250330T121800, start_date=20250330T121902, end_date=20250330T121904
[2025-03-30T12:19:04.226+0000] {logging_mixin.py:190} INFO - Task instance in success state
[2025-03-30T12:19:04.227+0000] {logging_mixin.py:190} INFO -  Previous state of the Task instance: running
[2025-03-30T12:19:04.228+0000] {logging_mixin.py:190} INFO - Dag name:ecommerce_data_pipeline queued_at:2025-03-30 12:19:01.008391+00:00
[2025-03-30T12:19:04.229+0000] {logging_mixin.py:190} INFO - Task hostname:778b271a0247 operator:PythonOperator
[2025-03-30T12:19:04.241+0000] {local_task_job_runner.py:266} INFO - Task exited with return code 0
[2025-03-30T12:19:04.268+0000] {taskinstance.py:3901} INFO - 1 downstream tasks scheduled from follow-on schedule check
[2025-03-30T12:19:04.271+0000] {local_task_job_runner.py:245} INFO - ::endgroup::
