[2025-03-30T01:46:08.681+0000] {local_task_job_runner.py:123} INFO - ::group::Pre task execution logs
[2025-03-30T01:46:08.853+0000] {taskinstance.py:2614} INFO - Dependencies all met for dep_context=non-requeueable deps ti=<TaskInstance: ecommerce_data_pipeline.store_data scheduled__2025-03-30T01:45:00+00:00 [queued]>
[2025-03-30T01:46:08.864+0000] {taskinstance.py:2614} INFO - Dependencies all met for dep_context=requeueable deps ti=<TaskInstance: ecommerce_data_pipeline.store_data scheduled__2025-03-30T01:45:00+00:00 [queued]>
[2025-03-30T01:46:08.903+0000] {taskinstance.py:2867} INFO - Starting attempt 1 of 2
[2025-03-30T01:46:08.922+0000] {taskinstance.py:2890} INFO - Executing <Task(PythonOperator): store_data> on 2025-03-30 01:45:00+00:00
[2025-03-30T01:46:08.931+0000] {warnings.py:112} WARNING - /home/***/.local/lib/python3.12/site-packages/***/task/task_runner/standard_task_runner.py:70: DeprecationWarning: This process (pid=1200) is multi-threaded, use of fork() may lead to deadlocks in the child.
  pid = os.fork()

[2025-03-30T01:46:08.934+0000] {standard_task_runner.py:104} INFO - Running: ['***', 'tasks', 'run', 'ecommerce_data_pipeline', 'store_data', 'scheduled__2025-03-30T01:45:00+00:00', '--job-id', '368', '--raw', '--subdir', 'DAGS_FOLDER/Gestioncommands.py', '--cfg-path', '/tmp/tmphhgorhwc']
[2025-03-30T01:46:08.936+0000] {standard_task_runner.py:72} INFO - Started process 1202 to run task
[2025-03-30T01:46:08.937+0000] {standard_task_runner.py:105} INFO - Job 368: Subtask store_data
[2025-03-30T01:46:09.002+0000] {task_command.py:467} INFO - Running <TaskInstance: ecommerce_data_pipeline.store_data scheduled__2025-03-30T01:45:00+00:00 [running]> on host 778b271a0247
[2025-03-30T01:46:09.126+0000] {taskinstance.py:3134} INFO - Exporting env vars: AIRFLOW_CTX_DAG_OWNER='admin' AIRFLOW_CTX_DAG_ID='ecommerce_data_pipeline' AIRFLOW_CTX_TASK_ID='store_data' AIRFLOW_CTX_EXECUTION_DATE='2025-03-30T01:45:00+00:00' AIRFLOW_CTX_TRY_NUMBER='1' AIRFLOW_CTX_DAG_RUN_ID='scheduled__2025-03-30T01:45:00+00:00'
[2025-03-30T01:46:09.128+0000] {logging_mixin.py:190} INFO - Task instance is in running state
[2025-03-30T01:46:09.129+0000] {logging_mixin.py:190} INFO -  Previous state of the Task instance: queued
[2025-03-30T01:46:09.130+0000] {logging_mixin.py:190} INFO - Current task name:store_data state:running start_date:2025-03-30 01:46:08.854880+00:00
[2025-03-30T01:46:09.131+0000] {logging_mixin.py:190} INFO - Dag name:ecommerce_data_pipeline and current dag run status:running
[2025-03-30T01:46:09.132+0000] {taskinstance.py:732} INFO - ::endgroup::
[2025-03-30T01:46:09.148+0000] {Gestioncommands.py:57} INFO - Loading data into DuckDB...
[2025-03-30T01:46:09.241+0000] {Gestioncommands.py:108} INFO - Data stored successfully
[2025-03-30T01:46:09.242+0000] {python.py:240} INFO - Done. Returned value was: None
[2025-03-30T01:46:09.253+0000] {taskinstance.py:341} INFO - ::group::Post task execution logs
[2025-03-30T01:46:09.254+0000] {taskinstance.py:353} INFO - Marking task as SUCCESS. dag_id=ecommerce_data_pipeline, task_id=store_data, run_id=scheduled__2025-03-30T01:45:00+00:00, execution_date=20250330T014500, start_date=20250330T014608, end_date=20250330T014609
[2025-03-30T01:46:09.276+0000] {logging_mixin.py:190} INFO - Task instance in success state
[2025-03-30T01:46:09.277+0000] {logging_mixin.py:190} INFO -  Previous state of the Task instance: running
[2025-03-30T01:46:09.278+0000] {logging_mixin.py:190} INFO - Dag name:ecommerce_data_pipeline queued_at:2025-03-30 01:46:00.734813+00:00
[2025-03-30T01:46:09.278+0000] {logging_mixin.py:190} INFO - Task hostname:778b271a0247 operator:PythonOperator
[2025-03-30T01:46:09.315+0000] {local_task_job_runner.py:266} INFO - Task exited with return code 0
[2025-03-30T01:46:09.346+0000] {taskinstance.py:3901} INFO - 1 downstream tasks scheduled from follow-on schedule check
[2025-03-30T01:46:09.349+0000] {local_task_job_runner.py:245} INFO - ::endgroup::
