[2025-03-28T17:30:01.968+0000] {local_task_job_runner.py:123} INFO - ::group::Pre task execution logs
[2025-03-28T17:30:02.128+0000] {taskinstance.py:2614} INFO - Dependencies all met for dep_context=non-requeueable deps ti=<TaskInstance: Etl_pipeline_order_management.fetch_data scheduled__2025-03-28T17:27:00+00:00 [queued]>
[2025-03-28T17:30:02.136+0000] {taskinstance.py:2614} INFO - Dependencies all met for dep_context=requeueable deps ti=<TaskInstance: Etl_pipeline_order_management.fetch_data scheduled__2025-03-28T17:27:00+00:00 [queued]>
[2025-03-28T17:30:02.175+0000] {taskinstance.py:2867} INFO - Starting attempt 1 of 2
[2025-03-28T17:30:02.191+0000] {taskinstance.py:2890} INFO - Executing <Task(PythonOperator): fetch_data> on 2025-03-28 17:27:00+00:00
[2025-03-28T17:30:02.200+0000] {warnings.py:112} WARNING - /home/***/.local/lib/python3.12/site-packages/***/task/task_runner/standard_task_runner.py:70: DeprecationWarning: This process (pid=823) is multi-threaded, use of fork() may lead to deadlocks in the child.
  pid = os.fork()

[2025-03-28T17:30:02.203+0000] {standard_task_runner.py:72} INFO - Started process 825 to run task
[2025-03-28T17:30:02.203+0000] {standard_task_runner.py:104} INFO - Running: ['***', 'tasks', 'run', 'Etl_pipeline_order_management', 'fetch_data', 'scheduled__2025-03-28T17:27:00+00:00', '--job-id', '43', '--raw', '--subdir', 'DAGS_FOLDER/Gestioncommands.py', '--cfg-path', '/tmp/tmphy0v5ian']
[2025-03-28T17:30:02.204+0000] {standard_task_runner.py:105} INFO - Job 43: Subtask fetch_data
[2025-03-28T17:30:02.256+0000] {task_command.py:467} INFO - Running <TaskInstance: Etl_pipeline_order_management.fetch_data scheduled__2025-03-28T17:27:00+00:00 [running]> on host 499696d11f67
[2025-03-28T17:30:02.338+0000] {taskinstance.py:3134} INFO - Exporting env vars: AIRFLOW_CTX_DAG_OWNER='***' AIRFLOW_CTX_DAG_ID='Etl_pipeline_order_management' AIRFLOW_CTX_TASK_ID='fetch_data' AIRFLOW_CTX_EXECUTION_DATE='2025-03-28T17:27:00+00:00' AIRFLOW_CTX_TRY_NUMBER='1' AIRFLOW_CTX_DAG_RUN_ID='scheduled__2025-03-28T17:27:00+00:00'
[2025-03-28T17:30:02.340+0000] {logging_mixin.py:190} INFO - Task instance is in running state
[2025-03-28T17:30:02.341+0000] {logging_mixin.py:190} INFO -  Previous state of the Task instance: queued
[2025-03-28T17:30:02.342+0000] {logging_mixin.py:190} INFO - Current task name:fetch_data state:running start_date:2025-03-28 17:30:02.130038+00:00
[2025-03-28T17:30:02.342+0000] {logging_mixin.py:190} INFO - Dag name:Etl_pipeline_order_management and current dag run status:running
[2025-03-28T17:30:02.344+0000] {taskinstance.py:732} INFO - ::endgroup::
[2025-03-28T17:30:02.345+0000] {Gestioncommands.py:28} INFO - Fetching data from API...
[2025-03-28T17:30:04.100+0000] {Gestioncommands.py:32} INFO - Data fetched from API successfully.
[2025-03-28T17:30:04.163+0000] {Gestioncommands.py:36} INFO - CSV data pushed to XCom.
[2025-03-28T17:30:04.164+0000] {python.py:240} INFO - Done. Returned value was: None
[2025-03-28T17:30:04.175+0000] {taskinstance.py:341} INFO - ::group::Post task execution logs
[2025-03-28T17:30:04.176+0000] {taskinstance.py:353} INFO - Marking task as SUCCESS. dag_id=Etl_pipeline_order_management, task_id=fetch_data, run_id=scheduled__2025-03-28T17:27:00+00:00, execution_date=20250328T172700, start_date=20250328T173002, end_date=20250328T173004
[2025-03-28T17:30:04.200+0000] {logging_mixin.py:190} INFO - Task instance in success state
[2025-03-28T17:30:04.200+0000] {logging_mixin.py:190} INFO -  Previous state of the Task instance: running
[2025-03-28T17:30:04.201+0000] {logging_mixin.py:190} INFO - Dag name:Etl_pipeline_order_management queued_at:2025-03-28 17:30:00.528715+00:00
[2025-03-28T17:30:04.201+0000] {logging_mixin.py:190} INFO - Task hostname:499696d11f67 operator:PythonOperator
[2025-03-28T17:30:04.236+0000] {local_task_job_runner.py:266} INFO - Task exited with return code 0
[2025-03-28T17:30:04.267+0000] {taskinstance.py:3901} INFO - 1 downstream tasks scheduled from follow-on schedule check
[2025-03-28T17:30:04.270+0000] {local_task_job_runner.py:245} INFO - ::endgroup::
