[2025-03-28T16:25:21.975+0000] {local_task_job_runner.py:123} INFO - ::group::Pre task execution logs
[2025-03-28T16:25:22.114+0000] {taskinstance.py:2614} INFO - Dependencies all met for dep_context=non-requeueable deps ti=<TaskInstance: Etl_pipeline_order_management.fetch_data manual__2025-03-28T16:25:20.003071+00:00 [queued]>
[2025-03-28T16:25:22.121+0000] {taskinstance.py:2614} INFO - Dependencies all met for dep_context=requeueable deps ti=<TaskInstance: Etl_pipeline_order_management.fetch_data manual__2025-03-28T16:25:20.003071+00:00 [queued]>
[2025-03-28T16:25:22.123+0000] {taskinstance.py:2867} INFO - Starting attempt 1 of 2
[2025-03-28T16:25:22.133+0000] {taskinstance.py:2890} INFO - Executing <Task(PythonOperator): fetch_data> on 2025-03-28 16:25:20.003071+00:00
[2025-03-28T16:25:22.140+0000] {warnings.py:112} WARNING - /home/***/.local/lib/python3.12/site-packages/***/task/task_runner/standard_task_runner.py:70: DeprecationWarning: This process (pid=172) is multi-threaded, use of fork() may lead to deadlocks in the child.
  pid = os.fork()

[2025-03-28T16:25:22.142+0000] {standard_task_runner.py:72} INFO - Started process 176 to run task
[2025-03-28T16:25:22.142+0000] {standard_task_runner.py:104} INFO - Running: ['***', 'tasks', 'run', 'Etl_pipeline_order_management', 'fetch_data', 'manual__2025-03-28T16:25:20.003071+00:00', '--job-id', '13', '--raw', '--subdir', 'DAGS_FOLDER/Gestioncommands.py', '--cfg-path', '/tmp/tmp8gg7brq5']
[2025-03-28T16:25:22.143+0000] {standard_task_runner.py:105} INFO - Job 13: Subtask fetch_data
[2025-03-28T16:25:22.187+0000] {task_command.py:467} INFO - Running <TaskInstance: Etl_pipeline_order_management.fetch_data manual__2025-03-28T16:25:20.003071+00:00 [running]> on host 499696d11f67
[2025-03-28T16:25:22.249+0000] {taskinstance.py:3134} INFO - Exporting env vars: AIRFLOW_CTX_DAG_OWNER='***' AIRFLOW_CTX_DAG_ID='Etl_pipeline_order_management' AIRFLOW_CTX_TASK_ID='fetch_data' AIRFLOW_CTX_EXECUTION_DATE='2025-03-28T16:25:20.003071+00:00' AIRFLOW_CTX_TRY_NUMBER='1' AIRFLOW_CTX_DAG_RUN_ID='manual__2025-03-28T16:25:20.003071+00:00'
[2025-03-28T16:25:22.251+0000] {logging_mixin.py:190} INFO - Task instance is in running state
[2025-03-28T16:25:22.251+0000] {logging_mixin.py:190} INFO -  Previous state of the Task instance: queued
[2025-03-28T16:25:22.252+0000] {logging_mixin.py:190} INFO - Current task name:fetch_data state:running start_date:2025-03-28 16:25:22.115769+00:00
[2025-03-28T16:25:22.253+0000] {logging_mixin.py:190} INFO - Dag name:Etl_pipeline_order_management and current dag run status:running
[2025-03-28T16:25:22.254+0000] {taskinstance.py:732} INFO - ::endgroup::
[2025-03-28T16:25:22.255+0000] {Gestioncommands.py:27} INFO - Fetching data from API...
[2025-03-28T16:25:23.630+0000] {Gestioncommands.py:31} INFO - Data fetched from API successfully.
[2025-03-28T16:25:23.646+0000] {Gestioncommands.py:35} INFO - CSV data pushed to XCom.
[2025-03-28T16:25:23.648+0000] {python.py:240} INFO - Done. Returned value was: None
[2025-03-28T16:25:23.658+0000] {taskinstance.py:341} INFO - ::group::Post task execution logs
[2025-03-28T16:25:23.659+0000] {taskinstance.py:353} INFO - Marking task as SUCCESS. dag_id=Etl_pipeline_order_management, task_id=fetch_data, run_id=manual__2025-03-28T16:25:20.003071+00:00, execution_date=20250328T162520, start_date=20250328T162522, end_date=20250328T162523
[2025-03-28T16:25:23.683+0000] {logging_mixin.py:190} INFO - Task instance in success state
[2025-03-28T16:25:23.683+0000] {logging_mixin.py:190} INFO -  Previous state of the Task instance: running
[2025-03-28T16:25:23.684+0000] {logging_mixin.py:190} INFO - Dag name:Etl_pipeline_order_management queued_at:2025-03-28 16:25:20.019959+00:00
[2025-03-28T16:25:23.684+0000] {logging_mixin.py:190} INFO - Task hostname:499696d11f67 operator:PythonOperator
[2025-03-28T16:25:23.727+0000] {local_task_job_runner.py:266} INFO - Task exited with return code 0
[2025-03-28T16:25:23.751+0000] {taskinstance.py:3901} INFO - 1 downstream tasks scheduled from follow-on schedule check
[2025-03-28T16:25:23.755+0000] {local_task_job_runner.py:245} INFO - ::endgroup::
