[2025-03-30T01:45:54.641+0000] {local_task_job_runner.py:123} INFO - ::group::Pre task execution logs
[2025-03-30T01:45:54.841+0000] {taskinstance.py:2614} INFO - Dependencies all met for dep_context=non-requeueable deps ti=<TaskInstance: ecommerce_data_pipeline.store_data manual__2025-03-30T01:45:47.604316+00:00 [queued]>
[2025-03-30T01:45:54.858+0000] {taskinstance.py:2614} INFO - Dependencies all met for dep_context=requeueable deps ti=<TaskInstance: ecommerce_data_pipeline.store_data manual__2025-03-30T01:45:47.604316+00:00 [queued]>
[2025-03-30T01:45:54.895+0000] {taskinstance.py:2867} INFO - Starting attempt 1 of 2
[2025-03-30T01:45:54.922+0000] {taskinstance.py:2890} INFO - Executing <Task(PythonOperator): store_data> on 2025-03-30 01:45:47.604316+00:00
[2025-03-30T01:45:54.934+0000] {warnings.py:112} WARNING - /home/***/.local/lib/python3.12/site-packages/***/task/task_runner/standard_task_runner.py:70: DeprecationWarning: This process (pid=1139) is multi-threaded, use of fork() may lead to deadlocks in the child.
  pid = os.fork()

[2025-03-30T01:45:54.937+0000] {standard_task_runner.py:72} INFO - Started process 1141 to run task
[2025-03-30T01:45:54.936+0000] {standard_task_runner.py:104} INFO - Running: ['***', 'tasks', 'run', 'ecommerce_data_pipeline', 'store_data', 'manual__2025-03-30T01:45:47.604316+00:00', '--job-id', '364', '--raw', '--subdir', 'DAGS_FOLDER/Gestioncommands.py', '--cfg-path', '/tmp/tmp8r50vcrk']
[2025-03-30T01:45:54.938+0000] {standard_task_runner.py:105} INFO - Job 364: Subtask store_data
[2025-03-30T01:45:55.000+0000] {task_command.py:467} INFO - Running <TaskInstance: ecommerce_data_pipeline.store_data manual__2025-03-30T01:45:47.604316+00:00 [running]> on host 778b271a0247
[2025-03-30T01:45:55.105+0000] {taskinstance.py:3134} INFO - Exporting env vars: AIRFLOW_CTX_DAG_OWNER='admin' AIRFLOW_CTX_DAG_ID='ecommerce_data_pipeline' AIRFLOW_CTX_TASK_ID='store_data' AIRFLOW_CTX_EXECUTION_DATE='2025-03-30T01:45:47.604316+00:00' AIRFLOW_CTX_TRY_NUMBER='1' AIRFLOW_CTX_DAG_RUN_ID='manual__2025-03-30T01:45:47.604316+00:00'
[2025-03-30T01:45:55.107+0000] {logging_mixin.py:190} INFO - Task instance is in running state
[2025-03-30T01:45:55.108+0000] {logging_mixin.py:190} INFO -  Previous state of the Task instance: queued
[2025-03-30T01:45:55.108+0000] {logging_mixin.py:190} INFO - Current task name:store_data state:running start_date:2025-03-30 01:45:54.842650+00:00
[2025-03-30T01:45:55.109+0000] {logging_mixin.py:190} INFO - Dag name:ecommerce_data_pipeline and current dag run status:running
[2025-03-30T01:45:55.109+0000] {taskinstance.py:732} INFO - ::endgroup::
[2025-03-30T01:45:55.123+0000] {Gestioncommands.py:57} INFO - Loading data into DuckDB...
[2025-03-30T01:45:55.223+0000] {Gestioncommands.py:108} INFO - Data stored successfully
[2025-03-30T01:45:55.225+0000] {python.py:240} INFO - Done. Returned value was: None
[2025-03-30T01:45:55.237+0000] {taskinstance.py:341} INFO - ::group::Post task execution logs
[2025-03-30T01:45:55.238+0000] {taskinstance.py:353} INFO - Marking task as SUCCESS. dag_id=ecommerce_data_pipeline, task_id=store_data, run_id=manual__2025-03-30T01:45:47.604316+00:00, execution_date=20250330T014547, start_date=20250330T014554, end_date=20250330T014555
[2025-03-30T01:45:55.268+0000] {logging_mixin.py:190} INFO - Task instance in success state
[2025-03-30T01:45:55.269+0000] {logging_mixin.py:190} INFO -  Previous state of the Task instance: running
[2025-03-30T01:45:55.270+0000] {logging_mixin.py:190} INFO - Dag name:ecommerce_data_pipeline queued_at:2025-03-30 01:45:47.620026+00:00
[2025-03-30T01:45:55.271+0000] {logging_mixin.py:190} INFO - Task hostname:778b271a0247 operator:PythonOperator
[2025-03-30T01:45:55.315+0000] {local_task_job_runner.py:266} INFO - Task exited with return code 0
[2025-03-30T01:45:55.359+0000] {taskinstance.py:3901} INFO - 1 downstream tasks scheduled from follow-on schedule check
[2025-03-30T01:45:55.362+0000] {local_task_job_runner.py:245} INFO - ::endgroup::
