[2025-03-30T12:36:09.394+0000] {local_task_job_runner.py:123} INFO - ::group::Pre task execution logs
[2025-03-30T12:36:09.649+0000] {taskinstance.py:2614} INFO - Dependencies all met for dep_context=non-requeueable deps ti=<TaskInstance: ecommerce_data_pipeline.load_refined scheduled__2025-03-30T12:35:00+00:00 [queued]>
[2025-03-30T12:36:09.663+0000] {taskinstance.py:2614} INFO - Dependencies all met for dep_context=requeueable deps ti=<TaskInstance: ecommerce_data_pipeline.load_refined scheduled__2025-03-30T12:35:00+00:00 [queued]>
[2025-03-30T12:36:09.664+0000] {taskinstance.py:2867} INFO - Starting attempt 1 of 2
[2025-03-30T12:36:09.683+0000] {taskinstance.py:2890} INFO - Executing <Task(PythonOperator): load_refined> on 2025-03-30 12:35:00+00:00
[2025-03-30T12:36:09.695+0000] {warnings.py:112} WARNING - /home/***/.local/lib/python3.12/site-packages/***/task/task_runner/standard_task_runner.py:70: DeprecationWarning: This process (pid=296) is multi-threaded, use of fork() may lead to deadlocks in the child.
  pid = os.fork()

[2025-03-30T12:36:09.697+0000] {standard_task_runner.py:72} INFO - Started process 298 to run task
[2025-03-30T12:36:09.697+0000] {standard_task_runner.py:104} INFO - Running: ['***', 'tasks', 'run', 'ecommerce_data_pipeline', 'load_refined', 'scheduled__2025-03-30T12:35:00+00:00', '--job-id', '718', '--raw', '--subdir', 'DAGS_FOLDER/Gestioncommands.py', '--cfg-path', '/tmp/tmpmkj9rb79']
[2025-03-30T12:36:09.699+0000] {standard_task_runner.py:105} INFO - Job 718: Subtask load_refined
[2025-03-30T12:36:09.761+0000] {task_command.py:467} INFO - Running <TaskInstance: ecommerce_data_pipeline.load_refined scheduled__2025-03-30T12:35:00+00:00 [running]> on host 778b271a0247
[2025-03-30T12:36:09.876+0000] {taskinstance.py:3134} INFO - Exporting env vars: AIRFLOW_CTX_DAG_OWNER='***' AIRFLOW_CTX_DAG_ID='ecommerce_data_pipeline' AIRFLOW_CTX_TASK_ID='load_refined' AIRFLOW_CTX_EXECUTION_DATE='2025-03-30T12:35:00+00:00' AIRFLOW_CTX_TRY_NUMBER='1' AIRFLOW_CTX_DAG_RUN_ID='scheduled__2025-03-30T12:35:00+00:00'
[2025-03-30T12:36:09.878+0000] {logging_mixin.py:190} INFO - Task instance is in running state
[2025-03-30T12:36:09.879+0000] {logging_mixin.py:190} INFO -  Previous state of the Task instance: queued
[2025-03-30T12:36:09.879+0000] {logging_mixin.py:190} INFO - Current task name:load_refined state:running start_date:2025-03-30 12:36:09.650605+00:00
[2025-03-30T12:36:09.880+0000] {logging_mixin.py:190} INFO - Dag name:ecommerce_data_pipeline and current dag run status:running
[2025-03-30T12:36:09.881+0000] {taskinstance.py:732} INFO - ::endgroup::
[2025-03-30T12:36:09.882+0000] {Gestioncommands.py:108} INFO - Mise à jour des tables transformées...
[2025-03-30T12:36:10.008+0000] {Gestioncommands.py:225} INFO - Mise à jour des tables transformées terminée
[2025-03-30T12:36:10.009+0000] {python.py:240} INFO - Done. Returned value was: None
[2025-03-30T12:36:10.024+0000] {taskinstance.py:341} INFO - ::group::Post task execution logs
[2025-03-30T12:36:10.025+0000] {taskinstance.py:353} INFO - Marking task as SUCCESS. dag_id=ecommerce_data_pipeline, task_id=load_refined, run_id=scheduled__2025-03-30T12:35:00+00:00, execution_date=20250330T123500, start_date=20250330T123609, end_date=20250330T123610
[2025-03-30T12:36:10.057+0000] {logging_mixin.py:190} INFO - Task instance in success state
[2025-03-30T12:36:10.058+0000] {logging_mixin.py:190} INFO -  Previous state of the Task instance: running
[2025-03-30T12:36:10.059+0000] {logging_mixin.py:190} INFO - Dag name:ecommerce_data_pipeline queued_at:2025-03-30 12:36:00.119086+00:00
[2025-03-30T12:36:10.060+0000] {logging_mixin.py:190} INFO - Task hostname:778b271a0247 operator:PythonOperator
[2025-03-30T12:36:10.076+0000] {local_task_job_runner.py:266} INFO - Task exited with return code 0
[2025-03-30T12:36:10.097+0000] {taskinstance.py:3901} INFO - 0 downstream tasks scheduled from follow-on schedule check
[2025-03-30T12:36:10.100+0000] {local_task_job_runner.py:245} INFO - ::endgroup::
