[2025-03-30T12:35:05.965+0000] {local_task_job_runner.py:123} INFO - ::group::Pre task execution logs
[2025-03-30T12:35:06.137+0000] {taskinstance.py:2614} INFO - Dependencies all met for dep_context=non-requeueable deps ti=<TaskInstance: ecommerce_data_pipeline.store_data scheduled__2025-03-30T12:34:00+00:00 [queued]>
[2025-03-30T12:35:06.147+0000] {taskinstance.py:2614} INFO - Dependencies all met for dep_context=requeueable deps ti=<TaskInstance: ecommerce_data_pipeline.store_data scheduled__2025-03-30T12:34:00+00:00 [queued]>
[2025-03-30T12:35:06.148+0000] {taskinstance.py:2867} INFO - Starting attempt 1 of 2
[2025-03-30T12:35:06.161+0000] {taskinstance.py:2890} INFO - Executing <Task(PythonOperator): store_data> on 2025-03-30 12:34:00+00:00
[2025-03-30T12:35:06.169+0000] {warnings.py:112} WARNING - /home/***/.local/lib/python3.12/site-packages/***/task/task_runner/standard_task_runner.py:70: DeprecationWarning: This process (pid=221) is multi-threaded, use of fork() may lead to deadlocks in the child.
  pid = os.fork()

[2025-03-30T12:35:06.171+0000] {standard_task_runner.py:72} INFO - Started process 223 to run task
[2025-03-30T12:35:06.171+0000] {standard_task_runner.py:104} INFO - Running: ['***', 'tasks', 'run', 'ecommerce_data_pipeline', 'store_data', 'scheduled__2025-03-30T12:34:00+00:00', '--job-id', '714', '--raw', '--subdir', 'DAGS_FOLDER/Gestioncommands.py', '--cfg-path', '/tmp/tmpyq89qyow']
[2025-03-30T12:35:06.173+0000] {standard_task_runner.py:105} INFO - Job 714: Subtask store_data
[2025-03-30T12:35:06.222+0000] {task_command.py:467} INFO - Running <TaskInstance: ecommerce_data_pipeline.store_data scheduled__2025-03-30T12:34:00+00:00 [running]> on host 778b271a0247
[2025-03-30T12:35:06.315+0000] {taskinstance.py:3134} INFO - Exporting env vars: AIRFLOW_CTX_DAG_OWNER='***' AIRFLOW_CTX_DAG_ID='ecommerce_data_pipeline' AIRFLOW_CTX_TASK_ID='store_data' AIRFLOW_CTX_EXECUTION_DATE='2025-03-30T12:34:00+00:00' AIRFLOW_CTX_TRY_NUMBER='1' AIRFLOW_CTX_DAG_RUN_ID='scheduled__2025-03-30T12:34:00+00:00'
[2025-03-30T12:35:06.317+0000] {logging_mixin.py:190} INFO - Task instance is in running state
[2025-03-30T12:35:06.318+0000] {logging_mixin.py:190} INFO -  Previous state of the Task instance: queued
[2025-03-30T12:35:06.318+0000] {logging_mixin.py:190} INFO - Current task name:store_data state:running start_date:2025-03-30 12:35:06.138494+00:00
[2025-03-30T12:35:06.319+0000] {logging_mixin.py:190} INFO - Dag name:ecommerce_data_pipeline and current dag run status:running
[2025-03-30T12:35:06.320+0000] {taskinstance.py:732} INFO - ::endgroup::
[2025-03-30T12:35:06.331+0000] {Gestioncommands.py:44} INFO - Début du stockage incrémental...
[2025-03-30T12:35:06.391+0000] {Gestioncommands.py:100} INFO - -1 nouvelles commandes ajoutées
[2025-03-30T12:35:06.431+0000] {python.py:240} INFO - Done. Returned value was: None
[2025-03-30T12:35:06.443+0000] {taskinstance.py:341} INFO - ::group::Post task execution logs
[2025-03-30T12:35:06.444+0000] {taskinstance.py:353} INFO - Marking task as SUCCESS. dag_id=ecommerce_data_pipeline, task_id=store_data, run_id=scheduled__2025-03-30T12:34:00+00:00, execution_date=20250330T123400, start_date=20250330T123506, end_date=20250330T123506
[2025-03-30T12:35:06.473+0000] {logging_mixin.py:190} INFO - Task instance in success state
[2025-03-30T12:35:06.474+0000] {logging_mixin.py:190} INFO -  Previous state of the Task instance: running
[2025-03-30T12:35:06.475+0000] {logging_mixin.py:190} INFO - Dag name:ecommerce_data_pipeline queued_at:2025-03-30 12:35:00.296542+00:00
[2025-03-30T12:35:06.476+0000] {logging_mixin.py:190} INFO - Task hostname:778b271a0247 operator:PythonOperator
[2025-03-30T12:35:06.508+0000] {local_task_job_runner.py:266} INFO - Task exited with return code 0
[2025-03-30T12:35:06.537+0000] {taskinstance.py:3901} INFO - 1 downstream tasks scheduled from follow-on schedule check
[2025-03-30T12:35:06.539+0000] {local_task_job_runner.py:245} INFO - ::endgroup::
