[2025-03-28T16:25:25.746+0000] {local_task_job_runner.py:123} INFO - ::group::Pre task execution logs
[2025-03-28T16:25:25.881+0000] {taskinstance.py:2614} INFO - Dependencies all met for dep_context=non-requeueable deps ti=<TaskInstance: Etl_pipeline_order_management.store_data manual__2025-03-28T16:25:20.003071+00:00 [queued]>
[2025-03-28T16:25:25.889+0000] {taskinstance.py:2614} INFO - Dependencies all met for dep_context=requeueable deps ti=<TaskInstance: Etl_pipeline_order_management.store_data manual__2025-03-28T16:25:20.003071+00:00 [queued]>
[2025-03-28T16:25:25.890+0000] {taskinstance.py:2867} INFO - Starting attempt 1 of 2
[2025-03-28T16:25:25.909+0000] {taskinstance.py:2890} INFO - Executing <Task(PythonOperator): store_data> on 2025-03-28 16:25:20.003071+00:00
[2025-03-28T16:25:25.916+0000] {warnings.py:112} WARNING - /home/***/.local/lib/python3.12/site-packages/***/task/task_runner/standard_task_runner.py:70: DeprecationWarning: This process (pid=178) is multi-threaded, use of fork() may lead to deadlocks in the child.
  pid = os.fork()

[2025-03-28T16:25:25.918+0000] {standard_task_runner.py:72} INFO - Started process 180 to run task
[2025-03-28T16:25:25.919+0000] {standard_task_runner.py:104} INFO - Running: ['***', 'tasks', 'run', 'Etl_pipeline_order_management', 'store_data', 'manual__2025-03-28T16:25:20.003071+00:00', '--job-id', '14', '--raw', '--subdir', 'DAGS_FOLDER/Gestioncommands.py', '--cfg-path', '/tmp/tmp3h39p_as']
[2025-03-28T16:25:25.920+0000] {standard_task_runner.py:105} INFO - Job 14: Subtask store_data
[2025-03-28T16:25:25.960+0000] {task_command.py:467} INFO - Running <TaskInstance: Etl_pipeline_order_management.store_data manual__2025-03-28T16:25:20.003071+00:00 [running]> on host 499696d11f67
[2025-03-28T16:25:26.022+0000] {taskinstance.py:3134} INFO - Exporting env vars: AIRFLOW_CTX_DAG_OWNER='***' AIRFLOW_CTX_DAG_ID='Etl_pipeline_order_management' AIRFLOW_CTX_TASK_ID='store_data' AIRFLOW_CTX_EXECUTION_DATE='2025-03-28T16:25:20.003071+00:00' AIRFLOW_CTX_TRY_NUMBER='1' AIRFLOW_CTX_DAG_RUN_ID='manual__2025-03-28T16:25:20.003071+00:00'
[2025-03-28T16:25:26.023+0000] {logging_mixin.py:190} INFO - Task instance is in running state
[2025-03-28T16:25:26.024+0000] {logging_mixin.py:190} INFO -  Previous state of the Task instance: queued
[2025-03-28T16:25:26.025+0000] {logging_mixin.py:190} INFO - Current task name:store_data state:running start_date:2025-03-28 16:25:25.882775+00:00
[2025-03-28T16:25:26.025+0000] {logging_mixin.py:190} INFO - Dag name:Etl_pipeline_order_management and current dag run status:running
[2025-03-28T16:25:26.026+0000] {taskinstance.py:732} INFO - ::endgroup::
[2025-03-28T16:25:26.027+0000] {Gestioncommands.py:43} INFO - Retrieving CSV data from XCom...
[2025-03-28T16:25:26.035+0000] {Gestioncommands.py:139} ERROR - Error during storing data: name 'io' is not defined
[2025-03-28T16:25:26.036+0000] {taskinstance.py:3313} ERROR - Task failed with exception
Traceback (most recent call last):
  File "/home/airflow/.local/lib/python3.12/site-packages/airflow/models/taskinstance.py", line 768, in _execute_task
    result = _execute_callable(context=context, **execute_callable_kwargs)
             ^^^^^^^^^^^^^^^^^^^^^^^^^^^^^^^^^^^^^^^^^^^^^^^^^^^^^^^^^^^^^
  File "/home/airflow/.local/lib/python3.12/site-packages/airflow/models/taskinstance.py", line 734, in _execute_callable
    return ExecutionCallableRunner(
           ^^^^^^^^^^^^^^^^^^^^^^^^
  File "/home/airflow/.local/lib/python3.12/site-packages/airflow/utils/operator_helpers.py", line 252, in run
    return self.func(*args, **kwargs)
           ^^^^^^^^^^^^^^^^^^^^^^^^^^
  File "/home/airflow/.local/lib/python3.12/site-packages/airflow/models/baseoperator.py", line 424, in wrapper
    return func(self, *args, **kwargs)
           ^^^^^^^^^^^^^^^^^^^^^^^^^^^
  File "/home/airflow/.local/lib/python3.12/site-packages/airflow/operators/python.py", line 238, in execute
    return_value = self.execute_callable()
                   ^^^^^^^^^^^^^^^^^^^^^^^
  File "/home/airflow/.local/lib/python3.12/site-packages/airflow/operators/python.py", line 256, in execute_callable
    return runner.run(*self.op_args, **self.op_kwargs)
           ^^^^^^^^^^^^^^^^^^^^^^^^^^^^^^^^^^^^^^^^^^^
  File "/home/airflow/.local/lib/python3.12/site-packages/airflow/utils/operator_helpers.py", line 252, in run
    return self.func(*args, **kwargs)
           ^^^^^^^^^^^^^^^^^^^^^^^^^^
  File "/opt/airflow/dags/Gestioncommands.py", line 49, in store_data
    csv_data = io.StringIO(csv_content)
               ^^
NameError: name 'io' is not defined. Did you forget to import 'io'
[2025-03-28T16:25:26.050+0000] {logging_mixin.py:190} INFO - Task instance in failure state
[2025-03-28T16:25:26.051+0000] {logging_mixin.py:190} INFO - Task start:2025-03-28 16:25:25.882775+00:00 end:2025-03-28 16:25:26.049691+00:00 duration:0.166916
[2025-03-28T16:25:26.051+0000] {logging_mixin.py:190} INFO - Task:<Task(PythonOperator): store_data> dag:<DAG: Etl_pipeline_order_management> dagrun:<DagRun Etl_pipeline_order_management @ 2025-03-28 16:25:20.003071+00:00: manual__2025-03-28T16:25:20.003071+00:00, state:running, queued_at: 2025-03-28 16:25:20.019959+00:00. externally triggered: True>
[2025-03-28T16:25:26.052+0000] {logging_mixin.py:190} INFO - Failure caused by name 'io' is not defined
[2025-03-28T16:25:26.052+0000] {taskinstance.py:1226} INFO - Marking task as UP_FOR_RETRY. dag_id=Etl_pipeline_order_management, task_id=store_data, run_id=manual__2025-03-28T16:25:20.003071+00:00, execution_date=20250328T162520, start_date=20250328T162525, end_date=20250328T162526
[2025-03-28T16:25:26.086+0000] {taskinstance.py:341} INFO - ::group::Post task execution logs
[2025-03-28T16:25:26.087+0000] {standard_task_runner.py:124} ERROR - Failed to execute job 14 for task store_data (name 'io' is not defined; 180)
Traceback (most recent call last):
  File "/home/airflow/.local/lib/python3.12/site-packages/airflow/task/task_runner/standard_task_runner.py", line 117, in _start_by_fork
    ret = args.func(args, dag=self.dag)
          ^^^^^^^^^^^^^^^^^^^^^^^^^^^^^
  File "/home/airflow/.local/lib/python3.12/site-packages/airflow/cli/cli_config.py", line 49, in command
    return func(*args, **kwargs)
           ^^^^^^^^^^^^^^^^^^^^^
  File "/home/airflow/.local/lib/python3.12/site-packages/airflow/utils/cli.py", line 116, in wrapper
    return f(*args, **kwargs)
           ^^^^^^^^^^^^^^^^^^
  File "/home/airflow/.local/lib/python3.12/site-packages/airflow/cli/commands/task_command.py", line 483, in task_run
    task_return_code = _run_task_by_selected_method(args, _dag, ti)
                       ^^^^^^^^^^^^^^^^^^^^^^^^^^^^^^^^^^^^^^^^^^^^
  File "/home/airflow/.local/lib/python3.12/site-packages/airflow/cli/commands/task_command.py", line 256, in _run_task_by_selected_method
    return _run_raw_task(args, ti)
           ^^^^^^^^^^^^^^^^^^^^^^^
  File "/home/airflow/.local/lib/python3.12/site-packages/airflow/cli/commands/task_command.py", line 341, in _run_raw_task
    return ti._run_raw_task(
           ^^^^^^^^^^^^^^^^^
  File "/home/airflow/.local/lib/python3.12/site-packages/airflow/utils/session.py", line 97, in wrapper
    return func(*args, session=session, **kwargs)
           ^^^^^^^^^^^^^^^^^^^^^^^^^^^^^^^^^^^^^^
  File "/home/airflow/.local/lib/python3.12/site-packages/airflow/models/taskinstance.py", line 3006, in _run_raw_task
    return _run_raw_task(
           ^^^^^^^^^^^^^^
  File "/home/airflow/.local/lib/python3.12/site-packages/airflow/models/taskinstance.py", line 274, in _run_raw_task
    TaskInstance._execute_task_with_callbacks(
  File "/home/airflow/.local/lib/python3.12/site-packages/airflow/models/taskinstance.py", line 3161, in _execute_task_with_callbacks
    result = self._execute_task(context, task_orig)
             ^^^^^^^^^^^^^^^^^^^^^^^^^^^^^^^^^^^^^^
  File "/home/airflow/.local/lib/python3.12/site-packages/airflow/models/taskinstance.py", line 3185, in _execute_task
    return _execute_task(self, context, task_orig)
           ^^^^^^^^^^^^^^^^^^^^^^^^^^^^^^^^^^^^^^^
  File "/home/airflow/.local/lib/python3.12/site-packages/airflow/models/taskinstance.py", line 768, in _execute_task
    result = _execute_callable(context=context, **execute_callable_kwargs)
             ^^^^^^^^^^^^^^^^^^^^^^^^^^^^^^^^^^^^^^^^^^^^^^^^^^^^^^^^^^^^^
  File "/home/airflow/.local/lib/python3.12/site-packages/airflow/models/taskinstance.py", line 734, in _execute_callable
    return ExecutionCallableRunner(
           ^^^^^^^^^^^^^^^^^^^^^^^^
  File "/home/airflow/.local/lib/python3.12/site-packages/airflow/utils/operator_helpers.py", line 252, in run
    return self.func(*args, **kwargs)
           ^^^^^^^^^^^^^^^^^^^^^^^^^^
  File "/home/airflow/.local/lib/python3.12/site-packages/airflow/models/baseoperator.py", line 424, in wrapper
    return func(self, *args, **kwargs)
           ^^^^^^^^^^^^^^^^^^^^^^^^^^^
  File "/home/airflow/.local/lib/python3.12/site-packages/airflow/operators/python.py", line 238, in execute
    return_value = self.execute_callable()
                   ^^^^^^^^^^^^^^^^^^^^^^^
  File "/home/airflow/.local/lib/python3.12/site-packages/airflow/operators/python.py", line 256, in execute_callable
    return runner.run(*self.op_args, **self.op_kwargs)
           ^^^^^^^^^^^^^^^^^^^^^^^^^^^^^^^^^^^^^^^^^^^
  File "/home/airflow/.local/lib/python3.12/site-packages/airflow/utils/operator_helpers.py", line 252, in run
    return self.func(*args, **kwargs)
           ^^^^^^^^^^^^^^^^^^^^^^^^^^
  File "/opt/airflow/dags/Gestioncommands.py", line 49, in store_data
    csv_data = io.StringIO(csv_content)
               ^^
NameError: name 'io' is not defined. Did you forget to import 'io'
[2025-03-28T16:25:26.134+0000] {local_task_job_runner.py:266} INFO - Task exited with return code 1
[2025-03-28T16:25:26.155+0000] {taskinstance.py:3901} INFO - 0 downstream tasks scheduled from follow-on schedule check
[2025-03-28T16:25:26.157+0000] {local_task_job_runner.py:245} INFO - ::endgroup::
