[2025-03-30T12:44:07.772+0000] {local_task_job_runner.py:123} INFO - ::group::Pre task execution logs
[2025-03-30T12:44:07.983+0000] {taskinstance.py:2614} INFO - Dependencies all met for dep_context=non-requeueable deps ti=<TaskInstance: ecommerce_data_pipeline.store_data manual__2025-03-30T12:44:00.555845+00:00 [queued]>
[2025-03-30T12:44:07.996+0000] {taskinstance.py:2614} INFO - Dependencies all met for dep_context=requeueable deps ti=<TaskInstance: ecommerce_data_pipeline.store_data manual__2025-03-30T12:44:00.555845+00:00 [queued]>
[2025-03-30T12:44:07.997+0000] {taskinstance.py:2867} INFO - Starting attempt 1 of 2
[2025-03-30T12:44:08.016+0000] {taskinstance.py:2890} INFO - Executing <Task(PythonOperator): store_data> on 2025-03-30 12:44:00.555845+00:00
[2025-03-30T12:44:08.025+0000] {warnings.py:112} WARNING - /home/***/.local/lib/python3.12/site-packages/***/task/task_runner/standard_task_runner.py:70: DeprecationWarning: This process (pid=918) is multi-threaded, use of fork() may lead to deadlocks in the child.
  pid = os.fork()

[2025-03-30T12:44:08.028+0000] {standard_task_runner.py:72} INFO - Started process 929 to run task
[2025-03-30T12:44:08.028+0000] {standard_task_runner.py:104} INFO - Running: ['***', 'tasks', 'run', 'ecommerce_data_pipeline', 'store_data', 'manual__2025-03-30T12:44:00.555845+00:00', '--job-id', '756', '--raw', '--subdir', 'DAGS_FOLDER/Gestioncommands.py', '--cfg-path', '/tmp/tmpmcz1_g1i']
[2025-03-30T12:44:08.030+0000] {standard_task_runner.py:105} INFO - Job 756: Subtask store_data
[2025-03-30T12:44:08.104+0000] {task_command.py:467} INFO - Running <TaskInstance: ecommerce_data_pipeline.store_data manual__2025-03-30T12:44:00.555845+00:00 [running]> on host 778b271a0247
[2025-03-30T12:44:08.222+0000] {taskinstance.py:3134} INFO - Exporting env vars: AIRFLOW_CTX_DAG_OWNER='***' AIRFLOW_CTX_DAG_ID='ecommerce_data_pipeline' AIRFLOW_CTX_TASK_ID='store_data' AIRFLOW_CTX_EXECUTION_DATE='2025-03-30T12:44:00.555845+00:00' AIRFLOW_CTX_TRY_NUMBER='1' AIRFLOW_CTX_DAG_RUN_ID='manual__2025-03-30T12:44:00.555845+00:00'
[2025-03-30T12:44:08.224+0000] {logging_mixin.py:190} INFO - Task instance is in running state
[2025-03-30T12:44:08.225+0000] {logging_mixin.py:190} INFO -  Previous state of the Task instance: queued
[2025-03-30T12:44:08.226+0000] {logging_mixin.py:190} INFO - Current task name:store_data state:running start_date:2025-03-30 12:44:07.984464+00:00
[2025-03-30T12:44:08.227+0000] {logging_mixin.py:190} INFO - Dag name:ecommerce_data_pipeline and current dag run status:running
[2025-03-30T12:44:08.228+0000] {taskinstance.py:732} INFO - ::endgroup::
[2025-03-30T12:44:08.241+0000] {Gestioncommands.py:44} INFO - Début du stockage incrémental...
[2025-03-30T12:44:08.331+0000] {Gestioncommands.py:100} INFO - -1 nouvelles commandes ajoutées
[2025-03-30T12:44:08.388+0000] {python.py:240} INFO - Done. Returned value was: None
[2025-03-30T12:44:08.403+0000] {taskinstance.py:341} INFO - ::group::Post task execution logs
[2025-03-30T12:44:08.404+0000] {taskinstance.py:353} INFO - Marking task as SUCCESS. dag_id=ecommerce_data_pipeline, task_id=store_data, run_id=manual__2025-03-30T12:44:00.555845+00:00, execution_date=20250330T124400, start_date=20250330T124407, end_date=20250330T124408
[2025-03-30T12:44:08.437+0000] {logging_mixin.py:190} INFO - Task instance in success state
[2025-03-30T12:44:08.438+0000] {logging_mixin.py:190} INFO -  Previous state of the Task instance: running
[2025-03-30T12:44:08.439+0000] {logging_mixin.py:190} INFO - Dag name:ecommerce_data_pipeline queued_at:2025-03-30 12:44:00.569665+00:00
[2025-03-30T12:44:08.440+0000] {logging_mixin.py:190} INFO - Task hostname:778b271a0247 operator:PythonOperator
[2025-03-30T12:44:08.486+0000] {local_task_job_runner.py:266} INFO - Task exited with return code 0
[2025-03-30T12:44:08.518+0000] {taskinstance.py:3901} INFO - 1 downstream tasks scheduled from follow-on schedule check
[2025-03-30T12:44:08.521+0000] {local_task_job_runner.py:245} INFO - ::endgroup::
