[2025-03-30T02:33:10.545+0000] {local_task_job_runner.py:123} INFO - ::group::Pre task execution logs
[2025-03-30T02:33:10.565+0000] {taskinstance.py:2614} INFO - Dependencies all met for dep_context=non-requeueable deps ti=<TaskInstance: ecommerce_data_pipeline.transform_data scheduled__2025-03-30T02:32:00+00:00 [queued]>
[2025-03-30T02:33:10.575+0000] {taskinstance.py:2614} INFO - Dependencies all met for dep_context=requeueable deps ti=<TaskInstance: ecommerce_data_pipeline.transform_data scheduled__2025-03-30T02:32:00+00:00 [queued]>
[2025-03-30T02:33:10.576+0000] {taskinstance.py:2867} INFO - Starting attempt 1 of 2
[2025-03-30T02:33:10.590+0000] {taskinstance.py:2890} INFO - Executing <Task(PythonOperator): transform_data> on 2025-03-30 02:32:00+00:00
[2025-03-30T02:33:10.600+0000] {warnings.py:112} WARNING - /home/***/.local/lib/python3.12/site-packages/***/task/task_runner/standard_task_runner.py:70: DeprecationWarning: This process (pid=4501) is multi-threaded, use of fork() may lead to deadlocks in the child.
  pid = os.fork()

[2025-03-30T02:33:10.602+0000] {standard_task_runner.py:72} INFO - Started process 4503 to run task
[2025-03-30T02:33:10.602+0000] {standard_task_runner.py:104} INFO - Running: ['***', 'tasks', 'run', 'ecommerce_data_pipeline', 'transform_data', 'scheduled__2025-03-30T02:32:00+00:00', '--job-id', '553', '--raw', '--subdir', 'DAGS_FOLDER/Gestioncommands.py', '--cfg-path', '/tmp/tmp2rsqrfin']
[2025-03-30T02:33:10.604+0000] {standard_task_runner.py:105} INFO - Job 553: Subtask transform_data
[2025-03-30T02:33:10.654+0000] {task_command.py:467} INFO - Running <TaskInstance: ecommerce_data_pipeline.transform_data scheduled__2025-03-30T02:32:00+00:00 [running]> on host 778b271a0247
[2025-03-30T02:33:10.737+0000] {taskinstance.py:3134} INFO - Exporting env vars: AIRFLOW_CTX_DAG_OWNER='admin' AIRFLOW_CTX_DAG_ID='ecommerce_data_pipeline' AIRFLOW_CTX_TASK_ID='transform_data' AIRFLOW_CTX_EXECUTION_DATE='2025-03-30T02:32:00+00:00' AIRFLOW_CTX_TRY_NUMBER='1' AIRFLOW_CTX_DAG_RUN_ID='scheduled__2025-03-30T02:32:00+00:00'
[2025-03-30T02:33:10.739+0000] {logging_mixin.py:190} INFO - Task instance is in running state
[2025-03-30T02:33:10.740+0000] {logging_mixin.py:190} INFO -  Previous state of the Task instance: queued
[2025-03-30T02:33:10.741+0000] {logging_mixin.py:190} INFO - Current task name:transform_data state:running start_date:2025-03-30 02:33:10.566463+00:00
[2025-03-30T02:33:10.742+0000] {logging_mixin.py:190} INFO - Dag name:ecommerce_data_pipeline and current dag run status:running
[2025-03-30T02:33:10.742+0000] {taskinstance.py:732} INFO - ::endgroup::
[2025-03-30T02:33:10.744+0000] {Gestioncommands.py:117} INFO - Starting data transformation...
[2025-03-30T02:33:10.790+0000] {Gestioncommands.py:135} INFO - Refined table 'clients' created successfully
[2025-03-30T02:33:10.796+0000] {Gestioncommands.py:149} INFO - Refined table 'commandes' created successfully
[2025-03-30T02:33:10.802+0000] {Gestioncommands.py:168} INFO - Refined table 'details_commandes' created successfully
[2025-03-30T02:33:10.809+0000] {Gestioncommands.py:181} INFO - Refined table 'produits' created successfully
[2025-03-30T02:33:10.816+0000] {Gestioncommands.py:195} INFO - Refined table 'paiements' created successfully
[2025-03-30T02:33:10.835+0000] {Gestioncommands.py:197} INFO - Data transformation completed
[2025-03-30T02:33:10.836+0000] {python.py:240} INFO - Done. Returned value was: None
[2025-03-30T02:33:10.846+0000] {taskinstance.py:341} INFO - ::group::Post task execution logs
[2025-03-30T02:33:10.847+0000] {taskinstance.py:353} INFO - Marking task as SUCCESS. dag_id=ecommerce_data_pipeline, task_id=transform_data, run_id=scheduled__2025-03-30T02:32:00+00:00, execution_date=20250330T023200, start_date=20250330T023310, end_date=20250330T023310
[2025-03-30T02:33:10.868+0000] {logging_mixin.py:190} INFO - Task instance in success state
[2025-03-30T02:33:10.869+0000] {logging_mixin.py:190} INFO -  Previous state of the Task instance: running
[2025-03-30T02:33:10.870+0000] {logging_mixin.py:190} INFO - Dag name:ecommerce_data_pipeline queued_at:2025-03-30 02:33:00.142880+00:00
[2025-03-30T02:33:10.870+0000] {logging_mixin.py:190} INFO - Task hostname:778b271a0247 operator:PythonOperator
[2025-03-30T02:33:10.899+0000] {local_task_job_runner.py:266} INFO - Task exited with return code 0
[2025-03-30T02:33:10.917+0000] {taskinstance.py:3901} INFO - 0 downstream tasks scheduled from follow-on schedule check
[2025-03-30T02:33:10.920+0000] {local_task_job_runner.py:245} INFO - ::endgroup::
