[2025-03-30T12:14:35.951+0000] {local_task_job_runner.py:123} INFO - ::group::Pre task execution logs
[2025-03-30T12:14:36.200+0000] {taskinstance.py:2614} INFO - Dependencies all met for dep_context=non-requeueable deps ti=<TaskInstance: ecommerce_data_pipeline.fetch_data scheduled__2025-03-30T12:13:00+00:00 [queued]>
[2025-03-30T12:14:36.213+0000] {taskinstance.py:2614} INFO - Dependencies all met for dep_context=requeueable deps ti=<TaskInstance: ecommerce_data_pipeline.fetch_data scheduled__2025-03-30T12:13:00+00:00 [queued]>
[2025-03-30T12:14:36.216+0000] {taskinstance.py:2867} INFO - Starting attempt 1 of 2
[2025-03-30T12:14:36.238+0000] {taskinstance.py:2890} INFO - Executing <Task(PythonOperator): fetch_data> on 2025-03-30 12:13:00+00:00
[2025-03-30T12:14:36.249+0000] {warnings.py:112} WARNING - /home/***/.local/lib/python3.12/site-packages/***/task/task_runner/standard_task_runner.py:70: DeprecationWarning: This process (pid=136) is multi-threaded, use of fork() may lead to deadlocks in the child.
  pid = os.fork()

[2025-03-30T12:14:36.252+0000] {standard_task_runner.py:72} INFO - Started process 140 to run task
[2025-03-30T12:14:36.253+0000] {standard_task_runner.py:104} INFO - Running: ['***', 'tasks', 'run', 'ecommerce_data_pipeline', 'fetch_data', 'scheduled__2025-03-30T12:13:00+00:00', '--job-id', '655', '--raw', '--subdir', 'DAGS_FOLDER/Gestioncommands.py', '--cfg-path', '/tmp/tmpl7q4sien']
[2025-03-30T12:14:36.254+0000] {standard_task_runner.py:105} INFO - Job 655: Subtask fetch_data
[2025-03-30T12:14:36.326+0000] {task_command.py:467} INFO - Running <TaskInstance: ecommerce_data_pipeline.fetch_data scheduled__2025-03-30T12:13:00+00:00 [running]> on host 778b271a0247
[2025-03-30T12:14:36.465+0000] {taskinstance.py:3134} INFO - Exporting env vars: AIRFLOW_CTX_DAG_OWNER='***' AIRFLOW_CTX_DAG_ID='ecommerce_data_pipeline' AIRFLOW_CTX_TASK_ID='fetch_data' AIRFLOW_CTX_EXECUTION_DATE='2025-03-30T12:13:00+00:00' AIRFLOW_CTX_TRY_NUMBER='1' AIRFLOW_CTX_DAG_RUN_ID='scheduled__2025-03-30T12:13:00+00:00'
[2025-03-30T12:14:36.467+0000] {logging_mixin.py:190} INFO - Task instance is in running state
[2025-03-30T12:14:36.468+0000] {logging_mixin.py:190} INFO -  Previous state of the Task instance: queued
[2025-03-30T12:14:36.469+0000] {logging_mixin.py:190} INFO - Current task name:fetch_data state:running start_date:2025-03-30 12:14:36.201468+00:00
[2025-03-30T12:14:36.470+0000] {logging_mixin.py:190} INFO - Dag name:ecommerce_data_pipeline and current dag run status:running
[2025-03-30T12:14:36.471+0000] {taskinstance.py:732} INFO - ::endgroup::
[2025-03-30T12:14:36.473+0000] {Gestioncommands.py:31} INFO - Fetching data from API...
[2025-03-30T12:14:37.030+0000] {warnings.py:112} WARNING - /home/***/.local/lib/python3.12/site-packages/urllib3/connectionpool.py:1097: InsecureRequestWarning: Unverified HTTPS request is being made to host 'my.api.mockaroo.com'. Adding certificate verification is strongly advised. See: https://urllib3.readthedocs.io/en/latest/advanced-usage.html#tls-warnings
  warnings.warn(

[2025-03-30T12:14:37.768+0000] {Gestioncommands.py:35} INFO - Data fetched successfully.
[2025-03-30T12:14:37.771+0000] {python.py:240} INFO - Done. Returned value was: commande_id,date_commande,client_id,montant_total,statut,produit_id,nom_produit,prix_unitaire,stock,quantite,sous_total,nom_client,email,ville,pays,genre ,paiement_id,mode_paiement,statut_paiement,date_paiement
1319,2021-03-19,129,3609.31,Delivered,619,Truffle Shells - Semi - Sweet,242.51,37,2,485.02,Thayne Fellis,tfellis0@thetimes.co.uk,Mymensingh,Bangladesh,M,332,PayPal,cancel,2022-11-21
8689,2020-09-17,226,871.76,Pending,642,Longos - Grilled Veg Sandwiches,35.7,18,2,71.4,Muriel Bloggett,mbloggett1@whitehouse.gov,Brckovljani,Croatia,F,289,Transfer,cancel,2022-03-01
7620,2023-05-07,473,5033.04,Pending,518,Chocolate Bar - Coffee Crisp,244.97,19,2,489.94,Jeannine Tighe,jtighe2@apache.org,Sindang,Indonesia,F,632,PayPal,cancel,2023-08-01
8152,2021-06-25,118,2987.44,Shipped,800,Bread - Onion Focaccia,455.42,26,2,910.84,Arv Tertre,atertre3@eventbrite.com,Brooklyn,United States,F,590,Bank card,pending,2023-03-11
1422,2022-06-12,706,1230.19,Shipped,790,Spinach - Packaged,328.32,23,1,328.32,Trixy Pedley,tpedley4@webs.com,Juwana,Indonesia,F,353,Bank card,valid,2020-10-20
3633,2022-11-20,858,2320.53,Shipped,598,Pepper - Chili Powder,112.4,33,1,112.4,Ellery Sheryn,esheryn5@jigsy.com,Piedra del Águila,Argentina,F,680,Bank card,cancel,2021-03-17
6380,2024-01-26,226,5863.86,Delivered,625,Beef - Striploin Aa,463.19,34,1,463.19,Boothe Spadazzi,bspadazzi6@bandcamp.com,Orléans,France,M,494,PayPal,valid,2022-01-28
1094,2022-05-27,469,4426.74,Shipped,623,"Tortillas - Flour, 8",426.84,50,2,853.68,Petunia Crighton,pcrighton7@gravatar.com,Budakovo,Kosovo,F,423,Bank card,cancel,2023-07-15
9826,2022-12-26,568,3867.86,Shipped,745,French Pastry - Mini Chocolate,372.08,20,3,1116.24,Margaretta Elders,melders8@sitemeter.com,Labuan,Philippines,F,990,PayPal,pending,2021-08-27
1380,2023-09-25,368,2269.08,Shipped,691,Mushroom - White Button,412.03,32,1,412.03,Obadiah Ellerby,oellerby9@vinaora.com,Dembéni,Comoros,F,325,Transfer,cancel,2021-09-03

[2025-03-30T12:14:37.799+0000] {taskinstance.py:341} INFO - ::group::Post task execution logs
[2025-03-30T12:14:37.800+0000] {taskinstance.py:353} INFO - Marking task as SUCCESS. dag_id=ecommerce_data_pipeline, task_id=fetch_data, run_id=scheduled__2025-03-30T12:13:00+00:00, execution_date=20250330T121300, start_date=20250330T121436, end_date=20250330T121437
[2025-03-30T12:14:37.828+0000] {logging_mixin.py:190} INFO - Task instance in success state
[2025-03-30T12:14:37.829+0000] {logging_mixin.py:190} INFO -  Previous state of the Task instance: running
[2025-03-30T12:14:37.830+0000] {logging_mixin.py:190} INFO - Dag name:ecommerce_data_pipeline queued_at:2025-03-30 12:14:32.998190+00:00
[2025-03-30T12:14:37.830+0000] {logging_mixin.py:190} INFO - Task hostname:778b271a0247 operator:PythonOperator
[2025-03-30T12:14:37.877+0000] {local_task_job_runner.py:266} INFO - Task exited with return code 0
[2025-03-30T12:14:37.913+0000] {taskinstance.py:3901} INFO - 1 downstream tasks scheduled from follow-on schedule check
[2025-03-30T12:14:37.916+0000] {local_task_job_runner.py:245} INFO - ::endgroup::
