[2025-03-30T12:47:05.945+0000] {local_task_job_runner.py:123} INFO - ::group::Pre task execution logs
[2025-03-30T12:47:06.164+0000] {taskinstance.py:2614} INFO - Dependencies all met for dep_context=non-requeueable deps ti=<TaskInstance: ecommerce_data_pipeline.load_refined manual__2025-03-30T12:46:55.510895+00:00 [queued]>
[2025-03-30T12:47:06.180+0000] {taskinstance.py:2614} INFO - Dependencies all met for dep_context=requeueable deps ti=<TaskInstance: ecommerce_data_pipeline.load_refined manual__2025-03-30T12:46:55.510895+00:00 [queued]>
[2025-03-30T12:47:06.182+0000] {taskinstance.py:2867} INFO - Starting attempt 1 of 2
[2025-03-30T12:47:06.204+0000] {taskinstance.py:2890} INFO - Executing <Task(PythonOperator): load_refined> on 2025-03-30 12:46:55.510895+00:00
[2025-03-30T12:47:06.219+0000] {warnings.py:112} WARNING - /home/***/.local/lib/python3.12/site-packages/***/task/task_runner/standard_task_runner.py:70: DeprecationWarning: This process (pid=1120) is multi-threaded, use of fork() may lead to deadlocks in the child.
  pid = os.fork()

[2025-03-30T12:47:06.221+0000] {standard_task_runner.py:72} INFO - Started process 1124 to run task
[2025-03-30T12:47:06.222+0000] {standard_task_runner.py:104} INFO - Running: ['***', 'tasks', 'run', 'ecommerce_data_pipeline', 'load_refined', 'manual__2025-03-30T12:46:55.510895+00:00', '--job-id', '769', '--raw', '--subdir', 'DAGS_FOLDER/Gestioncommands.py', '--cfg-path', '/tmp/tmpbcw04gin']
[2025-03-30T12:47:06.224+0000] {standard_task_runner.py:105} INFO - Job 769: Subtask load_refined
[2025-03-30T12:47:06.289+0000] {task_command.py:467} INFO - Running <TaskInstance: ecommerce_data_pipeline.load_refined manual__2025-03-30T12:46:55.510895+00:00 [running]> on host 778b271a0247
[2025-03-30T12:47:06.426+0000] {taskinstance.py:3134} INFO - Exporting env vars: AIRFLOW_CTX_DAG_OWNER='***' AIRFLOW_CTX_DAG_ID='ecommerce_data_pipeline' AIRFLOW_CTX_TASK_ID='load_refined' AIRFLOW_CTX_EXECUTION_DATE='2025-03-30T12:46:55.510895+00:00' AIRFLOW_CTX_TRY_NUMBER='1' AIRFLOW_CTX_DAG_RUN_ID='manual__2025-03-30T12:46:55.510895+00:00'
[2025-03-30T12:47:06.433+0000] {logging_mixin.py:190} INFO - Task instance is in running state
[2025-03-30T12:47:06.434+0000] {logging_mixin.py:190} INFO -  Previous state of the Task instance: queued
[2025-03-30T12:47:06.435+0000] {logging_mixin.py:190} INFO - Current task name:load_refined state:running start_date:2025-03-30 12:47:06.165571+00:00
[2025-03-30T12:47:06.436+0000] {logging_mixin.py:190} INFO - Dag name:ecommerce_data_pipeline and current dag run status:running
[2025-03-30T12:47:06.437+0000] {taskinstance.py:732} INFO - ::endgroup::
[2025-03-30T12:47:06.439+0000] {Gestioncommands.py:108} INFO - Mise à jour des tables transformées...
[2025-03-30T12:47:06.645+0000] {Gestioncommands.py:225} INFO - Mise à jour des tables transformées terminée
[2025-03-30T12:47:06.647+0000] {python.py:240} INFO - Done. Returned value was: None
[2025-03-30T12:47:06.664+0000] {taskinstance.py:341} INFO - ::group::Post task execution logs
[2025-03-30T12:47:06.665+0000] {taskinstance.py:353} INFO - Marking task as SUCCESS. dag_id=ecommerce_data_pipeline, task_id=load_refined, run_id=manual__2025-03-30T12:46:55.510895+00:00, execution_date=20250330T124655, start_date=20250330T124706, end_date=20250330T124706
[2025-03-30T12:47:06.704+0000] {logging_mixin.py:190} INFO - Task instance in success state
[2025-03-30T12:47:06.705+0000] {logging_mixin.py:190} INFO -  Previous state of the Task instance: running
[2025-03-30T12:47:06.706+0000] {logging_mixin.py:190} INFO - Dag name:ecommerce_data_pipeline queued_at:2025-03-30 12:46:55.523301+00:00
[2025-03-30T12:47:06.706+0000] {logging_mixin.py:190} INFO - Task hostname:778b271a0247 operator:PythonOperator
[2025-03-30T12:47:06.760+0000] {local_task_job_runner.py:266} INFO - Task exited with return code 0
[2025-03-30T12:47:06.788+0000] {taskinstance.py:3901} INFO - 0 downstream tasks scheduled from follow-on schedule check
[2025-03-30T12:47:06.791+0000] {local_task_job_runner.py:245} INFO - ::endgroup::
