[2025-03-30T12:47:08.080+0000] {local_task_job_runner.py:123} INFO - ::group::Pre task execution logs
[2025-03-30T12:47:08.290+0000] {taskinstance.py:2614} INFO - Dependencies all met for dep_context=non-requeueable deps ti=<TaskInstance: ecommerce_data_pipeline.store_data scheduled__2025-03-30T12:46:00+00:00 [queued]>
[2025-03-30T12:47:08.303+0000] {taskinstance.py:2614} INFO - Dependencies all met for dep_context=requeueable deps ti=<TaskInstance: ecommerce_data_pipeline.store_data scheduled__2025-03-30T12:46:00+00:00 [queued]>
[2025-03-30T12:47:08.304+0000] {taskinstance.py:2867} INFO - Starting attempt 1 of 2
[2025-03-30T12:47:08.322+0000] {taskinstance.py:2890} INFO - Executing <Task(PythonOperator): store_data> on 2025-03-30 12:46:00+00:00
[2025-03-30T12:47:08.333+0000] {warnings.py:112} WARNING - /home/***/.local/lib/python3.12/site-packages/***/task/task_runner/standard_task_runner.py:70: DeprecationWarning: This process (pid=1122) is multi-threaded, use of fork() may lead to deadlocks in the child.
  pid = os.fork()

[2025-03-30T12:47:08.336+0000] {standard_task_runner.py:72} INFO - Started process 1141 to run task
[2025-03-30T12:47:08.336+0000] {standard_task_runner.py:104} INFO - Running: ['***', 'tasks', 'run', 'ecommerce_data_pipeline', 'store_data', 'scheduled__2025-03-30T12:46:00+00:00', '--job-id', '770', '--raw', '--subdir', 'DAGS_FOLDER/Gestioncommands.py', '--cfg-path', '/tmp/tmpss6hv27h']
[2025-03-30T12:47:08.338+0000] {standard_task_runner.py:105} INFO - Job 770: Subtask store_data
[2025-03-30T12:47:08.401+0000] {task_command.py:467} INFO - Running <TaskInstance: ecommerce_data_pipeline.store_data scheduled__2025-03-30T12:46:00+00:00 [running]> on host 778b271a0247
[2025-03-30T12:47:08.510+0000] {taskinstance.py:3134} INFO - Exporting env vars: AIRFLOW_CTX_DAG_OWNER='***' AIRFLOW_CTX_DAG_ID='ecommerce_data_pipeline' AIRFLOW_CTX_TASK_ID='store_data' AIRFLOW_CTX_EXECUTION_DATE='2025-03-30T12:46:00+00:00' AIRFLOW_CTX_TRY_NUMBER='1' AIRFLOW_CTX_DAG_RUN_ID='scheduled__2025-03-30T12:46:00+00:00'
[2025-03-30T12:47:08.512+0000] {logging_mixin.py:190} INFO - Task instance is in running state
[2025-03-30T12:47:08.513+0000] {logging_mixin.py:190} INFO -  Previous state of the Task instance: queued
[2025-03-30T12:47:08.514+0000] {logging_mixin.py:190} INFO - Current task name:store_data state:running start_date:2025-03-30 12:47:08.291782+00:00
[2025-03-30T12:47:08.514+0000] {logging_mixin.py:190} INFO - Dag name:ecommerce_data_pipeline and current dag run status:running
[2025-03-30T12:47:08.515+0000] {taskinstance.py:732} INFO - ::endgroup::
[2025-03-30T12:47:08.528+0000] {Gestioncommands.py:44} INFO - Début du stockage incrémental...
[2025-03-30T12:47:08.607+0000] {Gestioncommands.py:100} INFO - -1 nouvelles commandes ajoutées
[2025-03-30T12:47:08.653+0000] {python.py:240} INFO - Done. Returned value was: None
[2025-03-30T12:47:08.667+0000] {taskinstance.py:341} INFO - ::group::Post task execution logs
[2025-03-30T12:47:08.668+0000] {taskinstance.py:353} INFO - Marking task as SUCCESS. dag_id=ecommerce_data_pipeline, task_id=store_data, run_id=scheduled__2025-03-30T12:46:00+00:00, execution_date=20250330T124600, start_date=20250330T124708, end_date=20250330T124708
[2025-03-30T12:47:08.697+0000] {logging_mixin.py:190} INFO - Task instance in success state
[2025-03-30T12:47:08.698+0000] {logging_mixin.py:190} INFO -  Previous state of the Task instance: running
[2025-03-30T12:47:08.698+0000] {logging_mixin.py:190} INFO - Dag name:ecommerce_data_pipeline queued_at:2025-03-30 12:47:00.515866+00:00
[2025-03-30T12:47:08.699+0000] {logging_mixin.py:190} INFO - Task hostname:778b271a0247 operator:PythonOperator
[2025-03-30T12:47:08.753+0000] {local_task_job_runner.py:266} INFO - Task exited with return code 0
[2025-03-30T12:47:08.787+0000] {taskinstance.py:3901} INFO - 1 downstream tasks scheduled from follow-on schedule check
[2025-03-30T12:47:08.791+0000] {local_task_job_runner.py:245} INFO - ::endgroup::
