[2025-03-30T12:47:39.083+0000] {local_task_job_runner.py:123} INFO - ::group::Pre task execution logs
[2025-03-30T12:47:39.243+0000] {taskinstance.py:2614} INFO - Dependencies all met for dep_context=non-requeueable deps ti=<TaskInstance: ecommerce_data_pipeline.load_refined manual__2025-03-30T12:42:26.518543+00:00 [queued]>
[2025-03-30T12:47:39.253+0000] {taskinstance.py:2614} INFO - Dependencies all met for dep_context=requeueable deps ti=<TaskInstance: ecommerce_data_pipeline.load_refined manual__2025-03-30T12:42:26.518543+00:00 [queued]>
[2025-03-30T12:47:39.254+0000] {taskinstance.py:2867} INFO - Starting attempt 2 of 2
[2025-03-30T12:47:39.267+0000] {taskinstance.py:2890} INFO - Executing <Task(PythonOperator): load_refined> on 2025-03-30 12:42:26.518543+00:00
[2025-03-30T12:47:39.274+0000] {warnings.py:112} WARNING - /home/***/.local/lib/python3.12/site-packages/***/task/task_runner/standard_task_runner.py:70: DeprecationWarning: This process (pid=1203) is multi-threaded, use of fork() may lead to deadlocks in the child.
  pid = os.fork()

[2025-03-30T12:47:39.276+0000] {standard_task_runner.py:72} INFO - Started process 1205 to run task
[2025-03-30T12:47:39.277+0000] {standard_task_runner.py:104} INFO - Running: ['***', 'tasks', 'run', 'ecommerce_data_pipeline', 'load_refined', 'manual__2025-03-30T12:42:26.518543+00:00', '--job-id', '773', '--raw', '--subdir', 'DAGS_FOLDER/Gestioncommands.py', '--cfg-path', '/tmp/tmpy9p0_wdd']
[2025-03-30T12:47:39.278+0000] {standard_task_runner.py:105} INFO - Job 773: Subtask load_refined
[2025-03-30T12:47:39.324+0000] {task_command.py:467} INFO - Running <TaskInstance: ecommerce_data_pipeline.load_refined manual__2025-03-30T12:42:26.518543+00:00 [running]> on host 778b271a0247
[2025-03-30T12:47:39.404+0000] {taskinstance.py:3134} INFO - Exporting env vars: AIRFLOW_CTX_DAG_OWNER='***' AIRFLOW_CTX_DAG_ID='ecommerce_data_pipeline' AIRFLOW_CTX_TASK_ID='load_refined' AIRFLOW_CTX_EXECUTION_DATE='2025-03-30T12:42:26.518543+00:00' AIRFLOW_CTX_TRY_NUMBER='2' AIRFLOW_CTX_DAG_RUN_ID='manual__2025-03-30T12:42:26.518543+00:00'
[2025-03-30T12:47:39.406+0000] {logging_mixin.py:190} INFO - Task instance is in running state
[2025-03-30T12:47:39.407+0000] {logging_mixin.py:190} INFO -  Previous state of the Task instance: queued
[2025-03-30T12:47:39.408+0000] {logging_mixin.py:190} INFO - Current task name:load_refined state:running start_date:2025-03-30 12:47:39.244836+00:00
[2025-03-30T12:47:39.408+0000] {logging_mixin.py:190} INFO - Dag name:ecommerce_data_pipeline and current dag run status:running
[2025-03-30T12:47:39.409+0000] {taskinstance.py:732} INFO - ::endgroup::
[2025-03-30T12:47:39.410+0000] {Gestioncommands.py:108} INFO - Mise à jour des tables transformées...
[2025-03-30T12:47:39.459+0000] {Gestioncommands.py:225} INFO - Mise à jour des tables transformées terminée
[2025-03-30T12:47:39.460+0000] {python.py:240} INFO - Done. Returned value was: None
[2025-03-30T12:47:39.471+0000] {taskinstance.py:341} INFO - ::group::Post task execution logs
[2025-03-30T12:47:39.472+0000] {taskinstance.py:353} INFO - Marking task as SUCCESS. dag_id=ecommerce_data_pipeline, task_id=load_refined, run_id=manual__2025-03-30T12:42:26.518543+00:00, execution_date=20250330T124226, start_date=20250330T124739, end_date=20250330T124739
[2025-03-30T12:47:39.495+0000] {logging_mixin.py:190} INFO - Task instance in success state
[2025-03-30T12:47:39.496+0000] {logging_mixin.py:190} INFO -  Previous state of the Task instance: running
[2025-03-30T12:47:39.496+0000] {logging_mixin.py:190} INFO - Dag name:ecommerce_data_pipeline queued_at:2025-03-30 12:42:26.532269+00:00
[2025-03-30T12:47:39.497+0000] {logging_mixin.py:190} INFO - Task hostname:778b271a0247 operator:PythonOperator
[2025-03-30T12:47:39.532+0000] {local_task_job_runner.py:266} INFO - Task exited with return code 0
[2025-03-30T12:47:39.547+0000] {taskinstance.py:3901} INFO - 0 downstream tasks scheduled from follow-on schedule check
[2025-03-30T12:47:39.550+0000] {local_task_job_runner.py:245} INFO - ::endgroup::
