[2025-03-30T02:14:05.667+0000] {local_task_job_runner.py:123} INFO - ::group::Pre task execution logs
[2025-03-30T02:14:05.825+0000] {taskinstance.py:2614} INFO - Dependencies all met for dep_context=non-requeueable deps ti=<TaskInstance: ecommerce_data_pipeline.store_data scheduled__2025-03-30T02:13:00+00:00 [queued]>
[2025-03-30T02:14:05.836+0000] {taskinstance.py:2614} INFO - Dependencies all met for dep_context=requeueable deps ti=<TaskInstance: ecommerce_data_pipeline.store_data scheduled__2025-03-30T02:13:00+00:00 [queued]>
[2025-03-30T02:14:05.875+0000] {taskinstance.py:2867} INFO - Starting attempt 1 of 2
[2025-03-30T02:14:05.900+0000] {taskinstance.py:2890} INFO - Executing <Task(PythonOperator): store_data> on 2025-03-30 02:13:00+00:00
[2025-03-30T02:14:05.916+0000] {warnings.py:112} WARNING - /home/***/.local/lib/python3.12/site-packages/***/task/task_runner/standard_task_runner.py:70: DeprecationWarning: This process (pid=3439) is multi-threaded, use of fork() may lead to deadlocks in the child.
  pid = os.fork()

[2025-03-30T02:14:05.919+0000] {standard_task_runner.py:72} INFO - Started process 3441 to run task
[2025-03-30T02:14:05.919+0000] {standard_task_runner.py:104} INFO - Running: ['***', 'tasks', 'run', 'ecommerce_data_pipeline', 'store_data', 'scheduled__2025-03-30T02:13:00+00:00', '--job-id', '495', '--raw', '--subdir', 'DAGS_FOLDER/Gestioncommands.py', '--cfg-path', '/tmp/tmplpskdd97']
[2025-03-30T02:14:05.920+0000] {standard_task_runner.py:105} INFO - Job 495: Subtask store_data
[2025-03-30T02:14:05.981+0000] {task_command.py:467} INFO - Running <TaskInstance: ecommerce_data_pipeline.store_data scheduled__2025-03-30T02:13:00+00:00 [running]> on host 778b271a0247
[2025-03-30T02:14:06.085+0000] {taskinstance.py:3134} INFO - Exporting env vars: AIRFLOW_CTX_DAG_OWNER='admin' AIRFLOW_CTX_DAG_ID='ecommerce_data_pipeline' AIRFLOW_CTX_TASK_ID='store_data' AIRFLOW_CTX_EXECUTION_DATE='2025-03-30T02:13:00+00:00' AIRFLOW_CTX_TRY_NUMBER='1' AIRFLOW_CTX_DAG_RUN_ID='scheduled__2025-03-30T02:13:00+00:00'
[2025-03-30T02:14:06.087+0000] {logging_mixin.py:190} INFO - Task instance is in running state
[2025-03-30T02:14:06.088+0000] {logging_mixin.py:190} INFO -  Previous state of the Task instance: queued
[2025-03-30T02:14:06.089+0000] {logging_mixin.py:190} INFO - Current task name:store_data state:running start_date:2025-03-30 02:14:05.826912+00:00
[2025-03-30T02:14:06.090+0000] {logging_mixin.py:190} INFO - Dag name:ecommerce_data_pipeline and current dag run status:running
[2025-03-30T02:14:06.091+0000] {taskinstance.py:732} INFO - ::endgroup::
[2025-03-30T02:14:06.106+0000] {Gestioncommands.py:57} INFO - Loading data into DuckDB...
[2025-03-30T02:14:06.205+0000] {Gestioncommands.py:108} INFO - Data stored successfully
[2025-03-30T02:14:06.206+0000] {python.py:240} INFO - Done. Returned value was: None
[2025-03-30T02:14:06.217+0000] {taskinstance.py:341} INFO - ::group::Post task execution logs
[2025-03-30T02:14:06.218+0000] {taskinstance.py:353} INFO - Marking task as SUCCESS. dag_id=ecommerce_data_pipeline, task_id=store_data, run_id=scheduled__2025-03-30T02:13:00+00:00, execution_date=20250330T021300, start_date=20250330T021405, end_date=20250330T021406
[2025-03-30T02:14:06.246+0000] {logging_mixin.py:190} INFO - Task instance in success state
[2025-03-30T02:14:06.247+0000] {logging_mixin.py:190} INFO -  Previous state of the Task instance: running
[2025-03-30T02:14:06.248+0000] {logging_mixin.py:190} INFO - Dag name:ecommerce_data_pipeline queued_at:2025-03-30 02:14:00.021619+00:00
[2025-03-30T02:14:06.249+0000] {logging_mixin.py:190} INFO - Task hostname:778b271a0247 operator:PythonOperator
[2025-03-30T02:14:06.299+0000] {local_task_job_runner.py:266} INFO - Task exited with return code 0
[2025-03-30T02:14:06.330+0000] {taskinstance.py:3901} INFO - 1 downstream tasks scheduled from follow-on schedule check
[2025-03-30T02:14:06.333+0000] {local_task_job_runner.py:245} INFO - ::endgroup::
