[2025-03-30T12:50:15.659+0000] {local_task_job_runner.py:123} INFO - ::group::Pre task execution logs
[2025-03-30T12:50:15.861+0000] {taskinstance.py:2614} INFO - Dependencies all met for dep_context=non-requeueable deps ti=<TaskInstance: ecommerce_data_pipeline.store_data manual__2025-03-30T12:45:05.246743+00:00 [queued]>
[2025-03-30T12:50:15.874+0000] {taskinstance.py:2614} INFO - Dependencies all met for dep_context=requeueable deps ti=<TaskInstance: ecommerce_data_pipeline.store_data manual__2025-03-30T12:45:05.246743+00:00 [queued]>
[2025-03-30T12:50:15.885+0000] {taskinstance.py:2867} INFO - Starting attempt 2 of 2
[2025-03-30T12:50:15.903+0000] {taskinstance.py:2890} INFO - Executing <Task(PythonOperator): store_data> on 2025-03-30 12:45:05.246743+00:00
[2025-03-30T12:50:15.914+0000] {warnings.py:112} WARNING - /home/***/.local/lib/python3.12/site-packages/***/task/task_runner/standard_task_runner.py:70: DeprecationWarning: This process (pid=1364) is multi-threaded, use of fork() may lead to deadlocks in the child.
  pid = os.fork()

[2025-03-30T12:50:15.917+0000] {standard_task_runner.py:72} INFO - Started process 1366 to run task
[2025-03-30T12:50:15.917+0000] {standard_task_runner.py:104} INFO - Running: ['***', 'tasks', 'run', 'ecommerce_data_pipeline', 'store_data', 'manual__2025-03-30T12:45:05.246743+00:00', '--job-id', '782', '--raw', '--subdir', 'DAGS_FOLDER/Gestioncommands.py', '--cfg-path', '/tmp/tmpz25o7_2z']
[2025-03-30T12:50:15.919+0000] {standard_task_runner.py:105} INFO - Job 782: Subtask store_data
[2025-03-30T12:50:15.989+0000] {task_command.py:467} INFO - Running <TaskInstance: ecommerce_data_pipeline.store_data manual__2025-03-30T12:45:05.246743+00:00 [running]> on host 778b271a0247
[2025-03-30T12:50:16.092+0000] {taskinstance.py:3134} INFO - Exporting env vars: AIRFLOW_CTX_DAG_OWNER='***' AIRFLOW_CTX_DAG_ID='ecommerce_data_pipeline' AIRFLOW_CTX_TASK_ID='store_data' AIRFLOW_CTX_EXECUTION_DATE='2025-03-30T12:45:05.246743+00:00' AIRFLOW_CTX_TRY_NUMBER='2' AIRFLOW_CTX_DAG_RUN_ID='manual__2025-03-30T12:45:05.246743+00:00'
[2025-03-30T12:50:16.094+0000] {logging_mixin.py:190} INFO - Task instance is in running state
[2025-03-30T12:50:16.095+0000] {logging_mixin.py:190} INFO -  Previous state of the Task instance: queued
[2025-03-30T12:50:16.095+0000] {logging_mixin.py:190} INFO - Current task name:store_data state:running start_date:2025-03-30 12:50:15.863004+00:00
[2025-03-30T12:50:16.096+0000] {logging_mixin.py:190} INFO - Dag name:ecommerce_data_pipeline and current dag run status:running
[2025-03-30T12:50:16.097+0000] {taskinstance.py:732} INFO - ::endgroup::
[2025-03-30T12:50:16.109+0000] {Gestioncommands.py:44} INFO - Début du stockage incrémental...
[2025-03-30T12:50:16.170+0000] {Gestioncommands.py:100} INFO - -1 nouvelles commandes ajoutées
[2025-03-30T12:50:16.209+0000] {python.py:240} INFO - Done. Returned value was: None
[2025-03-30T12:50:16.221+0000] {taskinstance.py:341} INFO - ::group::Post task execution logs
[2025-03-30T12:50:16.222+0000] {taskinstance.py:353} INFO - Marking task as SUCCESS. dag_id=ecommerce_data_pipeline, task_id=store_data, run_id=manual__2025-03-30T12:45:05.246743+00:00, execution_date=20250330T124505, start_date=20250330T125015, end_date=20250330T125016
[2025-03-30T12:50:16.251+0000] {logging_mixin.py:190} INFO - Task instance in success state
[2025-03-30T12:50:16.252+0000] {logging_mixin.py:190} INFO -  Previous state of the Task instance: running
[2025-03-30T12:50:16.253+0000] {logging_mixin.py:190} INFO - Dag name:ecommerce_data_pipeline queued_at:2025-03-30 12:45:05.260904+00:00
[2025-03-30T12:50:16.253+0000] {logging_mixin.py:190} INFO - Task hostname:778b271a0247 operator:PythonOperator
[2025-03-30T12:50:16.296+0000] {local_task_job_runner.py:266} INFO - Task exited with return code 0
[2025-03-30T12:50:16.321+0000] {taskinstance.py:3901} INFO - 1 downstream tasks scheduled from follow-on schedule check
[2025-03-30T12:50:16.324+0000] {local_task_job_runner.py:245} INFO - ::endgroup::
