[2025-03-30T01:50:21.646+0000] {local_task_job_runner.py:123} INFO - ::group::Pre task execution logs
[2025-03-30T01:50:21.913+0000] {taskinstance.py:2614} INFO - Dependencies all met for dep_context=non-requeueable deps ti=<TaskInstance: ecommerce_data_pipeline.verify_data scheduled__2025-03-30T01:44:00+00:00 [queued]>
[2025-03-30T01:50:21.929+0000] {taskinstance.py:2614} INFO - Dependencies all met for dep_context=requeueable deps ti=<TaskInstance: ecommerce_data_pipeline.verify_data scheduled__2025-03-30T01:44:00+00:00 [queued]>
[2025-03-30T01:50:21.955+0000] {taskinstance.py:2867} INFO - Starting attempt 2 of 2
[2025-03-30T01:50:21.992+0000] {taskinstance.py:2890} INFO - Executing <Task(PythonOperator): verify_data> on 2025-03-30 01:44:00+00:00
[2025-03-30T01:50:22.011+0000] {warnings.py:112} WARNING - /home/***/.local/lib/python3.12/site-packages/***/task/task_runner/standard_task_runner.py:70: DeprecationWarning: This process (pid=1694) is multi-threaded, use of fork() may lead to deadlocks in the child.
  pid = os.fork()

[2025-03-30T01:50:22.016+0000] {standard_task_runner.py:72} INFO - Started process 1696 to run task
[2025-03-30T01:50:22.017+0000] {standard_task_runner.py:104} INFO - Running: ['***', 'tasks', 'run', 'ecommerce_data_pipeline', 'verify_data', 'scheduled__2025-03-30T01:44:00+00:00', '--job-id', '395', '--raw', '--subdir', 'DAGS_FOLDER/Gestioncommands.py', '--cfg-path', '/tmp/tmpn_ojri00']
[2025-03-30T01:50:22.021+0000] {standard_task_runner.py:105} INFO - Job 395: Subtask verify_data
[2025-03-30T01:50:22.122+0000] {task_command.py:467} INFO - Running <TaskInstance: ecommerce_data_pipeline.verify_data scheduled__2025-03-30T01:44:00+00:00 [running]> on host 778b271a0247
[2025-03-30T01:50:22.317+0000] {taskinstance.py:3134} INFO - Exporting env vars: AIRFLOW_CTX_DAG_OWNER='admin' AIRFLOW_CTX_DAG_ID='ecommerce_data_pipeline' AIRFLOW_CTX_TASK_ID='verify_data' AIRFLOW_CTX_EXECUTION_DATE='2025-03-30T01:44:00+00:00' AIRFLOW_CTX_TRY_NUMBER='2' AIRFLOW_CTX_DAG_RUN_ID='scheduled__2025-03-30T01:44:00+00:00'
[2025-03-30T01:50:22.320+0000] {logging_mixin.py:190} INFO - Task instance is in running state
[2025-03-30T01:50:22.321+0000] {logging_mixin.py:190} INFO -  Previous state of the Task instance: queued
[2025-03-30T01:50:22.322+0000] {logging_mixin.py:190} INFO - Current task name:verify_data state:running start_date:2025-03-30 01:50:21.914852+00:00
[2025-03-30T01:50:22.323+0000] {logging_mixin.py:190} INFO - Dag name:ecommerce_data_pipeline and current dag run status:running
[2025-03-30T01:50:22.324+0000] {taskinstance.py:732} INFO - ::endgroup::
[2025-03-30T01:50:22.325+0000] {Gestioncommands.py:207} INFO - Verifying database content...
[2025-03-30T01:50:22.378+0000] {Gestioncommands.py:219} INFO - Raw tables: [('ecom_db',)]
[2025-03-30T01:50:22.394+0000] {Gestioncommands.py:232} INFO - Refined tables: [('clients',), ('commandes',), ('details_commandes',), ('paiements',), ('produits',)]
[2025-03-30T01:50:22.398+0000] {Gestioncommands.py:239} INFO - Raw table contains 10 records
[2025-03-30T01:50:22.405+0000] {python.py:240} INFO - Done. Returned value was: None
[2025-03-30T01:50:22.420+0000] {taskinstance.py:341} INFO - ::group::Post task execution logs
[2025-03-30T01:50:22.422+0000] {taskinstance.py:353} INFO - Marking task as SUCCESS. dag_id=ecommerce_data_pipeline, task_id=verify_data, run_id=scheduled__2025-03-30T01:44:00+00:00, execution_date=20250330T014400, start_date=20250330T015021, end_date=20250330T015022
[2025-03-30T01:50:22.460+0000] {logging_mixin.py:190} INFO - Task instance in success state
[2025-03-30T01:50:22.461+0000] {logging_mixin.py:190} INFO -  Previous state of the Task instance: running
[2025-03-30T01:50:22.462+0000] {logging_mixin.py:190} INFO - Dag name:ecommerce_data_pipeline queued_at:2025-03-30 01:45:01.107418+00:00
[2025-03-30T01:50:22.462+0000] {logging_mixin.py:190} INFO - Task hostname:778b271a0247 operator:PythonOperator
[2025-03-30T01:50:22.478+0000] {local_task_job_runner.py:266} INFO - Task exited with return code 0
[2025-03-30T01:50:22.506+0000] {taskinstance.py:3901} INFO - 0 downstream tasks scheduled from follow-on schedule check
[2025-03-30T01:50:22.509+0000] {local_task_job_runner.py:245} INFO - ::endgroup::
