[2025-03-28T18:00:03.448+0000] {local_task_job_runner.py:123} INFO - ::group::Pre task execution logs
[2025-03-28T18:00:03.666+0000] {taskinstance.py:2614} INFO - Dependencies all met for dep_context=non-requeueable deps ti=<TaskInstance: Etl_pipeline_order_management.fetch_data scheduled__2025-03-28T17:57:00+00:00 [queued]>
[2025-03-28T18:00:03.676+0000] {taskinstance.py:2614} INFO - Dependencies all met for dep_context=requeueable deps ti=<TaskInstance: Etl_pipeline_order_management.fetch_data scheduled__2025-03-28T17:57:00+00:00 [queued]>
[2025-03-28T18:00:03.681+0000] {taskinstance.py:2867} INFO - Starting attempt 1 of 2
[2025-03-28T18:00:03.699+0000] {taskinstance.py:2890} INFO - Executing <Task(PythonOperator): fetch_data> on 2025-03-28 17:57:00+00:00
[2025-03-28T18:00:03.713+0000] {warnings.py:112} WARNING - /home/***/.local/lib/python3.12/site-packages/***/task/task_runner/standard_task_runner.py:70: DeprecationWarning: This process (pid=1688) is multi-threaded, use of fork() may lead to deadlocks in the child.
  pid = os.fork()

[2025-03-28T18:00:03.716+0000] {standard_task_runner.py:72} INFO - Started process 1697 to run task
[2025-03-28T18:00:03.715+0000] {standard_task_runner.py:104} INFO - Running: ['***', 'tasks', 'run', 'Etl_pipeline_order_management', 'fetch_data', 'scheduled__2025-03-28T17:57:00+00:00', '--job-id', '78', '--raw', '--subdir', 'DAGS_FOLDER/Gestioncommands.py', '--cfg-path', '/tmp/tmp9f7xjxys']
[2025-03-28T18:00:03.717+0000] {standard_task_runner.py:105} INFO - Job 78: Subtask fetch_data
[2025-03-28T18:00:03.794+0000] {task_command.py:467} INFO - Running <TaskInstance: Etl_pipeline_order_management.fetch_data scheduled__2025-03-28T17:57:00+00:00 [running]> on host 499696d11f67
[2025-03-28T18:00:03.926+0000] {taskinstance.py:3134} INFO - Exporting env vars: AIRFLOW_CTX_DAG_OWNER='***' AIRFLOW_CTX_DAG_ID='Etl_pipeline_order_management' AIRFLOW_CTX_TASK_ID='fetch_data' AIRFLOW_CTX_EXECUTION_DATE='2025-03-28T17:57:00+00:00' AIRFLOW_CTX_TRY_NUMBER='1' AIRFLOW_CTX_DAG_RUN_ID='scheduled__2025-03-28T17:57:00+00:00'
[2025-03-28T18:00:03.928+0000] {logging_mixin.py:190} INFO - Task instance is in running state
[2025-03-28T18:00:03.929+0000] {logging_mixin.py:190} INFO -  Previous state of the Task instance: queued
[2025-03-28T18:00:03.930+0000] {logging_mixin.py:190} INFO - Current task name:fetch_data state:running start_date:2025-03-28 18:00:03.667306+00:00
[2025-03-28T18:00:03.931+0000] {logging_mixin.py:190} INFO - Dag name:Etl_pipeline_order_management and current dag run status:running
[2025-03-28T18:00:03.931+0000] {taskinstance.py:732} INFO - ::endgroup::
[2025-03-28T18:00:03.933+0000] {Gestioncommands.py:28} INFO - Fetching data from API...
[2025-03-28T18:00:05.618+0000] {Gestioncommands.py:32} INFO - Data fetched from API successfully.
[2025-03-28T18:00:05.680+0000] {Gestioncommands.py:36} INFO - CSV data pushed to XCom.
[2025-03-28T18:00:05.682+0000] {python.py:240} INFO - Done. Returned value was: None
[2025-03-28T18:00:05.694+0000] {taskinstance.py:341} INFO - ::group::Post task execution logs
[2025-03-28T18:00:05.696+0000] {taskinstance.py:353} INFO - Marking task as SUCCESS. dag_id=Etl_pipeline_order_management, task_id=fetch_data, run_id=scheduled__2025-03-28T17:57:00+00:00, execution_date=20250328T175700, start_date=20250328T180003, end_date=20250328T180005
[2025-03-28T18:00:05.730+0000] {logging_mixin.py:190} INFO - Task instance in success state
[2025-03-28T18:00:05.731+0000] {logging_mixin.py:190} INFO -  Previous state of the Task instance: running
[2025-03-28T18:00:05.732+0000] {logging_mixin.py:190} INFO - Dag name:Etl_pipeline_order_management queued_at:2025-03-28 18:00:00.955257+00:00
[2025-03-28T18:00:05.734+0000] {logging_mixin.py:190} INFO - Task hostname:499696d11f67 operator:PythonOperator
[2025-03-28T18:00:05.745+0000] {local_task_job_runner.py:266} INFO - Task exited with return code 0
[2025-03-28T18:00:05.779+0000] {taskinstance.py:3901} INFO - 1 downstream tasks scheduled from follow-on schedule check
[2025-03-28T18:00:05.784+0000] {local_task_job_runner.py:245} INFO - ::endgroup::
