[2025-03-30T12:47:02.928+0000] {local_task_job_runner.py:123} INFO - ::group::Pre task execution logs
[2025-03-30T12:47:03.134+0000] {taskinstance.py:2614} INFO - Dependencies all met for dep_context=non-requeueable deps ti=<TaskInstance: ecommerce_data_pipeline.fetch_data scheduled__2025-03-30T12:46:00+00:00 [queued]>
[2025-03-30T12:47:03.149+0000] {taskinstance.py:2614} INFO - Dependencies all met for dep_context=requeueable deps ti=<TaskInstance: ecommerce_data_pipeline.fetch_data scheduled__2025-03-30T12:46:00+00:00 [queued]>
[2025-03-30T12:47:03.150+0000] {taskinstance.py:2867} INFO - Starting attempt 1 of 2
[2025-03-30T12:47:03.175+0000] {taskinstance.py:2890} INFO - Executing <Task(PythonOperator): fetch_data> on 2025-03-30 12:46:00+00:00
[2025-03-30T12:47:03.186+0000] {warnings.py:112} WARNING - /home/***/.local/lib/python3.12/site-packages/***/task/task_runner/standard_task_runner.py:70: DeprecationWarning: This process (pid=1097) is multi-threaded, use of fork() may lead to deadlocks in the child.
  pid = os.fork()

[2025-03-30T12:47:03.189+0000] {standard_task_runner.py:72} INFO - Started process 1101 to run task
[2025-03-30T12:47:03.190+0000] {standard_task_runner.py:104} INFO - Running: ['***', 'tasks', 'run', 'ecommerce_data_pipeline', 'fetch_data', 'scheduled__2025-03-30T12:46:00+00:00', '--job-id', '767', '--raw', '--subdir', 'DAGS_FOLDER/Gestioncommands.py', '--cfg-path', '/tmp/tmpye3vlreq']
[2025-03-30T12:47:03.192+0000] {standard_task_runner.py:105} INFO - Job 767: Subtask fetch_data
[2025-03-30T12:47:03.265+0000] {task_command.py:467} INFO - Running <TaskInstance: ecommerce_data_pipeline.fetch_data scheduled__2025-03-30T12:46:00+00:00 [running]> on host 778b271a0247
[2025-03-30T12:47:03.422+0000] {taskinstance.py:3134} INFO - Exporting env vars: AIRFLOW_CTX_DAG_OWNER='***' AIRFLOW_CTX_DAG_ID='ecommerce_data_pipeline' AIRFLOW_CTX_TASK_ID='fetch_data' AIRFLOW_CTX_EXECUTION_DATE='2025-03-30T12:46:00+00:00' AIRFLOW_CTX_TRY_NUMBER='1' AIRFLOW_CTX_DAG_RUN_ID='scheduled__2025-03-30T12:46:00+00:00'
[2025-03-30T12:47:03.425+0000] {logging_mixin.py:190} INFO - Task instance is in running state
[2025-03-30T12:47:03.426+0000] {logging_mixin.py:190} INFO -  Previous state of the Task instance: queued
[2025-03-30T12:47:03.427+0000] {logging_mixin.py:190} INFO - Current task name:fetch_data state:running start_date:2025-03-30 12:47:03.135650+00:00
[2025-03-30T12:47:03.427+0000] {logging_mixin.py:190} INFO - Dag name:ecommerce_data_pipeline and current dag run status:running
[2025-03-30T12:47:03.428+0000] {taskinstance.py:732} INFO - ::endgroup::
[2025-03-30T12:47:03.430+0000] {Gestioncommands.py:31} INFO - Fetching data from API...
[2025-03-30T12:47:04.021+0000] {warnings.py:112} WARNING - /home/***/.local/lib/python3.12/site-packages/urllib3/connectionpool.py:1097: InsecureRequestWarning: Unverified HTTPS request is being made to host 'my.api.mockaroo.com'. Adding certificate verification is strongly advised. See: https://urllib3.readthedocs.io/en/latest/advanced-usage.html#tls-warnings
  warnings.warn(

[2025-03-30T12:47:04.804+0000] {Gestioncommands.py:35} INFO - Data fetched successfully.
[2025-03-30T12:47:04.806+0000] {python.py:240} INFO - Done. Returned value was: commande_id,date_commande,client_id,montant_total,statut,produit_id,nom_produit,prix_unitaire,stock,quantite,sous_total,nom_client,email,ville,pays,genre ,paiement_id,mode_paiement,statut_paiement,date_paiement
7953,2023-12-03,605,5939.83,Delivered,573,Salad Dressing,209.16,15,2,418.32,Alysia Adamides,aadamides0@addtoany.com,Sendang,Indonesia,M,673,Bank card,pending,2020-08-28
2029,2021-04-02,809,4616.07,Shipped,814,"Noodles - Cellophane, Thin",118.39,11,3,355.17,Ines Polkinghorne,ipolkinghorne1@europa.eu,Ayabaca,Peru,M,633,PayPal,cancel,2021-02-21
4984,2023-02-14,327,2219.73,Shipped,505,Tahini Paste,335.01,21,1,335.01,Nat Huffey,nhuffey2@prweb.com,Xambabazar,China,F,410,Bank card,valid,2021-11-16
1034,2020-09-15,450,1246.22,Delivered,766,Onions - Spanish,310.89,7,2,621.78,Mae Thonason,mthonason3@etsy.com,Tiemen,China,M,692,Transfer,pending,2020-11-27
1844,2020-06-08,266,5320.53,Shipped,762,Flour Pastry Super Fine,375.28,36,3,1125.84,Nara Iorns,niorns4@wufoo.com,Carmen,Philippines,F,959,PayPal,pending,2023-09-08
4420,2022-03-31,303,2352.99,Delivered,757,"Ice - Clear, 300 Lb For Carving",180.19,33,3,540.57,Garreth Bottomer,gbottomer5@dropbox.com,Columbus,United States,M,908,Bank card,pending,2023-04-27
5286,2023-09-12,468,3792.79,Pending,542,Foil - Round Foil,347.59,3,3,1042.77,Jesse Cardoo,jcardoo6@com.com,Pantin,France,F,916,Bank card,valid,2021-05-21
9646,2021-11-27,534,5612.46,Delivered,692,Coriander - Ground,229.7,48,2,459.4,Dredi Britner,dbritner7@nih.gov,Baoshi,China,M,744,PayPal,pending,2022-09-02
4177,2020-07-02,528,1258.6,Delivered,514,Maintenance Removal Charge,101.81,49,3,305.43,Rouvin Jaher,rjaher8@constantcontact.com,Fulu,China,F,307,Bank card,pending,2021-08-04
2818,2020-11-24,455,5271.46,Delivered,739,Eggs - Extra Large,322.24,43,3,966.72,Felicdad Sidaway,fsidaway9@techcrunch.com,Yilkiqi,China,M,216,PayPal,valid,2022-01-04

[2025-03-30T12:47:04.834+0000] {taskinstance.py:341} INFO - ::group::Post task execution logs
[2025-03-30T12:47:04.835+0000] {taskinstance.py:353} INFO - Marking task as SUCCESS. dag_id=ecommerce_data_pipeline, task_id=fetch_data, run_id=scheduled__2025-03-30T12:46:00+00:00, execution_date=20250330T124600, start_date=20250330T124703, end_date=20250330T124704
[2025-03-30T12:47:04.863+0000] {logging_mixin.py:190} INFO - Task instance in success state
[2025-03-30T12:47:04.864+0000] {logging_mixin.py:190} INFO -  Previous state of the Task instance: running
[2025-03-30T12:47:04.864+0000] {logging_mixin.py:190} INFO - Dag name:ecommerce_data_pipeline queued_at:2025-03-30 12:47:00.515866+00:00
[2025-03-30T12:47:04.865+0000] {logging_mixin.py:190} INFO - Task hostname:778b271a0247 operator:PythonOperator
[2025-03-30T12:47:04.895+0000] {local_task_job_runner.py:266} INFO - Task exited with return code 0
[2025-03-30T12:47:04.934+0000] {taskinstance.py:3901} INFO - 1 downstream tasks scheduled from follow-on schedule check
[2025-03-30T12:47:04.938+0000] {local_task_job_runner.py:245} INFO - ::endgroup::
