[2025-03-30T12:42:52.393+0000] {local_task_job_runner.py:123} INFO - ::group::Pre task execution logs
[2025-03-30T12:42:52.611+0000] {taskinstance.py:2614} INFO - Dependencies all met for dep_context=non-requeueable deps ti=<TaskInstance: ecommerce_data_pipeline.fetch_data manual__2025-03-30T12:42:50.019425+00:00 [queued]>
[2025-03-30T12:42:52.624+0000] {taskinstance.py:2614} INFO - Dependencies all met for dep_context=requeueable deps ti=<TaskInstance: ecommerce_data_pipeline.fetch_data manual__2025-03-30T12:42:50.019425+00:00 [queued]>
[2025-03-30T12:42:52.626+0000] {taskinstance.py:2867} INFO - Starting attempt 1 of 2
[2025-03-30T12:42:52.645+0000] {taskinstance.py:2890} INFO - Executing <Task(PythonOperator): fetch_data> on 2025-03-30 12:42:50.019425+00:00
[2025-03-30T12:42:52.657+0000] {warnings.py:112} WARNING - /home/***/.local/lib/python3.12/site-packages/***/task/task_runner/standard_task_runner.py:70: DeprecationWarning: This process (pid=769) is multi-threaded, use of fork() may lead to deadlocks in the child.
  pid = os.fork()

[2025-03-30T12:42:52.660+0000] {standard_task_runner.py:72} INFO - Started process 771 to run task
[2025-03-30T12:42:52.659+0000] {standard_task_runner.py:104} INFO - Running: ['***', 'tasks', 'run', 'ecommerce_data_pipeline', 'fetch_data', 'manual__2025-03-30T12:42:50.019425+00:00', '--job-id', '744', '--raw', '--subdir', 'DAGS_FOLDER/Gestioncommands.py', '--cfg-path', '/tmp/tmpehlv8_6w']
[2025-03-30T12:42:52.661+0000] {standard_task_runner.py:105} INFO - Job 744: Subtask fetch_data
[2025-03-30T12:42:52.727+0000] {task_command.py:467} INFO - Running <TaskInstance: ecommerce_data_pipeline.fetch_data manual__2025-03-30T12:42:50.019425+00:00 [running]> on host 778b271a0247
[2025-03-30T12:42:52.846+0000] {taskinstance.py:3134} INFO - Exporting env vars: AIRFLOW_CTX_DAG_OWNER='***' AIRFLOW_CTX_DAG_ID='ecommerce_data_pipeline' AIRFLOW_CTX_TASK_ID='fetch_data' AIRFLOW_CTX_EXECUTION_DATE='2025-03-30T12:42:50.019425+00:00' AIRFLOW_CTX_TRY_NUMBER='1' AIRFLOW_CTX_DAG_RUN_ID='manual__2025-03-30T12:42:50.019425+00:00'
[2025-03-30T12:42:52.848+0000] {logging_mixin.py:190} INFO - Task instance is in running state
[2025-03-30T12:42:52.849+0000] {logging_mixin.py:190} INFO -  Previous state of the Task instance: queued
[2025-03-30T12:42:52.850+0000] {logging_mixin.py:190} INFO - Current task name:fetch_data state:running start_date:2025-03-30 12:42:52.613149+00:00
[2025-03-30T12:42:52.851+0000] {logging_mixin.py:190} INFO - Dag name:ecommerce_data_pipeline and current dag run status:running
[2025-03-30T12:42:52.852+0000] {taskinstance.py:732} INFO - ::endgroup::
[2025-03-30T12:42:52.853+0000] {Gestioncommands.py:31} INFO - Fetching data from API...
[2025-03-30T12:42:53.454+0000] {warnings.py:112} WARNING - /home/***/.local/lib/python3.12/site-packages/urllib3/connectionpool.py:1097: InsecureRequestWarning: Unverified HTTPS request is being made to host 'my.api.mockaroo.com'. Adding certificate verification is strongly advised. See: https://urllib3.readthedocs.io/en/latest/advanced-usage.html#tls-warnings
  warnings.warn(

[2025-03-30T12:42:54.185+0000] {Gestioncommands.py:35} INFO - Data fetched successfully.
[2025-03-30T12:42:54.187+0000] {python.py:240} INFO - Done. Returned value was: commande_id,date_commande,client_id,montant_total,statut,produit_id,nom_produit,prix_unitaire,stock,quantite,sous_total,nom_client,email,ville,pays,genre ,paiement_id,mode_paiement,statut_paiement,date_paiement
2878,2021-10-13,719,628.63,Shipped,883,Urban Zen Drinks,341.04,27,1,341.04,Tootsie Netherclift,tnetherclift0@meetup.com,Hebian,China,F,564,PayPal,cancel,2021-07-20
4788,2021-03-08,856,2537.29,Delivered,860,Lid Tray - 16in Dome,353.58,18,2,707.16,Jed Claypoole,jclaypoole1@ucsd.edu,Kórnik,Poland,F,723,Transfer,valid,2022-02-27
2008,2020-03-18,349,5141.31,Pending,765,"Oil - Truffle, White",120.76,48,3,362.28,Ula Bignold,ubignold2@constantcontact.com,Ellinikó,Greece,M,444,PayPal,valid,2020-08-12
4779,2021-11-26,721,1890.3,Delivered,605,Carbonated Water - Wildberry,251.57,22,2,503.14,Carri Mallett,cmallett3@ustream.tv,Jamshoro,Pakistan,M,496,PayPal,cancel,2021-01-07
3083,2022-12-02,797,347.32,Shipped,610,Cocoa Feuilletine,197.05,8,1,197.05,Vincents Mulrean,vmulrean4@amazon.de,Fubin,China,M,510,PayPal,valid,2024-03-13
7878,2023-12-15,398,1078.44,Delivered,765,Onions - White,295.8,28,3,887.4,Timofei McIlwain,tmcilwain5@i2i.jp,La Maná,Ecuador,M,571,Bank card,valid,2021-04-25
8371,2021-09-12,867,3390.08,Pending,783,"Beef - Rouladin, Sliced",384.74,20,3,1154.22,Correna Hegg,chegg6@discuz.net,Sainte-Geneviève-des-Bois,France,M,798,Transfer,valid,2023-02-28
4362,2022-08-15,155,4711.41,Shipped,761,Pop - Club Soda Can,301.72,39,1,301.72,York Bearblock,ybearblock7@bizjournals.com,Pederneiras,Brazil,F,410,PayPal,valid,2023-01-06
3192,2021-07-31,673,1910.12,Pending,692,"Wine - White, Cooking",470.53,41,3,1411.59,Charmine Letherbury,cletherbury8@bloglovin.com,Lam Sonthi,Thailand,M,697,Transfer,valid,2024-03-04
2451,2021-12-28,589,817.76,Shipped,594,"Pasta - Penne Primavera, Single",424.91,30,1,424.91,Rutger Chadwyck,rchadwyck9@google.de,Bålsta,Sweden,M,707,PayPal,cancel,2021-12-27

[2025-03-30T12:42:54.227+0000] {taskinstance.py:341} INFO - ::group::Post task execution logs
[2025-03-30T12:42:54.228+0000] {taskinstance.py:353} INFO - Marking task as SUCCESS. dag_id=ecommerce_data_pipeline, task_id=fetch_data, run_id=manual__2025-03-30T12:42:50.019425+00:00, execution_date=20250330T124250, start_date=20250330T124252, end_date=20250330T124254
[2025-03-30T12:42:54.257+0000] {logging_mixin.py:190} INFO - Task instance in success state
[2025-03-30T12:42:54.258+0000] {logging_mixin.py:190} INFO -  Previous state of the Task instance: running
[2025-03-30T12:42:54.259+0000] {logging_mixin.py:190} INFO - Dag name:ecommerce_data_pipeline queued_at:2025-03-30 12:42:50.029776+00:00
[2025-03-30T12:42:54.260+0000] {logging_mixin.py:190} INFO - Task hostname:778b271a0247 operator:PythonOperator
[2025-03-30T12:42:54.285+0000] {local_task_job_runner.py:266} INFO - Task exited with return code 0
[2025-03-30T12:42:54.320+0000] {taskinstance.py:3901} INFO - 1 downstream tasks scheduled from follow-on schedule check
[2025-03-30T12:42:54.324+0000] {local_task_job_runner.py:245} INFO - ::endgroup::
