[2025-03-30T02:29:08.200+0000] {local_task_job_runner.py:123} INFO - ::group::Pre task execution logs
[2025-03-30T02:29:08.222+0000] {taskinstance.py:2614} INFO - Dependencies all met for dep_context=non-requeueable deps ti=<TaskInstance: ecommerce_data_pipeline.transform_data scheduled__2025-03-30T02:28:00+00:00 [queued]>
[2025-03-30T02:29:08.233+0000] {taskinstance.py:2614} INFO - Dependencies all met for dep_context=requeueable deps ti=<TaskInstance: ecommerce_data_pipeline.transform_data scheduled__2025-03-30T02:28:00+00:00 [queued]>
[2025-03-30T02:29:08.233+0000] {taskinstance.py:2867} INFO - Starting attempt 1 of 2
[2025-03-30T02:29:08.248+0000] {taskinstance.py:2890} INFO - Executing <Task(PythonOperator): transform_data> on 2025-03-30 02:28:00+00:00
[2025-03-30T02:29:08.257+0000] {warnings.py:112} WARNING - /home/***/.local/lib/python3.12/site-packages/***/task/task_runner/standard_task_runner.py:70: DeprecationWarning: This process (pid=4284) is multi-threaded, use of fork() may lead to deadlocks in the child.
  pid = os.fork()

[2025-03-30T02:29:08.259+0000] {standard_task_runner.py:72} INFO - Started process 4286 to run task
[2025-03-30T02:29:08.259+0000] {standard_task_runner.py:104} INFO - Running: ['***', 'tasks', 'run', 'ecommerce_data_pipeline', 'transform_data', 'scheduled__2025-03-30T02:28:00+00:00', '--job-id', '541', '--raw', '--subdir', 'DAGS_FOLDER/Gestioncommands.py', '--cfg-path', '/tmp/tmp2ki663li']
[2025-03-30T02:29:08.260+0000] {standard_task_runner.py:105} INFO - Job 541: Subtask transform_data
[2025-03-30T02:29:08.305+0000] {task_command.py:467} INFO - Running <TaskInstance: ecommerce_data_pipeline.transform_data scheduled__2025-03-30T02:28:00+00:00 [running]> on host 778b271a0247
[2025-03-30T02:29:08.392+0000] {taskinstance.py:3134} INFO - Exporting env vars: AIRFLOW_CTX_DAG_OWNER='admin' AIRFLOW_CTX_DAG_ID='ecommerce_data_pipeline' AIRFLOW_CTX_TASK_ID='transform_data' AIRFLOW_CTX_EXECUTION_DATE='2025-03-30T02:28:00+00:00' AIRFLOW_CTX_TRY_NUMBER='1' AIRFLOW_CTX_DAG_RUN_ID='scheduled__2025-03-30T02:28:00+00:00'
[2025-03-30T02:29:08.394+0000] {logging_mixin.py:190} INFO - Task instance is in running state
[2025-03-30T02:29:08.395+0000] {logging_mixin.py:190} INFO -  Previous state of the Task instance: queued
[2025-03-30T02:29:08.395+0000] {logging_mixin.py:190} INFO - Current task name:transform_data state:running start_date:2025-03-30 02:29:08.223685+00:00
[2025-03-30T02:29:08.396+0000] {logging_mixin.py:190} INFO - Dag name:ecommerce_data_pipeline and current dag run status:running
[2025-03-30T02:29:08.397+0000] {taskinstance.py:732} INFO - ::endgroup::
[2025-03-30T02:29:08.398+0000] {Gestioncommands.py:117} INFO - Starting data transformation...
[2025-03-30T02:29:08.441+0000] {Gestioncommands.py:135} INFO - Refined table 'clients' created successfully
[2025-03-30T02:29:08.450+0000] {Gestioncommands.py:149} INFO - Refined table 'commandes' created successfully
[2025-03-30T02:29:08.456+0000] {Gestioncommands.py:168} INFO - Refined table 'details_commandes' created successfully
[2025-03-30T02:29:08.464+0000] {Gestioncommands.py:181} INFO - Refined table 'produits' created successfully
[2025-03-30T02:29:08.471+0000] {Gestioncommands.py:195} INFO - Refined table 'paiements' created successfully
[2025-03-30T02:29:08.491+0000] {Gestioncommands.py:197} INFO - Data transformation completed
[2025-03-30T02:29:08.493+0000] {python.py:240} INFO - Done. Returned value was: None
[2025-03-30T02:29:08.503+0000] {taskinstance.py:341} INFO - ::group::Post task execution logs
[2025-03-30T02:29:08.504+0000] {taskinstance.py:353} INFO - Marking task as SUCCESS. dag_id=ecommerce_data_pipeline, task_id=transform_data, run_id=scheduled__2025-03-30T02:28:00+00:00, execution_date=20250330T022800, start_date=20250330T022908, end_date=20250330T022908
[2025-03-30T02:29:08.532+0000] {logging_mixin.py:190} INFO - Task instance in success state
[2025-03-30T02:29:08.533+0000] {logging_mixin.py:190} INFO -  Previous state of the Task instance: running
[2025-03-30T02:29:08.534+0000] {logging_mixin.py:190} INFO - Dag name:ecommerce_data_pipeline queued_at:2025-03-30 02:29:00.243785+00:00
[2025-03-30T02:29:08.534+0000] {logging_mixin.py:190} INFO - Task hostname:778b271a0247 operator:PythonOperator
[2025-03-30T02:29:08.554+0000] {local_task_job_runner.py:266} INFO - Task exited with return code 0
[2025-03-30T02:29:08.572+0000] {taskinstance.py:3901} INFO - 0 downstream tasks scheduled from follow-on schedule check
[2025-03-30T02:29:08.575+0000] {local_task_job_runner.py:245} INFO - ::endgroup::
