[2025-03-30T01:58:08.331+0000] {local_task_job_runner.py:123} INFO - ::group::Pre task execution logs
[2025-03-30T01:58:08.357+0000] {taskinstance.py:2614} INFO - Dependencies all met for dep_context=non-requeueable deps ti=<TaskInstance: ecommerce_data_pipeline.store_data scheduled__2025-03-30T01:57:00+00:00 [queued]>
[2025-03-30T01:58:08.368+0000] {taskinstance.py:2614} INFO - Dependencies all met for dep_context=requeueable deps ti=<TaskInstance: ecommerce_data_pipeline.store_data scheduled__2025-03-30T01:57:00+00:00 [queued]>
[2025-03-30T01:58:08.369+0000] {taskinstance.py:2867} INFO - Starting attempt 1 of 2
[2025-03-30T01:58:08.387+0000] {taskinstance.py:2890} INFO - Executing <Task(PythonOperator): store_data> on 2025-03-30 01:57:00+00:00
[2025-03-30T01:58:08.398+0000] {warnings.py:112} WARNING - /home/***/.local/lib/python3.12/site-packages/***/task/task_runner/standard_task_runner.py:70: DeprecationWarning: This process (pid=2327) is multi-threaded, use of fork() may lead to deadlocks in the child.
  pid = os.fork()

[2025-03-30T01:58:08.400+0000] {standard_task_runner.py:72} INFO - Started process 2329 to run task
[2025-03-30T01:58:08.401+0000] {standard_task_runner.py:104} INFO - Running: ['***', 'tasks', 'run', 'ecommerce_data_pipeline', 'store_data', 'scheduled__2025-03-30T01:57:00+00:00', '--job-id', '431', '--raw', '--subdir', 'DAGS_FOLDER/Gestioncommands.py', '--cfg-path', '/tmp/tmphsw9les4']
[2025-03-30T01:58:08.403+0000] {standard_task_runner.py:105} INFO - Job 431: Subtask store_data
[2025-03-30T01:58:08.472+0000] {task_command.py:467} INFO - Running <TaskInstance: ecommerce_data_pipeline.store_data scheduled__2025-03-30T01:57:00+00:00 [running]> on host 778b271a0247
[2025-03-30T01:58:08.598+0000] {taskinstance.py:3134} INFO - Exporting env vars: AIRFLOW_CTX_DAG_OWNER='admin' AIRFLOW_CTX_DAG_ID='ecommerce_data_pipeline' AIRFLOW_CTX_TASK_ID='store_data' AIRFLOW_CTX_EXECUTION_DATE='2025-03-30T01:57:00+00:00' AIRFLOW_CTX_TRY_NUMBER='1' AIRFLOW_CTX_DAG_RUN_ID='scheduled__2025-03-30T01:57:00+00:00'
[2025-03-30T01:58:08.600+0000] {logging_mixin.py:190} INFO - Task instance is in running state
[2025-03-30T01:58:08.600+0000] {logging_mixin.py:190} INFO -  Previous state of the Task instance: queued
[2025-03-30T01:58:08.601+0000] {logging_mixin.py:190} INFO - Current task name:store_data state:running start_date:2025-03-30 01:58:08.358178+00:00
[2025-03-30T01:58:08.602+0000] {logging_mixin.py:190} INFO - Dag name:ecommerce_data_pipeline and current dag run status:running
[2025-03-30T01:58:08.602+0000] {taskinstance.py:732} INFO - ::endgroup::
[2025-03-30T01:58:08.616+0000] {Gestioncommands.py:57} INFO - Loading data into DuckDB...
[2025-03-30T01:58:08.716+0000] {Gestioncommands.py:108} INFO - Data stored successfully
[2025-03-30T01:58:08.717+0000] {python.py:240} INFO - Done. Returned value was: None
[2025-03-30T01:58:08.729+0000] {taskinstance.py:341} INFO - ::group::Post task execution logs
[2025-03-30T01:58:08.730+0000] {taskinstance.py:353} INFO - Marking task as SUCCESS. dag_id=ecommerce_data_pipeline, task_id=store_data, run_id=scheduled__2025-03-30T01:57:00+00:00, execution_date=20250330T015700, start_date=20250330T015808, end_date=20250330T015808
[2025-03-30T01:58:08.761+0000] {logging_mixin.py:190} INFO - Task instance in success state
[2025-03-30T01:58:08.762+0000] {logging_mixin.py:190} INFO -  Previous state of the Task instance: running
[2025-03-30T01:58:08.763+0000] {logging_mixin.py:190} INFO - Dag name:ecommerce_data_pipeline queued_at:2025-03-30 01:58:00.605497+00:00
[2025-03-30T01:58:08.763+0000] {logging_mixin.py:190} INFO - Task hostname:778b271a0247 operator:PythonOperator
[2025-03-30T01:58:08.817+0000] {local_task_job_runner.py:266} INFO - Task exited with return code 0
[2025-03-30T01:58:08.852+0000] {taskinstance.py:3901} INFO - 1 downstream tasks scheduled from follow-on schedule check
[2025-03-30T01:58:08.855+0000] {local_task_job_runner.py:245} INFO - ::endgroup::
