[2025-03-30T02:07:08.996+0000] {local_task_job_runner.py:123} INFO - ::group::Pre task execution logs
[2025-03-30T02:07:09.020+0000] {taskinstance.py:2614} INFO - Dependencies all met for dep_context=non-requeueable deps ti=<TaskInstance: ecommerce_data_pipeline.store_data scheduled__2025-03-30T02:06:00+00:00 [queued]>
[2025-03-30T02:07:09.032+0000] {taskinstance.py:2614} INFO - Dependencies all met for dep_context=requeueable deps ti=<TaskInstance: ecommerce_data_pipeline.store_data scheduled__2025-03-30T02:06:00+00:00 [queued]>
[2025-03-30T02:07:09.033+0000] {taskinstance.py:2867} INFO - Starting attempt 1 of 2
[2025-03-30T02:07:09.048+0000] {taskinstance.py:2890} INFO - Executing <Task(PythonOperator): store_data> on 2025-03-30 02:06:00+00:00
[2025-03-30T02:07:09.057+0000] {warnings.py:112} WARNING - /home/***/.local/lib/python3.12/site-packages/***/task/task_runner/standard_task_runner.py:70: DeprecationWarning: This process (pid=3062) is multi-threaded, use of fork() may lead to deadlocks in the child.
  pid = os.fork()

[2025-03-30T02:07:09.059+0000] {standard_task_runner.py:72} INFO - Started process 3064 to run task
[2025-03-30T02:07:09.059+0000] {standard_task_runner.py:104} INFO - Running: ['***', 'tasks', 'run', 'ecommerce_data_pipeline', 'store_data', 'scheduled__2025-03-30T02:06:00+00:00', '--job-id', '474', '--raw', '--subdir', 'DAGS_FOLDER/Gestioncommands.py', '--cfg-path', '/tmp/tmp36jqejte']
[2025-03-30T02:07:09.061+0000] {standard_task_runner.py:105} INFO - Job 474: Subtask store_data
[2025-03-30T02:07:09.117+0000] {task_command.py:467} INFO - Running <TaskInstance: ecommerce_data_pipeline.store_data scheduled__2025-03-30T02:06:00+00:00 [running]> on host 778b271a0247
[2025-03-30T02:07:09.221+0000] {taskinstance.py:3134} INFO - Exporting env vars: AIRFLOW_CTX_DAG_OWNER='admin' AIRFLOW_CTX_DAG_ID='ecommerce_data_pipeline' AIRFLOW_CTX_TASK_ID='store_data' AIRFLOW_CTX_EXECUTION_DATE='2025-03-30T02:06:00+00:00' AIRFLOW_CTX_TRY_NUMBER='1' AIRFLOW_CTX_DAG_RUN_ID='scheduled__2025-03-30T02:06:00+00:00'
[2025-03-30T02:07:09.223+0000] {logging_mixin.py:190} INFO - Task instance is in running state
[2025-03-30T02:07:09.224+0000] {logging_mixin.py:190} INFO -  Previous state of the Task instance: queued
[2025-03-30T02:07:09.224+0000] {logging_mixin.py:190} INFO - Current task name:store_data state:running start_date:2025-03-30 02:07:09.021314+00:00
[2025-03-30T02:07:09.225+0000] {logging_mixin.py:190} INFO - Dag name:ecommerce_data_pipeline and current dag run status:running
[2025-03-30T02:07:09.226+0000] {taskinstance.py:732} INFO - ::endgroup::
[2025-03-30T02:07:09.237+0000] {Gestioncommands.py:57} INFO - Loading data into DuckDB...
[2025-03-30T02:07:09.333+0000] {Gestioncommands.py:108} INFO - Data stored successfully
[2025-03-30T02:07:09.334+0000] {python.py:240} INFO - Done. Returned value was: None
[2025-03-30T02:07:09.347+0000] {taskinstance.py:341} INFO - ::group::Post task execution logs
[2025-03-30T02:07:09.348+0000] {taskinstance.py:353} INFO - Marking task as SUCCESS. dag_id=ecommerce_data_pipeline, task_id=store_data, run_id=scheduled__2025-03-30T02:06:00+00:00, execution_date=20250330T020600, start_date=20250330T020709, end_date=20250330T020709
[2025-03-30T02:07:09.378+0000] {logging_mixin.py:190} INFO - Task instance in success state
[2025-03-30T02:07:09.379+0000] {logging_mixin.py:190} INFO -  Previous state of the Task instance: running
[2025-03-30T02:07:09.379+0000] {logging_mixin.py:190} INFO - Dag name:ecommerce_data_pipeline queued_at:2025-03-30 02:07:00.447774+00:00
[2025-03-30T02:07:09.380+0000] {logging_mixin.py:190} INFO - Task hostname:778b271a0247 operator:PythonOperator
[2025-03-30T02:07:09.397+0000] {local_task_job_runner.py:266} INFO - Task exited with return code 0
[2025-03-30T02:07:09.423+0000] {taskinstance.py:3901} INFO - 1 downstream tasks scheduled from follow-on schedule check
[2025-03-30T02:07:09.426+0000] {local_task_job_runner.py:245} INFO - ::endgroup::
