[2025-03-30T12:50:18.472+0000] {local_task_job_runner.py:123} INFO - ::group::Pre task execution logs
[2025-03-30T12:50:18.676+0000] {taskinstance.py:2614} INFO - Dependencies all met for dep_context=non-requeueable deps ti=<TaskInstance: ecommerce_data_pipeline.load_refined manual__2025-03-30T12:45:05.246743+00:00 [queued]>
[2025-03-30T12:50:18.688+0000] {taskinstance.py:2614} INFO - Dependencies all met for dep_context=requeueable deps ti=<TaskInstance: ecommerce_data_pipeline.load_refined manual__2025-03-30T12:45:05.246743+00:00 [queued]>
[2025-03-30T12:50:18.690+0000] {taskinstance.py:2867} INFO - Starting attempt 1 of 2
[2025-03-30T12:50:18.706+0000] {taskinstance.py:2890} INFO - Executing <Task(PythonOperator): load_refined> on 2025-03-30 12:45:05.246743+00:00
[2025-03-30T12:50:18.716+0000] {warnings.py:112} WARNING - /home/***/.local/lib/python3.12/site-packages/***/task/task_runner/standard_task_runner.py:70: DeprecationWarning: This process (pid=1383) is multi-threaded, use of fork() may lead to deadlocks in the child.
  pid = os.fork()

[2025-03-30T12:50:18.719+0000] {standard_task_runner.py:72} INFO - Started process 1385 to run task
[2025-03-30T12:50:18.719+0000] {standard_task_runner.py:104} INFO - Running: ['***', 'tasks', 'run', 'ecommerce_data_pipeline', 'load_refined', 'manual__2025-03-30T12:45:05.246743+00:00', '--job-id', '783', '--raw', '--subdir', 'DAGS_FOLDER/Gestioncommands.py', '--cfg-path', '/tmp/tmp56b10mmy']
[2025-03-30T12:50:18.721+0000] {standard_task_runner.py:105} INFO - Job 783: Subtask load_refined
[2025-03-30T12:50:18.777+0000] {task_command.py:467} INFO - Running <TaskInstance: ecommerce_data_pipeline.load_refined manual__2025-03-30T12:45:05.246743+00:00 [running]> on host 778b271a0247
[2025-03-30T12:50:18.872+0000] {taskinstance.py:3134} INFO - Exporting env vars: AIRFLOW_CTX_DAG_OWNER='***' AIRFLOW_CTX_DAG_ID='ecommerce_data_pipeline' AIRFLOW_CTX_TASK_ID='load_refined' AIRFLOW_CTX_EXECUTION_DATE='2025-03-30T12:45:05.246743+00:00' AIRFLOW_CTX_TRY_NUMBER='1' AIRFLOW_CTX_DAG_RUN_ID='manual__2025-03-30T12:45:05.246743+00:00'
[2025-03-30T12:50:18.874+0000] {logging_mixin.py:190} INFO - Task instance is in running state
[2025-03-30T12:50:18.875+0000] {logging_mixin.py:190} INFO -  Previous state of the Task instance: queued
[2025-03-30T12:50:18.876+0000] {logging_mixin.py:190} INFO - Current task name:load_refined state:running start_date:2025-03-30 12:50:18.677445+00:00
[2025-03-30T12:50:18.876+0000] {logging_mixin.py:190} INFO - Dag name:ecommerce_data_pipeline and current dag run status:running
[2025-03-30T12:50:18.877+0000] {taskinstance.py:732} INFO - ::endgroup::
[2025-03-30T12:50:18.878+0000] {Gestioncommands.py:108} INFO - Mise à jour des tables transformées...
[2025-03-30T12:50:18.986+0000] {Gestioncommands.py:225} INFO - Mise à jour des tables transformées terminée
[2025-03-30T12:50:18.987+0000] {python.py:240} INFO - Done. Returned value was: None
[2025-03-30T12:50:18.998+0000] {taskinstance.py:341} INFO - ::group::Post task execution logs
[2025-03-30T12:50:19.000+0000] {taskinstance.py:353} INFO - Marking task as SUCCESS. dag_id=ecommerce_data_pipeline, task_id=load_refined, run_id=manual__2025-03-30T12:45:05.246743+00:00, execution_date=20250330T124505, start_date=20250330T125018, end_date=20250330T125018
[2025-03-30T12:50:19.025+0000] {logging_mixin.py:190} INFO - Task instance in success state
[2025-03-30T12:50:19.027+0000] {logging_mixin.py:190} INFO -  Previous state of the Task instance: running
[2025-03-30T12:50:19.027+0000] {logging_mixin.py:190} INFO - Dag name:ecommerce_data_pipeline queued_at:2025-03-30 12:45:05.260904+00:00
[2025-03-30T12:50:19.028+0000] {logging_mixin.py:190} INFO - Task hostname:778b271a0247 operator:PythonOperator
[2025-03-30T12:50:19.056+0000] {local_task_job_runner.py:266} INFO - Task exited with return code 0
[2025-03-30T12:50:19.068+0000] {local_task_job_runner.py:245} INFO - ::endgroup::
