[2025-03-28T16:27:01.431+0000] {local_task_job_runner.py:123} INFO - ::group::Pre task execution logs
[2025-03-28T16:27:01.575+0000] {taskinstance.py:2614} INFO - Dependencies all met for dep_context=non-requeueable deps ti=<TaskInstance: Etl_pipeline_order_management.fetch_data scheduled__2025-03-28T16:24:00+00:00 [queued]>
[2025-03-28T16:27:01.583+0000] {taskinstance.py:2614} INFO - Dependencies all met for dep_context=requeueable deps ti=<TaskInstance: Etl_pipeline_order_management.fetch_data scheduled__2025-03-28T16:24:00+00:00 [queued]>
[2025-03-28T16:27:01.584+0000] {taskinstance.py:2867} INFO - Starting attempt 1 of 2
[2025-03-28T16:27:01.595+0000] {taskinstance.py:2890} INFO - Executing <Task(PythonOperator): fetch_data> on 2025-03-28 16:24:00+00:00
[2025-03-28T16:27:01.603+0000] {warnings.py:112} WARNING - /home/***/.local/lib/python3.12/site-packages/***/task/task_runner/standard_task_runner.py:70: DeprecationWarning: This process (pid=203) is multi-threaded, use of fork() may lead to deadlocks in the child.
  pid = os.fork()

[2025-03-28T16:27:01.604+0000] {standard_task_runner.py:72} INFO - Started process 205 to run task
[2025-03-28T16:27:01.604+0000] {standard_task_runner.py:104} INFO - Running: ['***', 'tasks', 'run', 'Etl_pipeline_order_management', 'fetch_data', 'scheduled__2025-03-28T16:24:00+00:00', '--job-id', '15', '--raw', '--subdir', 'DAGS_FOLDER/Gestioncommands.py', '--cfg-path', '/tmp/tmp8r16le1h']
[2025-03-28T16:27:01.606+0000] {standard_task_runner.py:105} INFO - Job 15: Subtask fetch_data
[2025-03-28T16:27:01.648+0000] {task_command.py:467} INFO - Running <TaskInstance: Etl_pipeline_order_management.fetch_data scheduled__2025-03-28T16:24:00+00:00 [running]> on host 499696d11f67
[2025-03-28T16:27:01.711+0000] {taskinstance.py:3134} INFO - Exporting env vars: AIRFLOW_CTX_DAG_OWNER='***' AIRFLOW_CTX_DAG_ID='Etl_pipeline_order_management' AIRFLOW_CTX_TASK_ID='fetch_data' AIRFLOW_CTX_EXECUTION_DATE='2025-03-28T16:24:00+00:00' AIRFLOW_CTX_TRY_NUMBER='1' AIRFLOW_CTX_DAG_RUN_ID='scheduled__2025-03-28T16:24:00+00:00'
[2025-03-28T16:27:01.713+0000] {logging_mixin.py:190} INFO - Task instance is in running state
[2025-03-28T16:27:01.713+0000] {logging_mixin.py:190} INFO -  Previous state of the Task instance: queued
[2025-03-28T16:27:01.714+0000] {logging_mixin.py:190} INFO - Current task name:fetch_data state:running start_date:2025-03-28 16:27:01.576923+00:00
[2025-03-28T16:27:01.714+0000] {logging_mixin.py:190} INFO - Dag name:Etl_pipeline_order_management and current dag run status:running
[2025-03-28T16:27:01.715+0000] {taskinstance.py:732} INFO - ::endgroup::
[2025-03-28T16:27:01.716+0000] {Gestioncommands.py:27} INFO - Fetching data from API...
[2025-03-28T16:27:03.327+0000] {Gestioncommands.py:31} INFO - Data fetched from API successfully.
[2025-03-28T16:27:03.352+0000] {Gestioncommands.py:35} INFO - CSV data pushed to XCom.
[2025-03-28T16:27:03.354+0000] {python.py:240} INFO - Done. Returned value was: None
[2025-03-28T16:27:03.363+0000] {taskinstance.py:341} INFO - ::group::Post task execution logs
[2025-03-28T16:27:03.364+0000] {taskinstance.py:353} INFO - Marking task as SUCCESS. dag_id=Etl_pipeline_order_management, task_id=fetch_data, run_id=scheduled__2025-03-28T16:24:00+00:00, execution_date=20250328T162400, start_date=20250328T162701, end_date=20250328T162703
[2025-03-28T16:27:03.388+0000] {logging_mixin.py:190} INFO - Task instance in success state
[2025-03-28T16:27:03.389+0000] {logging_mixin.py:190} INFO -  Previous state of the Task instance: running
[2025-03-28T16:27:03.390+0000] {logging_mixin.py:190} INFO - Dag name:Etl_pipeline_order_management queued_at:2025-03-28 16:27:00.152069+00:00
[2025-03-28T16:27:03.391+0000] {logging_mixin.py:190} INFO - Task hostname:499696d11f67 operator:PythonOperator
[2025-03-28T16:27:03.432+0000] {local_task_job_runner.py:266} INFO - Task exited with return code 0
[2025-03-28T16:27:03.456+0000] {taskinstance.py:3901} INFO - 1 downstream tasks scheduled from follow-on schedule check
[2025-03-28T16:27:03.459+0000] {local_task_job_runner.py:245} INFO - ::endgroup::
