[2025-03-30T01:39:22.266+0000] {local_task_job_runner.py:123} INFO - ::group::Pre task execution logs
[2025-03-30T01:39:22.300+0000] {taskinstance.py:2614} INFO - Dependencies all met for dep_context=non-requeueable deps ti=<TaskInstance: ecommerce_data_pipeline.transform_data scheduled__2025-03-30T00:27:00+00:00 [queued]>
[2025-03-30T01:39:22.314+0000] {taskinstance.py:2614} INFO - Dependencies all met for dep_context=requeueable deps ti=<TaskInstance: ecommerce_data_pipeline.transform_data scheduled__2025-03-30T00:27:00+00:00 [queued]>
[2025-03-30T01:39:22.315+0000] {taskinstance.py:2867} INFO - Starting attempt 1 of 2
[2025-03-30T01:39:22.334+0000] {taskinstance.py:2890} INFO - Executing <Task(PythonOperator): transform_data> on 2025-03-30 00:27:00+00:00
[2025-03-30T01:39:22.347+0000] {warnings.py:112} WARNING - /home/***/.local/lib/python3.12/site-packages/***/task/task_runner/standard_task_runner.py:70: DeprecationWarning: This process (pid=469) is multi-threaded, use of fork() may lead to deadlocks in the child.
  pid = os.fork()

[2025-03-30T01:39:22.350+0000] {standard_task_runner.py:72} INFO - Started process 471 to run task
[2025-03-30T01:39:22.351+0000] {standard_task_runner.py:104} INFO - Running: ['***', 'tasks', 'run', 'ecommerce_data_pipeline', 'transform_data', 'scheduled__2025-03-30T00:27:00+00:00', '--job-id', '326', '--raw', '--subdir', 'DAGS_FOLDER/Gestioncommands.py', '--cfg-path', '/tmp/tmpj89_024v']
[2025-03-30T01:39:22.353+0000] {standard_task_runner.py:105} INFO - Job 326: Subtask transform_data
[2025-03-30T01:39:22.419+0000] {task_command.py:467} INFO - Running <TaskInstance: ecommerce_data_pipeline.transform_data scheduled__2025-03-30T00:27:00+00:00 [running]> on host 778b271a0247
[2025-03-30T01:39:22.543+0000] {taskinstance.py:3134} INFO - Exporting env vars: AIRFLOW_CTX_DAG_OWNER='admin' AIRFLOW_CTX_DAG_ID='ecommerce_data_pipeline' AIRFLOW_CTX_TASK_ID='transform_data' AIRFLOW_CTX_EXECUTION_DATE='2025-03-30T00:27:00+00:00' AIRFLOW_CTX_TRY_NUMBER='1' AIRFLOW_CTX_DAG_RUN_ID='scheduled__2025-03-30T00:27:00+00:00'
[2025-03-30T01:39:22.545+0000] {logging_mixin.py:190} INFO - Task instance is in running state
[2025-03-30T01:39:22.546+0000] {logging_mixin.py:190} INFO -  Previous state of the Task instance: queued
[2025-03-30T01:39:22.547+0000] {logging_mixin.py:190} INFO - Current task name:transform_data state:running start_date:2025-03-30 01:39:22.301306+00:00
[2025-03-30T01:39:22.548+0000] {logging_mixin.py:190} INFO - Dag name:ecommerce_data_pipeline and current dag run status:running
[2025-03-30T01:39:22.548+0000] {taskinstance.py:732} INFO - ::endgroup::
[2025-03-30T01:39:22.550+0000] {Gestioncommands.py:117} INFO - Starting data transformation...
[2025-03-30T01:39:22.617+0000] {Gestioncommands.py:135} INFO - Refined table 'clients' created successfully
[2025-03-30T01:39:22.632+0000] {Gestioncommands.py:149} INFO - Refined table 'commandes' created successfully
[2025-03-30T01:39:22.639+0000] {Gestioncommands.py:168} INFO - Refined table 'details_commandes' created successfully
[2025-03-30T01:39:22.650+0000] {Gestioncommands.py:181} INFO - Refined table 'produits' created successfully
[2025-03-30T01:39:22.660+0000] {Gestioncommands.py:195} INFO - Refined table 'paiements' created successfully
[2025-03-30T01:39:22.690+0000] {Gestioncommands.py:197} INFO - Data transformation completed
[2025-03-30T01:39:22.691+0000] {python.py:240} INFO - Done. Returned value was: None
[2025-03-30T01:39:22.709+0000] {taskinstance.py:341} INFO - ::group::Post task execution logs
[2025-03-30T01:39:22.710+0000] {taskinstance.py:353} INFO - Marking task as SUCCESS. dag_id=ecommerce_data_pipeline, task_id=transform_data, run_id=scheduled__2025-03-30T00:27:00+00:00, execution_date=20250330T002700, start_date=20250330T013922, end_date=20250330T013922
[2025-03-30T01:39:22.746+0000] {logging_mixin.py:190} INFO - Task instance in success state
[2025-03-30T01:39:22.747+0000] {logging_mixin.py:190} INFO -  Previous state of the Task instance: running
[2025-03-30T01:39:22.747+0000] {logging_mixin.py:190} INFO - Dag name:ecommerce_data_pipeline queued_at:2025-03-30 01:34:00.096008+00:00
[2025-03-30T01:39:22.748+0000] {logging_mixin.py:190} INFO - Task hostname:778b271a0247 operator:PythonOperator
[2025-03-30T01:39:22.769+0000] {local_task_job_runner.py:266} INFO - Task exited with return code 0
[2025-03-30T01:39:22.803+0000] {taskinstance.py:3901} INFO - 1 downstream tasks scheduled from follow-on schedule check
[2025-03-30T01:39:22.805+0000] {local_task_job_runner.py:245} INFO - ::endgroup::
