[2025-03-30T01:50:34.278+0000] {local_task_job_runner.py:123} INFO - ::group::Pre task execution logs
[2025-03-30T01:50:34.451+0000] {taskinstance.py:2614} INFO - Dependencies all met for dep_context=non-requeueable deps ti=<TaskInstance: ecommerce_data_pipeline.store_data manual__2025-03-30T01:50:25.698169+00:00 [queued]>
[2025-03-30T01:50:34.463+0000] {taskinstance.py:2614} INFO - Dependencies all met for dep_context=requeueable deps ti=<TaskInstance: ecommerce_data_pipeline.store_data manual__2025-03-30T01:50:25.698169+00:00 [queued]>
[2025-03-30T01:50:34.502+0000] {taskinstance.py:2867} INFO - Starting attempt 1 of 2
[2025-03-30T01:50:34.527+0000] {taskinstance.py:2890} INFO - Executing <Task(PythonOperator): store_data> on 2025-03-30 01:50:25.698169+00:00
[2025-03-30T01:50:34.538+0000] {warnings.py:112} WARNING - /home/***/.local/lib/python3.12/site-packages/***/task/task_runner/standard_task_runner.py:70: DeprecationWarning: This process (pid=1717) is multi-threaded, use of fork() may lead to deadlocks in the child.
  pid = os.fork()

[2025-03-30T01:50:34.542+0000] {standard_task_runner.py:72} INFO - Started process 1719 to run task
[2025-03-30T01:50:34.542+0000] {standard_task_runner.py:104} INFO - Running: ['***', 'tasks', 'run', 'ecommerce_data_pipeline', 'store_data', 'manual__2025-03-30T01:50:25.698169+00:00', '--job-id', '397', '--raw', '--subdir', 'DAGS_FOLDER/Gestioncommands.py', '--cfg-path', '/tmp/tmpdwe_5234']
[2025-03-30T01:50:34.544+0000] {standard_task_runner.py:105} INFO - Job 397: Subtask store_data
[2025-03-30T01:50:34.610+0000] {task_command.py:467} INFO - Running <TaskInstance: ecommerce_data_pipeline.store_data manual__2025-03-30T01:50:25.698169+00:00 [running]> on host 778b271a0247
[2025-03-30T01:50:34.711+0000] {taskinstance.py:3134} INFO - Exporting env vars: AIRFLOW_CTX_DAG_OWNER='admin' AIRFLOW_CTX_DAG_ID='ecommerce_data_pipeline' AIRFLOW_CTX_TASK_ID='store_data' AIRFLOW_CTX_EXECUTION_DATE='2025-03-30T01:50:25.698169+00:00' AIRFLOW_CTX_TRY_NUMBER='1' AIRFLOW_CTX_DAG_RUN_ID='manual__2025-03-30T01:50:25.698169+00:00'
[2025-03-30T01:50:34.713+0000] {logging_mixin.py:190} INFO - Task instance is in running state
[2025-03-30T01:50:34.714+0000] {logging_mixin.py:190} INFO -  Previous state of the Task instance: queued
[2025-03-30T01:50:34.715+0000] {logging_mixin.py:190} INFO - Current task name:store_data state:running start_date:2025-03-30 01:50:34.452778+00:00
[2025-03-30T01:50:34.717+0000] {logging_mixin.py:190} INFO - Dag name:ecommerce_data_pipeline and current dag run status:running
[2025-03-30T01:50:34.718+0000] {taskinstance.py:732} INFO - ::endgroup::
[2025-03-30T01:50:34.730+0000] {Gestioncommands.py:57} INFO - Loading data into DuckDB...
[2025-03-30T01:50:34.820+0000] {Gestioncommands.py:108} INFO - Data stored successfully
[2025-03-30T01:50:34.822+0000] {python.py:240} INFO - Done. Returned value was: None
[2025-03-30T01:50:34.836+0000] {taskinstance.py:341} INFO - ::group::Post task execution logs
[2025-03-30T01:50:34.837+0000] {taskinstance.py:353} INFO - Marking task as SUCCESS. dag_id=ecommerce_data_pipeline, task_id=store_data, run_id=manual__2025-03-30T01:50:25.698169+00:00, execution_date=20250330T015025, start_date=20250330T015034, end_date=20250330T015034
[2025-03-30T01:50:34.870+0000] {logging_mixin.py:190} INFO - Task instance in success state
[2025-03-30T01:50:34.871+0000] {logging_mixin.py:190} INFO -  Previous state of the Task instance: running
[2025-03-30T01:50:34.871+0000] {logging_mixin.py:190} INFO - Dag name:ecommerce_data_pipeline queued_at:2025-03-30 01:50:25.718978+00:00
[2025-03-30T01:50:34.873+0000] {logging_mixin.py:190} INFO - Task hostname:778b271a0247 operator:PythonOperator
[2025-03-30T01:50:34.920+0000] {local_task_job_runner.py:266} INFO - Task exited with return code 0
[2025-03-30T01:50:34.954+0000] {taskinstance.py:3901} INFO - 1 downstream tasks scheduled from follow-on schedule check
[2025-03-30T01:50:34.957+0000] {local_task_job_runner.py:245} INFO - ::endgroup::
