[2025-03-30T00:15:51.046+0000] {local_task_job_runner.py:123} INFO - ::group::Pre task execution logs
[2025-03-30T00:15:51.228+0000] {taskinstance.py:2614} INFO - Dependencies all met for dep_context=non-requeueable deps ti=<TaskInstance: ecommerce_data_pipeline.store_data manual__2025-03-30T00:15:43.305112+00:00 [queued]>
[2025-03-30T00:15:51.240+0000] {taskinstance.py:2614} INFO - Dependencies all met for dep_context=requeueable deps ti=<TaskInstance: ecommerce_data_pipeline.store_data manual__2025-03-30T00:15:43.305112+00:00 [queued]>
[2025-03-30T00:15:51.241+0000] {taskinstance.py:2867} INFO - Starting attempt 1 of 2
[2025-03-30T00:15:51.257+0000] {taskinstance.py:2890} INFO - Executing <Task(PythonOperator): store_data> on 2025-03-30 00:15:43.305112+00:00
[2025-03-30T00:15:51.265+0000] {warnings.py:112} WARNING - /home/***/.local/lib/python3.12/site-packages/***/task/task_runner/standard_task_runner.py:70: DeprecationWarning: This process (pid=222) is multi-threaded, use of fork() may lead to deadlocks in the child.
  pid = os.fork()

[2025-03-30T00:15:51.267+0000] {standard_task_runner.py:72} INFO - Started process 226 to run task
[2025-03-30T00:15:51.267+0000] {standard_task_runner.py:104} INFO - Running: ['***', 'tasks', 'run', 'ecommerce_data_pipeline', 'store_data', 'manual__2025-03-30T00:15:43.305112+00:00', '--job-id', '245', '--raw', '--subdir', 'DAGS_FOLDER/Gestioncommands.py', '--cfg-path', '/tmp/tmpkaewoakb']
[2025-03-30T00:15:51.269+0000] {standard_task_runner.py:105} INFO - Job 245: Subtask store_data
[2025-03-30T00:15:51.328+0000] {task_command.py:467} INFO - Running <TaskInstance: ecommerce_data_pipeline.store_data manual__2025-03-30T00:15:43.305112+00:00 [running]> on host 499696d11f67
[2025-03-30T00:15:51.419+0000] {taskinstance.py:3134} INFO - Exporting env vars: AIRFLOW_CTX_DAG_OWNER='admin' AIRFLOW_CTX_DAG_ID='ecommerce_data_pipeline' AIRFLOW_CTX_TASK_ID='store_data' AIRFLOW_CTX_EXECUTION_DATE='2025-03-30T00:15:43.305112+00:00' AIRFLOW_CTX_TRY_NUMBER='1' AIRFLOW_CTX_DAG_RUN_ID='manual__2025-03-30T00:15:43.305112+00:00'
[2025-03-30T00:15:51.421+0000] {logging_mixin.py:190} INFO - Task instance is in running state
[2025-03-30T00:15:51.422+0000] {logging_mixin.py:190} INFO -  Previous state of the Task instance: queued
[2025-03-30T00:15:51.422+0000] {logging_mixin.py:190} INFO - Current task name:store_data state:running start_date:2025-03-30 00:15:51.229138+00:00
[2025-03-30T00:15:51.423+0000] {logging_mixin.py:190} INFO - Dag name:ecommerce_data_pipeline and current dag run status:running
[2025-03-30T00:15:51.424+0000] {taskinstance.py:732} INFO - ::endgroup::
[2025-03-30T00:15:51.435+0000] {Gestioncommands.py:57} INFO - Loading data into DuckDB...
[2025-03-30T00:15:51.488+0000] {Gestioncommands.py:111} ERROR - Error during storing data: IO Error: Could not set lock on file "/opt/***/***\Db\ecommerce.db": Conflicting lock is held in /usr/local/bin/python3.12 (PID 225). See also https://duckdb.org/docs/connect/concurrency
[2025-03-30T00:15:51.490+0000] {taskinstance.py:3313} ERROR - Task failed with exception
Traceback (most recent call last):
  File "/home/airflow/.local/lib/python3.12/site-packages/airflow/models/taskinstance.py", line 768, in _execute_task
    result = _execute_callable(context=context, **execute_callable_kwargs)
             ^^^^^^^^^^^^^^^^^^^^^^^^^^^^^^^^^^^^^^^^^^^^^^^^^^^^^^^^^^^^^
  File "/home/airflow/.local/lib/python3.12/site-packages/airflow/models/taskinstance.py", line 734, in _execute_callable
    return ExecutionCallableRunner(
           ^^^^^^^^^^^^^^^^^^^^^^^^
  File "/home/airflow/.local/lib/python3.12/site-packages/airflow/utils/operator_helpers.py", line 252, in run
    return self.func(*args, **kwargs)
           ^^^^^^^^^^^^^^^^^^^^^^^^^^
  File "/home/airflow/.local/lib/python3.12/site-packages/airflow/models/baseoperator.py", line 424, in wrapper
    return func(self, *args, **kwargs)
           ^^^^^^^^^^^^^^^^^^^^^^^^^^^
  File "/home/airflow/.local/lib/python3.12/site-packages/airflow/operators/python.py", line 238, in execute
    return_value = self.execute_callable()
                   ^^^^^^^^^^^^^^^^^^^^^^^
  File "/home/airflow/.local/lib/python3.12/site-packages/airflow/operators/python.py", line 256, in execute_callable
    return runner.run(*self.op_args, **self.op_kwargs)
           ^^^^^^^^^^^^^^^^^^^^^^^^^^^^^^^^^^^^^^^^^^^
  File "/home/airflow/.local/lib/python3.12/site-packages/airflow/utils/operator_helpers.py", line 252, in run
    return self.func(*args, **kwargs)
           ^^^^^^^^^^^^^^^^^^^^^^^^^^
  File "/opt/airflow/dags/Gestioncommands.py", line 67, in store_data
    with duckdb.connect(DB_PATH) as conn:
         ^^^^^^^^^^^^^^^^^^^^^^^
duckdb.duckdb.IOException: IO Error: Could not set lock on file "/opt/***/***\Db\ecommerce.db": Conflicting lock is held in /usr/local/bin/python3.12 (PID 225). See also https://duckdb.org/docs/connect/concurrency
[2025-03-30T00:15:51.510+0000] {logging_mixin.py:190} INFO - Task instance in failure state
[2025-03-30T00:15:51.511+0000] {logging_mixin.py:190} INFO - Task start:2025-03-30 00:15:51.229138+00:00 end:2025-03-30 00:15:51.510099+00:00 duration:0.280961
[2025-03-30T00:15:51.511+0000] {logging_mixin.py:190} INFO - Task:<Task(PythonOperator): store_data> dag:<DAG: ecommerce_data_pipeline> dagrun:<DagRun ecommerce_data_pipeline @ 2025-03-30 00:15:43.305112+00:00: manual__2025-03-30T00:15:43.305112+00:00, state:running, queued_at: 2025-03-30 00:15:43.322147+00:00. externally triggered: True>
[2025-03-30T00:15:51.512+0000] {logging_mixin.py:190} INFO - Failure caused by IO Error: Could not set lock on file "/opt/***/***\Db\ecommerce.db": Conflicting lock is held in /usr/local/bin/python3.12 (PID 225). See also https://duckdb.org/docs/connect/concurrency
[2025-03-30T00:15:51.512+0000] {taskinstance.py:1226} INFO - Marking task as UP_FOR_RETRY. dag_id=ecommerce_data_pipeline, task_id=store_data, run_id=manual__2025-03-30T00:15:43.305112+00:00, execution_date=20250330T001543, start_date=20250330T001551, end_date=20250330T001551
[2025-03-30T00:15:51.545+0000] {taskinstance.py:341} INFO - ::group::Post task execution logs
[2025-03-30T00:15:51.545+0000] {standard_task_runner.py:124} ERROR - Failed to execute job 245 for task store_data (IO Error: Could not set lock on file "/opt/***/***\Db\ecommerce.db": Conflicting lock is held in /usr/local/bin/python3.12 (PID 225). See also https://duckdb.org/docs/connect/concurrency; 226)
Traceback (most recent call last):
  File "/home/airflow/.local/lib/python3.12/site-packages/airflow/task/task_runner/standard_task_runner.py", line 117, in _start_by_fork
    ret = args.func(args, dag=self.dag)
          ^^^^^^^^^^^^^^^^^^^^^^^^^^^^^
  File "/home/airflow/.local/lib/python3.12/site-packages/airflow/cli/cli_config.py", line 49, in command
    return func(*args, **kwargs)
           ^^^^^^^^^^^^^^^^^^^^^
  File "/home/airflow/.local/lib/python3.12/site-packages/airflow/utils/cli.py", line 116, in wrapper
    return f(*args, **kwargs)
           ^^^^^^^^^^^^^^^^^^
  File "/home/airflow/.local/lib/python3.12/site-packages/airflow/cli/commands/task_command.py", line 483, in task_run
    task_return_code = _run_task_by_selected_method(args, _dag, ti)
                       ^^^^^^^^^^^^^^^^^^^^^^^^^^^^^^^^^^^^^^^^^^^^
  File "/home/airflow/.local/lib/python3.12/site-packages/airflow/cli/commands/task_command.py", line 256, in _run_task_by_selected_method
    return _run_raw_task(args, ti)
           ^^^^^^^^^^^^^^^^^^^^^^^
  File "/home/airflow/.local/lib/python3.12/site-packages/airflow/cli/commands/task_command.py", line 341, in _run_raw_task
    return ti._run_raw_task(
           ^^^^^^^^^^^^^^^^^
  File "/home/airflow/.local/lib/python3.12/site-packages/airflow/utils/session.py", line 97, in wrapper
    return func(*args, session=session, **kwargs)
           ^^^^^^^^^^^^^^^^^^^^^^^^^^^^^^^^^^^^^^
  File "/home/airflow/.local/lib/python3.12/site-packages/airflow/models/taskinstance.py", line 3006, in _run_raw_task
    return _run_raw_task(
           ^^^^^^^^^^^^^^
  File "/home/airflow/.local/lib/python3.12/site-packages/airflow/models/taskinstance.py", line 274, in _run_raw_task
    TaskInstance._execute_task_with_callbacks(
  File "/home/airflow/.local/lib/python3.12/site-packages/airflow/models/taskinstance.py", line 3161, in _execute_task_with_callbacks
    result = self._execute_task(context, task_orig)
             ^^^^^^^^^^^^^^^^^^^^^^^^^^^^^^^^^^^^^^
  File "/home/airflow/.local/lib/python3.12/site-packages/airflow/models/taskinstance.py", line 3185, in _execute_task
    return _execute_task(self, context, task_orig)
           ^^^^^^^^^^^^^^^^^^^^^^^^^^^^^^^^^^^^^^^
  File "/home/airflow/.local/lib/python3.12/site-packages/airflow/models/taskinstance.py", line 768, in _execute_task
    result = _execute_callable(context=context, **execute_callable_kwargs)
             ^^^^^^^^^^^^^^^^^^^^^^^^^^^^^^^^^^^^^^^^^^^^^^^^^^^^^^^^^^^^^
  File "/home/airflow/.local/lib/python3.12/site-packages/airflow/models/taskinstance.py", line 734, in _execute_callable
    return ExecutionCallableRunner(
           ^^^^^^^^^^^^^^^^^^^^^^^^
  File "/home/airflow/.local/lib/python3.12/site-packages/airflow/utils/operator_helpers.py", line 252, in run
    return self.func(*args, **kwargs)
           ^^^^^^^^^^^^^^^^^^^^^^^^^^
  File "/home/airflow/.local/lib/python3.12/site-packages/airflow/models/baseoperator.py", line 424, in wrapper
    return func(self, *args, **kwargs)
           ^^^^^^^^^^^^^^^^^^^^^^^^^^^
  File "/home/airflow/.local/lib/python3.12/site-packages/airflow/operators/python.py", line 238, in execute
    return_value = self.execute_callable()
                   ^^^^^^^^^^^^^^^^^^^^^^^
  File "/home/airflow/.local/lib/python3.12/site-packages/airflow/operators/python.py", line 256, in execute_callable
    return runner.run(*self.op_args, **self.op_kwargs)
           ^^^^^^^^^^^^^^^^^^^^^^^^^^^^^^^^^^^^^^^^^^^
  File "/home/airflow/.local/lib/python3.12/site-packages/airflow/utils/operator_helpers.py", line 252, in run
    return self.func(*args, **kwargs)
           ^^^^^^^^^^^^^^^^^^^^^^^^^^
  File "/opt/airflow/dags/Gestioncommands.py", line 67, in store_data
    with duckdb.connect(DB_PATH) as conn:
         ^^^^^^^^^^^^^^^^^^^^^^^
duckdb.duckdb.IOException: IO Error: Could not set lock on file "/opt/***/***\Db\ecommerce.db": Conflicting lock is held in /usr/local/bin/python3.12 (PID 225). See also https://duckdb.org/docs/connect/concurrency
[2025-03-30T00:15:51.564+0000] {local_task_job_runner.py:266} INFO - Task exited with return code 1
[2025-03-30T00:15:51.592+0000] {taskinstance.py:3901} INFO - 0 downstream tasks scheduled from follow-on schedule check
[2025-03-30T00:15:51.595+0000] {local_task_job_runner.py:245} INFO - ::endgroup::
