[2025-03-30T02:20:09.176+0000] {local_task_job_runner.py:123} INFO - ::group::Pre task execution logs
[2025-03-30T02:20:09.203+0000] {taskinstance.py:2614} INFO - Dependencies all met for dep_context=non-requeueable deps ti=<TaskInstance: ecommerce_data_pipeline.store_data scheduled__2025-03-30T02:19:00+00:00 [queued]>
[2025-03-30T02:20:09.215+0000] {taskinstance.py:2614} INFO - Dependencies all met for dep_context=requeueable deps ti=<TaskInstance: ecommerce_data_pipeline.store_data scheduled__2025-03-30T02:19:00+00:00 [queued]>
[2025-03-30T02:20:09.216+0000] {taskinstance.py:2867} INFO - Starting attempt 1 of 2
[2025-03-30T02:20:09.232+0000] {taskinstance.py:2890} INFO - Executing <Task(PythonOperator): store_data> on 2025-03-30 02:19:00+00:00
[2025-03-30T02:20:09.243+0000] {warnings.py:112} WARNING - /home/***/.local/lib/python3.12/site-packages/***/task/task_runner/standard_task_runner.py:70: DeprecationWarning: This process (pid=3768) is multi-threaded, use of fork() may lead to deadlocks in the child.
  pid = os.fork()

[2025-03-30T02:20:09.246+0000] {standard_task_runner.py:72} INFO - Started process 3770 to run task
[2025-03-30T02:20:09.247+0000] {standard_task_runner.py:104} INFO - Running: ['***', 'tasks', 'run', 'ecommerce_data_pipeline', 'store_data', 'scheduled__2025-03-30T02:19:00+00:00', '--job-id', '513', '--raw', '--subdir', 'DAGS_FOLDER/Gestioncommands.py', '--cfg-path', '/tmp/tmp8n8h2i25']
[2025-03-30T02:20:09.249+0000] {standard_task_runner.py:105} INFO - Job 513: Subtask store_data
[2025-03-30T02:20:09.335+0000] {task_command.py:467} INFO - Running <TaskInstance: ecommerce_data_pipeline.store_data scheduled__2025-03-30T02:19:00+00:00 [running]> on host 778b271a0247
[2025-03-30T02:20:09.437+0000] {taskinstance.py:3134} INFO - Exporting env vars: AIRFLOW_CTX_DAG_OWNER='admin' AIRFLOW_CTX_DAG_ID='ecommerce_data_pipeline' AIRFLOW_CTX_TASK_ID='store_data' AIRFLOW_CTX_EXECUTION_DATE='2025-03-30T02:19:00+00:00' AIRFLOW_CTX_TRY_NUMBER='1' AIRFLOW_CTX_DAG_RUN_ID='scheduled__2025-03-30T02:19:00+00:00'
[2025-03-30T02:20:09.439+0000] {logging_mixin.py:190} INFO - Task instance is in running state
[2025-03-30T02:20:09.440+0000] {logging_mixin.py:190} INFO -  Previous state of the Task instance: queued
[2025-03-30T02:20:09.441+0000] {logging_mixin.py:190} INFO - Current task name:store_data state:running start_date:2025-03-30 02:20:09.204654+00:00
[2025-03-30T02:20:09.441+0000] {logging_mixin.py:190} INFO - Dag name:ecommerce_data_pipeline and current dag run status:running
[2025-03-30T02:20:09.442+0000] {taskinstance.py:732} INFO - ::endgroup::
[2025-03-30T02:20:09.454+0000] {Gestioncommands.py:57} INFO - Loading data into DuckDB...
[2025-03-30T02:20:09.570+0000] {Gestioncommands.py:108} INFO - Data stored successfully
[2025-03-30T02:20:09.571+0000] {python.py:240} INFO - Done. Returned value was: None
[2025-03-30T02:20:09.583+0000] {taskinstance.py:341} INFO - ::group::Post task execution logs
[2025-03-30T02:20:09.584+0000] {taskinstance.py:353} INFO - Marking task as SUCCESS. dag_id=ecommerce_data_pipeline, task_id=store_data, run_id=scheduled__2025-03-30T02:19:00+00:00, execution_date=20250330T021900, start_date=20250330T022009, end_date=20250330T022009
[2025-03-30T02:20:09.614+0000] {logging_mixin.py:190} INFO - Task instance in success state
[2025-03-30T02:20:09.616+0000] {logging_mixin.py:190} INFO -  Previous state of the Task instance: running
[2025-03-30T02:20:09.617+0000] {logging_mixin.py:190} INFO - Dag name:ecommerce_data_pipeline queued_at:2025-03-30 02:20:00.391596+00:00
[2025-03-30T02:20:09.618+0000] {logging_mixin.py:190} INFO - Task hostname:778b271a0247 operator:PythonOperator
[2025-03-30T02:20:09.664+0000] {local_task_job_runner.py:266} INFO - Task exited with return code 0
[2025-03-30T02:20:09.721+0000] {taskinstance.py:3901} INFO - 1 downstream tasks scheduled from follow-on schedule check
[2025-03-30T02:20:09.729+0000] {local_task_job_runner.py:245} INFO - ::endgroup::
