[2025-03-28T18:03:07.145+0000] {local_task_job_runner.py:123} INFO - ::group::Pre task execution logs
[2025-03-28T18:03:07.370+0000] {taskinstance.py:2614} INFO - Dependencies all met for dep_context=non-requeueable deps ti=<TaskInstance: Etl_pipeline_order_management.store_data scheduled__2025-03-28T18:00:00+00:00 [queued]>
[2025-03-28T18:03:07.382+0000] {taskinstance.py:2614} INFO - Dependencies all met for dep_context=requeueable deps ti=<TaskInstance: Etl_pipeline_order_management.store_data scheduled__2025-03-28T18:00:00+00:00 [queued]>
[2025-03-28T18:03:07.383+0000] {taskinstance.py:2867} INFO - Starting attempt 1 of 2
[2025-03-28T18:03:07.404+0000] {taskinstance.py:2890} INFO - Executing <Task(PythonOperator): store_data> on 2025-03-28 18:00:00+00:00
[2025-03-28T18:03:07.415+0000] {warnings.py:112} WARNING - /home/***/.local/lib/python3.12/site-packages/***/task/task_runner/standard_task_runner.py:70: DeprecationWarning: This process (pid=1794) is multi-threaded, use of fork() may lead to deadlocks in the child.
  pid = os.fork()

[2025-03-28T18:03:07.417+0000] {standard_task_runner.py:72} INFO - Started process 1796 to run task
[2025-03-28T18:03:07.419+0000] {standard_task_runner.py:104} INFO - Running: ['***', 'tasks', 'run', 'Etl_pipeline_order_management', 'store_data', 'scheduled__2025-03-28T18:00:00+00:00', '--job-id', '83', '--raw', '--subdir', 'DAGS_FOLDER/Gestioncommands.py', '--cfg-path', '/tmp/tmp8_w5tbo4']
[2025-03-28T18:03:07.420+0000] {standard_task_runner.py:105} INFO - Job 83: Subtask store_data
[2025-03-28T18:03:07.475+0000] {task_command.py:467} INFO - Running <TaskInstance: Etl_pipeline_order_management.store_data scheduled__2025-03-28T18:00:00+00:00 [running]> on host 499696d11f67
[2025-03-28T18:03:07.600+0000] {taskinstance.py:3134} INFO - Exporting env vars: AIRFLOW_CTX_DAG_OWNER='***' AIRFLOW_CTX_DAG_ID='Etl_pipeline_order_management' AIRFLOW_CTX_TASK_ID='store_data' AIRFLOW_CTX_EXECUTION_DATE='2025-03-28T18:00:00+00:00' AIRFLOW_CTX_TRY_NUMBER='1' AIRFLOW_CTX_DAG_RUN_ID='scheduled__2025-03-28T18:00:00+00:00'
[2025-03-28T18:03:07.602+0000] {logging_mixin.py:190} INFO - Task instance is in running state
[2025-03-28T18:03:07.603+0000] {logging_mixin.py:190} INFO -  Previous state of the Task instance: queued
[2025-03-28T18:03:07.604+0000] {logging_mixin.py:190} INFO - Current task name:store_data state:running start_date:2025-03-28 18:03:07.371682+00:00
[2025-03-28T18:03:07.604+0000] {logging_mixin.py:190} INFO - Dag name:Etl_pipeline_order_management and current dag run status:running
[2025-03-28T18:03:07.605+0000] {taskinstance.py:732} INFO - ::endgroup::
[2025-03-28T18:03:07.606+0000] {Gestioncommands.py:44} INFO - Retrieving CSV data from XCom...
[2025-03-28T18:03:07.673+0000] {Gestioncommands.py:105} INFO - Inserting data into DuckDB tables...
[2025-03-28T18:03:07.781+0000] {Gestioncommands.py:137} INFO - Data successfully stored into DuckDB.
[2025-03-28T18:03:07.817+0000] {python.py:240} INFO - Done. Returned value was: None
[2025-03-28T18:03:07.833+0000] {taskinstance.py:341} INFO - ::group::Post task execution logs
[2025-03-28T18:03:07.834+0000] {taskinstance.py:353} INFO - Marking task as SUCCESS. dag_id=Etl_pipeline_order_management, task_id=store_data, run_id=scheduled__2025-03-28T18:00:00+00:00, execution_date=20250328T180000, start_date=20250328T180307, end_date=20250328T180307
[2025-03-28T18:03:07.866+0000] {logging_mixin.py:190} INFO - Task instance in success state
[2025-03-28T18:03:07.867+0000] {logging_mixin.py:190} INFO -  Previous state of the Task instance: running
[2025-03-28T18:03:07.867+0000] {logging_mixin.py:190} INFO - Dag name:Etl_pipeline_order_management queued_at:2025-03-28 18:03:00.677868+00:00
[2025-03-28T18:03:07.868+0000] {logging_mixin.py:190} INFO - Task hostname:499696d11f67 operator:PythonOperator
[2025-03-28T18:03:07.916+0000] {local_task_job_runner.py:266} INFO - Task exited with return code 0
[2025-03-28T18:03:07.953+0000] {taskinstance.py:3901} INFO - 1 downstream tasks scheduled from follow-on schedule check
[2025-03-28T18:03:07.956+0000] {local_task_job_runner.py:245} INFO - ::endgroup::
