[2025-03-30T12:34:03.005+0000] {local_task_job_runner.py:123} INFO - ::group::Pre task execution logs
[2025-03-30T12:34:03.287+0000] {taskinstance.py:2614} INFO - Dependencies all met for dep_context=non-requeueable deps ti=<TaskInstance: ecommerce_data_pipeline.fetch_data scheduled__2025-03-30T12:33:00+00:00 [queued]>
[2025-03-30T12:34:03.301+0000] {taskinstance.py:2614} INFO - Dependencies all met for dep_context=requeueable deps ti=<TaskInstance: ecommerce_data_pipeline.fetch_data scheduled__2025-03-30T12:33:00+00:00 [queued]>
[2025-03-30T12:34:03.302+0000] {taskinstance.py:2867} INFO - Starting attempt 1 of 2
[2025-03-30T12:34:03.327+0000] {taskinstance.py:2890} INFO - Executing <Task(PythonOperator): fetch_data> on 2025-03-30 12:33:00+00:00
[2025-03-30T12:34:03.339+0000] {warnings.py:112} WARNING - /home/***/.local/lib/python3.12/site-packages/***/task/task_runner/standard_task_runner.py:70: DeprecationWarning: This process (pid=153) is multi-threaded, use of fork() may lead to deadlocks in the child.
  pid = os.fork()

[2025-03-30T12:34:03.342+0000] {standard_task_runner.py:72} INFO - Started process 159 to run task
[2025-03-30T12:34:03.344+0000] {standard_task_runner.py:104} INFO - Running: ['***', 'tasks', 'run', 'ecommerce_data_pipeline', 'fetch_data', 'scheduled__2025-03-30T12:33:00+00:00', '--job-id', '708', '--raw', '--subdir', 'DAGS_FOLDER/Gestioncommands.py', '--cfg-path', '/tmp/tmpj849nt_9']
[2025-03-30T12:34:03.347+0000] {standard_task_runner.py:105} INFO - Job 708: Subtask fetch_data
[2025-03-30T12:34:03.421+0000] {task_command.py:467} INFO - Running <TaskInstance: ecommerce_data_pipeline.fetch_data scheduled__2025-03-30T12:33:00+00:00 [running]> on host 778b271a0247
[2025-03-30T12:34:03.552+0000] {taskinstance.py:3134} INFO - Exporting env vars: AIRFLOW_CTX_DAG_OWNER='***' AIRFLOW_CTX_DAG_ID='ecommerce_data_pipeline' AIRFLOW_CTX_TASK_ID='fetch_data' AIRFLOW_CTX_EXECUTION_DATE='2025-03-30T12:33:00+00:00' AIRFLOW_CTX_TRY_NUMBER='1' AIRFLOW_CTX_DAG_RUN_ID='scheduled__2025-03-30T12:33:00+00:00'
[2025-03-30T12:34:03.554+0000] {logging_mixin.py:190} INFO - Task instance is in running state
[2025-03-30T12:34:03.555+0000] {logging_mixin.py:190} INFO -  Previous state of the Task instance: queued
[2025-03-30T12:34:03.555+0000] {logging_mixin.py:190} INFO - Current task name:fetch_data state:running start_date:2025-03-30 12:34:03.288369+00:00
[2025-03-30T12:34:03.556+0000] {logging_mixin.py:190} INFO - Dag name:ecommerce_data_pipeline and current dag run status:running
[2025-03-30T12:34:03.557+0000] {taskinstance.py:732} INFO - ::endgroup::
[2025-03-30T12:34:03.559+0000] {Gestioncommands.py:31} INFO - Fetching data from API...
[2025-03-30T12:34:04.141+0000] {warnings.py:112} WARNING - /home/***/.local/lib/python3.12/site-packages/urllib3/connectionpool.py:1097: InsecureRequestWarning: Unverified HTTPS request is being made to host 'my.api.mockaroo.com'. Adding certificate verification is strongly advised. See: https://urllib3.readthedocs.io/en/latest/advanced-usage.html#tls-warnings
  warnings.warn(

[2025-03-30T12:34:04.883+0000] {Gestioncommands.py:35} INFO - Data fetched successfully.
[2025-03-30T12:34:04.885+0000] {python.py:240} INFO - Done. Returned value was: commande_id,date_commande,client_id,montant_total,statut,produit_id,nom_produit,prix_unitaire,stock,quantite,sous_total,nom_client,email,ville,pays,genre ,paiement_id,mode_paiement,statut_paiement,date_paiement
3358,2023-11-25,324,2054.36,Pending,741,Bag Clear 10 Lb,321.52,4,2,643.04,Gwenny Huske,ghuske0@istockphoto.com,Sâmraông,Cambodia,F,510,Transfer,cancel,2022-04-02
3472,2022-05-05,442,683.79,Pending,709,Icecream - Dstk Cml And Fdg,14.22,2,1,14.22,Elsey Bankes,ebankes1@edublogs.org,Ayacucho,Peru,M,763,Bank card,cancel,2022-08-10
2262,2020-04-04,652,1996.62,Shipped,719,Bread - French Stick,101.33,7,3,303.99,Marna Jenner,mjenner2@is.gd,Şanā’,Yemen,F,777,Transfer,valid,2023-04-29
9106,2022-02-16,340,1207.86,Pending,519,Water - San Pellegrino,197.18,42,1,197.18,Meta Marrian,mmarrian3@barnesandnoble.com,Phú Túc,Vietnam,M,656,Bank card,cancel,2022-09-09
3671,2023-03-04,363,404.22,Shipped,671,"Wine - Harrow Estates, Vidal",34.59,30,1,34.59,Pauli Batchan,pbatchan4@cbsnews.com,Xiong’erzhai,China,F,925,PayPal,valid,2021-04-12
7870,2021-10-24,830,5646.94,Shipped,737,Lotus Root,297.43,39,1,297.43,Janean Anger,janger5@va.gov,Guolemude,China,F,519,Transfer,cancel,2021-05-14
6062,2021-01-03,343,2807.4,Delivered,888,Smoked Paprika,265.07,17,3,795.21,Ty Cliff,tcliff6@ustream.tv,Mantar,Indonesia,F,938,Bank card,cancel,2022-06-21
9227,2024-01-21,386,2321.05,Delivered,639,Buffalo - Short Rib Fresh,235.42,16,3,706.26,Allegra Phillpotts,aphillpotts7@constantcontact.com,Buda-Kashalyova,Belarus,F,621,PayPal,valid,2021-03-09
9695,2024-02-07,443,461.87,Shipped,678,"Doilies - 5, Paper",438.58,40,3,1315.74,Loraine Vlasyev,lvlasyev8@tinypic.com,Pailitas,Colombia,M,384,Transfer,pending,2022-12-15
8706,2021-09-07,628,3116.24,Pending,635,Peach - Halves,276.57,14,1,276.57,Gayle Maguire,gmaguire9@lulu.com,Rokitno Szlacheckie,Poland,M,957,Transfer,valid,2022-05-18

[2025-03-30T12:34:04.918+0000] {taskinstance.py:341} INFO - ::group::Post task execution logs
[2025-03-30T12:34:04.919+0000] {taskinstance.py:353} INFO - Marking task as SUCCESS. dag_id=ecommerce_data_pipeline, task_id=fetch_data, run_id=scheduled__2025-03-30T12:33:00+00:00, execution_date=20250330T123300, start_date=20250330T123403, end_date=20250330T123404
[2025-03-30T12:34:04.955+0000] {logging_mixin.py:190} INFO - Task instance in success state
[2025-03-30T12:34:04.956+0000] {logging_mixin.py:190} INFO -  Previous state of the Task instance: running
[2025-03-30T12:34:04.956+0000] {logging_mixin.py:190} INFO - Dag name:ecommerce_data_pipeline queued_at:2025-03-30 12:34:00.530805+00:00
[2025-03-30T12:34:04.957+0000] {logging_mixin.py:190} INFO - Task hostname:778b271a0247 operator:PythonOperator
[2025-03-30T12:34:05.007+0000] {local_task_job_runner.py:266} INFO - Task exited with return code 0
[2025-03-30T12:34:05.068+0000] {taskinstance.py:3901} INFO - 1 downstream tasks scheduled from follow-on schedule check
[2025-03-30T12:34:05.071+0000] {local_task_job_runner.py:245} INFO - ::endgroup::
