[2025-03-30T12:16:02.969+0000] {local_task_job_runner.py:123} INFO - ::group::Pre task execution logs
[2025-03-30T12:16:03.235+0000] {taskinstance.py:2614} INFO - Dependencies all met for dep_context=non-requeueable deps ti=<TaskInstance: ecommerce_data_pipeline.fetch_data scheduled__2025-03-30T12:15:00+00:00 [queued]>
[2025-03-30T12:16:03.248+0000] {taskinstance.py:2614} INFO - Dependencies all met for dep_context=requeueable deps ti=<TaskInstance: ecommerce_data_pipeline.fetch_data scheduled__2025-03-30T12:15:00+00:00 [queued]>
[2025-03-30T12:16:03.249+0000] {taskinstance.py:2867} INFO - Starting attempt 1 of 2
[2025-03-30T12:16:03.271+0000] {taskinstance.py:2890} INFO - Executing <Task(PythonOperator): fetch_data> on 2025-03-30 12:15:00+00:00
[2025-03-30T12:16:03.284+0000] {warnings.py:112} WARNING - /home/***/.local/lib/python3.12/site-packages/***/task/task_runner/standard_task_runner.py:70: DeprecationWarning: This process (pid=295) is multi-threaded, use of fork() may lead to deadlocks in the child.
  pid = os.fork()

[2025-03-30T12:16:03.288+0000] {standard_task_runner.py:72} INFO - Started process 297 to run task
[2025-03-30T12:16:03.289+0000] {standard_task_runner.py:104} INFO - Running: ['***', 'tasks', 'run', 'ecommerce_data_pipeline', 'fetch_data', 'scheduled__2025-03-30T12:15:00+00:00', '--job-id', '667', '--raw', '--subdir', 'DAGS_FOLDER/Gestioncommands.py', '--cfg-path', '/tmp/tmp34mygf86']
[2025-03-30T12:16:03.291+0000] {standard_task_runner.py:105} INFO - Job 667: Subtask fetch_data
[2025-03-30T12:16:03.369+0000] {task_command.py:467} INFO - Running <TaskInstance: ecommerce_data_pipeline.fetch_data scheduled__2025-03-30T12:15:00+00:00 [running]> on host 778b271a0247
[2025-03-30T12:16:03.503+0000] {taskinstance.py:3134} INFO - Exporting env vars: AIRFLOW_CTX_DAG_OWNER='***' AIRFLOW_CTX_DAG_ID='ecommerce_data_pipeline' AIRFLOW_CTX_TASK_ID='fetch_data' AIRFLOW_CTX_EXECUTION_DATE='2025-03-30T12:15:00+00:00' AIRFLOW_CTX_TRY_NUMBER='1' AIRFLOW_CTX_DAG_RUN_ID='scheduled__2025-03-30T12:15:00+00:00'
[2025-03-30T12:16:03.505+0000] {logging_mixin.py:190} INFO - Task instance is in running state
[2025-03-30T12:16:03.507+0000] {logging_mixin.py:190} INFO -  Previous state of the Task instance: queued
[2025-03-30T12:16:03.508+0000] {logging_mixin.py:190} INFO - Current task name:fetch_data state:running start_date:2025-03-30 12:16:03.236266+00:00
[2025-03-30T12:16:03.508+0000] {logging_mixin.py:190} INFO - Dag name:ecommerce_data_pipeline and current dag run status:running
[2025-03-30T12:16:03.509+0000] {taskinstance.py:732} INFO - ::endgroup::
[2025-03-30T12:16:03.511+0000] {Gestioncommands.py:31} INFO - Fetching data from API...
[2025-03-30T12:16:04.152+0000] {warnings.py:112} WARNING - /home/***/.local/lib/python3.12/site-packages/urllib3/connectionpool.py:1097: InsecureRequestWarning: Unverified HTTPS request is being made to host 'my.api.mockaroo.com'. Adding certificate verification is strongly advised. See: https://urllib3.readthedocs.io/en/latest/advanced-usage.html#tls-warnings
  warnings.warn(

[2025-03-30T12:16:04.873+0000] {Gestioncommands.py:35} INFO - Data fetched successfully.
[2025-03-30T12:16:04.876+0000] {python.py:240} INFO - Done. Returned value was: commande_id,date_commande,client_id,montant_total,statut,produit_id,nom_produit,prix_unitaire,stock,quantite,sous_total,nom_client,email,ville,pays,genre ,paiement_id,mode_paiement,statut_paiement,date_paiement
9055,2021-05-16,237,3252.99,Pending,843,"Vodka - Hot, Lnferno",370.43,5,2,740.86,Isidora Dyster,idyster0@parallels.com,Trindade,Brazil,M,379,PayPal,pending,2024-01-30
8479,2023-06-10,431,701.28,Pending,862,Apple - Custard,153.78,24,2,307.56,Raffaello Burrage,rburrage1@blogspot.com,Muleng,China,F,391,PayPal,pending,2021-01-29
5566,2021-07-07,236,1698.54,Delivered,608,"Liners - Banana, Paper",377.09,9,2,754.18,Artus Olkowicz,aolkowicz2@google.cn,La Esperanza,Mexico,M,793,Bank card,valid,2020-08-28
9096,2021-06-18,726,691.29,Pending,809,Muffin - Blueberry Individual,188.58,45,2,377.16,Kacy Wadley,kwadley3@themeforest.net,Kiiminki,Finland,M,261,PayPal,cancel,2022-01-23
7376,2022-04-12,482,37.7,Delivered,557,"Salmon - Atlantic, Fresh, Whole",55.11,50,3,165.33,Clovis Squire,csquire4@t-online.de,Kayima,Sierra Leone,M,950,Bank card,valid,2020-03-14
3851,2020-09-10,554,1380.97,Delivered,896,Straw - Regular,493.75,39,2,987.5,Arley Elsworth,aelsworth5@prweb.com,Huaccana,Peru,F,846,Transfer,valid,2021-03-29
6822,2023-06-16,214,3194.89,Delivered,606,Jolt Cola - Red Eye,436.57,17,2,873.14,Magdaia Eppson,meppson6@apple.com,Taliouine,Morocco,F,568,Bank card,cancel,2022-02-09
2699,2023-03-23,785,4791.68,Shipped,542,"Pepper - Black, Crushed",451.13,20,2,902.26,Reinald Plinck,rplinck7@alexa.com,Nizhnepavlovka,Russia,F,853,Transfer,valid,2022-06-25
2220,2020-06-10,569,2318.48,Pending,603,Nut - Pumpkin Seeds,214.08,42,3,642.24,Hynda Josskoviz,hjosskoviz8@unesco.org,Ōtsu-shi,Japan,F,231,Transfer,pending,2020-09-01
8976,2023-02-14,776,4066.54,Shipped,723,"Turkey - Breast, Double",449.0,31,1,449.0,Kurt Tye,ktye9@exblog.jp,Du’ermenqin,China,F,340,Transfer,pending,2022-08-28

[2025-03-30T12:16:04.905+0000] {taskinstance.py:341} INFO - ::group::Post task execution logs
[2025-03-30T12:16:04.906+0000] {taskinstance.py:353} INFO - Marking task as SUCCESS. dag_id=ecommerce_data_pipeline, task_id=fetch_data, run_id=scheduled__2025-03-30T12:15:00+00:00, execution_date=20250330T121500, start_date=20250330T121603, end_date=20250330T121604
[2025-03-30T12:16:04.937+0000] {logging_mixin.py:190} INFO - Task instance in success state
[2025-03-30T12:16:04.937+0000] {logging_mixin.py:190} INFO -  Previous state of the Task instance: running
[2025-03-30T12:16:04.938+0000] {logging_mixin.py:190} INFO - Dag name:ecommerce_data_pipeline queued_at:2025-03-30 12:16:00.379359+00:00
[2025-03-30T12:16:04.939+0000] {logging_mixin.py:190} INFO - Task hostname:778b271a0247 operator:PythonOperator
[2025-03-30T12:16:04.954+0000] {local_task_job_runner.py:266} INFO - Task exited with return code 0
[2025-03-30T12:16:05.010+0000] {taskinstance.py:3901} INFO - 1 downstream tasks scheduled from follow-on schedule check
[2025-03-30T12:16:05.013+0000] {local_task_job_runner.py:245} INFO - ::endgroup::
