[2025-03-28T16:31:16.208+0000] {local_task_job_runner.py:123} INFO - ::group::Pre task execution logs
[2025-03-28T16:31:16.356+0000] {taskinstance.py:2614} INFO - Dependencies all met for dep_context=non-requeueable deps ti=<TaskInstance: Etl_pipeline_order_management.store_data manual__2025-03-28T16:31:11.473402+00:00 [queued]>
[2025-03-28T16:31:16.364+0000] {taskinstance.py:2614} INFO - Dependencies all met for dep_context=requeueable deps ti=<TaskInstance: Etl_pipeline_order_management.store_data manual__2025-03-28T16:31:11.473402+00:00 [queued]>
[2025-03-28T16:31:16.365+0000] {taskinstance.py:2867} INFO - Starting attempt 1 of 2
[2025-03-28T16:31:16.377+0000] {taskinstance.py:2890} INFO - Executing <Task(PythonOperator): store_data> on 2025-03-28 16:31:11.473402+00:00
[2025-03-28T16:31:16.385+0000] {warnings.py:112} WARNING - /home/***/.local/lib/python3.12/site-packages/***/task/task_runner/standard_task_runner.py:70: DeprecationWarning: This process (pid=369) is multi-threaded, use of fork() may lead to deadlocks in the child.
  pid = os.fork()

[2025-03-28T16:31:16.387+0000] {standard_task_runner.py:72} INFO - Started process 371 to run task
[2025-03-28T16:31:16.388+0000] {standard_task_runner.py:104} INFO - Running: ['***', 'tasks', 'run', 'Etl_pipeline_order_management', 'store_data', 'manual__2025-03-28T16:31:11.473402+00:00', '--job-id', '24', '--raw', '--subdir', 'DAGS_FOLDER/Gestioncommands.py', '--cfg-path', '/tmp/tmpya1q8u2x']
[2025-03-28T16:31:16.390+0000] {standard_task_runner.py:105} INFO - Job 24: Subtask store_data
[2025-03-28T16:31:16.435+0000] {task_command.py:467} INFO - Running <TaskInstance: Etl_pipeline_order_management.store_data manual__2025-03-28T16:31:11.473402+00:00 [running]> on host 499696d11f67
[2025-03-28T16:31:16.509+0000] {taskinstance.py:3134} INFO - Exporting env vars: AIRFLOW_CTX_DAG_OWNER='***' AIRFLOW_CTX_DAG_ID='Etl_pipeline_order_management' AIRFLOW_CTX_TASK_ID='store_data' AIRFLOW_CTX_EXECUTION_DATE='2025-03-28T16:31:11.473402+00:00' AIRFLOW_CTX_TRY_NUMBER='1' AIRFLOW_CTX_DAG_RUN_ID='manual__2025-03-28T16:31:11.473402+00:00'
[2025-03-28T16:31:16.511+0000] {logging_mixin.py:190} INFO - Task instance is in running state
[2025-03-28T16:31:16.512+0000] {logging_mixin.py:190} INFO -  Previous state of the Task instance: queued
[2025-03-28T16:31:16.513+0000] {logging_mixin.py:190} INFO - Current task name:store_data state:running start_date:2025-03-28 16:31:16.356875+00:00
[2025-03-28T16:31:16.514+0000] {logging_mixin.py:190} INFO - Dag name:Etl_pipeline_order_management and current dag run status:running
[2025-03-28T16:31:16.514+0000] {taskinstance.py:732} INFO - ::endgroup::
[2025-03-28T16:31:16.515+0000] {Gestioncommands.py:44} INFO - Retrieving CSV data from XCom...
[2025-03-28T16:31:16.555+0000] {Gestioncommands.py:105} INFO - Inserting data into DuckDB tables...
[2025-03-28T16:31:16.635+0000] {Gestioncommands.py:137} INFO - Data successfully stored into DuckDB.
[2025-03-28T16:31:16.659+0000] {python.py:240} INFO - Done. Returned value was: None
[2025-03-28T16:31:16.667+0000] {taskinstance.py:341} INFO - ::group::Post task execution logs
[2025-03-28T16:31:16.668+0000] {taskinstance.py:353} INFO - Marking task as SUCCESS. dag_id=Etl_pipeline_order_management, task_id=store_data, run_id=manual__2025-03-28T16:31:11.473402+00:00, execution_date=20250328T163111, start_date=20250328T163116, end_date=20250328T163116
[2025-03-28T16:31:16.685+0000] {logging_mixin.py:190} INFO - Task instance in success state
[2025-03-28T16:31:16.685+0000] {logging_mixin.py:190} INFO -  Previous state of the Task instance: running
[2025-03-28T16:31:16.686+0000] {logging_mixin.py:190} INFO - Dag name:Etl_pipeline_order_management queued_at:2025-03-28 16:31:11.483329+00:00
[2025-03-28T16:31:16.686+0000] {logging_mixin.py:190} INFO - Task hostname:499696d11f67 operator:PythonOperator
[2025-03-28T16:31:16.723+0000] {local_task_job_runner.py:266} INFO - Task exited with return code 0
[2025-03-28T16:31:16.740+0000] {taskinstance.py:3901} INFO - 0 downstream tasks scheduled from follow-on schedule check
[2025-03-28T16:31:16.742+0000] {local_task_job_runner.py:245} INFO - ::endgroup::
