[2025-03-30T01:54:14.586+0000] {local_task_job_runner.py:123} INFO - ::group::Pre task execution logs
[2025-03-30T01:54:14.801+0000] {taskinstance.py:2614} INFO - Dependencies all met for dep_context=non-requeueable deps ti=<TaskInstance: ecommerce_data_pipeline.verify_data manual__2025-03-30T01:53:56.140503+00:00 [queued]>
[2025-03-30T01:54:14.818+0000] {taskinstance.py:2614} INFO - Dependencies all met for dep_context=requeueable deps ti=<TaskInstance: ecommerce_data_pipeline.verify_data manual__2025-03-30T01:53:56.140503+00:00 [queued]>
[2025-03-30T01:54:14.856+0000] {taskinstance.py:2867} INFO - Starting attempt 1 of 2
[2025-03-30T01:54:14.879+0000] {taskinstance.py:2890} INFO - Executing <Task(PythonOperator): verify_data> on 2025-03-30 01:53:56.140503+00:00
[2025-03-30T01:54:14.889+0000] {warnings.py:112} WARNING - /home/***/.local/lib/python3.12/site-packages/***/task/task_runner/standard_task_runner.py:70: DeprecationWarning: This process (pid=2073) is multi-threaded, use of fork() may lead to deadlocks in the child.
  pid = os.fork()

[2025-03-30T01:54:14.892+0000] {standard_task_runner.py:72} INFO - Started process 2094 to run task
[2025-03-30T01:54:14.892+0000] {standard_task_runner.py:104} INFO - Running: ['***', 'tasks', 'run', 'ecommerce_data_pipeline', 'verify_data', 'manual__2025-03-30T01:53:56.140503+00:00', '--job-id', '418', '--raw', '--subdir', 'DAGS_FOLDER/Gestioncommands.py', '--cfg-path', '/tmp/tmp_aq8zlus']
[2025-03-30T01:54:14.894+0000] {standard_task_runner.py:105} INFO - Job 418: Subtask verify_data
[2025-03-30T01:54:14.954+0000] {task_command.py:467} INFO - Running <TaskInstance: ecommerce_data_pipeline.verify_data manual__2025-03-30T01:53:56.140503+00:00 [running]> on host 778b271a0247
[2025-03-30T01:54:15.064+0000] {taskinstance.py:3134} INFO - Exporting env vars: AIRFLOW_CTX_DAG_OWNER='admin' AIRFLOW_CTX_DAG_ID='ecommerce_data_pipeline' AIRFLOW_CTX_TASK_ID='verify_data' AIRFLOW_CTX_EXECUTION_DATE='2025-03-30T01:53:56.140503+00:00' AIRFLOW_CTX_TRY_NUMBER='1' AIRFLOW_CTX_DAG_RUN_ID='manual__2025-03-30T01:53:56.140503+00:00'
[2025-03-30T01:54:15.066+0000] {logging_mixin.py:190} INFO - Task instance is in running state
[2025-03-30T01:54:15.067+0000] {logging_mixin.py:190} INFO -  Previous state of the Task instance: queued
[2025-03-30T01:54:15.068+0000] {logging_mixin.py:190} INFO - Current task name:verify_data state:running start_date:2025-03-30 01:54:14.802558+00:00
[2025-03-30T01:54:15.069+0000] {logging_mixin.py:190} INFO - Dag name:ecommerce_data_pipeline and current dag run status:running
[2025-03-30T01:54:15.070+0000] {taskinstance.py:732} INFO - ::endgroup::
[2025-03-30T01:54:15.071+0000] {Gestioncommands.py:207} INFO - Verifying database content...
[2025-03-30T01:54:15.114+0000] {Gestioncommands.py:219} INFO - Raw tables: [('ecom_db',)]
[2025-03-30T01:54:15.121+0000] {Gestioncommands.py:232} INFO - Refined tables: [('clients',), ('commandes',), ('details_commandes',), ('paiements',), ('produits',)]
[2025-03-30T01:54:15.125+0000] {Gestioncommands.py:239} INFO - Raw table contains 10 records
[2025-03-30T01:54:15.135+0000] {python.py:240} INFO - Done. Returned value was: None
[2025-03-30T01:54:15.155+0000] {taskinstance.py:341} INFO - ::group::Post task execution logs
[2025-03-30T01:54:15.157+0000] {taskinstance.py:353} INFO - Marking task as SUCCESS. dag_id=ecommerce_data_pipeline, task_id=verify_data, run_id=manual__2025-03-30T01:53:56.140503+00:00, execution_date=20250330T015356, start_date=20250330T015414, end_date=20250330T015415
[2025-03-30T01:54:15.193+0000] {logging_mixin.py:190} INFO - Task instance in success state
[2025-03-30T01:54:15.194+0000] {logging_mixin.py:190} INFO -  Previous state of the Task instance: running
[2025-03-30T01:54:15.195+0000] {logging_mixin.py:190} INFO - Dag name:ecommerce_data_pipeline queued_at:2025-03-30 01:53:56.165198+00:00
[2025-03-30T01:54:15.197+0000] {logging_mixin.py:190} INFO - Task hostname:778b271a0247 operator:PythonOperator
[2025-03-30T01:54:15.229+0000] {local_task_job_runner.py:266} INFO - Task exited with return code 0
[2025-03-30T01:54:15.255+0000] {taskinstance.py:3901} INFO - 0 downstream tasks scheduled from follow-on schedule check
[2025-03-30T01:54:15.259+0000] {local_task_job_runner.py:245} INFO - ::endgroup::
