[2025-03-30T00:15:45.737+0000] {local_task_job_runner.py:123} INFO - ::group::Pre task execution logs
[2025-03-30T00:15:45.922+0000] {taskinstance.py:2614} INFO - Dependencies all met for dep_context=non-requeueable deps ti=<TaskInstance: ecommerce_data_pipeline.fetch_data manual__2025-03-30T00:15:43.305112+00:00 [queued]>
[2025-03-30T00:15:45.933+0000] {taskinstance.py:2614} INFO - Dependencies all met for dep_context=requeueable deps ti=<TaskInstance: ecommerce_data_pipeline.fetch_data manual__2025-03-30T00:15:43.305112+00:00 [queued]>
[2025-03-30T00:15:45.935+0000] {taskinstance.py:2867} INFO - Starting attempt 1 of 2
[2025-03-30T00:15:45.951+0000] {taskinstance.py:2890} INFO - Executing <Task(PythonOperator): fetch_data> on 2025-03-30 00:15:43.305112+00:00
[2025-03-30T00:15:45.960+0000] {warnings.py:112} WARNING - /home/***/.local/lib/python3.12/site-packages/***/task/task_runner/standard_task_runner.py:70: DeprecationWarning: This process (pid=198) is multi-threaded, use of fork() may lead to deadlocks in the child.
  pid = os.fork()

[2025-03-30T00:15:45.962+0000] {standard_task_runner.py:72} INFO - Started process 200 to run task
[2025-03-30T00:15:45.962+0000] {standard_task_runner.py:104} INFO - Running: ['***', 'tasks', 'run', 'ecommerce_data_pipeline', 'fetch_data', 'manual__2025-03-30T00:15:43.305112+00:00', '--job-id', '242', '--raw', '--subdir', 'DAGS_FOLDER/Gestioncommands.py', '--cfg-path', '/tmp/tmpsr63dlps']
[2025-03-30T00:15:45.964+0000] {standard_task_runner.py:105} INFO - Job 242: Subtask fetch_data
[2025-03-30T00:15:46.026+0000] {task_command.py:467} INFO - Running <TaskInstance: ecommerce_data_pipeline.fetch_data manual__2025-03-30T00:15:43.305112+00:00 [running]> on host 499696d11f67
[2025-03-30T00:15:46.128+0000] {taskinstance.py:3134} INFO - Exporting env vars: AIRFLOW_CTX_DAG_OWNER='admin' AIRFLOW_CTX_DAG_ID='ecommerce_data_pipeline' AIRFLOW_CTX_TASK_ID='fetch_data' AIRFLOW_CTX_EXECUTION_DATE='2025-03-30T00:15:43.305112+00:00' AIRFLOW_CTX_TRY_NUMBER='1' AIRFLOW_CTX_DAG_RUN_ID='manual__2025-03-30T00:15:43.305112+00:00'
[2025-03-30T00:15:46.131+0000] {logging_mixin.py:190} INFO - Task instance is in running state
[2025-03-30T00:15:46.131+0000] {logging_mixin.py:190} INFO -  Previous state of the Task instance: queued
[2025-03-30T00:15:46.132+0000] {logging_mixin.py:190} INFO - Current task name:fetch_data state:running start_date:2025-03-30 00:15:45.923695+00:00
[2025-03-30T00:15:46.133+0000] {logging_mixin.py:190} INFO - Dag name:ecommerce_data_pipeline and current dag run status:running
[2025-03-30T00:15:46.134+0000] {taskinstance.py:732} INFO - ::endgroup::
[2025-03-30T00:15:46.136+0000] {Gestioncommands.py:40} INFO - Fetching data from API...
[2025-03-30T00:15:47.655+0000] {warnings.py:112} WARNING - /home/***/.local/lib/python3.12/site-packages/urllib3/connectionpool.py:1097: InsecureRequestWarning: Unverified HTTPS request is being made to host 'my.api.mockaroo.com'. Adding certificate verification is strongly advised. See: https://urllib3.readthedocs.io/en/latest/advanced-usage.html#tls-warnings
  warnings.warn(

[2025-03-30T00:15:48.396+0000] {Gestioncommands.py:45} INFO - Data fetched successfully
[2025-03-30T00:15:48.399+0000] {python.py:240} INFO - Done. Returned value was: None
[2025-03-30T00:15:48.411+0000] {taskinstance.py:341} INFO - ::group::Post task execution logs
[2025-03-30T00:15:48.412+0000] {taskinstance.py:353} INFO - Marking task as SUCCESS. dag_id=ecommerce_data_pipeline, task_id=fetch_data, run_id=manual__2025-03-30T00:15:43.305112+00:00, execution_date=20250330T001543, start_date=20250330T001545, end_date=20250330T001548
[2025-03-30T00:15:48.440+0000] {logging_mixin.py:190} INFO - Task instance in success state
[2025-03-30T00:15:48.441+0000] {logging_mixin.py:190} INFO -  Previous state of the Task instance: running
[2025-03-30T00:15:48.441+0000] {logging_mixin.py:190} INFO - Dag name:ecommerce_data_pipeline queued_at:2025-03-30 00:15:43.322147+00:00
[2025-03-30T00:15:48.442+0000] {logging_mixin.py:190} INFO - Task hostname:499696d11f67 operator:PythonOperator
[2025-03-30T00:15:48.470+0000] {local_task_job_runner.py:266} INFO - Task exited with return code 0
[2025-03-30T00:15:48.504+0000] {taskinstance.py:3901} INFO - 1 downstream tasks scheduled from follow-on schedule check
[2025-03-30T00:15:48.508+0000] {local_task_job_runner.py:245} INFO - ::endgroup::
