[2025-03-30T01:45:11.259+0000] {local_task_job_runner.py:123} INFO - ::group::Pre task execution logs
[2025-03-30T01:45:11.462+0000] {taskinstance.py:2614} INFO - Dependencies all met for dep_context=non-requeueable deps ti=<TaskInstance: ecommerce_data_pipeline.store_data scheduled__2025-03-30T01:44:00+00:00 [queued]>
[2025-03-30T01:45:11.473+0000] {taskinstance.py:2614} INFO - Dependencies all met for dep_context=requeueable deps ti=<TaskInstance: ecommerce_data_pipeline.store_data scheduled__2025-03-30T01:44:00+00:00 [queued]>
[2025-03-30T01:45:11.475+0000] {taskinstance.py:2867} INFO - Starting attempt 1 of 2
[2025-03-30T01:45:11.494+0000] {taskinstance.py:2890} INFO - Executing <Task(PythonOperator): store_data> on 2025-03-30 01:44:00+00:00
[2025-03-30T01:45:11.504+0000] {warnings.py:112} WARNING - /home/***/.local/lib/python3.12/site-packages/***/task/task_runner/standard_task_runner.py:70: DeprecationWarning: This process (pid=1050) is multi-threaded, use of fork() may lead to deadlocks in the child.
  pid = os.fork()

[2025-03-30T01:45:11.506+0000] {standard_task_runner.py:72} INFO - Started process 1069 to run task
[2025-03-30T01:45:11.508+0000] {standard_task_runner.py:104} INFO - Running: ['***', 'tasks', 'run', 'ecommerce_data_pipeline', 'store_data', 'scheduled__2025-03-30T01:44:00+00:00', '--job-id', '359', '--raw', '--subdir', 'DAGS_FOLDER/Gestioncommands.py', '--cfg-path', '/tmp/tmpdfphp4bh']
[2025-03-30T01:45:11.510+0000] {standard_task_runner.py:105} INFO - Job 359: Subtask store_data
[2025-03-30T01:45:11.575+0000] {task_command.py:467} INFO - Running <TaskInstance: ecommerce_data_pipeline.store_data scheduled__2025-03-30T01:44:00+00:00 [running]> on host 778b271a0247
[2025-03-30T01:45:11.674+0000] {taskinstance.py:3134} INFO - Exporting env vars: AIRFLOW_CTX_DAG_OWNER='admin' AIRFLOW_CTX_DAG_ID='ecommerce_data_pipeline' AIRFLOW_CTX_TASK_ID='store_data' AIRFLOW_CTX_EXECUTION_DATE='2025-03-30T01:44:00+00:00' AIRFLOW_CTX_TRY_NUMBER='1' AIRFLOW_CTX_DAG_RUN_ID='scheduled__2025-03-30T01:44:00+00:00'
[2025-03-30T01:45:11.676+0000] {logging_mixin.py:190} INFO - Task instance is in running state
[2025-03-30T01:45:11.676+0000] {logging_mixin.py:190} INFO -  Previous state of the Task instance: queued
[2025-03-30T01:45:11.677+0000] {logging_mixin.py:190} INFO - Current task name:store_data state:running start_date:2025-03-30 01:45:11.463828+00:00
[2025-03-30T01:45:11.677+0000] {logging_mixin.py:190} INFO - Dag name:ecommerce_data_pipeline and current dag run status:running
[2025-03-30T01:45:11.678+0000] {taskinstance.py:732} INFO - ::endgroup::
[2025-03-30T01:45:11.689+0000] {Gestioncommands.py:57} INFO - Loading data into DuckDB...
[2025-03-30T01:45:11.776+0000] {Gestioncommands.py:108} INFO - Data stored successfully
[2025-03-30T01:45:11.777+0000] {python.py:240} INFO - Done. Returned value was: None
[2025-03-30T01:45:11.795+0000] {taskinstance.py:341} INFO - ::group::Post task execution logs
[2025-03-30T01:45:11.796+0000] {taskinstance.py:353} INFO - Marking task as SUCCESS. dag_id=ecommerce_data_pipeline, task_id=store_data, run_id=scheduled__2025-03-30T01:44:00+00:00, execution_date=20250330T014400, start_date=20250330T014511, end_date=20250330T014511
[2025-03-30T01:45:11.828+0000] {logging_mixin.py:190} INFO - Task instance in success state
[2025-03-30T01:45:11.828+0000] {logging_mixin.py:190} INFO -  Previous state of the Task instance: running
[2025-03-30T01:45:11.830+0000] {logging_mixin.py:190} INFO - Dag name:ecommerce_data_pipeline queued_at:2025-03-30 01:45:01.107418+00:00
[2025-03-30T01:45:11.830+0000] {logging_mixin.py:190} INFO - Task hostname:778b271a0247 operator:PythonOperator
[2025-03-30T01:45:11.846+0000] {local_task_job_runner.py:266} INFO - Task exited with return code 0
[2025-03-30T01:45:11.883+0000] {taskinstance.py:3901} INFO - 1 downstream tasks scheduled from follow-on schedule check
[2025-03-30T01:45:11.886+0000] {local_task_job_runner.py:245} INFO - ::endgroup::
