[2025-03-30T12:04:22.517+0000] {local_task_job_runner.py:123} INFO - ::group::Pre task execution logs
[2025-03-30T12:04:23.092+0000] {taskinstance.py:2614} INFO - Dependencies all met for dep_context=non-requeueable deps ti=<TaskInstance: ecommerce_data_pipeline.fetch_data scheduled__2025-03-30T02:50:00+00:00 [queued]>
[2025-03-30T12:04:23.108+0000] {taskinstance.py:2614} INFO - Dependencies all met for dep_context=requeueable deps ti=<TaskInstance: ecommerce_data_pipeline.fetch_data scheduled__2025-03-30T02:50:00+00:00 [queued]>
[2025-03-30T12:04:23.110+0000] {taskinstance.py:2867} INFO - Starting attempt 1 of 2
[2025-03-30T12:04:23.131+0000] {taskinstance.py:2890} INFO - Executing <Task(PythonOperator): fetch_data> on 2025-03-30 02:50:00+00:00
[2025-03-30T12:04:23.144+0000] {warnings.py:112} WARNING - /home/***/.local/lib/python3.12/site-packages/***/task/task_runner/standard_task_runner.py:70: DeprecationWarning: This process (pid=79) is multi-threaded, use of fork() may lead to deadlocks in the child.
  pid = os.fork()

[2025-03-30T12:04:23.150+0000] {standard_task_runner.py:72} INFO - Started process 96 to run task
[2025-03-30T12:04:23.150+0000] {standard_task_runner.py:104} INFO - Running: ['***', 'tasks', 'run', 'ecommerce_data_pipeline', 'fetch_data', 'scheduled__2025-03-30T02:50:00+00:00', '--job-id', '637', '--raw', '--subdir', 'DAGS_FOLDER/Gestioncommands.py', '--cfg-path', '/tmp/tmpxkgxuo6x']
[2025-03-30T12:04:23.152+0000] {standard_task_runner.py:105} INFO - Job 637: Subtask fetch_data
[2025-03-30T12:04:23.233+0000] {task_command.py:467} INFO - Running <TaskInstance: ecommerce_data_pipeline.fetch_data scheduled__2025-03-30T02:50:00+00:00 [running]> on host 778b271a0247
[2025-03-30T12:04:23.377+0000] {taskinstance.py:3134} INFO - Exporting env vars: AIRFLOW_CTX_DAG_OWNER='***' AIRFLOW_CTX_DAG_ID='ecommerce_data_pipeline' AIRFLOW_CTX_TASK_ID='fetch_data' AIRFLOW_CTX_EXECUTION_DATE='2025-03-30T02:50:00+00:00' AIRFLOW_CTX_TRY_NUMBER='1' AIRFLOW_CTX_DAG_RUN_ID='scheduled__2025-03-30T02:50:00+00:00'
[2025-03-30T12:04:23.379+0000] {logging_mixin.py:190} INFO - Task instance is in running state
[2025-03-30T12:04:23.381+0000] {logging_mixin.py:190} INFO -  Previous state of the Task instance: queued
[2025-03-30T12:04:23.381+0000] {logging_mixin.py:190} INFO - Current task name:fetch_data state:running start_date:2025-03-30 12:04:23.093295+00:00
[2025-03-30T12:04:23.382+0000] {logging_mixin.py:190} INFO - Dag name:ecommerce_data_pipeline and current dag run status:running
[2025-03-30T12:04:23.383+0000] {taskinstance.py:732} INFO - ::endgroup::
[2025-03-30T12:04:23.384+0000] {Gestioncommands.py:31} INFO - Fetching data from API...
[2025-03-30T12:04:28.008+0000] {warnings.py:112} WARNING - /home/***/.local/lib/python3.12/site-packages/urllib3/connectionpool.py:1097: InsecureRequestWarning: Unverified HTTPS request is being made to host 'my.api.mockaroo.com'. Adding certificate verification is strongly advised. See: https://urllib3.readthedocs.io/en/latest/advanced-usage.html#tls-warnings
  warnings.warn(

[2025-03-30T12:04:28.830+0000] {Gestioncommands.py:35} INFO - Data fetched successfully.
[2025-03-30T12:04:28.832+0000] {python.py:240} INFO - Done. Returned value was: commande_id,date_commande,client_id,montant_total,statut,produit_id,nom_produit,prix_unitaire,stock,quantite,sous_total,nom_client,email,ville,pays,genre ,paiement_id,mode_paiement,statut_paiement,date_paiement
3701,2022-04-01,750,4546.44,Pending,657,Appetiser - Bought,218.05,49,1,218.05,Paddie Bleasby,pbleasby0@hubpages.com,Villanueva,Colombia,F,225,PayPal,valid,2021-09-01
9337,2023-12-17,850,3077.2,Pending,852,Turkey - Ground. Lean,282.51,40,2,565.02,Sandy Clinkard,sclinkard1@mit.edu,Dongshan,China,F,270,Bank card,valid,2023-09-17
5198,2021-03-14,656,3860.28,Delivered,630,Flour - Pastry,53.03,41,2,106.06,Kristy Boughtwood,kboughtwood2@hostgator.com,El Guapinol,Honduras,F,662,PayPal,valid,2024-03-24
9807,2022-03-07,354,118.76,Shipped,603,Flower - Potmums,9.35,40,1,9.35,Reggi Ollcott,rollcott3@gnu.org,Fāmenīn,Iran,M,896,Transfer,pending,2023-07-03
6740,2022-09-13,672,711.99,Delivered,635,"Yogurt - Blueberry, 175 Gr",474.32,19,1,474.32,Pippy Cuer,pcuer4@marketwatch.com,Sampagar,Philippines,F,214,PayPal,cancel,2023-01-17
1338,2024-01-08,887,1663.33,Delivered,686,Container Clear 8 Oz,80.32,31,3,240.96,Nathanil MacArthur,nmacarthur5@csmonitor.com,Capacho Viejo,Venezuela,F,819,Transfer,valid,2022-06-26
9375,2021-02-16,679,4401.54,Shipped,543,Compound - Pear,324.8,5,1,324.8,Quintina Jorden,qjorden6@addtoany.com,Pavlovka,Russia,F,653,PayPal,valid,2023-06-01
8656,2020-12-03,800,2156.69,Delivered,540,Nantucket Cranberry Juice,301.02,37,2,602.04,Ashlen Torra,atorra7@ft.com,Thung Khru,Thailand,M,843,PayPal,pending,2023-03-04
5968,2022-07-11,566,5043.15,Shipped,784,Pimento - Canned,19.2,20,3,57.6,Aleta Antwis,aantwis8@fotki.com,Rowokangkung,Indonesia,M,538,Bank card,pending,2023-11-18
7903,2023-04-22,725,2872.48,Shipped,726,"Wine - Red, Gamay Noir",442.75,42,3,1328.25,Nickolas Sherwill,nsherwill9@unicef.org,Koror Town,Palau,M,548,PayPal,pending,2020-03-31

[2025-03-30T12:04:28.856+0000] {taskinstance.py:341} INFO - ::group::Post task execution logs
[2025-03-30T12:04:28.857+0000] {taskinstance.py:353} INFO - Marking task as SUCCESS. dag_id=ecommerce_data_pipeline, task_id=fetch_data, run_id=scheduled__2025-03-30T02:50:00+00:00, execution_date=20250330T025000, start_date=20250330T120423, end_date=20250330T120428
[2025-03-30T12:04:28.876+0000] {logging_mixin.py:190} INFO - Task instance in success state
[2025-03-30T12:04:28.877+0000] {logging_mixin.py:190} INFO -  Previous state of the Task instance: running
[2025-03-30T12:04:28.877+0000] {logging_mixin.py:190} INFO - Dag name:ecommerce_data_pipeline queued_at:2025-03-30 12:04:15.972494+00:00
[2025-03-30T12:04:28.878+0000] {logging_mixin.py:190} INFO - Task hostname:778b271a0247 operator:PythonOperator
[2025-03-30T12:04:28.909+0000] {local_task_job_runner.py:266} INFO - Task exited with return code 0
[2025-03-30T12:04:28.931+0000] {taskinstance.py:3901} INFO - 1 downstream tasks scheduled from follow-on schedule check
[2025-03-30T12:04:28.934+0000] {local_task_job_runner.py:245} INFO - ::endgroup::
