[2025-03-30T01:59:16.590+0000] {local_task_job_runner.py:123} INFO - ::group::Pre task execution logs
[2025-03-30T01:59:16.626+0000] {taskinstance.py:2614} INFO - Dependencies all met for dep_context=non-requeueable deps ti=<TaskInstance: ecommerce_data_pipeline.verify_data scheduled__2025-03-30T01:58:00+00:00 [queued]>
[2025-03-30T01:59:16.645+0000] {taskinstance.py:2614} INFO - Dependencies all met for dep_context=requeueable deps ti=<TaskInstance: ecommerce_data_pipeline.verify_data scheduled__2025-03-30T01:58:00+00:00 [queued]>
[2025-03-30T01:59:16.646+0000] {taskinstance.py:2867} INFO - Starting attempt 1 of 2
[2025-03-30T01:59:16.670+0000] {taskinstance.py:2890} INFO - Executing <Task(PythonOperator): verify_data> on 2025-03-30 01:58:00+00:00
[2025-03-30T01:59:16.685+0000] {warnings.py:112} WARNING - /home/***/.local/lib/python3.12/site-packages/***/task/task_runner/standard_task_runner.py:70: DeprecationWarning: This process (pid=2442) is multi-threaded, use of fork() may lead to deadlocks in the child.
  pid = os.fork()

[2025-03-30T01:59:16.688+0000] {standard_task_runner.py:72} INFO - Started process 2446 to run task
[2025-03-30T01:59:16.688+0000] {standard_task_runner.py:104} INFO - Running: ['***', 'tasks', 'run', 'ecommerce_data_pipeline', 'verify_data', 'scheduled__2025-03-30T01:58:00+00:00', '--job-id', '438', '--raw', '--subdir', 'DAGS_FOLDER/Gestioncommands.py', '--cfg-path', '/tmp/tmp3n2_fz7_']
[2025-03-30T01:59:16.691+0000] {standard_task_runner.py:105} INFO - Job 438: Subtask verify_data
[2025-03-30T01:59:16.770+0000] {task_command.py:467} INFO - Running <TaskInstance: ecommerce_data_pipeline.verify_data scheduled__2025-03-30T01:58:00+00:00 [running]> on host 778b271a0247
[2025-03-30T01:59:16.893+0000] {taskinstance.py:3134} INFO - Exporting env vars: AIRFLOW_CTX_DAG_OWNER='admin' AIRFLOW_CTX_DAG_ID='ecommerce_data_pipeline' AIRFLOW_CTX_TASK_ID='verify_data' AIRFLOW_CTX_EXECUTION_DATE='2025-03-30T01:58:00+00:00' AIRFLOW_CTX_TRY_NUMBER='1' AIRFLOW_CTX_DAG_RUN_ID='scheduled__2025-03-30T01:58:00+00:00'
[2025-03-30T01:59:16.897+0000] {logging_mixin.py:190} INFO - Task instance is in running state
[2025-03-30T01:59:16.897+0000] {logging_mixin.py:190} INFO -  Previous state of the Task instance: queued
[2025-03-30T01:59:16.899+0000] {logging_mixin.py:190} INFO - Current task name:verify_data state:running start_date:2025-03-30 01:59:16.628206+00:00
[2025-03-30T01:59:16.899+0000] {logging_mixin.py:190} INFO - Dag name:ecommerce_data_pipeline and current dag run status:running
[2025-03-30T01:59:16.900+0000] {taskinstance.py:732} INFO - ::endgroup::
[2025-03-30T01:59:16.902+0000] {Gestioncommands.py:207} INFO - Verifying database content...
[2025-03-30T01:59:16.947+0000] {Gestioncommands.py:219} INFO - Raw tables: [('ecom_db',)]
[2025-03-30T01:59:16.967+0000] {Gestioncommands.py:232} INFO - Refined tables: [('clients',), ('commandes',), ('details_commandes',), ('paiements',), ('produits',)]
[2025-03-30T01:59:16.973+0000] {Gestioncommands.py:239} INFO - Raw table contains 10 records
[2025-03-30T01:59:16.978+0000] {python.py:240} INFO - Done. Returned value was: None
[2025-03-30T01:59:16.994+0000] {taskinstance.py:341} INFO - ::group::Post task execution logs
[2025-03-30T01:59:16.995+0000] {taskinstance.py:353} INFO - Marking task as SUCCESS. dag_id=ecommerce_data_pipeline, task_id=verify_data, run_id=scheduled__2025-03-30T01:58:00+00:00, execution_date=20250330T015800, start_date=20250330T015916, end_date=20250330T015916
[2025-03-30T01:59:17.035+0000] {logging_mixin.py:190} INFO - Task instance in success state
[2025-03-30T01:59:17.036+0000] {logging_mixin.py:190} INFO -  Previous state of the Task instance: running
[2025-03-30T01:59:17.036+0000] {logging_mixin.py:190} INFO - Dag name:ecommerce_data_pipeline queued_at:2025-03-30 01:59:00.468252+00:00
[2025-03-30T01:59:17.037+0000] {logging_mixin.py:190} INFO - Task hostname:778b271a0247 operator:PythonOperator
[2025-03-30T01:59:17.068+0000] {local_task_job_runner.py:266} INFO - Task exited with return code 0
[2025-03-30T01:59:17.091+0000] {taskinstance.py:3901} INFO - 0 downstream tasks scheduled from follow-on schedule check
[2025-03-30T01:59:17.094+0000] {local_task_job_runner.py:245} INFO - ::endgroup::
