[2025-03-30T02:12:11.753+0000] {local_task_job_runner.py:123} INFO - ::group::Pre task execution logs
[2025-03-30T02:12:11.785+0000] {taskinstance.py:2614} INFO - Dependencies all met for dep_context=non-requeueable deps ti=<TaskInstance: ecommerce_data_pipeline.transform_data scheduled__2025-03-30T02:11:00+00:00 [queued]>
[2025-03-30T02:12:11.797+0000] {taskinstance.py:2614} INFO - Dependencies all met for dep_context=requeueable deps ti=<TaskInstance: ecommerce_data_pipeline.transform_data scheduled__2025-03-30T02:11:00+00:00 [queued]>
[2025-03-30T02:12:11.798+0000] {taskinstance.py:2867} INFO - Starting attempt 1 of 2
[2025-03-30T02:12:11.817+0000] {taskinstance.py:2890} INFO - Executing <Task(PythonOperator): transform_data> on 2025-03-30 02:11:00+00:00
[2025-03-30T02:12:11.828+0000] {warnings.py:112} WARNING - /home/***/.local/lib/python3.12/site-packages/***/task/task_runner/standard_task_runner.py:70: DeprecationWarning: This process (pid=3353) is multi-threaded, use of fork() may lead to deadlocks in the child.
  pid = os.fork()

[2025-03-30T02:12:11.830+0000] {standard_task_runner.py:72} INFO - Started process 3355 to run task
[2025-03-30T02:12:11.832+0000] {standard_task_runner.py:104} INFO - Running: ['***', 'tasks', 'run', 'ecommerce_data_pipeline', 'transform_data', 'scheduled__2025-03-30T02:11:00+00:00', '--job-id', '490', '--raw', '--subdir', 'DAGS_FOLDER/Gestioncommands.py', '--cfg-path', '/tmp/tmph92zz2ss']
[2025-03-30T02:12:11.834+0000] {standard_task_runner.py:105} INFO - Job 490: Subtask transform_data
[2025-03-30T02:12:11.892+0000] {task_command.py:467} INFO - Running <TaskInstance: ecommerce_data_pipeline.transform_data scheduled__2025-03-30T02:11:00+00:00 [running]> on host 778b271a0247
[2025-03-30T02:12:11.999+0000] {taskinstance.py:3134} INFO - Exporting env vars: AIRFLOW_CTX_DAG_OWNER='admin' AIRFLOW_CTX_DAG_ID='ecommerce_data_pipeline' AIRFLOW_CTX_TASK_ID='transform_data' AIRFLOW_CTX_EXECUTION_DATE='2025-03-30T02:11:00+00:00' AIRFLOW_CTX_TRY_NUMBER='1' AIRFLOW_CTX_DAG_RUN_ID='scheduled__2025-03-30T02:11:00+00:00'
[2025-03-30T02:12:12.002+0000] {logging_mixin.py:190} INFO - Task instance is in running state
[2025-03-30T02:12:12.003+0000] {logging_mixin.py:190} INFO -  Previous state of the Task instance: queued
[2025-03-30T02:12:12.004+0000] {logging_mixin.py:190} INFO - Current task name:transform_data state:running start_date:2025-03-30 02:12:11.786120+00:00
[2025-03-30T02:12:12.004+0000] {logging_mixin.py:190} INFO - Dag name:ecommerce_data_pipeline and current dag run status:running
[2025-03-30T02:12:12.005+0000] {taskinstance.py:732} INFO - ::endgroup::
[2025-03-30T02:12:12.006+0000] {Gestioncommands.py:117} INFO - Starting data transformation...
[2025-03-30T02:12:12.082+0000] {Gestioncommands.py:135} INFO - Refined table 'clients' created successfully
[2025-03-30T02:12:12.100+0000] {Gestioncommands.py:149} INFO - Refined table 'commandes' created successfully
[2025-03-30T02:12:12.110+0000] {Gestioncommands.py:168} INFO - Refined table 'details_commandes' created successfully
[2025-03-30T02:12:12.127+0000] {Gestioncommands.py:181} INFO - Refined table 'produits' created successfully
[2025-03-30T02:12:12.138+0000] {Gestioncommands.py:195} INFO - Refined table 'paiements' created successfully
[2025-03-30T02:12:12.170+0000] {Gestioncommands.py:197} INFO - Data transformation completed
[2025-03-30T02:12:12.171+0000] {python.py:240} INFO - Done. Returned value was: None
[2025-03-30T02:12:12.189+0000] {taskinstance.py:341} INFO - ::group::Post task execution logs
[2025-03-30T02:12:12.190+0000] {taskinstance.py:353} INFO - Marking task as SUCCESS. dag_id=ecommerce_data_pipeline, task_id=transform_data, run_id=scheduled__2025-03-30T02:11:00+00:00, execution_date=20250330T021100, start_date=20250330T021211, end_date=20250330T021212
[2025-03-30T02:12:12.219+0000] {logging_mixin.py:190} INFO - Task instance in success state
[2025-03-30T02:12:12.220+0000] {logging_mixin.py:190} INFO -  Previous state of the Task instance: running
[2025-03-30T02:12:12.221+0000] {logging_mixin.py:190} INFO - Dag name:ecommerce_data_pipeline queued_at:2025-03-30 02:12:00.839046+00:00
[2025-03-30T02:12:12.222+0000] {logging_mixin.py:190} INFO - Task hostname:778b271a0247 operator:PythonOperator
[2025-03-30T02:12:12.249+0000] {local_task_job_runner.py:266} INFO - Task exited with return code 0
[2025-03-30T02:12:12.270+0000] {taskinstance.py:3901} INFO - 0 downstream tasks scheduled from follow-on schedule check
[2025-03-30T02:12:12.274+0000] {local_task_job_runner.py:245} INFO - ::endgroup::
