[2025-03-30T00:20:55.554+0000] {local_task_job_runner.py:123} INFO - ::group::Pre task execution logs
[2025-03-30T00:20:55.738+0000] {taskinstance.py:2614} INFO - Dependencies all met for dep_context=non-requeueable deps ti=<TaskInstance: ecommerce_data_pipeline.transform_data manual__2025-03-30T00:15:43.305112+00:00 [queued]>
[2025-03-30T00:20:55.750+0000] {taskinstance.py:2614} INFO - Dependencies all met for dep_context=requeueable deps ti=<TaskInstance: ecommerce_data_pipeline.transform_data manual__2025-03-30T00:15:43.305112+00:00 [queued]>
[2025-03-30T00:20:55.753+0000] {taskinstance.py:2867} INFO - Starting attempt 1 of 2
[2025-03-30T00:20:55.769+0000] {taskinstance.py:2890} INFO - Executing <Task(PythonOperator): transform_data> on 2025-03-30 00:15:43.305112+00:00
[2025-03-30T00:20:55.779+0000] {warnings.py:112} WARNING - /home/***/.local/lib/python3.12/site-packages/***/task/task_runner/standard_task_runner.py:70: DeprecationWarning: This process (pid=494) is multi-threaded, use of fork() may lead to deadlocks in the child.
  pid = os.fork()

[2025-03-30T00:20:55.782+0000] {standard_task_runner.py:72} INFO - Started process 496 to run task
[2025-03-30T00:20:55.781+0000] {standard_task_runner.py:104} INFO - Running: ['***', 'tasks', 'run', 'ecommerce_data_pipeline', 'transform_data', 'manual__2025-03-30T00:15:43.305112+00:00', '--job-id', '259', '--raw', '--subdir', 'DAGS_FOLDER/Gestioncommands.py', '--cfg-path', '/tmp/tmpm9espcbd']
[2025-03-30T00:20:55.783+0000] {standard_task_runner.py:105} INFO - Job 259: Subtask transform_data
[2025-03-30T00:20:55.849+0000] {task_command.py:467} INFO - Running <TaskInstance: ecommerce_data_pipeline.transform_data manual__2025-03-30T00:15:43.305112+00:00 [running]> on host 499696d11f67
[2025-03-30T00:20:55.974+0000] {taskinstance.py:3134} INFO - Exporting env vars: AIRFLOW_CTX_DAG_OWNER='admin' AIRFLOW_CTX_DAG_ID='ecommerce_data_pipeline' AIRFLOW_CTX_TASK_ID='transform_data' AIRFLOW_CTX_EXECUTION_DATE='2025-03-30T00:15:43.305112+00:00' AIRFLOW_CTX_TRY_NUMBER='1' AIRFLOW_CTX_DAG_RUN_ID='manual__2025-03-30T00:15:43.305112+00:00'
[2025-03-30T00:20:55.977+0000] {logging_mixin.py:190} INFO - Task instance is in running state
[2025-03-30T00:20:55.978+0000] {logging_mixin.py:190} INFO -  Previous state of the Task instance: queued
[2025-03-30T00:20:55.979+0000] {logging_mixin.py:190} INFO - Current task name:transform_data state:running start_date:2025-03-30 00:20:55.739444+00:00
[2025-03-30T00:20:55.979+0000] {logging_mixin.py:190} INFO - Dag name:ecommerce_data_pipeline and current dag run status:running
[2025-03-30T00:20:55.980+0000] {taskinstance.py:732} INFO - ::endgroup::
[2025-03-30T00:20:55.981+0000] {Gestioncommands.py:117} INFO - Starting data transformation...
[2025-03-30T00:20:56.057+0000] {Gestioncommands.py:135} INFO - Refined table 'clients' created successfully
[2025-03-30T00:20:56.069+0000] {Gestioncommands.py:149} INFO - Refined table 'commandes' created successfully
[2025-03-30T00:20:56.077+0000] {Gestioncommands.py:168} INFO - Refined table 'details_commandes' created successfully
[2025-03-30T00:20:56.087+0000] {Gestioncommands.py:181} INFO - Refined table 'produits' created successfully
[2025-03-30T00:20:56.098+0000] {Gestioncommands.py:195} INFO - Refined table 'paiements' created successfully
[2025-03-30T00:20:56.127+0000] {Gestioncommands.py:197} INFO - Data transformation completed
[2025-03-30T00:20:56.128+0000] {python.py:240} INFO - Done. Returned value was: None
[2025-03-30T00:20:56.143+0000] {taskinstance.py:341} INFO - ::group::Post task execution logs
[2025-03-30T00:20:56.144+0000] {taskinstance.py:353} INFO - Marking task as SUCCESS. dag_id=ecommerce_data_pipeline, task_id=transform_data, run_id=manual__2025-03-30T00:15:43.305112+00:00, execution_date=20250330T001543, start_date=20250330T002055, end_date=20250330T002056
[2025-03-30T00:20:56.177+0000] {logging_mixin.py:190} INFO - Task instance in success state
[2025-03-30T00:20:56.178+0000] {logging_mixin.py:190} INFO -  Previous state of the Task instance: running
[2025-03-30T00:20:56.179+0000] {logging_mixin.py:190} INFO - Dag name:ecommerce_data_pipeline queued_at:2025-03-30 00:15:43.322147+00:00
[2025-03-30T00:20:56.179+0000] {logging_mixin.py:190} INFO - Task hostname:499696d11f67 operator:PythonOperator
[2025-03-30T00:20:56.202+0000] {local_task_job_runner.py:266} INFO - Task exited with return code 0
[2025-03-30T00:20:56.223+0000] {taskinstance.py:3901} INFO - 0 downstream tasks scheduled from follow-on schedule check
[2025-03-30T00:20:56.226+0000] {local_task_job_runner.py:245} INFO - ::endgroup::
