[2025-03-30T12:42:29.370+0000] {local_task_job_runner.py:123} INFO - ::group::Pre task execution logs
[2025-03-30T12:42:29.568+0000] {taskinstance.py:2614} INFO - Dependencies all met for dep_context=non-requeueable deps ti=<TaskInstance: ecommerce_data_pipeline.fetch_data manual__2025-03-30T12:42:26.518543+00:00 [queued]>
[2025-03-30T12:42:29.579+0000] {taskinstance.py:2614} INFO - Dependencies all met for dep_context=requeueable deps ti=<TaskInstance: ecommerce_data_pipeline.fetch_data manual__2025-03-30T12:42:26.518543+00:00 [queued]>
[2025-03-30T12:42:29.580+0000] {taskinstance.py:2867} INFO - Starting attempt 1 of 2
[2025-03-30T12:42:29.598+0000] {taskinstance.py:2890} INFO - Executing <Task(PythonOperator): fetch_data> on 2025-03-30 12:42:26.518543+00:00
[2025-03-30T12:42:29.607+0000] {warnings.py:112} WARNING - /home/***/.local/lib/python3.12/site-packages/***/task/task_runner/standard_task_runner.py:70: DeprecationWarning: This process (pid=727) is multi-threaded, use of fork() may lead to deadlocks in the child.
  pid = os.fork()

[2025-03-30T12:42:29.610+0000] {standard_task_runner.py:72} INFO - Started process 729 to run task
[2025-03-30T12:42:29.610+0000] {standard_task_runner.py:104} INFO - Running: ['***', 'tasks', 'run', 'ecommerce_data_pipeline', 'fetch_data', 'manual__2025-03-30T12:42:26.518543+00:00', '--job-id', '741', '--raw', '--subdir', 'DAGS_FOLDER/Gestioncommands.py', '--cfg-path', '/tmp/tmpumlwj8px']
[2025-03-30T12:42:29.612+0000] {standard_task_runner.py:105} INFO - Job 741: Subtask fetch_data
[2025-03-30T12:42:29.671+0000] {task_command.py:467} INFO - Running <TaskInstance: ecommerce_data_pipeline.fetch_data manual__2025-03-30T12:42:26.518543+00:00 [running]> on host 778b271a0247
[2025-03-30T12:42:29.776+0000] {taskinstance.py:3134} INFO - Exporting env vars: AIRFLOW_CTX_DAG_OWNER='***' AIRFLOW_CTX_DAG_ID='ecommerce_data_pipeline' AIRFLOW_CTX_TASK_ID='fetch_data' AIRFLOW_CTX_EXECUTION_DATE='2025-03-30T12:42:26.518543+00:00' AIRFLOW_CTX_TRY_NUMBER='1' AIRFLOW_CTX_DAG_RUN_ID='manual__2025-03-30T12:42:26.518543+00:00'
[2025-03-30T12:42:29.778+0000] {logging_mixin.py:190} INFO - Task instance is in running state
[2025-03-30T12:42:29.779+0000] {logging_mixin.py:190} INFO -  Previous state of the Task instance: queued
[2025-03-30T12:42:29.779+0000] {logging_mixin.py:190} INFO - Current task name:fetch_data state:running start_date:2025-03-30 12:42:29.569098+00:00
[2025-03-30T12:42:29.780+0000] {logging_mixin.py:190} INFO - Dag name:ecommerce_data_pipeline and current dag run status:running
[2025-03-30T12:42:29.780+0000] {taskinstance.py:732} INFO - ::endgroup::
[2025-03-30T12:42:29.781+0000] {Gestioncommands.py:31} INFO - Fetching data from API...
[2025-03-30T12:42:30.429+0000] {warnings.py:112} WARNING - /home/***/.local/lib/python3.12/site-packages/urllib3/connectionpool.py:1097: InsecureRequestWarning: Unverified HTTPS request is being made to host 'my.api.mockaroo.com'. Adding certificate verification is strongly advised. See: https://urllib3.readthedocs.io/en/latest/advanced-usage.html#tls-warnings
  warnings.warn(

[2025-03-30T12:42:31.235+0000] {Gestioncommands.py:35} INFO - Data fetched successfully.
[2025-03-30T12:42:31.237+0000] {python.py:240} INFO - Done. Returned value was: commande_id,date_commande,client_id,montant_total,statut,produit_id,nom_produit,prix_unitaire,stock,quantite,sous_total,nom_client,email,ville,pays,genre ,paiement_id,mode_paiement,statut_paiement,date_paiement
6318,2021-07-21,339,1355.66,Delivered,748,Vinegar - Red Wine,263.05,21,3,789.15,Sarene Walewicz,swalewicz0@oracle.com,Rancagadog,Indonesia,M,420,Bank card,pending,2023-03-02
7812,2021-07-31,665,2571.79,Shipped,642,Beef - Ground Medium,493.18,40,2,986.36,Zackariah Jannasch,zjannasch1@scientificamerican.com,Doetinchem,Netherlands,M,340,PayPal,pending,2022-09-07
2049,2021-02-12,408,667.99,Shipped,516,"Juice - Cranberry, 341 Ml",406.11,8,3,1218.33,Blythe Zmitrichenko,bzmitrichenko2@netlog.com,Panggungsari,Indonesia,F,344,PayPal,cancel,2021-02-05
6287,2022-12-18,167,1383.13,Delivered,681,Lettuce - Boston Bib,388.67,41,2,777.34,Daryl Hamelyn,dhamelyn3@ameblo.jp,Zhangjiaji,China,M,684,PayPal,pending,2020-08-04
2822,2023-12-14,422,553.3,Pending,574,Salmon Steak - Cohoe 8 Oz,302.05,41,3,906.15,Jamison Pinching,jpinching4@smh.com.au,Habartov,Czech Republic,F,311,Transfer,pending,2023-06-21
7111,2021-02-05,381,3408.07,Pending,831,Glaze - Clear,1.42,38,1,1.42,Petronia Nickerson,pnickerson5@dropbox.com,Maqiu,China,M,728,PayPal,pending,2022-01-03
8538,2023-11-03,854,370.66,Shipped,521,Cranberries - Fresh,162.65,23,2,325.3,Ximenez Bremner,xbremner6@bandcamp.com,May Pen,Jamaica,M,256,PayPal,pending,2023-05-22
5109,2022-05-22,796,149.7,Shipped,605,Figs,160.88,5,3,482.64,Emmalynne Yetton,eyetton7@yolasite.com,Oemanu,Indonesia,F,387,Transfer,cancel,2023-07-27
7345,2023-10-30,207,1823.07,Pending,788,Arctic Char - Fillets,153.16,7,3,459.48,Berta Franca,bfranca8@earthlink.net,General Cabrera,Argentina,F,860,PayPal,valid,2024-01-06
3241,2020-06-14,770,2793.07,Pending,591,Wine - Bouchard La Vignee Pinot,493.1,20,2,986.2,Estell Wilkennson,ewilkennson9@phoca.cz,Taozhuang,China,F,414,Transfer,pending,2024-02-07

[2025-03-30T12:42:31.268+0000] {taskinstance.py:341} INFO - ::group::Post task execution logs
[2025-03-30T12:42:31.269+0000] {taskinstance.py:353} INFO - Marking task as SUCCESS. dag_id=ecommerce_data_pipeline, task_id=fetch_data, run_id=manual__2025-03-30T12:42:26.518543+00:00, execution_date=20250330T124226, start_date=20250330T124229, end_date=20250330T124231
[2025-03-30T12:42:31.299+0000] {logging_mixin.py:190} INFO - Task instance in success state
[2025-03-30T12:42:31.300+0000] {logging_mixin.py:190} INFO -  Previous state of the Task instance: running
[2025-03-30T12:42:31.301+0000] {logging_mixin.py:190} INFO - Dag name:ecommerce_data_pipeline queued_at:2025-03-30 12:42:26.532269+00:00
[2025-03-30T12:42:31.302+0000] {logging_mixin.py:190} INFO - Task hostname:778b271a0247 operator:PythonOperator
[2025-03-30T12:42:31.315+0000] {local_task_job_runner.py:266} INFO - Task exited with return code 0
[2025-03-30T12:42:31.352+0000] {taskinstance.py:3901} INFO - 1 downstream tasks scheduled from follow-on schedule check
[2025-03-30T12:42:31.355+0000] {local_task_job_runner.py:245} INFO - ::endgroup::
