[2025-03-30T00:25:08.883+0000] {local_task_job_runner.py:123} INFO - ::group::Pre task execution logs
[2025-03-30T00:25:09.048+0000] {taskinstance.py:2614} INFO - Dependencies all met for dep_context=non-requeueable deps ti=<TaskInstance: ecommerce_data_pipeline.transform_data manual__2025-03-30T00:24:59.300877+00:00 [queued]>
[2025-03-30T00:25:09.061+0000] {taskinstance.py:2614} INFO - Dependencies all met for dep_context=requeueable deps ti=<TaskInstance: ecommerce_data_pipeline.transform_data manual__2025-03-30T00:24:59.300877+00:00 [queued]>
[2025-03-30T00:25:09.062+0000] {taskinstance.py:2867} INFO - Starting attempt 1 of 2
[2025-03-30T00:25:09.079+0000] {taskinstance.py:2890} INFO - Executing <Task(PythonOperator): transform_data> on 2025-03-30 00:24:59.300877+00:00
[2025-03-30T00:25:09.092+0000] {warnings.py:112} WARNING - /home/***/.local/lib/python3.12/site-packages/***/task/task_runner/standard_task_runner.py:70: DeprecationWarning: This process (pid=850) is multi-threaded, use of fork() may lead to deadlocks in the child.
  pid = os.fork()

[2025-03-30T00:25:09.094+0000] {standard_task_runner.py:72} INFO - Started process 869 to run task
[2025-03-30T00:25:09.095+0000] {standard_task_runner.py:104} INFO - Running: ['***', 'tasks', 'run', 'ecommerce_data_pipeline', 'transform_data', 'manual__2025-03-30T00:24:59.300877+00:00', '--job-id', '282', '--raw', '--subdir', 'DAGS_FOLDER/Gestioncommands.py', '--cfg-path', '/tmp/tmpo0vte0sp']
[2025-03-30T00:25:09.097+0000] {standard_task_runner.py:105} INFO - Job 282: Subtask transform_data
[2025-03-30T00:25:09.158+0000] {task_command.py:467} INFO - Running <TaskInstance: ecommerce_data_pipeline.transform_data manual__2025-03-30T00:24:59.300877+00:00 [running]> on host 499696d11f67
[2025-03-30T00:25:09.273+0000] {taskinstance.py:3134} INFO - Exporting env vars: AIRFLOW_CTX_DAG_OWNER='admin' AIRFLOW_CTX_DAG_ID='ecommerce_data_pipeline' AIRFLOW_CTX_TASK_ID='transform_data' AIRFLOW_CTX_EXECUTION_DATE='2025-03-30T00:24:59.300877+00:00' AIRFLOW_CTX_TRY_NUMBER='1' AIRFLOW_CTX_DAG_RUN_ID='manual__2025-03-30T00:24:59.300877+00:00'
[2025-03-30T00:25:09.275+0000] {logging_mixin.py:190} INFO - Task instance is in running state
[2025-03-30T00:25:09.276+0000] {logging_mixin.py:190} INFO -  Previous state of the Task instance: queued
[2025-03-30T00:25:09.276+0000] {logging_mixin.py:190} INFO - Current task name:transform_data state:running start_date:2025-03-30 00:25:09.049715+00:00
[2025-03-30T00:25:09.277+0000] {logging_mixin.py:190} INFO - Dag name:ecommerce_data_pipeline and current dag run status:running
[2025-03-30T00:25:09.277+0000] {taskinstance.py:732} INFO - ::endgroup::
[2025-03-30T00:25:09.278+0000] {Gestioncommands.py:117} INFO - Starting data transformation...
[2025-03-30T00:25:09.322+0000] {Gestioncommands.py:135} INFO - Refined table 'clients' created successfully
[2025-03-30T00:25:09.331+0000] {Gestioncommands.py:149} INFO - Refined table 'commandes' created successfully
[2025-03-30T00:25:09.339+0000] {Gestioncommands.py:168} INFO - Refined table 'details_commandes' created successfully
[2025-03-30T00:25:09.348+0000] {Gestioncommands.py:181} INFO - Refined table 'produits' created successfully
[2025-03-30T00:25:09.356+0000] {Gestioncommands.py:195} INFO - Refined table 'paiements' created successfully
[2025-03-30T00:25:09.381+0000] {Gestioncommands.py:197} INFO - Data transformation completed
[2025-03-30T00:25:09.383+0000] {python.py:240} INFO - Done. Returned value was: None
[2025-03-30T00:25:09.396+0000] {taskinstance.py:341} INFO - ::group::Post task execution logs
[2025-03-30T00:25:09.397+0000] {taskinstance.py:353} INFO - Marking task as SUCCESS. dag_id=ecommerce_data_pipeline, task_id=transform_data, run_id=manual__2025-03-30T00:24:59.300877+00:00, execution_date=20250330T002459, start_date=20250330T002509, end_date=20250330T002509
[2025-03-30T00:25:09.437+0000] {logging_mixin.py:190} INFO - Task instance in success state
[2025-03-30T00:25:09.438+0000] {logging_mixin.py:190} INFO -  Previous state of the Task instance: running
[2025-03-30T00:25:09.438+0000] {logging_mixin.py:190} INFO - Dag name:ecommerce_data_pipeline queued_at:2025-03-30 00:24:59.308718+00:00
[2025-03-30T00:25:09.439+0000] {logging_mixin.py:190} INFO - Task hostname:499696d11f67 operator:PythonOperator
[2025-03-30T00:25:09.472+0000] {local_task_job_runner.py:266} INFO - Task exited with return code 0
[2025-03-30T00:25:09.494+0000] {taskinstance.py:3901} INFO - 0 downstream tasks scheduled from follow-on schedule check
[2025-03-30T00:25:09.497+0000] {local_task_job_runner.py:245} INFO - ::endgroup::
