[2025-03-30T01:48:18.987+0000] {local_task_job_runner.py:123} INFO - ::group::Pre task execution logs
[2025-03-30T01:48:19.230+0000] {taskinstance.py:2614} INFO - Dependencies all met for dep_context=non-requeueable deps ti=<TaskInstance: ecommerce_data_pipeline.verify_data scheduled__2025-03-30T01:42:00+00:00 [queued]>
[2025-03-30T01:48:19.245+0000] {taskinstance.py:2614} INFO - Dependencies all met for dep_context=requeueable deps ti=<TaskInstance: ecommerce_data_pipeline.verify_data scheduled__2025-03-30T01:42:00+00:00 [queued]>
[2025-03-30T01:48:19.247+0000] {taskinstance.py:2867} INFO - Starting attempt 2 of 2
[2025-03-30T01:48:19.267+0000] {taskinstance.py:2890} INFO - Executing <Task(PythonOperator): verify_data> on 2025-03-30 01:42:00+00:00
[2025-03-30T01:48:19.280+0000] {warnings.py:112} WARNING - /home/***/.local/lib/python3.12/site-packages/***/task/task_runner/standard_task_runner.py:70: DeprecationWarning: This process (pid=1445) is multi-threaded, use of fork() may lead to deadlocks in the child.
  pid = os.fork()

[2025-03-30T01:48:19.284+0000] {standard_task_runner.py:72} INFO - Started process 1447 to run task
[2025-03-30T01:48:19.283+0000] {standard_task_runner.py:104} INFO - Running: ['***', 'tasks', 'run', 'ecommerce_data_pipeline', 'verify_data', 'scheduled__2025-03-30T01:42:00+00:00', '--job-id', '381', '--raw', '--subdir', 'DAGS_FOLDER/Gestioncommands.py', '--cfg-path', '/tmp/tmp_54z1k4e']
[2025-03-30T01:48:19.285+0000] {standard_task_runner.py:105} INFO - Job 381: Subtask verify_data
[2025-03-30T01:48:19.355+0000] {task_command.py:467} INFO - Running <TaskInstance: ecommerce_data_pipeline.verify_data scheduled__2025-03-30T01:42:00+00:00 [running]> on host 778b271a0247
[2025-03-30T01:48:19.488+0000] {taskinstance.py:3134} INFO - Exporting env vars: AIRFLOW_CTX_DAG_OWNER='admin' AIRFLOW_CTX_DAG_ID='ecommerce_data_pipeline' AIRFLOW_CTX_TASK_ID='verify_data' AIRFLOW_CTX_EXECUTION_DATE='2025-03-30T01:42:00+00:00' AIRFLOW_CTX_TRY_NUMBER='2' AIRFLOW_CTX_DAG_RUN_ID='scheduled__2025-03-30T01:42:00+00:00'
[2025-03-30T01:48:19.492+0000] {logging_mixin.py:190} INFO - Task instance is in running state
[2025-03-30T01:48:19.492+0000] {logging_mixin.py:190} INFO -  Previous state of the Task instance: queued
[2025-03-30T01:48:19.493+0000] {logging_mixin.py:190} INFO - Current task name:verify_data state:running start_date:2025-03-30 01:48:19.231640+00:00
[2025-03-30T01:48:19.494+0000] {logging_mixin.py:190} INFO - Dag name:ecommerce_data_pipeline and current dag run status:running
[2025-03-30T01:48:19.495+0000] {taskinstance.py:732} INFO - ::endgroup::
[2025-03-30T01:48:19.496+0000] {Gestioncommands.py:207} INFO - Verifying database content...
[2025-03-30T01:48:19.548+0000] {Gestioncommands.py:219} INFO - Raw tables: [('ecom_db',)]
[2025-03-30T01:48:19.559+0000] {Gestioncommands.py:232} INFO - Refined tables: [('clients',), ('commandes',), ('details_commandes',), ('paiements',), ('produits',)]
[2025-03-30T01:48:19.561+0000] {Gestioncommands.py:239} INFO - Raw table contains 10 records
[2025-03-30T01:48:19.567+0000] {python.py:240} INFO - Done. Returned value was: None
[2025-03-30T01:48:19.583+0000] {taskinstance.py:341} INFO - ::group::Post task execution logs
[2025-03-30T01:48:19.584+0000] {taskinstance.py:353} INFO - Marking task as SUCCESS. dag_id=ecommerce_data_pipeline, task_id=verify_data, run_id=scheduled__2025-03-30T01:42:00+00:00, execution_date=20250330T014200, start_date=20250330T014819, end_date=20250330T014819
[2025-03-30T01:48:19.620+0000] {logging_mixin.py:190} INFO - Task instance in success state
[2025-03-30T01:48:19.621+0000] {logging_mixin.py:190} INFO -  Previous state of the Task instance: running
[2025-03-30T01:48:19.622+0000] {logging_mixin.py:190} INFO - Dag name:ecommerce_data_pipeline queued_at:2025-03-30 01:43:00.144556+00:00
[2025-03-30T01:48:19.623+0000] {logging_mixin.py:190} INFO - Task hostname:778b271a0247 operator:PythonOperator
[2025-03-30T01:48:19.664+0000] {local_task_job_runner.py:266} INFO - Task exited with return code 0
[2025-03-30T01:48:19.686+0000] {taskinstance.py:3901} INFO - 0 downstream tasks scheduled from follow-on schedule check
[2025-03-30T01:48:19.690+0000] {local_task_job_runner.py:245} INFO - ::endgroup::
