[2025-03-30T01:49:09.493+0000] {local_task_job_runner.py:123} INFO - ::group::Pre task execution logs
[2025-03-30T01:49:09.693+0000] {taskinstance.py:2614} INFO - Dependencies all met for dep_context=non-requeueable deps ti=<TaskInstance: ecommerce_data_pipeline.transform_data manual__2025-03-30T01:48:58.407430+00:00 [queued]>
[2025-03-30T01:49:09.706+0000] {taskinstance.py:2614} INFO - Dependencies all met for dep_context=requeueable deps ti=<TaskInstance: ecommerce_data_pipeline.transform_data manual__2025-03-30T01:48:58.407430+00:00 [queued]>
[2025-03-30T01:49:09.745+0000] {taskinstance.py:2867} INFO - Starting attempt 1 of 2
[2025-03-30T01:49:09.768+0000] {taskinstance.py:2890} INFO - Executing <Task(PythonOperator): transform_data> on 2025-03-30 01:48:58.407430+00:00
[2025-03-30T01:49:09.777+0000] {warnings.py:112} WARNING - /home/***/.local/lib/python3.12/site-packages/***/task/task_runner/standard_task_runner.py:70: DeprecationWarning: This process (pid=1507) is multi-threaded, use of fork() may lead to deadlocks in the child.
  pid = os.fork()

[2025-03-30T01:49:09.780+0000] {standard_task_runner.py:104} INFO - Running: ['***', 'tasks', 'run', 'ecommerce_data_pipeline', 'transform_data', 'manual__2025-03-30T01:48:58.407430+00:00', '--job-id', '386', '--raw', '--subdir', 'DAGS_FOLDER/Gestioncommands.py', '--cfg-path', '/tmp/tmpzwwkx6oc']
[2025-03-30T01:49:09.781+0000] {standard_task_runner.py:72} INFO - Started process 1528 to run task
[2025-03-30T01:49:09.782+0000] {standard_task_runner.py:105} INFO - Job 386: Subtask transform_data
[2025-03-30T01:49:09.849+0000] {task_command.py:467} INFO - Running <TaskInstance: ecommerce_data_pipeline.transform_data manual__2025-03-30T01:48:58.407430+00:00 [running]> on host 778b271a0247
[2025-03-30T01:49:09.967+0000] {taskinstance.py:3134} INFO - Exporting env vars: AIRFLOW_CTX_DAG_OWNER='admin' AIRFLOW_CTX_DAG_ID='ecommerce_data_pipeline' AIRFLOW_CTX_TASK_ID='transform_data' AIRFLOW_CTX_EXECUTION_DATE='2025-03-30T01:48:58.407430+00:00' AIRFLOW_CTX_TRY_NUMBER='1' AIRFLOW_CTX_DAG_RUN_ID='manual__2025-03-30T01:48:58.407430+00:00'
[2025-03-30T01:49:09.969+0000] {logging_mixin.py:190} INFO - Task instance is in running state
[2025-03-30T01:49:09.970+0000] {logging_mixin.py:190} INFO -  Previous state of the Task instance: queued
[2025-03-30T01:49:09.971+0000] {logging_mixin.py:190} INFO - Current task name:transform_data state:running start_date:2025-03-30 01:49:09.694636+00:00
[2025-03-30T01:49:09.971+0000] {logging_mixin.py:190} INFO - Dag name:ecommerce_data_pipeline and current dag run status:running
[2025-03-30T01:49:09.972+0000] {taskinstance.py:732} INFO - ::endgroup::
[2025-03-30T01:49:09.973+0000] {Gestioncommands.py:117} INFO - Starting data transformation...
[2025-03-30T01:49:10.015+0000] {Gestioncommands.py:135} INFO - Refined table 'clients' created successfully
[2025-03-30T01:49:10.034+0000] {Gestioncommands.py:149} INFO - Refined table 'commandes' created successfully
[2025-03-30T01:49:10.042+0000] {Gestioncommands.py:168} INFO - Refined table 'details_commandes' created successfully
[2025-03-30T01:49:10.054+0000] {Gestioncommands.py:181} INFO - Refined table 'produits' created successfully
[2025-03-30T01:49:10.065+0000] {Gestioncommands.py:195} INFO - Refined table 'paiements' created successfully
[2025-03-30T01:49:10.098+0000] {Gestioncommands.py:197} INFO - Data transformation completed
[2025-03-30T01:49:10.099+0000] {python.py:240} INFO - Done. Returned value was: None
[2025-03-30T01:49:10.112+0000] {taskinstance.py:341} INFO - ::group::Post task execution logs
[2025-03-30T01:49:10.113+0000] {taskinstance.py:353} INFO - Marking task as SUCCESS. dag_id=ecommerce_data_pipeline, task_id=transform_data, run_id=manual__2025-03-30T01:48:58.407430+00:00, execution_date=20250330T014858, start_date=20250330T014909, end_date=20250330T014910
[2025-03-30T01:49:10.148+0000] {logging_mixin.py:190} INFO - Task instance in success state
[2025-03-30T01:49:10.149+0000] {logging_mixin.py:190} INFO -  Previous state of the Task instance: running
[2025-03-30T01:49:10.151+0000] {logging_mixin.py:190} INFO - Dag name:ecommerce_data_pipeline queued_at:2025-03-30 01:48:58.422923+00:00
[2025-03-30T01:49:10.152+0000] {logging_mixin.py:190} INFO - Task hostname:778b271a0247 operator:PythonOperator
[2025-03-30T01:49:10.201+0000] {local_task_job_runner.py:266} INFO - Task exited with return code 0
[2025-03-30T01:49:10.234+0000] {taskinstance.py:3901} INFO - 1 downstream tasks scheduled from follow-on schedule check
[2025-03-30T01:49:10.237+0000] {local_task_job_runner.py:245} INFO - ::endgroup::
